            --------------------------------------------------------
                             AMBER SQM VERSION 14
 
                                     By
              Ross C. Walker, Michael F. Crowley, Scott Brozell,
                         Tim Giese, Andreas W. Goetz,
                        Tai-Sung Lee and David A. Case
 
            --------------------------------------------------------
 

--------------------------------------------------------------------------------
  QM CALCULATION INFO
--------------------------------------------------------------------------------

| QMMM: Citation for AMBER QMMM Run:
| QMMM: R.C. Walker, M.F. Crowley and D.A. Case, J. COMP. CHEM. 29:1019, 2008

QMMM: SINGLET STATE CALCULATION
QMMM: RHF CALCULATION, NO. OF DOUBLY OCCUPIED LEVELS = 91

| QMMM: *** Selected Hamiltonian *** 
| QMMM: AM1         

| QMMM: *** Parameter sets in use ***
| QMMM: O : M.J.S.DEWAR et al. JACS, 107, 3902, (1985)
| QMMM: C : M.J.S.DEWAR et al. JACS, 107, 3902, (1985)
| QMMM: N : M.J.S.DEWAR et al. JACS, 107, 3902, (1985)
| QMMM: H : M.J.S.DEWAR et al. JACS, 107, 3902, (1985)

| QMMM: *** SCF convergence criteria ***
| QMMM: Energy change                :  0.1D-09 kcal/mol
| QMMM: Error matrix |FP-PF|         :  0.1D+00 au
| QMMM: Density matrix change        :  0.5D-06
| QMMM: Maximum number of SCF cycles :     1000
 
| QMMM: *** Diagonalization Routine Information ***
| QMMM: Pseudo diagonalizations are allowed.
| QMMM: Auto diagonalization routine selection is in use.
| QMMM:
| QMMM: Timing diagonalization routines:
| QMMM:                              norbs =      170
| QMMM:    diag iterations used for timing =        5
| QMMM:
| QMMM:              Internal diag routine = 0.072906 seconds
| QMMM:                 Dspev diag routine = 0.045136 seconds
| QMMM:                Dspevd diag routine = 0.023445 seconds
| QMMM:                Dspevx diag routine = 0.118049 seconds
| QMMM:                 Dsyev diag routine = 0.020863 seconds
| QMMM:                Dsyevd diag routine = 0.014085 seconds
| QMMM:                Dsyevr diag routine = 0.020551 seconds
| QMMM:
| QMMM:                Pseudo diag routine = 0.016123 seconds
| QMMM: Pseudo diagonalization appears to be slower than regular
| QMMM: diagonalization. Setting pseudo_diag=0 for optimum performance.
| QMMM:
| QMMM: Using dsyevd routine (diag_routine=6).

  QMMM: QM Region Cartesian Coordinates (*=link atom) 
  QMMM: QM_NO.   MM_NO.  ATOM         X         Y         Z
  QMMM:     1        1      O       11.4760   21.0730   22.2900
  QMMM:     2        2      C       11.4580   21.3200   20.8750
  QMMM:     3        3      C       11.1150   19.8670   22.8500
  QMMM:     4        4      C       10.9410   18.6970   22.0870
  QMMM:     5        5      C       10.5820   17.4710   22.6990
  QMMM:     6        6      C       10.4080   17.4650   24.1030
  QMMM:     7        7      C       10.5730   18.6270   24.8680
  QMMM:     8        8      C       10.9250   19.8310   24.2360
  QMMM:     9        9      C       10.4070   16.2280   21.8830
  QMMM:    10       10      C       11.1140   15.0440   22.2040
  QMMM:    11       11      C       10.9480   13.8690   21.4500
  QMMM:    12       12      C       11.6980   12.6030   21.8350
  QMMM:    13       13      C       10.0530   13.8590   20.3650
  QMMM:    14       14      N       12.5900   12.1380   20.7580
  QMMM:    15       15      C       13.9120   12.5450   20.5810
  QMMM:    16       16      C       11.8980   11.3370   19.7220
  QMMM:    17       17      O       14.5420   12.2000   19.5990
  QMMM:    18       18      C       10.9420   12.1730   18.8400
  QMMM:    19       19      O        9.8570   12.7110   19.6330
  QMMM:    20       20      C        9.3190   15.0120   20.0460
  QMMM:    21       21      C        9.5110   16.1930   20.7900
  QMMM:    22       22      C       14.5700   13.3830   21.6890
  QMMM:    23       23      C       16.1140   13.3990   21.6140
  QMMM:    24       24      C        8.3160   14.9770   18.9430
  QMMM:    25       25      N        7.1500   14.3110   19.2520
  QMMM:    26       26      H        7.1450   13.8570   20.1520
  QMMM:    27       27      O        8.4970   15.4590   17.8440
  QMMM:    28       28      C        6.1460   13.9940   18.2310
  QMMM:    29       29      C        4.7340   13.8300   18.8420
  QMMM:    30       30      N        3.6610   13.4070   17.8230
  QMMM:    31       31      C        4.0960   12.1290   17.1040
  QMMM:    32       32      H        2.7410   13.2730   18.2830
  QMMM:    33       33      H        3.5290   14.1640   17.1250
  QMMM:    34       34      C        5.4900   12.2600   16.4530
  QMMM:    35       35      C        6.5570   12.7060   17.4800
  QMMM:    36       36      O       10.3780   18.5230   26.2280
  QMMM:    37       37      C       10.8790   17.4370   27.0260
  QMMM:    38       38      H       11.0840   18.7350   21.0170
  QMMM:    39       39      H       10.1420   16.5420   24.5970
  QMMM:    40       40      H       11.0490   20.7300   24.8210
  QMMM:    41       41      H       11.7930   15.0430   23.0440
  QMMM:    42       42      H       12.2960   12.8050   22.7240
  QMMM:    43       43      H       10.9770   11.8180   22.0630
  QMMM:    44       44      H       11.3190   10.5570   20.2170
  QMMM:    45       45      H       12.6460   10.8670   19.0830
  QMMM:    46       46      H       11.4980   12.9950   18.3890
  QMMM:    47       47      H       10.5330   11.5400   18.0520
  QMMM:    48       48      H        8.9650   17.0850   20.5210
  QMMM:    49       49      H       14.2100   14.4080   21.6060
  QMMM:    50       50      H       14.2700   12.9830   22.6570
  QMMM:    51       51      H        6.1160   14.8140   17.5140
  QMMM:    52       52      H        4.7840   13.0710   19.6230
  QMMM:    53       53      H        4.4350   14.7770   19.2920
  QMMM:    54       54      H        3.3670   11.9010   16.3260
  QMMM:    55       55      H        4.1160   11.3090   17.8210
  QMMM:    56       56      H        5.4390   12.9980   15.6530
  QMMM:    57       57      H        5.7800   11.2970   16.0320
  QMMM:    58       58      H        6.6990   11.9070   18.2070
  QMMM:    59       59      H        7.4980   12.8840   16.9590
  QMMM:    60       60      H       16.5160   13.9090   22.4890
  QMMM:    61       61      H       16.4280   13.9240   20.7120
  QMMM:    62       62      H       16.4870   12.3750   21.5870
  QMMM:    63       63      H       11.6800   22.3700   20.6860
  QMMM:    64       64      H       12.2080   20.6970   20.3880
  QMMM:    65       65      H       10.4720   21.0800   20.4770
  QMMM:    66       66      H       10.9360   17.7480   28.0690
  QMMM:    67       67      H       10.2080   16.5820   26.9380
  QMMM:    68       68      H       11.8720   17.1570   26.6750

--------------------------------------------------------------------------------
  RESULTS
--------------------------------------------------------------------------------

      iter         sqm energy              rms gradient
      ----    -------------------    -----------------------
xmin    10        8.2641 kcal/mol        0.6206 kcal/(mol*A)
xmin    20        6.4038 kcal/mol        0.3392 kcal/(mol*A)
xmin    30        5.7897 kcal/mol        0.2849 kcal/(mol*A)
xmin    40        5.3310 kcal/mol        0.5296 kcal/(mol*A)
xmin    50        5.1144 kcal/mol        0.1244 kcal/(mol*A)
xmin    60        4.9904 kcal/mol        0.3273 kcal/(mol*A)
xmin    70        4.9572 kcal/mol        0.1143 kcal/(mol*A)
xmin    80        4.9378 kcal/mol        0.1514 kcal/(mol*A)
xmin    90        4.9256 kcal/mol        0.1134 kcal/(mol*A)
xmin   100        4.9167 kcal/mol        0.0776 kcal/(mol*A)
xmin   110        4.9073 kcal/mol        0.0316 kcal/(mol*A)
xmin   120        4.9043 kcal/mol        0.0107 kcal/(mol*A)
xmin   130        4.9042 kcal/mol        0.0040 kcal/(mol*A)
xmin   140        4.9041 kcal/mol        0.0122 kcal/(mol*A)
xmin   150        4.9040 kcal/mol        0.0037 kcal/(mol*A)
xmin   160        4.9040 kcal/mol        0.0026 kcal/(mol*A)
xmin   170        4.9040 kcal/mol        0.0045 kcal/(mol*A)
xmin   180        5.0599 kcal/mol        0.9402 kcal/(mol*A)
xmin   190        4.9054 kcal/mol        0.0475 kcal/(mol*A)
xmin   200        4.9039 kcal/mol        0.0026 kcal/(mol*A)
xmin   210        4.9039 kcal/mol        0.0011 kcal/(mol*A)
  ... geometry converged !
 
 Final MO eigenvalues (eV):
 -45.5678  -43.8737  -42.5584  -42.5286  -41.4094  -41.0229  -40.8092  -39.5518
 -38.7345  -38.4103  -37.6762  -35.6506  -35.3770  -35.0383  -34.1195  -32.7638
 -32.0503  -31.3069  -30.2527  -29.9330  -29.3325  -28.9159  -28.7346  -27.7952
 -26.9494  -26.0631  -25.8280  -24.9693  -24.4507  -23.8821  -23.7466  -23.6115
 -22.5212  -22.1554  -21.3580  -21.2506  -21.0182  -20.5982  -20.4513  -19.9701
 -19.8644  -19.4125  -19.1300  -18.9343  -18.6742  -18.6383  -18.5271  -18.4915
 -18.4100  -18.2705  -18.1988  -17.9639  -17.8429  -17.8225  -17.7083  -17.5681
 -17.1690  -17.1300  -16.9476  -16.8480  -16.7180  -16.5031  -16.0431  -16.0021
 -15.8602  -15.7561  -15.6712  -15.3642  -15.3040  -15.0963  -15.0359  -14.9515
 -14.9352  -14.8688  -14.4341  -14.2466  -14.2092  -14.1734  -14.0888  -13.8996
 -13.6917  -13.6095  -13.5231  -13.4126  -13.2654  -12.6345  -12.2773  -11.8679
 -11.7114  -10.7591  -10.6944   -3.7525   -2.7784   -2.3981   -1.8464   -1.6809
  -1.6133   -1.4609   -1.1913   -1.1406   -1.0764   -0.9019   -0.7551   -0.6786
  -0.5553   -0.5322   -0.4625   -0.2636   -0.1550   -0.0519    0.0839    0.1387
   0.2147    0.3205    0.3359    0.5945    0.6305    0.7422    0.8686    0.9767
   1.0290    1.2476    1.3002    1.3451    1.5074    1.5329    1.6789    1.7134
   1.7956    1.8292    1.8414    1.9858    2.0518    2.1446    2.1933    2.2233
   2.2397    2.2785    2.2905    2.3322    2.3713    2.4123    2.5022    2.5655
   2.5746    2.5960    2.6258    2.6599    2.7373    2.7786    2.7932    2.8389
   3.0034    3.1065    3.1927    3.2028    3.2873    3.3234    3.4530    3.5230
   3.5495    3.6385    3.7194    3.7297    3.8588    4.0209    4.2376    4.7913
   4.8508    5.1639

 Heat of formation   =          4.90394415 kcal/mol  (        0.21265098 eV)

 Total SCF energy    =    -138672.62985830 kcal/mol  (    -6013.29646842 eV)
 Electronic energy   =   -1231023.81750799 kcal/mol  (   -53381.19845228 eV)
 Core-core repulsion =    1092351.18764969 kcal/mol  (    47367.90198386 eV)
 
    Atomic Charges for Step       1 :
  Atom    Element       Mulliken Charge
     1      O                 -0.201
     2      C                 -0.078
     3      C                  0.114
     4      C                 -0.225
     5      C                  0.008
     6      C                 -0.227
     7      C                  0.115
     8      C                 -0.173
     9      C                 -0.040
    10      C                 -0.065
    11      C                 -0.141
    12      C                  0.011
    13      C                  0.106
    14      N                 -0.326
    15      C                  0.298
    16      C                 -0.064
    17      O                 -0.345
    18      C                 -0.044
    19      O                 -0.261
    20      C                 -0.149
    21      C                 -0.051
    22      C                 -0.172
    23      C                 -0.208
    24      C                  0.367
    25      N                 -0.373
    26      H                  0.263
    27      O                 -0.385
    28      C                  0.034
    29      C                 -0.166
    30      N                 -0.029
    31      C                 -0.132
    32      H                  0.251
    33      H                  0.249
    34      C                 -0.182
    35      C                 -0.191
    36      O                 -0.200
    37      C                 -0.078
    38      H                  0.143
    39      H                  0.140
    40      H                  0.175
    41      H                  0.153
    42      H                  0.110
    43      H                  0.112
    44      H                  0.102
    45      H                  0.142
    46      H                  0.106
    47      H                  0.109
    48      H                  0.163
    49      H                  0.098
    50      H                  0.111
    51      H                  0.110
    52      H                  0.146
    53      H                  0.178
    54      H                  0.145
    55      H                  0.146
    56      H                  0.115
    57      H                  0.146
    58      H                  0.113
    59      H                  0.134
    60      H                  0.083
    61      H                  0.090
    62      H                  0.099
    63      H                  0.115
    64      H                  0.077
    65      H                  0.069
    66      H                  0.117
    67      H                  0.073
    68      H                  0.072
 Total Mulliken Charge =       1.000
 
                  X        Y        Z     TOTAL  
  QM DIPOLE    25.094   64.947   87.279  111.648
 
 Final Structure

  QMMM: QM Region Cartesian Coordinates (*=link atom) 
  QMMM: QM_NO.   MM_NO.  ATOM         X         Y         Z
  QMMM:     1        1      O       10.7677   20.9899   22.2390
  QMMM:     2        2      C       10.7523   21.0218   20.8160
  QMMM:     3        3      C       10.7427   19.7418   22.8260
  QMMM:     4        4      C       10.5853   18.5420   22.1182
  QMMM:     5        5      C       10.5708   17.3315   22.8197
  QMMM:     6        6      C       10.7083   17.3132   24.2122
  QMMM:     7        7      C       10.8559   18.5248   24.9016
  QMMM:     8        8      C       10.8775   19.7520   24.2220
  QMMM:     9        9      C       10.4084   16.0733   22.0893
  QMMM:    10       10      C       11.2157   14.9677   22.3888
  QMMM:    11       11      C       11.0778   13.7664   21.6928
  QMMM:    12       12      C       11.9371   12.5897   22.0754
  QMMM:    13       13      C       10.1110   13.6649   20.6758
  QMMM:    14       14      N       12.7263   12.0278   21.0105
  QMMM:    15       15      C       13.9596   12.5884   20.6358
  QMMM:    16       16      C       12.0034   11.2256   20.0536
  QMMM:    17       17      O       14.4585   12.2768   19.5392
  QMMM:    18       18      C       10.9840   11.9955   19.2104
  QMMM:    19       19      O        9.8867   12.4715   20.0063
  QMMM:    20       20      C        9.2820   14.7630   20.3761
  QMMM:    21       21      C        9.4469   15.9627   21.0802
  QMMM:    22       22      C       14.6724   13.4990   21.6144
  QMMM:    23       23      C       15.9668   14.0121   21.0368
  QMMM:    24       24      C        8.2272   14.7463   19.3336
  QMMM:    25       25      N        7.4529   13.5978   19.1844
  QMMM:    26       26      H        7.7356   12.7544   19.6336
  QMMM:    27       27      O        7.9498   15.7484   18.6397
  QMMM:    28       28      C        6.5508   13.4950   18.0696
  QMMM:    29       29      C        5.3071   14.4111   18.3019
  QMMM:    30       30      N        4.3891   14.3836   17.1267
  QMMM:    31       31      C        3.9442   12.9910   16.8120
  QMMM:    32       32      H        3.5715   14.9707   17.3212
  QMMM:    33       33      H        4.8841   14.7702   16.3139
  QMMM:    34       34      C        5.1222   12.0459   16.6158
  QMMM:    35       35      C        6.0630   12.0656   17.8010
  QMMM:    36       36      O       10.9903   18.6275   26.2705
  QMMM:    37       37      C       10.9856   17.4073   27.0031
  QMMM:    38       38      H       10.4860   18.5406   21.0242
  QMMM:    39       39      H       10.6890   16.3564   24.7509
  QMMM:    40       40      H       10.9978   20.6971   24.7699
  QMMM:    41       41      H       11.9745   15.0556   23.1848
  QMMM:    42       42      H       12.6198   12.8825   22.9240
  QMMM:    43       43      H       11.2475   11.7790   22.4600
  QMMM:    44       44      H       11.4636   10.4129   20.6190
  QMMM:    45       45      H       12.7419   10.7451   19.3477
  QMMM:    46       46      H       11.4602   12.8423   18.6540
  QMMM:    47       47      H       10.4848   11.2903   18.4923
  QMMM:    48       48      H        8.8113   16.8282   20.8258
  QMMM:    49       49      H       14.0003   14.3616   21.8712
  QMMM:    50       50      H       14.8781   12.9242   22.5572
  QMMM:    51       51      H        7.0779   13.8834   17.1409
  QMMM:    52       52      H        4.7329   14.0664   19.2063
  QMMM:    53       53      H        5.6555   15.4766   18.4558
  QMMM:    54       54      H        3.3134   13.0291   15.8781
  QMMM:    55       55      H        3.3051   12.6353   17.6708
  QMMM:    56       56      H        5.6777   12.3075   15.6759
  QMMM:    57       57      H        4.7064   11.0103   16.4802
  QMMM:    58       58      H        5.5473   11.6547   18.7091
  QMMM:    59       59      H        6.9416   11.4007   17.5834
  QMMM:    60       60      H       16.4807   14.6658   21.7817
  QMMM:    61       61      H       15.7761   14.6010   20.1073
  QMMM:    62       62      H       16.6415   13.1619   20.7720
  QMMM:    63       63      H       10.8410   22.1137   20.5826
  QMMM:    64       64      H       11.6191   20.4563   20.3963
  QMMM:    65       65      H        9.7892   20.6125   20.4252
  QMMM:    66       66      H       11.1093   17.7445   28.0641
  QMMM:    67       67      H       10.0149   16.8709   26.8703
  QMMM:    68       68      H       11.8400   16.7578   26.6939
 
           --------- Calculation Completed ----------
 
