            --------------------------------------------------------
                             AMBER SQM VERSION 14
 
                                     By
              Ross C. Walker, Michael F. Crowley, Scott Brozell,
                         Tim Giese, Andreas W. Goetz,
                        Tai-Sung Lee and David A. Case
 
            --------------------------------------------------------
 

--------------------------------------------------------------------------------
  QM CALCULATION INFO
--------------------------------------------------------------------------------

| QMMM: Citation for AMBER QMMM Run:
| QMMM: R.C. Walker, M.F. Crowley and D.A. Case, J. COMP. CHEM. 29:1019, 2008

QMMM: SINGLET STATE CALCULATION
QMMM: RHF CALCULATION, NO. OF DOUBLY OCCUPIED LEVELS = 91

| QMMM: *** Selected Hamiltonian *** 
| QMMM: AM1         

| QMMM: *** Parameter sets in use ***
| QMMM: O : M.J.S.DEWAR et al. JACS, 107, 3902, (1985)
| QMMM: C : M.J.S.DEWAR et al. JACS, 107, 3902, (1985)
| QMMM: N : M.J.S.DEWAR et al. JACS, 107, 3902, (1985)
| QMMM: H : M.J.S.DEWAR et al. JACS, 107, 3902, (1985)

| QMMM: *** SCF convergence criteria ***
| QMMM: Energy change                :  0.1D-09 kcal/mol
| QMMM: Error matrix |FP-PF|         :  0.1D+00 au
| QMMM: Density matrix change        :  0.5D-06
| QMMM: Maximum number of SCF cycles :     1000
 
| QMMM: *** Diagonalization Routine Information ***
| QMMM: Pseudo diagonalizations are allowed.
| QMMM: Auto diagonalization routine selection is in use.
| QMMM:
| QMMM: Timing diagonalization routines:
| QMMM:                              norbs =      170
| QMMM:    diag iterations used for timing =        5
| QMMM:
| QMMM:              Internal diag routine = 0.076332 seconds
| QMMM:                 Dspev diag routine = 0.052516 seconds
| QMMM:                Dspevd diag routine = 0.024017 seconds
| QMMM:                Dspevx diag routine = 0.107538 seconds
| QMMM:                 Dsyev diag routine = 0.015137 seconds
| QMMM:                Dsyevd diag routine = 0.010235 seconds
| QMMM:                Dsyevr diag routine = 0.018051 seconds
| QMMM:
| QMMM:                Pseudo diag routine = 0.030354 seconds
| QMMM: Pseudo diagonalization appears to be slower than regular
| QMMM: diagonalization. Setting pseudo_diag=0 for optimum performance.
| QMMM:
| QMMM: Using dsyevd routine (diag_routine=6).

  QMMM: QM Region Cartesian Coordinates (*=link atom) 
  QMMM: QM_NO.   MM_NO.  ATOM         X         Y         Z
  QMMM:     1        1      O       12.3260   12.1130   18.6240
  QMMM:     2        2      C       10.9350   18.0140   26.0640
  QMMM:     3        3      C       11.2360   15.9110   24.9700
  QMMM:     4        4      O       11.3130   20.6090   23.4250
  QMMM:     5        5      C       10.9510   16.1870   23.6390
  QMMM:     6        6      N       12.0870   13.3940   27.2190
  QMMM:     7        7      C        9.9530   17.2580   23.2730
  QMMM:     8        8      C       11.5990   15.4560   22.6530
  QMMM:     9        9      N       11.7080   11.2250   30.2430
  QMMM:    10       10      C       12.5220   14.4570   22.9710
  QMMM:    11       11      C       12.7960   14.2000   24.3210
  QMMM:    12       12      C       12.1540   14.9250   25.3370
  QMMM:    13       13      C       12.4370   14.6070   26.7740
  QMMM:    14       14      C       12.0290   13.0690   28.6470
  QMMM:    15       15      C       10.9380   13.8640   29.3530
  QMMM:    16       16      C       10.8140   13.4530   30.8190
  QMMM:    17       17      C       10.9840   19.5130   22.9760
  QMMM:    18       18      C       11.3150   19.1450   21.5420
  QMMM:    19       19      C       11.7530   20.2940   20.6890
  QMMM:    20       20      N       10.3650   18.5910   23.7390
  QMMM:    21       21      C       13.1430   13.6490   21.8900
  QMMM:    22       22      C       14.4930   13.2810   21.9330
  QMMM:    23       23      C       15.0550   12.5640   20.8830
  QMMM:    24       24      O       16.3770   12.2440   21.0310
  QMMM:    25       25      C       17.0000   11.3660   20.0960
  QMMM:    26       26      C       14.2900   12.1930   19.7860
  QMMM:    27       27      C       12.9580   12.5530   19.7550
  QMMM:    28       28      C       10.9180   12.2990   18.4970
  QMMM:    29       29      C       12.3800   13.2670   20.7900
  QMMM:    30       30      O       10.5900   16.6170   25.9630
  QMMM:    31       31      C       10.0700   18.8560   25.1540
  QMMM:    32       32      O       12.8770   15.4680   27.5260
  QMMM:    33       33      C       11.7080   11.5950   28.8270
  QMMM:    34       34      C       10.6530   11.9500   30.9490
  QMMM:    35       35      H       10.7930   18.3420   27.0940
  QMMM:    36       36      H       11.9810   18.1460   25.7870
  QMMM:    37       37      H       11.8550   12.6770   26.5470
  QMMM:    38       38      H        8.9930   17.0110   23.7250
  QMMM:    39       39      H        9.8390   17.2810   22.1890
  QMMM:    40       40      H       11.3840   15.6650   21.6150
  QMMM:    41       41      H       12.6030   11.4570   30.6490
  QMMM:    42       42      H       11.5480   10.2320   30.3300
  QMMM:    43       43      H       13.5110   13.4340   24.5830
  QMMM:    44       44      H       12.9920   13.2880   29.1080
  QMMM:    45       45      H        9.9870   13.6840   28.8520
  QMMM:    46       46      H       11.1760   14.9260   29.2980
  QMMM:    47       47      H       11.7120   13.7630   31.3530
  QMMM:    48       48      H        9.9470   13.9460   31.2580
  QMMM:    49       49      H       12.1180   18.4080   21.5570
  QMMM:    50       50      H       10.4340   18.6910   21.0880
  QMMM:    51       51      H       15.0990   13.5550   22.7840
  QMMM:    52       52      H       14.7280   11.6340   18.9730
  QMMM:    53       53      H       11.3330   13.5290   20.7440
  QMMM:    54       54      H        9.0220   18.6250   25.3470
  QMMM:    55       55      H       10.2490   19.9100   25.3650
  QMMM:    56       56      H       10.7240   11.3910   28.4060
  QMMM:    57       57      H       12.4530   10.9990   28.3010
  QMMM:    58       58      H       10.6880   11.6820   32.0050
  QMMM:    59       59      H        9.6860   11.6590   30.5400
  QMMM:    60       60      H       18.0300   11.1800   20.4020
  QMMM:    61       61      H       16.4550   10.4230   20.0650
  QMMM:    62       62      H       16.9920   11.8230   19.1070
  QMMM:    63       63      H       11.8670   19.9590   19.6580
  QMMM:    64       64      H       11.0050   21.0850   20.7330
  QMMM:    65       65      H       12.7070   20.6750   21.0540
  QMMM:    66       66      H       10.5760   11.8580   17.5610
  QMMM:    67       67      H       10.4110   11.8160   19.3330
  QMMM:    68       68      H       10.6910   13.3650   18.5010

--------------------------------------------------------------------------------
  RESULTS
--------------------------------------------------------------------------------

      iter         sqm energy              rms gradient
      ----    -------------------    -----------------------
xmin    10        9.5232 kcal/mol        0.6253 kcal/(mol*A)
xmin    20        7.3641 kcal/mol        0.6743 kcal/(mol*A)
xmin    30        4.3338 kcal/mol        0.8584 kcal/(mol*A)
xmin    40        3.8659 kcal/mol        0.1187 kcal/(mol*A)
xmin    50        3.7670 kcal/mol        0.0671 kcal/(mol*A)
xmin    60        3.7511 kcal/mol        0.0551 kcal/(mol*A)
xmin    70        3.7484 kcal/mol        0.0380 kcal/(mol*A)
xmin    80        3.7476 kcal/mol        0.0254 kcal/(mol*A)
xmin    90        3.7469 kcal/mol        0.0091 kcal/(mol*A)
xmin   100        3.7467 kcal/mol        0.0088 kcal/(mol*A)
xmin   110        3.7467 kcal/mol        0.0057 kcal/(mol*A)
xmin   120        3.7466 kcal/mol        0.0014 kcal/(mol*A)
  ... geometry converged !
 
 Final MO eigenvalues (eV):
 -45.5193  -43.8188  -42.5370  -42.4891  -41.3739  -40.9920  -40.7842  -39.5004
 -38.7337  -38.3717  -37.6225  -35.5906  -35.3023  -34.9725  -34.0453  -32.7226
 -32.2880  -31.1904  -30.2029  -29.4503  -29.2879  -29.1418  -28.8392  -27.7539
 -26.8912  -25.9549  -25.7567  -24.9286  -24.5029  -23.9339  -23.6779  -23.4569
 -22.4709  -22.1041  -21.3128  -21.2003  -20.9844  -20.5400  -20.4206  -19.9282
 -19.8181  -19.3416  -19.0347  -18.9417  -18.7753  -18.6113  -18.5038  -18.4069
 -18.3574  -18.2256  -18.1543  -17.9020  -17.8136  -17.7591  -17.6420  -17.5136
 -17.1178  -17.0810  -16.9391  -16.8334  -16.6750  -16.4576  -16.0366  -15.9570
 -15.8356  -15.7275  -15.6278  -15.3566  -15.2926  -15.0630  -15.0003  -14.9032
 -14.8679  -14.6190  -14.6101  -14.2069  -14.1378  -14.0741  -13.9768  -13.9152
 -13.7188  -13.6199  -13.4853  -13.3502  -13.1905  -12.5909  -12.2232  -11.8612
 -11.6683  -10.8445  -10.5840   -3.7025   -2.7213   -2.3484   -1.7941   -1.6319
  -1.5642   -1.4282   -1.1592   -1.0949   -1.0222   -0.8538   -0.7089   -0.6357
  -0.5050   -0.4886   -0.4086   -0.2108   -0.1003   -0.0017    0.1307    0.1898
   0.2627    0.3726    0.3869    0.6734    0.7062    0.7999    0.9154    0.9945
   1.0228    1.1229    1.3204    1.4069    1.5609    1.5930    1.7377    1.7698
   1.8465    1.8766    1.8959    2.0380    2.1091    2.1879    2.2272    2.2746
   2.2929    2.3344    2.3603    2.3777    2.4294    2.4574    2.5445    2.5519
   2.6213    2.6383    2.7042    2.7592    2.7699    2.8243    2.8818    2.9251
   3.0027    3.0744    3.2253    3.2388    3.2640    3.3252    3.4853    3.4951
   3.5953    3.6752    3.7220    3.7774    3.9357    4.0841    4.2803    4.7340
   4.8690    5.2058

 Heat of formation   =          3.74660982 kcal/mol  (        0.16246519 eV)

 Total SCF energy    =    -138673.78719263 kcal/mol  (    -6013.34665421 eV)
 Electronic energy   =   -1226725.74514033 kcal/mol  (   -53194.82004858 eV)
 Core-core repulsion =    1088051.95794770 kcal/mol  (    47181.47339438 eV)
 
    Atomic Charges for Step       1 :
  Atom    Element       Mulliken Charge
     1      O                 -0.203
     2      C                 -0.044
     3      C                  0.106
     4      O                 -0.345
     5      C                 -0.141
     6      N                 -0.373
     7      C                  0.011
     8      C                 -0.066
     9      N                 -0.029
    10      C                 -0.039
    11      C                 -0.049
    12      C                 -0.148
    13      C                  0.366
    14      C                  0.033
    15      C                 -0.191
    16      C                 -0.182
    17      C                  0.298
    18      C                 -0.172
    19      C                 -0.208
    20      N                 -0.325
    21      C                  0.006
    22      C                 -0.178
    23      C                  0.116
    24      O                 -0.208
    25      C                 -0.080
    26      C                 -0.222
    27      C                  0.121
    28      C                 -0.077
    29      C                 -0.233
    30      O                 -0.261
    31      C                 -0.064
    32      O                 -0.382
    33      C                 -0.166
    34      C                 -0.132
    35      H                  0.109
    36      H                  0.106
    37      H                  0.262
    38      H                  0.112
    39      H                  0.109
    40      H                  0.152
    41      H                  0.249
    42      H                  0.251
    43      H                  0.165
    44      H                  0.109
    45      H                  0.113
    46      H                  0.134
    47      H                  0.115
    48      H                  0.145
    49      H                  0.098
    50      H                  0.110
    51      H                  0.154
    52      H                  0.164
    53      H                  0.140
    54      H                  0.102
    55      H                  0.142
    56      H                  0.146
    57      H                  0.179
    58      H                  0.145
    59      H                  0.146
    60      H                  0.112
    61      H                  0.078
    62      H                  0.082
    63      H                  0.083
    64      H                  0.099
    65      H                  0.091
    66      H                  0.116
    67      H                  0.074
    68      H                  0.073
 Total Mulliken Charge =       1.000
 
                  X        Y        Z     TOTAL  
  QM DIPOLE    53.881   59.088  138.855  160.235
 
 Final Structure

  QMMM: QM Region Cartesian Coordinates (*=link atom) 
  QMMM: QM_NO.   MM_NO.  ATOM         X         Y         Z
  QMMM:     1        1      O       12.4243   12.1677   18.2254
  QMMM:     2        2      C       10.6613   17.5579   26.0646
  QMMM:     3        3      C       11.0601   15.5684   24.8080
  QMMM:     4        4      O       11.5091   20.1611   23.8780
  QMMM:     5        5      C       10.8308   15.9542   23.4748
  QMMM:     6        6      N       11.1906   13.9561   27.3945
  QMMM:     7        7      C        9.8631   17.0575   23.1351
  QMMM:     8        8      C       11.4814   15.2752   22.4440
  QMMM:     9        9      N       12.2644   11.8605   30.3427
  QMMM:    10       10      C       12.3574   14.2157   22.7158
  QMMM:    11       11      C       12.5770   13.8362   24.0439
  QMMM:    12       12      C       11.9283   14.4975   25.0945
  QMMM:    13       13      C       12.2275   14.0172   26.4653
  QMMM:    14       14      C       11.4962   13.6738   28.7710
  QMMM:    15       15      C       10.3537   14.0085   29.7383
  QMMM:    16       16      C       10.7587   13.6850   31.1601
  QMMM:    17       17      C       11.0804   19.2207   23.1848
  QMMM:    18       18      C       11.4836   19.0407   21.7357
  QMMM:    19       19      C       12.5069   20.0680   21.3237
  QMMM:    20       20      N       10.1418   18.3340   23.7399
  QMMM:    21       21      C       13.0434   13.5186   21.6267
  QMMM:    22       22      C       14.3875   13.1756   21.7636
  QMMM:    23       23      C       15.0401   12.5066   20.7080
  QMMM:    24       24      O       16.3652   12.2122   20.9495
  QMMM:    25       25      C       17.0774   11.5888   19.8839
  QMMM:    26       26      C       14.3666   12.1794   19.5314
  QMMM:    27       27      C       13.0087   12.5350   19.4195
  QMMM:    28       28      C       11.0519   12.5066   18.0590
  QMMM:    29       29      C       12.3429   13.2009   20.4521
  QMMM:    30       30      O       10.3823   16.1633   25.8613
  QMMM:    31       31      C        9.8206   18.4440   25.1423
  QMMM:    32       32      O       13.3532   13.5883   26.7983
  QMMM:    33       33      C       11.8649   12.1652   28.9384
  QMMM:    34       34      C       11.1867   12.2312   31.3108
  QMMM:    35       35      H       10.3464   17.7234   27.1303
  QMMM:    36       36      H       11.7566   17.7589   25.9486
  QMMM:    37       37      H       10.3261   14.4094   27.1939
  QMMM:    38       38      H        8.8383   16.7265   23.4827
  QMMM:    39       39      H        9.8149   17.1842   22.0154
  QMMM:    40       40      H       11.3113   15.5785   21.3970
  QMMM:    41       41      H       13.1143   12.3928   30.5654
  QMMM:    42       42      H       12.4738   10.8605   30.4265
  QMMM:    43       43      H       13.2753   13.0133   24.2751
  QMMM:    44       44      H       12.4151   14.2728   29.0677
  QMMM:    45       45      H        9.4299   13.4350   29.4607
  QMMM:    46       46      H       10.1054   15.1014   29.6669
  QMMM:    47       47      H       11.5844   14.3692   31.4927
  QMMM:    48       48      H        9.8870   13.8544   31.8496
  QMMM:    49       49      H       11.9020   18.0076   21.5956
  QMMM:    50       50      H       10.5678   19.1366   21.0925
  QMMM:    51       51      H       14.9542   13.4270   22.6712
  QMMM:    52       52      H       14.8554   11.6593   18.6966
  QMMM:    53       53      H       11.2817   13.4678   20.3613
  QMMM:    54       54      H        8.7341   18.1715   25.2721
  QMMM:    55       55      H        9.9656   19.5154   25.4672
  QMMM:    56       56      H       10.9840   11.5171   28.6733
  QMMM:    57       57      H       12.7365   11.9189   28.2598
  QMMM:    58       58      H       11.5742   12.0435   32.3529
  QMMM:    59       59      H       10.3079   11.5503   31.1192
  QMMM:    60       60      H       18.1133   11.4817   20.2953
  QMMM:    61       61      H       16.6381   10.5884   19.6519
  QMMM:    62       62      H       17.0773   12.2394   18.9760
  QMMM:    63       63      H       12.7742   19.9261   20.2492
  QMMM:    64       64      H       12.1041   21.1004   21.4654
  QMMM:    65       65      H       13.4310   19.9724   21.9435
  QMMM:    66       66      H       10.8125   12.1156   17.0370
  QMMM:    67       67      H       10.4242   12.0009   18.8322
  QMMM:    68       68      H       10.9114   13.6139   18.1004
 
           --------- Calculation Completed ----------
 
