
          -------------------------------------------------------
          Amber 16 PMEMD                              2016
          -------------------------------------------------------

| PMEMD implementation of SANDER, Release 16

| Run on 12/15/2017 at 03:31:06

|   Executable path: pmemd.MPI
| Working directory: /scratch/kfd233/final_project/CompChemFinal/min_mod_102/equ
|          Hostname: c07-04

  [-O]verwriting output

File Assignments:
|   MDIN: density.in                                                            
|  MDOUT: density.out                                                           
| INPCRD: heat.rst                                                              
|   PARM: 5j0d_mod_sol.prmtop                                                   
| RESTRT: density.rst                                                           
|   REFC: min_all.rst                                                           
|  MDVEL: mdvel                                                                 
|   MDEN: mden                                                                  
|  MDCRD: density.mdcrd                                                         
| MDINFO: mdinfo                                                                
|LOGFILE: logfile                                                               
|  MDFRC: mdfrc                                                                 

 
 Here is the input file:
 
# Equlibrate the density                                                       
&cntrl                                                                         
imin=0,                                                                        
irest=1,                                                                       
ntx=5,                                                                         
nstlim=25000, dt=0.002,                                                        
ntc=2,ntf=2,                                                                   
cut=8.0, ntb=2,                                                                
ntp=1, taup=1.0,                                                               
ntpr=500, ntwx=500,                                                            
ntt=3, gamma_ln=2.0,                                                           
temp0=300.0,                                                                   
ntr=1, restraintmask=':1-118',                                                 
restraint_wt=2.0,                                                              
ioutfm = 1,                                                                    
/                                                                              
                                                                               


Note: ig = -1. Setting random seed to   525207 based on wallclock time in
      microseconds and disabling the synchronization of random numbers 
      between tasks to improve performance.
 
 
| Conditional Compilation Defines Used:
| MPI
| PUBFFT
| BINTRAJ
| MKL
| EMIL
 
| Largest sphere to fit in unit cell has radius =    32.709

| New format PARM file being parsed.
| Version =    1.000 Date = 12/14/17 Time = 23:36:34

| Note: 1-4 EEL scale factors are being read from the topology file.

| Note: 1-4 VDW scale factors are being read from the topology file.
| Duplicated    0 dihedrals

| Duplicated    0 dihedrals

--------------------------------------------------------------------------------
   1.  RESOURCE   USE: 
--------------------------------------------------------------------------------

 getting box info from netcdf restart file
 NATOM  =   30513 NTYPES =      26 NBONH =   29492 MBONA  =    1051
 NTHETH =    2326 MTHETA =    1426 NPHIH =    4634 MPHIA  =    4385
 NHPARM =       0 NPARM  =       0 NNB   =   49308 NRES   =    9610
 NBONA  =    1051 NTHETA =    1426 NPHIA =    4385 NUMBND =      80
 NUMANG =     178 NPTRA  =     203 NATYP =      44 NPHB   =       1
 IFBOX  =       1 NMXRS  =      68 IFCAP =       0 NEXTRA =       0
 NCOPY  =       0

| Coordinate Index Table dimensions:    13   15   15
| Direct force subcell size =     5.0322    5.0230    5.1790

     BOX TYPE: RECTILINEAR

--------------------------------------------------------------------------------
   2.  CONTROL  DATA  FOR  THE  RUN
--------------------------------------------------------------------------------

default_name                                                                    

General flags:
     imin    =       0, nmropt  =       0

Nature and format of input:
     ntx     =       5, irest   =       1, ntrx    =       1

Nature and format of output:
     ntxo    =       2, ntpr    =     500, ntrx    =       1, ntwr    =   25000
     iwrap   =       0, ntwx    =     500, ntwv    =       0, ntwe    =       0
     ioutfm  =       1, ntwprt  =       0, idecomp =       0, rbornstat=      0

Potential function:
     ntf     =       2, ntb     =       2, igb     =       0, nsnb    =      25
     ipol    =       0, gbsa    =       0, iesp    =       0
     dielc   =   1.00000, cut     =   8.00000, intdiel =   1.00000

Frozen or restrained atoms:
     ibelly  =       0, ntr     =       1
     restraint_wt =   2.00000

Molecular dynamics:
     nstlim  =     25000, nscm    =         0, nrespa  =         1
     t       =   0.00000, dt      =   0.00200, vlimit  =  20.00000

Langevin dynamics temperature regulation:
     ig      =  525207
     temp0   = 300.00000, tempi   =   0.00000, gamma_ln=   2.00000

Pressure regulation:
     ntp     =       1
     pres0   =   1.00000, comp    =  44.60000, taup    =   1.00000

SHAKE:
     ntc     =       2, jfastw  =       0
     tol     =   0.00001

| Intermolecular bonds treatment:
|     no_intermolecular_bonds =       1

| Energy averages sample interval:
|     ene_avg_sampling =     500

Ewald parameters:
     verbose =       0, ew_type =       0, nbflag  =       1, use_pme =       1
     vdwmeth =       1, eedmeth =       1, netfrc  =       1
     Box X =   65.419   Box Y =   75.345   Box Z =   77.685
     Alpha =   90.000   Beta  =   90.000   Gamma =   90.000
     NFFT1 =   72       NFFT2 =   80       NFFT3 =   80
     Cutoff=    8.000   Tol   =0.100E-04
     Ewald Coefficient =  0.34864
     Interpolation order =    4

| PMEMD ewald parallel performance parameters:
|     block_fft =    1
|     fft_blk_y_divisor =    4
|     excl_recip =    0
|     excl_master =    0
|     atm_redist_freq =  320

    LOADING THE CONSTRAINED ATOMS AS GROUPS


   5.  REFERENCE ATOM COORDINATES

  default_name                                                                    
     Mask :1-118; matches  2037 atoms

--------------------------------------------------------------------------------
   3.  ATOMIC COORDINATES AND VELOCITIES
--------------------------------------------------------------------------------

default_name                                                                    
 begin time read from input coords =    50.000 ps

 
 Number of triangulated 3-point waters found:     9492

     Sum of charges from parm topology file =   0.00400194
     Forcing neutrality...

| Dynamic Memory, Types Used:
| Reals             1811994
| Integers          1217989

| Nonbonded Pairs Initial Allocation:      165642

| Running AMBER/MPI version on   84 MPI task

 
--------------------------------------------------------------------------------
   4.  RESULTS
--------------------------------------------------------------------------------

 ---------------------------------------------------
 APPROXIMATING switch and d/dx switch using CUBIC SPLINE INTERPOLATION
 using   5000.0 points per unit in tabled values
 TESTING RELATIVE ERROR over r ranging from 0.0 to cutoff
| CHECK switch(x): max rel err =   0.3316E-14   at   2.351880
| CHECK d/dx switch(x): max rel err =   0.8336E-11   at   2.782960
 ---------------------------------------------------
|---------------------------------------------------
| APPROXIMATING direct energy using CUBIC SPLINE INTERPOLATION
|  with   50.0 points per unit in tabled values
| Relative Error Limit not exceeded for r .gt.   2.47
| APPROXIMATING direct force using CUBIC SPLINE INTERPOLATION
|  with   50.0 points per unit in tabled values
| Relative Error Limit not exceeded for r .gt.   2.89
|---------------------------------------------------

 NSTEP =      500   TIME(PS) =      51.000  TEMP(K) =   300.45  PRESS =  -253.8
 Etot   =    -73773.0188  EKtot   =     18522.4826  EPtot      =    -92295.5013
 BOND   =       396.3541  ANGLE   =       948.8791  DIHED      =      1631.3546
 1-4 NB =       476.4401  1-4 EEL =      4389.8336  VDWAALS    =     12294.0249
 EELEC  =   -112624.8619  EHBOND  =         0.0000  RESTRAINT  =       192.4742
 EAMBER (non-restraint)  =    -92487.9755
 EKCMT  =      8495.1426  VIRIAL  =     10571.1614  VOLUME     =    378875.1760
                                                    Density    =         0.8129
 Ewald error estimate:   0.5690E-04
 ------------------------------------------------------------------------------


 NSTEP =     1000   TIME(PS) =      52.000  TEMP(K) =   302.48  PRESS =  -369.7
 Etot   =    -73571.1105  EKtot   =     18647.7381  EPtot      =    -92218.8485
 BOND   =       356.0820  ANGLE   =       964.1060  DIHED      =      1622.0914
 1-4 NB =       475.2472  1-4 EEL =      4397.3992  VDWAALS    =     11976.8558
 EELEC  =   -112202.2891  EHBOND  =         0.0000  RESTRAINT  =       191.6588
 EAMBER (non-restraint)  =    -92410.5074
 EKCMT  =      8619.7843  VIRIAL  =     11613.0210  VOLUME     =    375031.4391
                                                    Density    =         0.8212
 Ewald error estimate:   0.2670E-04
 ------------------------------------------------------------------------------


 NSTEP =     1500   TIME(PS) =      53.000  TEMP(K) =   301.56  PRESS =  -282.9
 Etot   =    -73595.4852  EKtot   =     18590.8793  EPtot      =    -92186.3645
 BOND   =       373.7583  ANGLE   =       927.8546  DIHED      =      1615.7955
 1-4 NB =       484.9796  1-4 EEL =      4416.2985  VDWAALS    =     12169.7872
 EELEC  =   -112364.1860  EHBOND  =         0.0000  RESTRAINT  =       189.3478
 EAMBER (non-restraint)  =    -92375.7123
 EKCMT  =      8583.7405  VIRIAL  =     10848.6631  VOLUME     =    370813.3286
                                                    Density    =         0.8305
 Ewald error estimate:   0.2004E-04
 ------------------------------------------------------------------------------


 NSTEP =     2000   TIME(PS) =      54.000  TEMP(K) =   301.68  PRESS =  -308.2
 Etot   =    -73714.1260  EKtot   =     18598.4170  EPtot      =    -92312.5430
 BOND   =       385.5924  ANGLE   =       955.0511  DIHED      =      1618.8775
 1-4 NB =       458.0759  1-4 EEL =      4394.6982  VDWAALS    =     12063.3069
 EELEC  =   -112398.2061  EHBOND  =         0.0000  RESTRAINT  =       210.0610
 EAMBER (non-restraint)  =    -92522.6040
 EKCMT  =      8541.9900  VIRIAL  =     10982.9751  VOLUME     =    366797.7010
                                                    Density    =         0.8396
 Ewald error estimate:   0.3282E-04
 ------------------------------------------------------------------------------


 NSTEP =     2500   TIME(PS) =      55.000  TEMP(K) =   303.29  PRESS =  -249.6
 Etot   =    -73568.0083  EKtot   =     18697.8372  EPtot      =    -92265.8455
 BOND   =       397.1528  ANGLE   =       978.4956  DIHED      =      1599.7255
 1-4 NB =       477.3686  1-4 EEL =      4366.1121  VDWAALS    =     11971.4873
 EELEC  =   -112243.7619  EHBOND  =         0.0000  RESTRAINT  =       187.5744
 EAMBER (non-restraint)  =    -92453.4199
 EKCMT  =      8642.0345  VIRIAL  =     10597.0466  VOLUME     =    362772.1071
                                                    Density    =         0.8490
 Ewald error estimate:   0.6016E-04
 ------------------------------------------------------------------------------


 NSTEP =     3000   TIME(PS) =      56.000  TEMP(K) =   300.21  PRESS =  -299.2
 Etot   =    -74239.4965  EKtot   =     18507.9985  EPtot      =    -92747.4950
 BOND   =       365.1157  ANGLE   =       973.9774  DIHED      =      1630.4404
 1-4 NB =       473.1659  1-4 EEL =      4349.1571  VDWAALS    =     12213.1832
 EELEC  =   -112950.4677  EHBOND  =         0.0000  RESTRAINT  =       197.9329
 EAMBER (non-restraint)  =    -92945.4279
 EKCMT  =      8466.6070  VIRIAL  =     10785.7452  VOLUME     =    359005.7724
                                                    Density    =         0.8579
 Ewald error estimate:   0.5034E-04
 ------------------------------------------------------------------------------


 NSTEP =     3500   TIME(PS) =      57.000  TEMP(K) =   298.77  PRESS =   -54.3
 Etot   =    -74189.2191  EKtot   =     18418.9137  EPtot      =    -92608.1328
 BOND   =       368.0012  ANGLE   =       998.2471  DIHED      =      1627.0910
 1-4 NB =       480.9202  1-4 EEL =      4371.2652  VDWAALS    =     12274.7598
 EELEC  =   -112922.9354  EHBOND  =         0.0000  RESTRAINT  =       194.5180
 EAMBER (non-restraint)  =    -92802.6508
 EKCMT  =      8431.3564  VIRIAL  =      8848.7723  VOLUME     =    355905.6452
                                                    Density    =         0.8653
 Ewald error estimate:   0.5049E-04
 ------------------------------------------------------------------------------


 NSTEP =     4000   TIME(PS) =      58.000  TEMP(K) =   301.68  PRESS =  -114.7
 Etot   =    -74445.2894  EKtot   =     18598.7549  EPtot      =    -93044.0442
 BOND   =       360.4153  ANGLE   =       941.9997  DIHED      =      1608.9733
 1-4 NB =       471.8515  1-4 EEL =      4401.1516  VDWAALS    =     12243.3597
 EELEC  =   -113275.4439  EHBOND  =         0.0000  RESTRAINT  =       203.6486
 EAMBER (non-restraint)  =    -93247.6928
 EKCMT  =      8631.4382  VIRIAL  =      9503.5065  VOLUME     =    352114.4027
                                                    Density    =         0.8746
 Ewald error estimate:   0.6344E-04
 ------------------------------------------------------------------------------


 NSTEP =     4500   TIME(PS) =      59.000  TEMP(K) =   299.56  PRESS =  -183.5
 Etot   =    -74640.7888  EKtot   =     18467.9629  EPtot      =    -93108.7516
 BOND   =       402.4228  ANGLE   =       928.8795  DIHED      =      1610.0064
 1-4 NB =       470.6744  1-4 EEL =      4382.6185  VDWAALS    =     12048.8413
 EELEC  =   -113140.7633  EHBOND  =         0.0000  RESTRAINT  =       188.5688
 EAMBER (non-restraint)  =    -93297.3205
 EKCMT  =      8481.7835  VIRIAL  =      9866.5123  VOLUME     =    349494.6892
                                                    Density    =         0.8812
 Ewald error estimate:   0.3245E-04
 ------------------------------------------------------------------------------


 NSTEP =     5000   TIME(PS) =      60.000  TEMP(K) =   299.59  PRESS =   -17.1
 Etot   =    -74639.1981  EKtot   =     18469.3827  EPtot      =    -93108.5808
 BOND   =       394.8827  ANGLE   =       971.6023  DIHED      =      1609.2499
 1-4 NB =       495.8455  1-4 EEL =      4409.6257  VDWAALS    =     12249.5058
 EELEC  =   -113432.5876  EHBOND  =         0.0000  RESTRAINT  =       193.2949
 EAMBER (non-restraint)  =    -93301.8757
 EKCMT  =      8521.6077  VIRIAL  =      8649.2184  VOLUME     =    346233.3706
                                                    Density    =         0.8895
 Ewald error estimate:   0.8504E-04
 ------------------------------------------------------------------------------


 NSTEP =     5500   TIME(PS) =      61.000  TEMP(K) =   300.27  PRESS =  -190.1
 Etot   =    -74386.8121  EKtot   =     18511.7999  EPtot      =    -92898.6120
 BOND   =       360.8274  ANGLE   =       968.6111  DIHED      =      1628.2361
 1-4 NB =       485.3418  1-4 EEL =      4397.7672  VDWAALS    =     12096.0351
 EELEC  =   -113040.6653  EHBOND  =         0.0000  RESTRAINT  =       205.2345
 EAMBER (non-restraint)  =    -93103.8465
 EKCMT  =      8581.9098  VIRIAL  =      9996.5028  VOLUME     =    344723.0165
                                                    Density    =         0.8934
 Ewald error estimate:   0.3762E-04
 ------------------------------------------------------------------------------


 NSTEP =     6000   TIME(PS) =      62.000  TEMP(K) =   301.50  PRESS =   -25.0
 Etot   =    -74402.0435  EKtot   =     18587.4874  EPtot      =    -92989.5309
 BOND   =       421.0153  ANGLE   =       961.2029  DIHED      =      1589.9039
 1-4 NB =       478.0410  1-4 EEL =      4348.6998  VDWAALS    =     12225.6079
 EELEC  =   -113212.5611  EHBOND  =         0.0000  RESTRAINT  =       198.5594
 EAMBER (non-restraint)  =    -93188.0903
 EKCMT  =      8544.2733  VIRIAL  =      8729.3355  VOLUME     =    342457.3658
                                                    Density    =         0.8993
 Ewald error estimate:   0.1154E-03
 ------------------------------------------------------------------------------


 NSTEP =     6500   TIME(PS) =      63.000  TEMP(K) =   300.45  PRESS =   -63.6
 Etot   =    -74732.2559  EKtot   =     18522.6978  EPtot      =    -93254.9537
 BOND   =       389.1802  ANGLE   =       994.4271  DIHED      =      1610.3529
 1-4 NB =       454.3566  1-4 EEL =      4378.3402  VDWAALS    =     12290.5106
 EELEC  =   -113566.4726  EHBOND  =         0.0000  RESTRAINT  =       194.3513
 EAMBER (non-restraint)  =    -93449.3050
 EKCMT  =      8548.2831  VIRIAL  =      9014.9389  VOLUME     =    339686.6338
                                                    Density    =         0.9066
 Ewald error estimate:   0.3314E-04
 ------------------------------------------------------------------------------


 NSTEP =     7000   TIME(PS) =      64.000  TEMP(K) =   300.67  PRESS =  -209.3
 Etot   =    -74850.2572  EKtot   =     18536.0951  EPtot      =    -93386.3523
 BOND   =       377.1117  ANGLE   =       979.0742  DIHED      =      1619.5936
 1-4 NB =       478.5488  1-4 EEL =      4350.8829  VDWAALS    =     12177.9834
 EELEC  =   -113564.5497  EHBOND  =         0.0000  RESTRAINT  =       195.0028
 EAMBER (non-restraint)  =    -93581.3551
 EKCMT  =      8438.1972  VIRIAL  =      9963.1102  VOLUME     =    337508.1675
                                                    Density    =         0.9125
 Ewald error estimate:   0.5750E-04
 ------------------------------------------------------------------------------


 NSTEP =     7500   TIME(PS) =      65.000  TEMP(K) =   297.80  PRESS =   131.6
 Etot   =    -74956.9787  EKtot   =     18359.5317  EPtot      =    -93316.5104
 BOND   =       352.7653  ANGLE   =       957.7716  DIHED      =      1601.9457
 1-4 NB =       486.6195  1-4 EEL =      4413.0035  VDWAALS    =     12237.9393
 EELEC  =   -113566.6373  EHBOND  =         0.0000  RESTRAINT  =       200.0820
 EAMBER (non-restraint)  =    -93516.5924
 EKCMT  =      8450.8521  VIRIAL  =      7497.5816  VOLUME     =    335411.5431
                                                    Density    =         0.9182
 Ewald error estimate:   0.1350E-03
 ------------------------------------------------------------------------------


 NSTEP =     8000   TIME(PS) =      66.000  TEMP(K) =   300.93  PRESS =   -88.0
 Etot   =    -74905.4975  EKtot   =     18551.9405  EPtot      =    -93457.4380
 BOND   =       403.2358  ANGLE   =       977.5460  DIHED      =      1605.2599
 1-4 NB =       471.7020  1-4 EEL =      4367.0435  VDWAALS    =     12212.5920
 EELEC  =   -113689.5341  EHBOND  =         0.0000  RESTRAINT  =       194.7167
 EAMBER (non-restraint)  =    -93652.1547
 EKCMT  =      8587.8367  VIRIAL  =      9222.4380  VOLUME     =    334016.5048
                                                    Density    =         0.9220
 Ewald error estimate:   0.6852E-04
 ------------------------------------------------------------------------------


 NSTEP =     8500   TIME(PS) =      67.000  TEMP(K) =   300.27  PRESS =  -118.0
 Etot   =    -74969.7625  EKtot   =     18511.7666  EPtot      =    -93481.5291
 BOND   =       350.0414  ANGLE   =       952.7322  DIHED      =      1608.3916
 1-4 NB =       482.8405  1-4 EEL =      4402.7851  VDWAALS    =     12202.9020
 EELEC  =   -113693.9943  EHBOND  =         0.0000  RESTRAINT  =       212.7722
 EAMBER (non-restraint)  =    -93694.3013
 EKCMT  =      8625.0065  VIRIAL  =      9472.4509  VOLUME     =    332576.8808
                                                    Density    =         0.9260
 Ewald error estimate:   0.3371E-04
 ------------------------------------------------------------------------------


 NSTEP =     9000   TIME(PS) =      68.000  TEMP(K) =   299.59  PRESS =  -149.2
 Etot   =    -75042.5975  EKtot   =     18469.3689  EPtot      =    -93511.9664
 BOND   =       373.3624  ANGLE   =       966.8197  DIHED      =      1615.1172
 1-4 NB =       470.8582  1-4 EEL =      4336.6923  VDWAALS    =     12144.2744
 EELEC  =   -113630.8092  EHBOND  =         0.0000  RESTRAINT  =       211.7185
 EAMBER (non-restraint)  =    -93723.6850
 EKCMT  =      8540.1443  VIRIAL  =      9603.7725  VOLUME     =    330258.9841
                                                    Density    =         0.9325
 Ewald error estimate:   0.1030E-03
 ------------------------------------------------------------------------------


 NSTEP =     9500   TIME(PS) =      69.000  TEMP(K) =   296.09  PRESS =   -19.3
 Etot   =    -75308.7027  EKtot   =     18253.9470  EPtot      =    -93562.6497
 BOND   =       382.1586  ANGLE   =       959.2344  DIHED      =      1590.7670
 1-4 NB =       486.3513  1-4 EEL =      4387.9812  VDWAALS    =     12237.1403
 EELEC  =   -113819.7016  EHBOND  =         0.0000  RESTRAINT  =       213.4190
 EAMBER (non-restraint)  =    -93776.0687
 EKCMT  =      8483.3910  VIRIAL  =      8620.0478  VOLUME     =    328138.4603
                                                    Density    =         0.9386
 Ewald error estimate:   0.2012E-04
 ------------------------------------------------------------------------------


 NSTEP =    10000   TIME(PS) =      70.000  TEMP(K) =   296.23  PRESS =    41.4
 Etot   =    -75172.9152  EKtot   =     18262.4761  EPtot      =    -93435.3913
 BOND   =       372.6051  ANGLE   =       965.9306  DIHED      =      1605.0288
 1-4 NB =       471.9597  1-4 EEL =      4396.5881  VDWAALS    =     12361.9550
 EELEC  =   -113812.0071  EHBOND  =         0.0000  RESTRAINT  =       202.5485
 EAMBER (non-restraint)  =    -93637.9399
 EKCMT  =      8365.1254  VIRIAL  =      8073.1740  VOLUME     =    326929.7753
                                                    Density    =         0.9420
 Ewald error estimate:   0.3240E-04
 ------------------------------------------------------------------------------


 NSTEP =    10500   TIME(PS) =      71.000  TEMP(K) =   302.03  PRESS =  -267.5
 Etot   =    -75111.0128  EKtot   =     18619.9002  EPtot      =    -93730.9129
 BOND   =       372.4987  ANGLE   =       975.8201  DIHED      =      1607.8713
 1-4 NB =       487.4092  1-4 EEL =      4403.4550  VDWAALS    =     12118.2515
 EELEC  =   -113904.9205  EHBOND  =         0.0000  RESTRAINT  =       208.7018
 EAMBER (non-restraint)  =    -93939.6148
 EKCMT  =      8567.4300  VIRIAL  =     10443.2818  VOLUME     =    324759.6864
                                                    Density    =         0.9483
 Ewald error estimate:   0.3583E-04
 ------------------------------------------------------------------------------


 NSTEP =    11000   TIME(PS) =      72.000  TEMP(K) =   298.27  PRESS =   -76.9
 Etot   =    -75217.7748  EKtot   =     18387.9637  EPtot      =    -93605.7386
 BOND   =       379.5775  ANGLE   =       983.6805  DIHED      =      1592.5833
 1-4 NB =       482.1801  1-4 EEL =      4377.0752  VDWAALS    =     12343.2083
 EELEC  =   -113962.9568  EHBOND  =         0.0000  RESTRAINT  =       198.9135
 EAMBER (non-restraint)  =    -93804.6520
 EKCMT  =      8436.7081  VIRIAL  =      8974.2083  VOLUME     =    323639.8752
                                                    Density    =         0.9516
 Ewald error estimate:   0.1427E-03
 ------------------------------------------------------------------------------


 NSTEP =    11500   TIME(PS) =      73.000  TEMP(K) =   297.36  PRESS =   -29.3
 Etot   =    -75385.0449  EKtot   =     18332.4204  EPtot      =    -93717.4653
 BOND   =       363.6977  ANGLE   =       966.1511  DIHED      =      1588.8049
 1-4 NB =       488.6580  1-4 EEL =      4362.1282  VDWAALS    =     12228.8013
 EELEC  =   -113908.1439  EHBOND  =         0.0000  RESTRAINT  =       192.4375
 EAMBER (non-restraint)  =    -93909.9028
 EKCMT  =      8379.4917  VIRIAL  =      8583.2023  VOLUME     =    321763.5085
                                                    Density    =         0.9572
 Ewald error estimate:   0.1499E-03
 ------------------------------------------------------------------------------


 NSTEP =    12000   TIME(PS) =      74.000  TEMP(K) =   299.42  PRESS =   -32.5
 Etot   =    -75139.8393  EKtot   =     18459.2439  EPtot      =    -93599.0832
 BOND   =       380.4726  ANGLE   =       988.6238  DIHED      =      1622.6571
 1-4 NB =       477.1044  1-4 EEL =      4381.6384  VDWAALS    =     12168.6738
 EELEC  =   -113865.3519  EHBOND  =         0.0000  RESTRAINT  =       247.0986
 EAMBER (non-restraint)  =    -93846.1819
 EKCMT  =      8571.4173  VIRIAL  =      8795.9581  VOLUME     =    319993.4820
                                                    Density    =         0.9624
 Ewald error estimate:   0.4025E-04
 ------------------------------------------------------------------------------


 NSTEP =    12500   TIME(PS) =      75.000  TEMP(K) =   297.61  PRESS =   122.1
 Etot   =    -75624.0065  EKtot   =     18347.3608  EPtot      =    -93971.3673
 BOND   =       386.9233  ANGLE   =       950.0719  DIHED      =      1605.6760
 1-4 NB =       478.4260  1-4 EEL =      4378.7848  VDWAALS    =     12380.9212
 EELEC  =   -114357.3289  EHBOND  =         0.0000  RESTRAINT  =       205.1584
 EAMBER (non-restraint)  =    -94176.5257
 EKCMT  =      8491.9247  VIRIAL  =      7652.8769  VOLUME     =    318348.4300
                                                    Density    =         0.9674
 Ewald error estimate:   0.2213E-04
 ------------------------------------------------------------------------------


 NSTEP =    13000   TIME(PS) =      76.000  TEMP(K) =   298.41  PRESS =  -199.1
 Etot   =    -75476.3729  EKtot   =     18396.5859  EPtot      =    -93872.9588
 BOND   =       400.0845  ANGLE   =       984.0716  DIHED      =      1612.5383
 1-4 NB =       473.5648  1-4 EEL =      4353.8173  VDWAALS    =     12087.7559
 EELEC  =   -114004.7822  EHBOND  =         0.0000  RESTRAINT  =       219.9912
 EAMBER (non-restraint)  =    -94092.9499
 EKCMT  =      8415.3595  VIRIAL  =      9779.5522  VOLUME     =    317404.1678
                                                    Density    =         0.9703
 Ewald error estimate:   0.3624E-04
 ------------------------------------------------------------------------------


 NSTEP =    13500   TIME(PS) =      77.000  TEMP(K) =   302.51  PRESS =   -52.8
 Etot   =    -75295.9186  EKtot   =     18649.4092  EPtot      =    -93945.3278
 BOND   =       403.5383  ANGLE   =       956.5857  DIHED      =      1599.0984
 1-4 NB =       487.8615  1-4 EEL =      4361.8970  VDWAALS    =     12170.6939
 EELEC  =   -114146.1625  EHBOND  =         0.0000  RESTRAINT  =       221.1599
 EAMBER (non-restraint)  =    -94166.4877
 EKCMT  =      8628.2964  VIRIAL  =      8988.5310  VOLUME     =    315779.5516
                                                    Density    =         0.9753
 Ewald error estimate:   0.9993E-04
 ------------------------------------------------------------------------------


 NSTEP =    14000   TIME(PS) =      78.000  TEMP(K) =   300.35  PRESS =     6.0
 Etot   =    -75292.4059  EKtot   =     18516.6265  EPtot      =    -93809.0324
 BOND   =       396.7729  ANGLE   =       946.4970  DIHED      =      1608.6767
 1-4 NB =       486.2403  1-4 EEL =      4359.5378  VDWAALS    =     12207.4552
 EELEC  =   -114031.1512  EHBOND  =         0.0000  RESTRAINT  =       216.9389
 EAMBER (non-restraint)  =    -94025.9713
 EKCMT  =      8474.4027  VIRIAL  =      8433.4951  VOLUME     =    314770.9565
                                                    Density    =         0.9784
 Ewald error estimate:   0.2733E-05
 ------------------------------------------------------------------------------


 NSTEP =    14500   TIME(PS) =      79.000  TEMP(K) =   299.29  PRESS =   -16.9
 Etot   =    -75395.1763  EKtot   =     18450.9059  EPtot      =    -93846.0823
 BOND   =       391.1201  ANGLE   =       965.3810  DIHED      =      1615.5239
 1-4 NB =       471.6951  1-4 EEL =      4368.0146  VDWAALS    =     12209.3826
 EELEC  =   -114084.6682  EHBOND  =         0.0000  RESTRAINT  =       217.4686
 EAMBER (non-restraint)  =    -94063.5509
 EKCMT  =      8526.8997  VIRIAL  =      8641.2749  VOLUME     =    313001.1325
                                                    Density    =         0.9839
 Ewald error estimate:   0.6129E-04
 ------------------------------------------------------------------------------


 NSTEP =    15000   TIME(PS) =      80.000  TEMP(K) =   300.48  PRESS =  -100.4
 Etot   =    -75501.7028  EKtot   =     18524.2020  EPtot      =    -94025.9048
 BOND   =       406.7713  ANGLE   =       956.0433  DIHED      =      1605.0184
 1-4 NB =       462.0290  1-4 EEL =      4372.7807  VDWAALS    =     12177.1747
 EELEC  =   -114230.8054  EHBOND  =         0.0000  RESTRAINT  =       225.0832
 EAMBER (non-restraint)  =    -94250.9880
 EKCMT  =      8495.6989  VIRIAL  =      9172.6464  VOLUME     =    312220.2327
                                                    Density    =         0.9864
 Ewald error estimate:   0.1054E-03
 ------------------------------------------------------------------------------


 NSTEP =    15500   TIME(PS) =      81.000  TEMP(K) =   299.74  PRESS =    71.5
 Etot   =    -75450.3444  EKtot   =     18479.0956  EPtot      =    -93929.4400
 BOND   =       379.8671  ANGLE   =       976.2908  DIHED      =      1593.8603
 1-4 NB =       488.1002  1-4 EEL =      4357.7837  VDWAALS    =     12321.2033
 EELEC  =   -114257.6571  EHBOND  =         0.0000  RESTRAINT  =       211.1118
 EAMBER (non-restraint)  =    -94140.5517
 EKCMT  =      8470.4828  VIRIAL  =      7989.8087  VOLUME     =    311328.0414
                                                    Density    =         0.9892
 Ewald error estimate:   0.2251E-04
 ------------------------------------------------------------------------------


 NSTEP =    16000   TIME(PS) =      82.000  TEMP(K) =   301.45  PRESS =    86.7
 Etot   =    -75308.3940  EKtot   =     18584.0116  EPtot      =    -93892.4056
 BOND   =       402.8215  ANGLE   =       977.5225  DIHED      =      1604.8358
 1-4 NB =       472.0540  1-4 EEL =      4389.2511  VDWAALS    =     12246.7562
 EELEC  =   -114204.7743  EHBOND  =         0.0000  RESTRAINT  =       219.1276
 EAMBER (non-restraint)  =    -94111.5332
 EKCMT  =      8651.1449  VIRIAL  =      8069.8020  VOLUME     =    310547.1462
                                                    Density    =         0.9917
 Ewald error estimate:   0.4381E-04
 ------------------------------------------------------------------------------


 NSTEP =    16500   TIME(PS) =      83.000  TEMP(K) =   302.29  PRESS =   -13.8
 Etot   =    -75403.6346  EKtot   =     18635.9202  EPtot      =    -94039.5548
 BOND   =       373.2821  ANGLE   =       969.5259  DIHED      =      1612.6518
 1-4 NB =       479.8080  1-4 EEL =      4378.1499  VDWAALS    =     12246.4505
 EELEC  =   -114309.4099  EHBOND  =         0.0000  RESTRAINT  =       209.9869
 EAMBER (non-restraint)  =    -94249.5417
 EKCMT  =      8621.8199  VIRIAL  =      8714.3982  VOLUME     =    309886.1677
                                                    Density    =         0.9938
 Ewald error estimate:   0.5385E-04
 ------------------------------------------------------------------------------


 NSTEP =    17000   TIME(PS) =      84.000  TEMP(K) =   301.25  PRESS =  -151.8
 Etot   =    -75410.7657  EKtot   =     18571.7119  EPtot      =    -93982.4776
 BOND   =       371.9350  ANGLE   =       986.0026  DIHED      =      1622.4076
 1-4 NB =       483.9027  1-4 EEL =      4362.0231  VDWAALS    =     12228.7370
 EELEC  =   -114250.5815  EHBOND  =         0.0000  RESTRAINT  =       213.0958
 EAMBER (non-restraint)  =    -94195.5734
 EKCMT  =      8589.8256  VIRIAL  =      9604.5161  VOLUME     =    309504.9472
                                                    Density    =         0.9951
 Ewald error estimate:   0.3349E-04
 ------------------------------------------------------------------------------


 NSTEP =    17500   TIME(PS) =      85.000  TEMP(K) =   302.58  PRESS =    97.3
 Etot   =    -75589.7189  EKtot   =     18654.2106  EPtot      =    -94243.9295
 BOND   =       387.2980  ANGLE   =       984.6571  DIHED      =      1605.2707
 1-4 NB =       486.1441  1-4 EEL =      4362.2856  VDWAALS    =     12269.7524
 EELEC  =   -114567.6699  EHBOND  =         0.0000  RESTRAINT  =       228.3324
 EAMBER (non-restraint)  =    -94472.2619
 EKCMT  =      8615.7855  VIRIAL  =      7966.9340  VOLUME     =    308753.0833
                                                    Density    =         0.9975
 Ewald error estimate:   0.5671E-04
 ------------------------------------------------------------------------------


 NSTEP =    18000   TIME(PS) =      86.000  TEMP(K) =   300.29  PRESS =    13.8
 Etot   =    -75621.0289  EKtot   =     18512.5210  EPtot      =    -94133.5499
 BOND   =       396.4995  ANGLE   =       958.6641  DIHED      =      1609.8128
 1-4 NB =       467.7698  1-4 EEL =      4375.9640  VDWAALS    =     12357.7581
 EELEC  =   -114522.6861  EHBOND  =         0.0000  RESTRAINT  =       222.6679
 EAMBER (non-restraint)  =    -94356.2178
 EKCMT  =      8425.2395  VIRIAL  =      8333.6871  VOLUME     =    308100.3328
                                                    Density    =         0.9996
 Ewald error estimate:   0.9876E-04
 ------------------------------------------------------------------------------


 NSTEP =    18500   TIME(PS) =      87.000  TEMP(K) =   300.40  PRESS =   216.7
 Etot   =    -75742.0981  EKtot   =     18519.4227  EPtot      =    -94261.5208
 BOND   =       366.3125  ANGLE   =       955.7053  DIHED      =      1611.7749
 1-4 NB =       489.0421  1-4 EEL =      4363.7559  VDWAALS    =     12650.7497
 EELEC  =   -114909.3308  EHBOND  =         0.0000  RESTRAINT  =       210.4696
 EAMBER (non-restraint)  =    -94471.9904
 EKCMT  =      8548.5591  VIRIAL  =      7109.6326  VOLUME     =    307599.9812
                                                    Density    =         1.0012
 Ewald error estimate:   0.2096E-04
 ------------------------------------------------------------------------------


 NSTEP =    19000   TIME(PS) =      88.000  TEMP(K) =   297.98  PRESS =   -17.3
 Etot   =    -75717.6336  EKtot   =     18370.4333  EPtot      =    -94088.0668
 BOND   =       389.1902  ANGLE   =       977.5539  DIHED      =      1620.1708
 1-4 NB =       483.6942  1-4 EEL =      4363.1874  VDWAALS    =     12250.3917
 EELEC  =   -114393.8377  EHBOND  =         0.0000  RESTRAINT  =       221.5826
 EAMBER (non-restraint)  =    -94309.6494
 EKCMT  =      8442.4227  VIRIAL  =      8556.7291  VOLUME     =    306755.3493
                                                    Density    =         1.0040
 Ewald error estimate:   0.4122E-04
 ------------------------------------------------------------------------------


 NSTEP =    19500   TIME(PS) =      89.000  TEMP(K) =   303.73  PRESS =  -188.1
 Etot   =    -75484.1882  EKtot   =     18724.7506  EPtot      =    -94208.9388
 BOND   =       410.5815  ANGLE   =       982.5094  DIHED      =      1616.4818
 1-4 NB =       479.1193  1-4 EEL =      4389.6908  VDWAALS    =     12192.1968
 EELEC  =   -114491.2999  EHBOND  =         0.0000  RESTRAINT  =       211.7813
 EAMBER (non-restraint)  =    -94420.7202
 EKCMT  =      8646.5134  VIRIAL  =      9893.4316  VOLUME     =    306982.7644
                                                    Density    =         1.0032
 Ewald error estimate:   0.2321E-04
 ------------------------------------------------------------------------------


 NSTEP =    20000   TIME(PS) =      90.000  TEMP(K) =   300.78  PRESS =     5.3
 Etot   =    -75569.4966  EKtot   =     18543.0270  EPtot      =    -94112.5236
 BOND   =       383.1761  ANGLE   =       952.3297  DIHED      =      1615.9423
 1-4 NB =       482.8167  1-4 EEL =      4391.2730  VDWAALS    =     12067.7242
 EELEC  =   -114226.6526  EHBOND  =         0.0000  RESTRAINT  =       220.8669
 EAMBER (non-restraint)  =    -94333.3905
 EKCMT  =      8538.3212  VIRIAL  =      8503.1953  VOLUME     =    306924.7610
                                                    Density    =         1.0034
 Ewald error estimate:   0.7572E-04
 ------------------------------------------------------------------------------


 NSTEP =    20500   TIME(PS) =      91.000  TEMP(K) =   300.75  PRESS =    70.2
 Etot   =    -75708.1039  EKtot   =     18540.8524  EPtot      =    -94248.9563
 BOND   =       364.7981  ANGLE   =       973.7974  DIHED      =      1587.4239
 1-4 NB =       480.7155  1-4 EEL =      4359.8757  VDWAALS    =     12502.1597
 EELEC  =   -114737.6837  EHBOND  =         0.0000  RESTRAINT  =       219.9572
 EAMBER (non-restraint)  =    -94468.9135
 EKCMT  =      8587.2622  VIRIAL  =      8120.6708  VOLUME     =    307686.4343
                                                    Density    =         1.0009
 Ewald error estimate:   0.1163E-03
 ------------------------------------------------------------------------------


 NSTEP =    21000   TIME(PS) =      92.000  TEMP(K) =   300.58  PRESS =   -46.1
 Etot   =    -75541.9734  EKtot   =     18530.9427  EPtot      =    -94072.9161
 BOND   =       409.3233  ANGLE   =       967.3989  DIHED      =      1634.6611
 1-4 NB =       478.9119  1-4 EEL =      4383.4407  VDWAALS    =     12004.8088
 EELEC  =   -114163.5936  EHBOND  =         0.0000  RESTRAINT  =       212.1327
 EAMBER (non-restraint)  =    -94285.0488
 EKCMT  =      8565.5686  VIRIAL  =      8871.5347  VOLUME     =    307419.0342
                                                    Density    =         1.0018
 Ewald error estimate:   0.2733E-05
 ------------------------------------------------------------------------------


 NSTEP =    21500   TIME(PS) =      93.000  TEMP(K) =   302.34  PRESS =   150.8
 Etot   =    -75454.1496  EKtot   =     18638.9449  EPtot      =    -94093.0945
 BOND   =       361.7010  ANGLE   =       970.2161  DIHED      =      1620.0229
 1-4 NB =       481.4679  1-4 EEL =      4384.4702  VDWAALS    =     12362.2159
 EELEC  =   -114487.9906  EHBOND  =         0.0000  RESTRAINT  =       214.8021
 EAMBER (non-restraint)  =    -94307.8966
 EKCMT  =      8551.4028  VIRIAL  =      7550.2908  VOLUME     =    307403.1698
                                                    Density    =         1.0019
 Ewald error estimate:   0.1340E-03
 ------------------------------------------------------------------------------


 NSTEP =    22000   TIME(PS) =      94.000  TEMP(K) =   298.90  PRESS =   -22.5
 Etot   =    -75574.6431  EKtot   =     18427.2613  EPtot      =    -94001.9043
 BOND   =       397.8067  ANGLE   =      1015.7479  DIHED      =      1620.6376
 1-4 NB =       460.5017  1-4 EEL =      4335.7605  VDWAALS    =     12118.8998
 EELEC  =   -114157.1592  EHBOND  =         0.0000  RESTRAINT  =       205.9007
 EAMBER (non-restraint)  =    -94207.8050
 EKCMT  =      8528.7430  VIRIAL  =      8678.3344  VOLUME     =    307998.5328
                                                    Density    =         0.9999
 Ewald error estimate:   0.1114E-03
 ------------------------------------------------------------------------------


 NSTEP =    22500   TIME(PS) =      95.000  TEMP(K) =   298.56  PRESS =    53.9
 Etot   =    -75589.1506  EKtot   =     18406.4195  EPtot      =    -93995.5701
 BOND   =       365.5234  ANGLE   =       988.0861  DIHED      =      1607.1489
 1-4 NB =       473.5530  1-4 EEL =      4372.2094  VDWAALS    =     12299.7446
 EELEC  =   -114333.3173  EHBOND  =         0.0000  RESTRAINT  =       231.4818
 EAMBER (non-restraint)  =    -94227.0519
 EKCMT  =      8519.7049  VIRIAL  =      8162.1490  VOLUME     =    307317.3596
                                                    Density    =         1.0021
 Ewald error estimate:   0.3067E-04
 ------------------------------------------------------------------------------


 NSTEP =    23000   TIME(PS) =      96.000  TEMP(K) =   299.44  PRESS =    -8.6
 Etot   =    -75784.6980  EKtot   =     18460.5251  EPtot      =    -94245.2231
 BOND   =       396.2692  ANGLE   =       958.1944  DIHED      =      1634.8275
 1-4 NB =       483.0408  1-4 EEL =      4375.2008  VDWAALS    =     12310.8242
 EELEC  =   -114627.6517  EHBOND  =         0.0000  RESTRAINT  =       224.0716
 EAMBER (non-restraint)  =    -94469.2948
 EKCMT  =      8415.6057  VIRIAL  =      8472.8016  VOLUME     =    307015.5235
                                                    Density    =         1.0031
 Ewald error estimate:   0.1166E-03
 ------------------------------------------------------------------------------


 NSTEP =    23500   TIME(PS) =      97.000  TEMP(K) =   302.20  PRESS =    49.1
 Etot   =    -75611.6466  EKtot   =     18630.2159  EPtot      =    -94241.8624
 BOND   =       362.8832  ANGLE   =       997.7397  DIHED      =      1594.7049
 1-4 NB =       489.0269  1-4 EEL =      4382.9292  VDWAALS    =     12200.0590
 EELEC  =   -114482.7304  EHBOND  =         0.0000  RESTRAINT  =       213.5251
 EAMBER (non-restraint)  =    -94455.3875
 EKCMT  =      8540.8682  VIRIAL  =      8215.8534  VOLUME     =    306653.1992
                                                    Density    =         1.0043
 Ewald error estimate:   0.6153E-05
 ------------------------------------------------------------------------------


 NSTEP =    24000   TIME(PS) =      98.000  TEMP(K) =   301.93  PRESS =   -70.8
 Etot   =    -75095.7756  EKtot   =     18613.7079  EPtot      =    -93709.4836
 BOND   =       388.8404  ANGLE   =       987.5353  DIHED      =      1610.2037
 1-4 NB =       487.7238  1-4 EEL =      4388.2370  VDWAALS    =     12220.4074
 EELEC  =   -114010.5972  EHBOND  =         0.0000  RESTRAINT  =       218.1661
 EAMBER (non-restraint)  =    -93927.6497
 EKCMT  =      8629.1523  VIRIAL  =      9098.9831  VOLUME     =    307477.5332
                                                    Density    =         1.0016
 Ewald error estimate:   0.4894E-04
 ------------------------------------------------------------------------------


 NSTEP =    24500   TIME(PS) =      99.000  TEMP(K) =   302.46  PRESS =   106.7
 Etot   =    -75312.7640  EKtot   =     18646.3092  EPtot      =    -93959.0732
 BOND   =       380.1153  ANGLE   =       970.2283  DIHED      =      1623.8928
 1-4 NB =       471.3815  1-4 EEL =      4380.3175  VDWAALS    =     12300.4073
 EELEC  =   -114304.8735  EHBOND  =         0.0000  RESTRAINT  =       219.4575
 EAMBER (non-restraint)  =    -94178.5308
 EKCMT  =      8606.9634  VIRIAL  =      7900.4658  VOLUME     =    306775.1470
                                                    Density    =         1.0039
 Ewald error estimate:   0.9391E-05
 ------------------------------------------------------------------------------


 NSTEP =    25000   TIME(PS) =     100.000  TEMP(K) =   300.17  PRESS =   -74.5
 Etot   =    -75668.1996  EKtot   =     18505.4581  EPtot      =    -94173.6578
 BOND   =       371.7088  ANGLE   =       986.9283  DIHED      =      1602.5918
 1-4 NB =       482.6337  1-4 EEL =      4337.7466  VDWAALS    =     11941.0991
 EELEC  =   -114123.0823  EHBOND  =         0.0000  RESTRAINT  =       226.7161
 EAMBER (non-restraint)  =    -94400.3738
 EKCMT  =      8540.3057  VIRIAL  =      9033.6277  VOLUME     =    306795.8646
                                                    Density    =         1.0038
 Ewald error estimate:   0.3707E-04
 ------------------------------------------------------------------------------


      A V E R A G E S   O V E R      50 S T E P S


 NSTEP =    25000   TIME(PS) =     100.000  TEMP(K) =   300.33  PRESS =   -62.8
 Etot   =    -75063.6245  EKtot   =     18515.3568  EPtot      =    -93578.9813
 BOND   =       382.4694  ANGLE   =       969.6400  DIHED      =      1611.1195
 1-4 NB =       478.5553  1-4 EEL =      4376.2125  VDWAALS    =     12217.5343
 EELEC  =   -113824.2257  EHBOND  =         0.0000  RESTRAINT  =       209.7134
 EAMBER (non-restraint)  =    -93788.6947
 EKCMT  =      8532.0765  VIRIAL  =      9015.4369  VOLUME     =    326187.1272
                                                    Density    =         0.9479
 Ewald error estimate:   0.5789E-04
 ------------------------------------------------------------------------------


      R M S  F L U C T U A T I O N S


 NSTEP =    25000   TIME(PS) =     100.000  TEMP(K) =     1.73  PRESS =   131.3
 Etot   =       623.2963  EKtot   =       106.3726  EPtot      =       606.6387
 BOND   =        16.7795  ANGLE   =        17.1694  DIHED      =        11.8483
 1-4 NB =         8.5661  1-4 EEL =        19.3689  VDWAALS    =       127.3793
 EELEC  =       668.0604  EHBOND  =         0.0000  RESTRAINT  =        12.8468
 EAMBER (non-restraint)  =       593.7919
 EKCMT  =        74.5967  VIRIAL  =       990.8132  VOLUME     =     21141.2977
                                                    Density    =         0.0581
 Ewald error estimate:   0.3916E-04
 ------------------------------------------------------------------------------

--------------------------------------------------------------------------------
   5.  TIMINGS
--------------------------------------------------------------------------------

|  NonSetup CPU Time in Major Routines, Average for All Tasks:
|
|     Routine           Sec        %
|     ------------------------------
|     DataDistrib      24.44   30.56
|     Nonbond          49.35   61.71
|     Bond              0.06    0.07
|     Angle             0.15    0.18
|     Dihedral          0.39    0.49
|     Shake             0.17    0.21
|     RunMD             5.30    6.63
|     Other             0.12    0.15
|     ------------------------------
|     Total            79.97

|  PME Nonbond Pairlist CPU Time, Average for All Tasks:
|
|     Routine              Sec        %
|     ---------------------------------
|     Set Up Cit           1.90    2.38
|     Build List           4.65    5.81
|     ---------------------------------
|     Total                6.55    8.19

|  PME Direct Force CPU Time, Average for All Tasks:
|
|     Routine              Sec        %
|     ---------------------------------
|     NonBonded Calc      22.88   28.61
|     Exclude Masked       0.64    0.80
|     Other                3.71    4.64
|     ---------------------------------
|     Total               27.23   34.05

|  PME Reciprocal Force CPU Time, Average for All Tasks:
|
|     Routine              Sec        %
|     ---------------------------------
|     1D bspline           1.43    1.79
|     Grid Charges         1.20    1.50
|     Scalar Sum           0.31    0.39
|     Gradient Sum         1.29    1.61
|     FFT                 11.17   13.97
|     ---------------------------------
|     Total               15.41   19.27

|  PME Load Balancing CPU Time, Average for All Tasks:
|
|     Routine                 Sec        %
|     ------------------------------------
|     Atom Reassign           0.02    0.03
|     Image Reassign          0.04    0.05
|     FFT Reassign            0.01    0.01
|     ------------------------------------
|     Total                   0.07    0.08

|  Final Performance Info:
|     -----------------------------------------------------
|     Average timings for last    5500 steps:
|     Elapsed(s) =      18.09 Per Step(ms) =       3.29
|         ns/day =      52.53   seconds/ns =    1644.82
|
|     Average timings for all steps:
|     Elapsed(s) =      81.52 Per Step(ms) =       3.26
|         ns/day =      52.99   seconds/ns =    1630.41
|     -----------------------------------------------------

|  Master Setup CPU time:            0.48 seconds
|  Master NonSetup CPU time:        79.98 seconds
|  Master Total CPU time:           80.45 seconds     0.02 hours

|  Master Setup wall time:           1    seconds
|  Master NonSetup wall time:       80    seconds
|  Master Total wall time:          81    seconds     0.02 hours
