
          -------------------------------------------------------
          Amber 16 PMEMD                              2016
          -------------------------------------------------------

| PMEMD implementation of SANDER, Release 16

| Run on 12/15/2017 at 03:32:30

|   Executable path: pmemd.MPI
| Working directory: /scratch/kfd233/final_project/CompChemFinal/min_mod_102/equ
|          Hostname: c07-04

  [-O]verwriting output

File Assignments:
|   MDIN: equil.in                                                              
|  MDOUT: equil.out                                                             
| INPCRD: density.rst                                                           
|   PARM: 5j0d_mod_sol.prmtop                                                   
| RESTRT: equil.rst                                                             
|   REFC: min_all.rst                                                           
|  MDVEL: mdvel                                                                 
|   MDEN: mden                                                                  
|  MDCRD: equil.mdcrd                                                           
| MDINFO: mdinfo                                                                
|LOGFILE: logfile                                                               
|  MDFRC: mdfrc                                                                 

 
 Here is the input file:
 
# Equil.in                                                                     
&cntrl                                                                         
imin = 0, irest = 1,ntx = 5, nstlim = 50000, dt = 0.002,                       
ntc = 2, ntf = 2,                                                              
cut = 10.0, ntb = 2, ntp = 1, taup=2.0,                                        
ntpr = 500, ntwx = 500,                                                        
ntt = 3, gamma_ln = 2.0,                                                       
temp0 = 300.0,                                                                 
ntr = 1, restraintmask = ':1-118',                                             
restraint_wt = 0.5,                                                            
ioutfm = 1,                                                                    
/                                                                              
                                                                               


Note: ig = -1. Setting random seed to   376434 based on wallclock time in
      microseconds and disabling the synchronization of random numbers 
      between tasks to improve performance.
 
 
| Conditional Compilation Defines Used:
| MPI
| PUBFFT
| BINTRAJ
| MKL
| EMIL
 
| Largest sphere to fit in unit cell has radius =    30.380

| New format PARM file being parsed.
| Version =    1.000 Date = 12/14/17 Time = 23:36:34

| Note: 1-4 EEL scale factors are being read from the topology file.

| Note: 1-4 VDW scale factors are being read from the topology file.
| Duplicated    0 dihedrals

| Duplicated    0 dihedrals

--------------------------------------------------------------------------------
   1.  RESOURCE   USE: 
--------------------------------------------------------------------------------

 getting box info from netcdf restart file
 NATOM  =   30513 NTYPES =      26 NBONH =   29492 MBONA  =    1051
 NTHETH =    2326 MTHETA =    1426 NPHIH =    4634 MPHIA  =    4385
 NHPARM =       0 NPARM  =       0 NNB   =   49308 NRES   =    9610
 NBONA  =    1051 NTHETA =    1426 NPHIA =    4385 NUMBND =      80
 NUMANG =     178 NPTRA  =     203 NATYP =      44 NPHB   =       1
 IFBOX  =       1 NMXRS  =      68 IFCAP =       0 NEXTRA =       0
 NCOPY  =       0

| Coordinate Index Table dimensions:    10   11   12
| Direct force subcell size =     6.0761    6.3618    6.0127

     BOX TYPE: RECTILINEAR

--------------------------------------------------------------------------------
   2.  CONTROL  DATA  FOR  THE  RUN
--------------------------------------------------------------------------------

default_name                                                                    

General flags:
     imin    =       0, nmropt  =       0

Nature and format of input:
     ntx     =       5, irest   =       1, ntrx    =       1

Nature and format of output:
     ntxo    =       2, ntpr    =     500, ntrx    =       1, ntwr    =   50000
     iwrap   =       0, ntwx    =     500, ntwv    =       0, ntwe    =       0
     ioutfm  =       1, ntwprt  =       0, idecomp =       0, rbornstat=      0

Potential function:
     ntf     =       2, ntb     =       2, igb     =       0, nsnb    =      25
     ipol    =       0, gbsa    =       0, iesp    =       0
     dielc   =   1.00000, cut     =  10.00000, intdiel =   1.00000

Frozen or restrained atoms:
     ibelly  =       0, ntr     =       1
     restraint_wt =   0.50000

Molecular dynamics:
     nstlim  =     50000, nscm    =         0, nrespa  =         1
     t       =   0.00000, dt      =   0.00200, vlimit  =  20.00000

Langevin dynamics temperature regulation:
     ig      =  376434
     temp0   = 300.00000, tempi   =   0.00000, gamma_ln=   2.00000

Pressure regulation:
     ntp     =       1
     pres0   =   1.00000, comp    =  44.60000, taup    =   2.00000

SHAKE:
     ntc     =       2, jfastw  =       0
     tol     =   0.00001

| Intermolecular bonds treatment:
|     no_intermolecular_bonds =       1

| Energy averages sample interval:
|     ene_avg_sampling =     500

Ewald parameters:
     verbose =       0, ew_type =       0, nbflag  =       1, use_pme =       1
     vdwmeth =       1, eedmeth =       1, netfrc  =       1
     Box X =   60.761   Box Y =   69.980   Box Z =   72.153
     Alpha =   90.000   Beta  =   90.000   Gamma =   90.000
     NFFT1 =   64       NFFT2 =   72       NFFT3 =   75
     Cutoff=   10.000   Tol   =0.100E-04
     Ewald Coefficient =  0.27511
     Interpolation order =    4

| PMEMD ewald parallel performance parameters:
|     block_fft =    1
|     fft_blk_y_divisor =    4
|     excl_recip =    0
|     excl_master =    0
|     atm_redist_freq =  320

    LOADING THE CONSTRAINED ATOMS AS GROUPS


   5.  REFERENCE ATOM COORDINATES

  default_name                                                                    
     Mask :1-118; matches  2037 atoms

--------------------------------------------------------------------------------
   3.  ATOMIC COORDINATES AND VELOCITIES
--------------------------------------------------------------------------------

default_name                                                                    
 begin time read from input coords =   100.000 ps

 
 Number of triangulated 3-point waters found:     9492

     Sum of charges from parm topology file =   0.00400194
     Forcing neutrality...

| Dynamic Memory, Types Used:
| Reals             1831448
| Integers          1219260

| Nonbonded Pairs Initial Allocation:      284642

| Running AMBER/MPI version on   84 MPI task

 
--------------------------------------------------------------------------------
   4.  RESULTS
--------------------------------------------------------------------------------

 ---------------------------------------------------
 APPROXIMATING switch and d/dx switch using CUBIC SPLINE INTERPOLATION
 using   5000.0 points per unit in tabled values
 TESTING RELATIVE ERROR over r ranging from 0.0 to cutoff
| CHECK switch(x): max rel err =   0.3316E-14   at   2.351880
| CHECK d/dx switch(x): max rel err =   0.8066E-11   at   2.747240
 ---------------------------------------------------
|---------------------------------------------------
| APPROXIMATING direct energy using CUBIC SPLINE INTERPOLATION
|  with   50.0 points per unit in tabled values
| Relative Error Limit not exceeded for r .gt.   2.34
| APPROXIMATING direct force using CUBIC SPLINE INTERPOLATION
|  with   50.0 points per unit in tabled values
| Relative Error Limit not exceeded for r .gt.   2.81
|---------------------------------------------------

 NSTEP =      500   TIME(PS) =     101.000  TEMP(K) =   322.57  PRESS =   -15.5
 Etot   =    -71837.7163  EKtot   =     19886.1211  EPtot      =    -91723.8374
 BOND   =       423.9665  ANGLE   =      1031.1066  DIHED      =      1673.5821
 1-4 NB =       488.0272  1-4 EEL =      4351.3586  VDWAALS    =     11872.6951
 EELEC  =   -112012.9413  EHBOND  =         0.0000  RESTRAINT  =       448.3678
 EAMBER (non-restraint)  =    -92172.2052
 EKCMT  =      9296.4353  VIRIAL  =      9401.0841  VOLUME     =    313366.3460
                                                    Density    =         0.9828
 Ewald error estimate:   0.1413E-03
 ------------------------------------------------------------------------------


 NSTEP =     1000   TIME(PS) =     102.000  TEMP(K) =   303.25  PRESS =  -286.4
 Etot   =    -74769.3679  EKtot   =     18694.9944  EPtot      =    -93464.3623
 BOND   =       376.7356  ANGLE   =       987.3787  DIHED      =      1634.3841
 1-4 NB =       486.5924  1-4 EEL =      4362.7968  VDWAALS    =     11950.0668
 EELEC  =   -113400.8600  EHBOND  =         0.0000  RESTRAINT  =       138.5432
 EAMBER (non-restraint)  =    -93602.9055
 EKCMT  =      8619.0014  VIRIAL  =     10551.3120  VOLUME     =    312479.0691
                                                    Density    =         0.9856
 Ewald error estimate:   0.3616E-04
 ------------------------------------------------------------------------------


 NSTEP =     1500   TIME(PS) =     103.000  TEMP(K) =   299.60  PRESS =  -185.2
 Etot   =    -75337.4601  EKtot   =     18470.2011  EPtot      =    -93807.6612
 BOND   =       400.3134  ANGLE   =       983.8845  DIHED      =      1634.7476
 1-4 NB =       472.7447  1-4 EEL =      4377.4064  VDWAALS    =     12203.8195
 EELEC  =   -114027.4369  EHBOND  =         0.0000  RESTRAINT  =       146.8597
 EAMBER (non-restraint)  =    -93954.5209
 EKCMT  =      8438.0299  VIRIAL  =      9679.9539  VOLUME     =    310654.3885
                                                    Density    =         0.9914
 Ewald error estimate:   0.1347E-03
 ------------------------------------------------------------------------------


 NSTEP =     2000   TIME(PS) =     104.000  TEMP(K) =   300.33  PRESS =  -229.4
 Etot   =    -75375.1350  EKtot   =     18515.4035  EPtot      =    -93890.5385
 BOND   =       372.9545  ANGLE   =       973.4057  DIHED      =      1623.1277
 1-4 NB =       471.2506  1-4 EEL =      4342.2949  VDWAALS    =     12131.8264
 EELEC  =   -113935.4140  EHBOND  =         0.0000  RESTRAINT  =       130.0157
 EAMBER (non-restraint)  =    -94020.5542
 EKCMT  =      8553.3327  VIRIAL  =     10086.2710  VOLUME     =    309428.0433
                                                    Density    =         0.9953
 Ewald error estimate:   0.4688E-04
 ------------------------------------------------------------------------------


 NSTEP =     2500   TIME(PS) =     105.000  TEMP(K) =   301.59  PRESS =   -27.9
 Etot   =    -75489.5303  EKtot   =     18592.6594  EPtot      =    -94082.1897
 BOND   =       371.3495  ANGLE   =       964.7971  DIHED      =      1614.1089
 1-4 NB =       484.7883  1-4 EEL =      4355.3426  VDWAALS    =     12098.3815
 EELEC  =   -114099.0563  EHBOND  =         0.0000  RESTRAINT  =       128.0986
 EAMBER (non-restraint)  =    -94210.2883
 EKCMT  =      8521.9498  VIRIAL  =      8708.1741  VOLUME     =    308770.9811
                                                    Density    =         0.9974
 Ewald error estimate:   0.6606E-04
 ------------------------------------------------------------------------------


 NSTEP =     3000   TIME(PS) =     106.000  TEMP(K) =   300.23  PRESS =  -179.8
 Etot   =    -75821.4149  EKtot   =     18509.2575  EPtot      =    -94330.6724
 BOND   =       346.8323  ANGLE   =      1002.5639  DIHED      =      1647.2744
 1-4 NB =       480.9065  1-4 EEL =      4360.7057  VDWAALS    =     12137.4969
 EELEC  =   -114436.1289  EHBOND  =         0.0000  RESTRAINT  =       129.6768
 EAMBER (non-restraint)  =    -94460.3493
 EKCMT  =      8413.3131  VIRIAL  =      9609.4158  VOLUME     =    308119.0893
                                                    Density    =         0.9995
 Ewald error estimate:   0.9471E-04
 ------------------------------------------------------------------------------


 NSTEP =     3500   TIME(PS) =     107.000  TEMP(K) =   301.39  PRESS =   -70.7
 Etot   =    -75713.1221  EKtot   =     18580.7981  EPtot      =    -94293.9202
 BOND   =       383.6863  ANGLE   =       974.1406  DIHED      =      1606.0070
 1-4 NB =       487.1096  1-4 EEL =      4416.1850  VDWAALS    =     12127.4535
 EELEC  =   -114415.8507  EHBOND  =         0.0000  RESTRAINT  =       127.3485
 EAMBER (non-restraint)  =    -94421.2687
 EKCMT  =      8554.6541  VIRIAL  =      9024.2212  VOLUME     =    307751.1499
                                                    Density    =         1.0007
 Ewald error estimate:   0.8678E-04
 ------------------------------------------------------------------------------


 NSTEP =     4000   TIME(PS) =     108.000  TEMP(K) =   300.30  PRESS =   -71.7
 Etot   =    -75824.8263  EKtot   =     18513.2804  EPtot      =    -94338.1067
 BOND   =       397.9476  ANGLE   =       968.7082  DIHED      =      1647.4450
 1-4 NB =       471.6069  1-4 EEL =      4355.2761  VDWAALS    =     12257.3599
 EELEC  =   -114567.3190  EHBOND  =         0.0000  RESTRAINT  =       130.8685
 EAMBER (non-restraint)  =    -94468.9752
 EKCMT  =      8460.3325  VIRIAL  =      8935.0938  VOLUME     =    306723.9197
                                                    Density    =         1.0041
 Ewald error estimate:   0.1574E-03
 ------------------------------------------------------------------------------


 NSTEP =     4500   TIME(PS) =     109.000  TEMP(K) =   301.47  PRESS =   102.5
 Etot   =    -75767.2838  EKtot   =     18585.7617  EPtot      =    -94353.0455
 BOND   =       367.3235  ANGLE   =       964.9642  DIHED      =      1636.5444
 1-4 NB =       479.4450  1-4 EEL =      4379.8210  VDWAALS    =     12278.0351
 EELEC  =   -114578.5483  EHBOND  =         0.0000  RESTRAINT  =       119.3695
 EAMBER (non-restraint)  =    -94472.4150
 EKCMT  =      8519.6521  VIRIAL  =      7841.4573  VOLUME     =    306484.5352
                                                    Density    =         1.0049
 Ewald error estimate:   0.1162E-04
 ------------------------------------------------------------------------------


 NSTEP =     5000   TIME(PS) =     110.000  TEMP(K) =   302.16  PRESS =   148.8
 Etot   =    -75761.8864  EKtot   =     18627.8123  EPtot      =    -94389.6987
 BOND   =       380.5341  ANGLE   =       997.1516  DIHED      =      1666.5404
 1-4 NB =       472.3394  1-4 EEL =      4358.3607  VDWAALS    =     12517.1625
 EELEC  =   -114900.0762  EHBOND  =         0.0000  RESTRAINT  =       118.2888
 EAMBER (non-restraint)  =    -94507.9875
 EKCMT  =      8468.9860  VIRIAL  =      7484.9064  VOLUME     =    306244.1782
                                                    Density    =         1.0057
 Ewald error estimate:   0.6050E-04
 ------------------------------------------------------------------------------


 NSTEP =     5500   TIME(PS) =     111.000  TEMP(K) =   301.08  PRESS =   126.7
 Etot   =    -75830.1820  EKtot   =     18561.5708  EPtot      =    -94391.7528
 BOND   =       408.0741  ANGLE   =       984.5194  DIHED      =      1619.9979
 1-4 NB =       479.7379  1-4 EEL =      4384.2478  VDWAALS    =     12390.1886
 EELEC  =   -114782.7886  EHBOND  =         0.0000  RESTRAINT  =       124.2699
 EAMBER (non-restraint)  =    -94516.0228
 EKCMT  =      8558.1557  VIRIAL  =      7720.2344  VOLUME     =    306236.9647
                                                    Density    =         1.0057
 Ewald error estimate:   0.1094E-03
 ------------------------------------------------------------------------------


 NSTEP =     6000   TIME(PS) =     112.000  TEMP(K) =   300.60  PRESS =   182.8
 Etot   =    -75553.1700  EKtot   =     18531.6679  EPtot      =    -94084.8379
 BOND   =       430.2486  ANGLE   =      1014.6947  DIHED      =      1619.5162
 1-4 NB =       462.6242  1-4 EEL =      4324.1842  VDWAALS    =     12325.4547
 EELEC  =   -114381.1884  EHBOND  =         0.0000  RESTRAINT  =       119.6279
 EAMBER (non-restraint)  =    -94204.4658
 EKCMT  =      8556.0268  VIRIAL  =      7345.8075  VOLUME     =    306630.2048
                                                    Density    =         1.0044
 Ewald error estimate:   0.1678E-03
 ------------------------------------------------------------------------------


 NSTEP =     6500   TIME(PS) =     113.000  TEMP(K) =   304.44  PRESS =   177.0
 Etot   =    -75641.7709  EKtot   =     18768.6509  EPtot      =    -94410.4217
 BOND   =       377.2672  ANGLE   =       982.6336  DIHED      =      1605.6768
 1-4 NB =       478.8897  1-4 EEL =      4345.1299  VDWAALS    =     12416.8623
 EELEC  =   -114736.9297  EHBOND  =         0.0000  RESTRAINT  =       120.0485
 EAMBER (non-restraint)  =    -94530.4702
 EKCMT  =      8713.2112  VIRIAL  =      7541.6565  VOLUME     =    306570.1889
                                                    Density    =         1.0046
 Ewald error estimate:   0.1206E-03
 ------------------------------------------------------------------------------


 NSTEP =     7000   TIME(PS) =     114.000  TEMP(K) =   300.86  PRESS =    49.7
 Etot   =    -75743.5243  EKtot   =     18547.7734  EPtot      =    -94291.2977
 BOND   =       367.6277  ANGLE   =      1005.5736  DIHED      =      1622.5388
 1-4 NB =       475.6542  1-4 EEL =      4359.1404  VDWAALS    =     12323.2714
 EELEC  =   -114577.2687  EHBOND  =         0.0000  RESTRAINT  =       132.1647
 EAMBER (non-restraint)  =    -94423.4624
 EKCMT  =      8603.8880  VIRIAL  =      8274.9062  VOLUME     =    306682.5405
                                                    Density    =         1.0042
 Ewald error estimate:   0.4293E-04
 ------------------------------------------------------------------------------


 NSTEP =     7500   TIME(PS) =     115.000  TEMP(K) =   301.05  PRESS =   211.6
 Etot   =    -75890.8161  EKtot   =     18559.7716  EPtot      =    -94450.5877
 BOND   =       395.0212  ANGLE   =       970.1687  DIHED      =      1599.0327
 1-4 NB =       478.6991  1-4 EEL =      4390.8695  VDWAALS    =     12439.5193
 EELEC  =   -114840.5602  EHBOND  =         0.0000  RESTRAINT  =       116.6620
 EAMBER (non-restraint)  =    -94567.2498
 EKCMT  =      8649.3440  VIRIAL  =      7248.9083  VOLUME     =    306477.3063
                                                    Density    =         1.0049
 Ewald error estimate:   0.1381E-03
 ------------------------------------------------------------------------------


 NSTEP =     8000   TIME(PS) =     116.000  TEMP(K) =   303.24  PRESS =     6.9
 Etot   =    -75239.0194  EKtot   =     18694.4916  EPtot      =    -93933.5110
 BOND   =       381.4176  ANGLE   =       974.4656  DIHED      =      1637.6364
 1-4 NB =       477.9519  1-4 EEL =      4353.4072  VDWAALS    =     12186.7316
 EELEC  =   -114070.7129  EHBOND  =         0.0000  RESTRAINT  =       125.5915
 EAMBER (non-restraint)  =    -94059.1025
 EKCMT  =      8489.6316  VIRIAL  =      8444.0603  VOLUME     =    306658.9152
                                                    Density    =         1.0043
 Ewald error estimate:   0.2451E-04
 ------------------------------------------------------------------------------


 NSTEP =     8500   TIME(PS) =     117.000  TEMP(K) =   300.46  PRESS =   -91.1
 Etot   =    -75685.9068  EKtot   =     18523.5273  EPtot      =    -94209.4341
 BOND   =       388.5160  ANGLE   =      1004.6550  DIHED      =      1625.5406
 1-4 NB =       467.5387  1-4 EEL =      4348.8311  VDWAALS    =     12055.2521
 EELEC  =   -114222.8017  EHBOND  =         0.0000  RESTRAINT  =       123.0340
 EAMBER (non-restraint)  =    -94332.4681
 EKCMT  =      8503.1496  VIRIAL  =      9106.2417  VOLUME     =    306483.0624
                                                    Density    =         1.0049
 Ewald error estimate:   0.1179E-04
 ------------------------------------------------------------------------------


 NSTEP =     9000   TIME(PS) =     118.000  TEMP(K) =   299.85  PRESS =  -246.2
 Etot   =    -75792.3611  EKtot   =     18485.9306  EPtot      =    -94278.2916
 BOND   =       399.2886  ANGLE   =      1011.9390  DIHED      =      1633.1199
 1-4 NB =       491.2341  1-4 EEL =      4403.2934  VDWAALS    =     12052.0612
 EELEC  =   -114387.8811  EHBOND  =         0.0000  RESTRAINT  =       118.6533
 EAMBER (non-restraint)  =    -94396.9449
 EKCMT  =      8586.6996  VIRIAL  =     10213.3142  VOLUME     =    305958.7109
                                                    Density    =         1.0066
 Ewald error estimate:   0.7639E-04
 ------------------------------------------------------------------------------


 NSTEP =     9500   TIME(PS) =     119.000  TEMP(K) =   300.78  PRESS =    71.8
 Etot   =    -75700.6802  EKtot   =     18543.2638  EPtot      =    -94243.9440
 BOND   =       391.4453  ANGLE   =      1007.9070  DIHED      =      1626.3211
 1-4 NB =       467.2857  1-4 EEL =      4344.4232  VDWAALS    =     12150.3347
 EELEC  =   -114360.9135  EHBOND  =         0.0000  RESTRAINT  =       129.2525
 EAMBER (non-restraint)  =    -94373.1966
 EKCMT  =      8575.6548  VIRIAL  =      8101.3130  VOLUME     =    306105.4401
                                                    Density    =         1.0061
 Ewald error estimate:   0.1024E-03
 ------------------------------------------------------------------------------


 NSTEP =    10000   TIME(PS) =     120.000  TEMP(K) =   297.45  PRESS =    74.5
 Etot   =    -75920.9711  EKtot   =     18337.4619  EPtot      =    -94258.4331
 BOND   =       383.2069  ANGLE   =       988.3239  DIHED      =      1631.8320
 1-4 NB =       481.7666  1-4 EEL =      4352.6757  VDWAALS    =     12430.5748
 EELEC  =   -114642.1461  EHBOND  =         0.0000  RESTRAINT  =       115.3331
 EAMBER (non-restraint)  =    -94373.7661
 EKCMT  =      8461.1163  VIRIAL  =      7967.4531  VOLUME     =    306725.2816
                                                    Density    =         1.0041
 Ewald error estimate:   0.4069E-04
 ------------------------------------------------------------------------------


 NSTEP =    10500   TIME(PS) =     121.000  TEMP(K) =   300.02  PRESS =    28.8
 Etot   =    -75915.2652  EKtot   =     18496.3409  EPtot      =    -94411.6061
 BOND   =       380.6217  ANGLE   =       983.3327  DIHED      =      1608.0225
 1-4 NB =       484.8086  1-4 EEL =      4395.5187  VDWAALS    =     12339.4146
 EELEC  =   -114727.4705  EHBOND  =         0.0000  RESTRAINT  =       124.1458
 EAMBER (non-restraint)  =    -94535.7518
 EKCMT  =      8523.9877  VIRIAL  =      8332.8380  VOLUME     =    307068.8767
                                                    Density    =         1.0030
 Ewald error estimate:   0.7517E-05
 ------------------------------------------------------------------------------


 NSTEP =    11000   TIME(PS) =     122.000  TEMP(K) =   299.85  PRESS =  -183.8
 Etot   =    -75803.2690  EKtot   =     18485.7182  EPtot      =    -94288.9872
 BOND   =       379.5252  ANGLE   =      1005.1462  DIHED      =      1624.9594
 1-4 NB =       476.6935  1-4 EEL =      4376.0150  VDWAALS    =     11990.0338
 EELEC  =   -114270.4482  EHBOND  =         0.0000  RESTRAINT  =       129.0880
 EAMBER (non-restraint)  =    -94418.0751
 EKCMT  =      8547.3237  VIRIAL  =      9763.3777  VOLUME     =    306345.5760
                                                    Density    =         1.0053
 Ewald error estimate:   0.5101E-04
 ------------------------------------------------------------------------------


 NSTEP =    11500   TIME(PS) =     123.000  TEMP(K) =   301.21  PRESS =   289.1
 Etot   =    -75940.8974  EKtot   =     18569.2671  EPtot      =    -94510.1645
 BOND   =       376.7208  ANGLE   =       992.8401  DIHED      =      1618.8288
 1-4 NB =       468.4779  1-4 EEL =      4378.9235  VDWAALS    =     12421.5265
 EELEC  =   -114889.4097  EHBOND  =         0.0000  RESTRAINT  =       121.9275
 EAMBER (non-restraint)  =    -94632.0920
 EKCMT  =      8586.3977  VIRIAL  =      6676.6751  VOLUME     =    305986.6080
                                                    Density    =         1.0065
 Ewald error estimate:   0.2382E-04
 ------------------------------------------------------------------------------


 NSTEP =    12000   TIME(PS) =     124.000  TEMP(K) =   297.71  PRESS =    30.5
 Etot   =    -76098.4951  EKtot   =     18353.6430  EPtot      =    -94452.1381
 BOND   =       361.9050  ANGLE   =       990.6705  DIHED      =      1604.0095
 1-4 NB =       480.3235  1-4 EEL =      4365.9485  VDWAALS    =     12484.0222
 EELEC  =   -114870.7747  EHBOND  =         0.0000  RESTRAINT  =       131.7574
 EAMBER (non-restraint)  =    -94583.8956
 EKCMT  =      8497.8348  VIRIAL  =      8296.4499  VOLUME     =    306096.8031
                                                    Density    =         1.0061
 Ewald error estimate:   0.6026E-04
 ------------------------------------------------------------------------------


 NSTEP =    12500   TIME(PS) =     125.000  TEMP(K) =   301.45  PRESS =    96.4
 Etot   =    -75833.0409  EKtot   =     18584.1664  EPtot      =    -94417.2073
 BOND   =       381.3481  ANGLE   =      1037.0745  DIHED      =      1617.5399
 1-4 NB =       475.3266  1-4 EEL =      4338.1223  VDWAALS    =     12340.4992
 EELEC  =   -114719.3611  EHBOND  =         0.0000  RESTRAINT  =       112.2432
 EAMBER (non-restraint)  =    -94529.4504
 EKCMT  =      8561.4950  VIRIAL  =      7923.7596  VOLUME     =    306489.1013
                                                    Density    =         1.0049
 Ewald error estimate:   0.1847E-04
 ------------------------------------------------------------------------------


 NSTEP =    13000   TIME(PS) =     126.000  TEMP(K) =   298.80  PRESS =     7.9
 Etot   =    -75734.2876  EKtot   =     18421.0771  EPtot      =    -94155.3648
 BOND   =       399.3077  ANGLE   =      1004.1639  DIHED      =      1620.5545
 1-4 NB =       490.5096  1-4 EEL =      4363.3957  VDWAALS    =     12211.2918
 EELEC  =   -114375.1206  EHBOND  =         0.0000  RESTRAINT  =       130.5327
 EAMBER (non-restraint)  =    -94285.8974
 EKCMT  =      8456.5891  VIRIAL  =      8404.6049  VOLUME     =    306258.3906
                                                    Density    =         1.0056
 Ewald error estimate:   0.7365E-04
 ------------------------------------------------------------------------------


 NSTEP =    13500   TIME(PS) =     127.000  TEMP(K) =   297.60  PRESS =    54.8
 Etot   =    -75943.5122  EKtot   =     18346.9040  EPtot      =    -94290.4162
 BOND   =       379.6061  ANGLE   =       953.5197  DIHED      =      1629.9614
 1-4 NB =       482.5457  1-4 EEL =      4347.8880  VDWAALS    =     12389.6555
 EELEC  =   -114599.4235  EHBOND  =         0.0000  RESTRAINT  =       125.8309
 EAMBER (non-restraint)  =    -94416.2471
 EKCMT  =      8377.6645  VIRIAL  =      8015.5978  VOLUME     =    306066.6610
                                                    Density    =         1.0062
 Ewald error estimate:   0.1047E-03
 ------------------------------------------------------------------------------


 NSTEP =    14000   TIME(PS) =     128.000  TEMP(K) =   300.31  PRESS =   260.3
 Etot   =    -75905.4721  EKtot   =     18513.7140  EPtot      =    -94419.1861
 BOND   =       409.4982  ANGLE   =       965.4564  DIHED      =      1616.5689
 1-4 NB =       474.3458  1-4 EEL =      4366.0500  VDWAALS    =     12566.0235
 EELEC  =   -114940.0202  EHBOND  =         0.0000  RESTRAINT  =       122.8913
 EAMBER (non-restraint)  =    -94542.0774
 EKCMT  =      8558.5585  VIRIAL  =      6839.2216  VOLUME     =    305894.6326
                                                    Density    =         1.0068
 Ewald error estimate:   0.4487E-04
 ------------------------------------------------------------------------------


 NSTEP =    14500   TIME(PS) =     129.000  TEMP(K) =   298.60  PRESS =   -82.4
 Etot   =    -75942.3757  EKtot   =     18408.8092  EPtot      =    -94351.1849
 BOND   =       375.8120  ANGLE   =       974.7872  DIHED      =      1629.9554
 1-4 NB =       473.2242  1-4 EEL =      4390.6663  VDWAALS    =     12524.7408
 EELEC  =   -114844.1512  EHBOND  =         0.0000  RESTRAINT  =       123.7804
 EAMBER (non-restraint)  =    -94474.9653
 EKCMT  =      8496.0718  VIRIAL  =      9040.4259  VOLUME     =    306055.3114
                                                    Density    =         1.0063
 Ewald error estimate:   0.2780E-04
 ------------------------------------------------------------------------------


 NSTEP =    15000   TIME(PS) =     130.000  TEMP(K) =   299.70  PRESS =   249.1
 Etot   =    -75978.5265  EKtot   =     18476.2183  EPtot      =    -94454.7448
 BOND   =       364.3783  ANGLE   =       969.7456  DIHED      =      1614.5545
 1-4 NB =       462.1749  1-4 EEL =      4349.3704  VDWAALS    =     12464.5723
 EELEC  =   -114801.5852  EHBOND  =         0.0000  RESTRAINT  =       122.0444
 EAMBER (non-restraint)  =    -94576.7892
 EKCMT  =      8522.1934  VIRIAL  =      6876.7825  VOLUME     =    305914.0611
                                                    Density    =         1.0067
 Ewald error estimate:   0.3220E-04
 ------------------------------------------------------------------------------


 NSTEP =    15500   TIME(PS) =     131.000  TEMP(K) =   300.94  PRESS =   182.0
 Etot   =    -75743.1230  EKtot   =     18552.9603  EPtot      =    -94296.0833
 BOND   =       401.7095  ANGLE   =      1002.4172  DIHED      =      1602.0487
 1-4 NB =       480.1303  1-4 EEL =      4355.8059  VDWAALS    =     12407.7662
 EELEC  =   -114671.6965  EHBOND  =         0.0000  RESTRAINT  =       125.7354
 EAMBER (non-restraint)  =    -94421.8188
 EKCMT  =      8435.5305  VIRIAL  =      7233.5288  VOLUME     =    305859.9559
                                                    Density    =         1.0069
 Ewald error estimate:   0.1292E-04
 ------------------------------------------------------------------------------


 NSTEP =    16000   TIME(PS) =     132.000  TEMP(K) =   298.80  PRESS =    77.1
 Etot   =    -75882.8396  EKtot   =     18421.1550  EPtot      =    -94303.9946
 BOND   =       394.6206  ANGLE   =      1026.9011  DIHED      =      1627.6195
 1-4 NB =       466.3211  1-4 EEL =      4354.8313  VDWAALS    =     12360.5033
 EELEC  =   -114667.3410  EHBOND  =         0.0000  RESTRAINT  =       132.5496
 EAMBER (non-restraint)  =    -94436.5441
 EKCMT  =      8555.0348  VIRIAL  =      8045.8096  VOLUME     =    306013.7097
                                                    Density    =         1.0064
 Ewald error estimate:   0.1526E-04
 ------------------------------------------------------------------------------


 NSTEP =    16500   TIME(PS) =     133.000  TEMP(K) =   298.46  PRESS =  -102.6
 Etot   =    -75914.4294  EKtot   =     18399.9892  EPtot      =    -94314.4186
 BOND   =       376.6802  ANGLE   =       974.2645  DIHED      =      1633.2730
 1-4 NB =       486.0017  1-4 EEL =      4373.2357  VDWAALS    =     12013.2234
 EELEC  =   -114304.5851  EHBOND  =         0.0000  RESTRAINT  =       133.4880
 EAMBER (non-restraint)  =    -94447.9066
 EKCMT  =      8471.8998  VIRIAL  =      9148.6357  VOLUME     =    305552.4139
                                                    Density    =         1.0079
 Ewald error estimate:   0.1585E-03
 ------------------------------------------------------------------------------


 NSTEP =    17000   TIME(PS) =     134.000  TEMP(K) =   299.95  PRESS =   143.6
 Etot   =    -75766.8941  EKtot   =     18491.5966  EPtot      =    -94258.4907
 BOND   =       418.7145  ANGLE   =      1004.2476  DIHED      =      1620.5067
 1-4 NB =       470.7705  1-4 EEL =      4330.2654  VDWAALS    =     12176.4472
 EELEC  =   -114410.6624  EHBOND  =         0.0000  RESTRAINT  =       131.2198
 EAMBER (non-restraint)  =    -94389.7105
 EKCMT  =      8533.1699  VIRIAL  =      7585.9397  VOLUME     =    305481.6309
                                                    Density    =         1.0082
 Ewald error estimate:   0.1156E-03
 ------------------------------------------------------------------------------


 NSTEP =    17500   TIME(PS) =     135.000  TEMP(K) =   299.61  PRESS =    63.3
 Etot   =    -75842.1046  EKtot   =     18470.9150  EPtot      =    -94313.0196
 BOND   =       381.9181  ANGLE   =       974.3650  DIHED      =      1626.5106
 1-4 NB =       481.1432  1-4 EEL =      4401.4094  VDWAALS    =     12276.1563
 EELEC  =   -114581.1285  EHBOND  =         0.0000  RESTRAINT  =       126.6062
 EAMBER (non-restraint)  =    -94439.6258
 EKCMT  =      8515.1189  VIRIAL  =      8097.3865  VOLUME     =    305481.6413
                                                    Density    =         1.0082
 Ewald error estimate:   0.2072E-03
 ------------------------------------------------------------------------------


 NSTEP =    18000   TIME(PS) =     136.000  TEMP(K) =   297.53  PRESS =   -42.5
 Etot   =    -75918.1587  EKtot   =     18342.8914  EPtot      =    -94261.0501
 BOND   =       395.7984  ANGLE   =       962.5715  DIHED      =      1621.1788
 1-4 NB =       474.2612  1-4 EEL =      4374.4189  VDWAALS    =     12004.2002
 EELEC  =   -114229.2529  EHBOND  =         0.0000  RESTRAINT  =       135.7737
 EAMBER (non-restraint)  =    -94396.8239
 EKCMT  =      8410.4998  VIRIAL  =      8691.3035  VOLUME     =    305867.0487
                                                    Density    =         1.0069
 Ewald error estimate:   0.8388E-04
 ------------------------------------------------------------------------------


 NSTEP =    18500   TIME(PS) =     137.000  TEMP(K) =   300.21  PRESS =   -55.3
 Etot   =    -75870.2248  EKtot   =     18508.0217  EPtot      =    -94378.2465
 BOND   =       387.6625  ANGLE   =      1022.5897  DIHED      =      1620.9115
 1-4 NB =       488.7445  1-4 EEL =      4385.0813  VDWAALS    =     12364.4451
 EELEC  =   -114774.7684  EHBOND  =         0.0000  RESTRAINT  =       127.0872
 EAMBER (non-restraint)  =    -94505.3337
 EKCMT  =      8525.8731  VIRIAL  =      8890.8497  VOLUME     =    305931.0245
                                                    Density    =         1.0067
 Ewald error estimate:   0.8321E-04
 ------------------------------------------------------------------------------


 NSTEP =    19000   TIME(PS) =     138.000  TEMP(K) =   298.67  PRESS =   -70.4
 Etot   =    -75813.4955  EKtot   =     18413.1249  EPtot      =    -94226.6204
 BOND   =       376.3306  ANGLE   =       974.0403  DIHED      =      1628.3468
 1-4 NB =       490.5214  1-4 EEL =      4348.6727  VDWAALS    =     12289.3644
 EELEC  =   -114464.5475  EHBOND  =         0.0000  RESTRAINT  =       130.6510
 EAMBER (non-restraint)  =    -94357.2714
 EKCMT  =      8510.3238  VIRIAL  =      8975.0481  VOLUME     =    305852.9160
                                                    Density    =         1.0069
 Ewald error estimate:   0.1647E-04
 ------------------------------------------------------------------------------


 NSTEP =    19500   TIME(PS) =     139.000  TEMP(K) =   297.68  PRESS =   197.5
 Etot   =    -76200.5262  EKtot   =     18351.8055  EPtot      =    -94552.3316
 BOND   =       381.1298  ANGLE   =      1005.1385  DIHED      =      1632.8088
 1-4 NB =       484.7811  1-4 EEL =      4373.7463  VDWAALS    =     12444.1474
 EELEC  =   -115015.7676  EHBOND  =         0.0000  RESTRAINT  =       141.6840
 EAMBER (non-restraint)  =    -94694.0157
 EKCMT  =      8534.9318  VIRIAL  =      7230.8198  VOLUME     =    305824.8459
                                                    Density    =         1.0070
 Ewald error estimate:   0.4799E-05
 ------------------------------------------------------------------------------


 NSTEP =    20000   TIME(PS) =     140.000  TEMP(K) =   299.25  PRESS =    70.5
 Etot   =    -75860.9693  EKtot   =     18448.7178  EPtot      =    -94309.6872
 BOND   =       379.4353  ANGLE   =      1026.5900  DIHED      =      1619.8037
 1-4 NB =       474.5517  1-4 EEL =      4391.9188  VDWAALS    =     12238.6938
 EELEC  =   -114564.7974  EHBOND  =         0.0000  RESTRAINT  =       124.1168
 EAMBER (non-restraint)  =    -94433.8040
 EKCMT  =      8480.3624  VIRIAL  =      8015.2398  VOLUME     =    305389.7808
                                                    Density    =         1.0085
 Ewald error estimate:   0.1955E-04
 ------------------------------------------------------------------------------


 NSTEP =    20500   TIME(PS) =     141.000  TEMP(K) =   299.55  PRESS =   296.5
 Etot   =    -75822.3482  EKtot   =     18466.9841  EPtot      =    -94289.3322
 BOND   =       353.3970  ANGLE   =      1032.5613  DIHED      =      1626.7844
 1-4 NB =       469.2416  1-4 EEL =      4331.7389  VDWAALS    =     12323.3513
 EELEC  =   -114546.3405  EHBOND  =         0.0000  RESTRAINT  =       119.9338
 EAMBER (non-restraint)  =    -94409.2660
 EKCMT  =      8531.9198  VIRIAL  =      6576.7120  VOLUME     =    305439.7355
                                                    Density    =         1.0083
 Ewald error estimate:   0.6484E-04
 ------------------------------------------------------------------------------


 NSTEP =    21000   TIME(PS) =     142.000  TEMP(K) =   298.31  PRESS =   -76.8
 Etot   =    -76172.1612  EKtot   =     18390.5074  EPtot      =    -94562.6686
 BOND   =       366.2490  ANGLE   =       969.4753  DIHED      =      1628.0668
 1-4 NB =       472.9791  1-4 EEL =      4403.0800  VDWAALS    =     12091.1165
 EELEC  =   -114629.0416  EHBOND  =         0.0000  RESTRAINT  =       135.4064
 EAMBER (non-restraint)  =    -94698.0750
 EKCMT  =      8527.4551  VIRIAL  =      9034.3107  VOLUME     =    305586.5497
                                                    Density    =         1.0078
 Ewald error estimate:   0.1138E-03
 ------------------------------------------------------------------------------


 NSTEP =    21500   TIME(PS) =     143.000  TEMP(K) =   301.31  PRESS =    44.5
 Etot   =    -76027.2354  EKtot   =     18575.8914  EPtot      =    -94603.1269
 BOND   =       380.5346  ANGLE   =      1003.0208  DIHED      =      1602.3087
 1-4 NB =       471.8324  1-4 EEL =      4372.4157  VDWAALS    =     12449.5178
 EELEC  =   -114998.7455  EHBOND  =         0.0000  RESTRAINT  =       115.9887
 EAMBER (non-restraint)  =    -94719.1156
 EKCMT  =      8489.6347  VIRIAL  =      8195.4869  VOLUME     =    305937.8246
                                                    Density    =         1.0067
 Ewald error estimate:   0.8870E-04
 ------------------------------------------------------------------------------


 NSTEP =    22000   TIME(PS) =     144.000  TEMP(K) =   302.88  PRESS =   -62.1
 Etot   =    -75864.3440  EKtot   =     18672.4367  EPtot      =    -94536.7807
 BOND   =       402.5438  ANGLE   =       991.3818  DIHED      =      1615.9014
 1-4 NB =       482.4291  1-4 EEL =      4389.6008  VDWAALS    =     11997.4142
 EELEC  =   -114543.8410  EHBOND  =         0.0000  RESTRAINT  =       127.7892
 EAMBER (non-restraint)  =    -94664.5699
 EKCMT  =      8536.1748  VIRIAL  =      8946.1194  VOLUME     =    305617.7098
                                                    Density    =         1.0077
 Ewald error estimate:   0.1018E-03
 ------------------------------------------------------------------------------


 NSTEP =    22500   TIME(PS) =     145.000  TEMP(K) =   298.26  PRESS =    65.2
 Etot   =    -75960.0292  EKtot   =     18387.4057  EPtot      =    -94347.4348
 BOND   =       380.5723  ANGLE   =      1015.1671  DIHED      =      1618.7228
 1-4 NB =       482.8625  1-4 EEL =      4407.9070  VDWAALS    =     12224.7899
 EELEC  =   -114602.4234  EHBOND  =         0.0000  RESTRAINT  =       124.9670
 EAMBER (non-restraint)  =    -94472.4018
 EKCMT  =      8441.7713  VIRIAL  =      8011.0584  VOLUME     =    305779.1512
                                                    Density    =         1.0072
 Ewald error estimate:   0.1103E-03
 ------------------------------------------------------------------------------


 NSTEP =    23000   TIME(PS) =     146.000  TEMP(K) =   298.75  PRESS =  -181.6
 Etot   =    -75811.7159  EKtot   =     18417.8582  EPtot      =    -94229.5741
 BOND   =       382.9608  ANGLE   =       981.7573  DIHED      =      1633.8958
 1-4 NB =       485.6439  1-4 EEL =      4356.8418  VDWAALS    =     12127.4072
 EELEC  =   -114332.9908  EHBOND  =         0.0000  RESTRAINT  =       134.9099
 EAMBER (non-restraint)  =    -94364.4840
 EKCMT  =      8370.9680  VIRIAL  =      9571.4579  VOLUME     =    306195.8821
                                                    Density    =         1.0058
 Ewald error estimate:   0.1063E-04
 ------------------------------------------------------------------------------


 NSTEP =    23500   TIME(PS) =     147.000  TEMP(K) =   299.80  PRESS =   224.4
 Etot   =    -75761.8746  EKtot   =     18482.3485  EPtot      =    -94244.2231
 BOND   =       371.3747  ANGLE   =       990.3360  DIHED      =      1627.1614
 1-4 NB =       477.9631  1-4 EEL =      4356.4155  VDWAALS    =     12416.1782
 EELEC  =   -114604.1449  EHBOND  =         0.0000  RESTRAINT  =       120.4930
 EAMBER (non-restraint)  =    -94364.7161
 EKCMT  =      8535.1655  VIRIAL  =      7049.6105  VOLUME     =    306648.7576
                                                    Density    =         1.0043
 Ewald error estimate:   0.4064E-04
 ------------------------------------------------------------------------------


 NSTEP =    24000   TIME(PS) =     148.000  TEMP(K) =   299.58  PRESS =   -33.2
 Etot   =    -75813.1598  EKtot   =     18468.8392  EPtot      =    -94281.9991
 BOND   =       361.1194  ANGLE   =       994.6243  DIHED      =      1636.8221
 1-4 NB =       478.2006  1-4 EEL =      4380.4776  VDWAALS    =     12172.8342
 EELEC  =   -114431.6172  EHBOND  =         0.0000  RESTRAINT  =       125.5398
 EAMBER (non-restraint)  =    -94407.5389
 EKCMT  =      8536.8837  VIRIAL  =      8756.7995  VOLUME     =    306480.1832
                                                    Density    =         1.0049
 Ewald error estimate:   0.1329E-03
 ------------------------------------------------------------------------------


 NSTEP =    24500   TIME(PS) =     149.000  TEMP(K) =   299.34  PRESS =   274.0
 Etot   =    -75773.4664  EKtot   =     18454.2695  EPtot      =    -94227.7359
 BOND   =       376.4002  ANGLE   =       964.7840  DIHED      =      1611.6962
 1-4 NB =       476.8680  1-4 EEL =      4375.1071  VDWAALS    =     12426.4057
 EELEC  =   -114577.6346  EHBOND  =         0.0000  RESTRAINT  =       118.6374
 EAMBER (non-restraint)  =    -94346.3733
 EKCMT  =      8375.5874  VIRIAL  =      6563.0526  VOLUME     =    306418.6702
                                                    Density    =         1.0051
 Ewald error estimate:   0.3583E-04
 ------------------------------------------------------------------------------


 NSTEP =    25000   TIME(PS) =     150.000  TEMP(K) =   302.77  PRESS =    56.3
 Etot   =    -75710.3988  EKtot   =     18665.4213  EPtot      =    -94375.8201
 BOND   =       394.7113  ANGLE   =       990.7402  DIHED      =      1627.7374
 1-4 NB =       492.8549  1-4 EEL =      4364.5349  VDWAALS    =     12459.0099
 EELEC  =   -114834.4937  EHBOND  =         0.0000  RESTRAINT  =       129.0850
 EAMBER (non-restraint)  =    -94504.9051
 EKCMT  =      8584.9655  VIRIAL  =      8211.9990  VOLUME     =    306825.4255
                                                    Density    =         1.0038
 Ewald error estimate:   0.3937E-04
 ------------------------------------------------------------------------------


 NSTEP =    25500   TIME(PS) =     151.000  TEMP(K) =   303.38  PRESS =   118.2
 Etot   =    -75237.2848  EKtot   =     18703.2051  EPtot      =    -93940.4899
 BOND   =       393.6698  ANGLE   =      1029.8278  DIHED      =      1635.2484
 1-4 NB =       468.8668  1-4 EEL =      4368.8864  VDWAALS    =     12235.9852
 EELEC  =   -114208.0508  EHBOND  =         0.0000  RESTRAINT  =       135.0765
 EAMBER (non-restraint)  =    -94075.5664
 EKCMT  =      8555.4803  VIRIAL  =      7773.0222  VOLUME     =    306646.6208
                                                    Density    =         1.0043
 Ewald error estimate:   0.5489E-04
 ------------------------------------------------------------------------------


 NSTEP =    26000   TIME(PS) =     152.000  TEMP(K) =   304.28  PRESS =    58.5
 Etot   =    -75353.2682  EKtot   =     18759.0006  EPtot      =    -94112.2688
 BOND   =       394.7111  ANGLE   =      1028.3510  DIHED      =      1590.6425
 1-4 NB =       479.7395  1-4 EEL =      4376.6399  VDWAALS    =     12055.4257
 EELEC  =   -114163.5097  EHBOND  =         0.0000  RESTRAINT  =       125.7311
 EAMBER (non-restraint)  =    -94237.9999
 EKCMT  =      8690.2212  VIRIAL  =      8302.8744  VOLUME     =    306585.8216
                                                    Density    =         1.0045
 Ewald error estimate:   0.4889E-04
 ------------------------------------------------------------------------------


 NSTEP =    26500   TIME(PS) =     153.000  TEMP(K) =   301.31  PRESS =   103.7
 Etot   =    -75783.2549  EKtot   =     18575.3622  EPtot      =    -94358.6171
 BOND   =       385.7494  ANGLE   =       977.8073  DIHED      =      1601.9738
 1-4 NB =       463.2795  1-4 EEL =      4350.8422  VDWAALS    =     12448.9310
 EELEC  =   -114719.3714  EHBOND  =         0.0000  RESTRAINT  =       132.1710
 EAMBER (non-restraint)  =    -94490.7881
 EKCMT  =      8593.1794  VIRIAL  =      7906.5735  VOLUME     =    306717.3825
                                                    Density    =         1.0041
 Ewald error estimate:   0.5284E-05
 ------------------------------------------------------------------------------


 NSTEP =    27000   TIME(PS) =     154.000  TEMP(K) =   300.94  PRESS =    27.5
 Etot   =    -75590.8661  EKtot   =     18553.0518  EPtot      =    -94143.9179
 BOND   =       385.6541  ANGLE   =      1003.3693  DIHED      =      1623.0786
 1-4 NB =       472.7488  1-4 EEL =      4369.2602  VDWAALS    =     12404.7571
 EELEC  =   -114540.2497  EHBOND  =         0.0000  RESTRAINT  =       137.4635
 EAMBER (non-restraint)  =    -94281.3814
 EKCMT  =      8559.9249  VIRIAL  =      8377.7546  VOLUME     =    306853.5059
                                                    Density    =         1.0037
 Ewald error estimate:   0.5919E-04
 ------------------------------------------------------------------------------


 NSTEP =    27500   TIME(PS) =     155.000  TEMP(K) =   301.88  PRESS =   122.1
 Etot   =    -75651.2974  EKtot   =     18610.8946  EPtot      =    -94262.1920
 BOND   =       373.0872  ANGLE   =      1023.2119  DIHED      =      1622.6953
 1-4 NB =       466.0530  1-4 EEL =      4359.8285  VDWAALS    =     12401.6607
 EELEC  =   -114631.8327  EHBOND  =         0.0000  RESTRAINT  =       123.1041
 EAMBER (non-restraint)  =    -94385.2961
 EKCMT  =      8572.9697  VIRIAL  =      7764.0189  VOLUME     =    306845.8375
                                                    Density    =         1.0037
 Ewald error estimate:   0.2682E-04
 ------------------------------------------------------------------------------


 NSTEP =    28000   TIME(PS) =     156.000  TEMP(K) =   297.78  PRESS =  -260.7
 Etot   =    -75985.9366  EKtot   =     18357.7971  EPtot      =    -94343.7337
 BOND   =       399.3852  ANGLE   =      1013.5211  DIHED      =      1608.6743
 1-4 NB =       482.4162  1-4 EEL =      4375.5998  VDWAALS    =     11950.9545
 EELEC  =   -114300.3471  EHBOND  =         0.0000  RESTRAINT  =       126.0623
 EAMBER (non-restraint)  =    -94469.7960
 EKCMT  =      8478.8770  VIRIAL  =     10204.6129  VOLUME     =    306598.0739
                                                    Density    =         1.0045
 Ewald error estimate:   0.5807E-04
 ------------------------------------------------------------------------------


 NSTEP =    28500   TIME(PS) =     157.000  TEMP(K) =   302.59  PRESS =   100.3
 Etot   =    -75552.5852  EKtot   =     18654.8241  EPtot      =    -94207.4092
 BOND   =       393.8889  ANGLE   =       980.1499  DIHED      =      1643.1783
 1-4 NB =       477.4652  1-4 EEL =      4373.9296  VDWAALS    =     12353.4292
 EELEC  =   -114557.1845  EHBOND  =         0.0000  RESTRAINT  =       127.7339
 EAMBER (non-restraint)  =    -94335.1432
 EKCMT  =      8561.9679  VIRIAL  =      7898.2377  VOLUME     =    306546.8415
                                                    Density    =         1.0047
 Ewald error estimate:   0.8512E-04
 ------------------------------------------------------------------------------


 NSTEP =    29000   TIME(PS) =     158.000  TEMP(K) =   303.25  PRESS =   346.8
 Etot   =    -75506.6402  EKtot   =     18695.2764  EPtot      =    -94201.9166
 BOND   =       381.4149  ANGLE   =       982.4870  DIHED      =      1629.1695
 1-4 NB =       472.3533  1-4 EEL =      4351.3842  VDWAALS    =     12462.1052
 EELEC  =   -114606.6990  EHBOND  =         0.0000  RESTRAINT  =       125.8684
 EAMBER (non-restraint)  =    -94327.7850
 EKCMT  =      8634.1099  VIRIAL  =      6336.1584  VOLUME     =    306853.0680
                                                    Density    =         1.0037
 Ewald error estimate:   0.7200E-04
 ------------------------------------------------------------------------------


 NSTEP =    29500   TIME(PS) =     159.000  TEMP(K) =   303.75  PRESS =    -1.5
 Etot   =    -75473.1678  EKtot   =     18725.8684  EPtot      =    -94199.0361
 BOND   =       361.6347  ANGLE   =       933.1010  DIHED      =      1626.9049
 1-4 NB =       485.0972  1-4 EEL =      4376.2042  VDWAALS    =     12206.6697
 EELEC  =   -114318.7467  EHBOND  =         0.0000  RESTRAINT  =       130.0988
 EAMBER (non-restraint)  =    -94329.1349
 EKCMT  =      8608.5367  VIRIAL  =      8618.4240  VOLUME     =    307311.4000
                                                    Density    =         1.0022
 Ewald error estimate:   0.2612E-04
 ------------------------------------------------------------------------------


 NSTEP =    30000   TIME(PS) =     160.000  TEMP(K) =   299.46  PRESS =   238.3
 Etot   =    -76158.6107  EKtot   =     18461.3678  EPtot      =    -94619.9785
 BOND   =       371.1946  ANGLE   =       986.6559  DIHED      =      1617.0485
 1-4 NB =       486.1016  1-4 EEL =      4373.7384  VDWAALS    =     12480.5464
 EELEC  =   -115056.8091  EHBOND  =         0.0000  RESTRAINT  =       121.5452
 EAMBER (non-restraint)  =    -94741.5237
 EKCMT  =      8510.9262  VIRIAL  =      6930.7986  VOLUME     =    307122.2273
                                                    Density    =         1.0028
 Ewald error estimate:   0.8878E-04
 ------------------------------------------------------------------------------


 NSTEP =    30500   TIME(PS) =     161.000  TEMP(K) =   299.82  PRESS =  -116.8
 Etot   =    -75790.2070  EKtot   =     18484.0219  EPtot      =    -94274.2290
 BOND   =       387.3413  ANGLE   =      1005.3563  DIHED      =      1621.7608
 1-4 NB =       482.7078  1-4 EEL =      4373.6321  VDWAALS    =     12186.1387
 EELEC  =   -114453.3354  EHBOND  =         0.0000  RESTRAINT  =       122.1693
 EAMBER (non-restraint)  =    -94396.3982
 EKCMT  =      8390.3248  VIRIAL  =      9164.7592  VOLUME     =    307202.6710
                                                    Density    =         1.0025
 Ewald error estimate:   0.1384E-04
 ------------------------------------------------------------------------------


 NSTEP =    31000   TIME(PS) =     162.000  TEMP(K) =   300.94  PRESS =     5.1
 Etot   =    -75535.8715  EKtot   =     18553.0516  EPtot      =    -94088.9231
 BOND   =       432.0383  ANGLE   =       980.4956  DIHED      =      1631.4028
 1-4 NB =       468.9750  1-4 EEL =      4358.7167  VDWAALS    =     12117.8920
 EELEC  =   -114203.9481  EHBOND  =         0.0000  RESTRAINT  =       125.5047
 EAMBER (non-restraint)  =    -94214.4277
 EKCMT  =      8473.0862  VIRIAL  =      8439.2790  VOLUME     =    306794.7413
                                                    Density    =         1.0039
 Ewald error estimate:   0.1393E-03
 ------------------------------------------------------------------------------


 NSTEP =    31500   TIME(PS) =     163.000  TEMP(K) =   302.37  PRESS =   137.0
 Etot   =    -75677.2464  EKtot   =     18641.1597  EPtot      =    -94318.4062
 BOND   =       385.0905  ANGLE   =       977.6022  DIHED      =      1619.4592
 1-4 NB =       482.7377  1-4 EEL =      4385.8369  VDWAALS    =     12284.3341
 EELEC  =   -114570.8557  EHBOND  =         0.0000  RESTRAINT  =       117.3889
 EAMBER (non-restraint)  =    -94435.7951
 EKCMT  =      8520.3211  VIRIAL  =      7612.8360  VOLUME     =    306815.4279
                                                    Density    =         1.0038
 Ewald error estimate:   0.1579E-03
 ------------------------------------------------------------------------------


 NSTEP =    32000   TIME(PS) =     164.000  TEMP(K) =   299.37  PRESS =   -29.1
 Etot   =    -75622.9661  EKtot   =     18456.1556  EPtot      =    -94079.1217
 BOND   =       395.1288  ANGLE   =       978.7859  DIHED      =      1599.4229
 1-4 NB =       491.4103  1-4 EEL =      4398.8290  VDWAALS    =     12147.9271
 EELEC  =   -114218.1470  EHBOND  =         0.0000  RESTRAINT  =       127.5213
 EAMBER (non-restraint)  =    -94206.6431
 EKCMT  =      8481.7188  VIRIAL  =      8674.3464  VOLUME     =    307091.9802
                                                    Density    =         1.0029
 Ewald error estimate:   0.7815E-04
 ------------------------------------------------------------------------------


 NSTEP =    32500   TIME(PS) =     165.000  TEMP(K) =   300.66  PRESS =    84.1
 Etot   =    -75472.7994  EKtot   =     18535.4917  EPtot      =    -94008.2912
 BOND   =       374.4443  ANGLE   =       986.7082  DIHED      =      1627.5295
 1-4 NB =       474.6536  1-4 EEL =      4364.1845  VDWAALS    =     12188.6393
 EELEC  =   -114153.3418  EHBOND  =         0.0000  RESTRAINT  =       128.8913
 EAMBER (non-restraint)  =    -94137.1825
 EKCMT  =      8422.8403  VIRIAL  =      7865.9115  VOLUME     =    306797.2056
                                                    Density    =         1.0038
 Ewald error estimate:   0.8941E-04
 ------------------------------------------------------------------------------


 NSTEP =    33000   TIME(PS) =     166.000  TEMP(K) =   301.77  PRESS =   184.8
 Etot   =    -75409.2305  EKtot   =     18603.8482  EPtot      =    -94013.0787
 BOND   =       399.3106  ANGLE   =       997.6923  DIHED      =      1632.2018
 1-4 NB =       479.8132  1-4 EEL =      4364.2492  VDWAALS    =     12307.0258
 EELEC  =   -114325.4496  EHBOND  =         0.0000  RESTRAINT  =       132.0781
 EAMBER (non-restraint)  =    -94145.1567
 EKCMT  =      8624.1642  VIRIAL  =      7399.7933  VOLUME     =    306810.1367
                                                    Density    =         1.0038
 Ewald error estimate:   0.4931E-04
 ------------------------------------------------------------------------------


 NSTEP =    33500   TIME(PS) =     167.000  TEMP(K) =   301.93  PRESS =    94.9
 Etot   =    -75570.6781  EKtot   =     18613.7590  EPtot      =    -94184.4372
 BOND   =       379.2201  ANGLE   =      1012.4710  DIHED      =      1626.3073
 1-4 NB =       495.4617  1-4 EEL =      4365.5616  VDWAALS    =     12435.6495
 EELEC  =   -114622.7754  EHBOND  =         0.0000  RESTRAINT  =       123.6670
 EAMBER (non-restraint)  =    -94308.1041
 EKCMT  =      8479.9825  VIRIAL  =      7851.7169  VOLUME     =    306695.6974
                                                    Density    =         1.0042
 Ewald error estimate:   0.6548E-04
 ------------------------------------------------------------------------------


 NSTEP =    34000   TIME(PS) =     168.000  TEMP(K) =   299.58  PRESS =   -18.0
 Etot   =    -75696.7049  EKtot   =     18469.1153  EPtot      =    -94165.8202
 BOND   =       362.1135  ANGLE   =       978.9299  DIHED      =      1632.3764
 1-4 NB =       481.5594  1-4 EEL =      4422.6144  VDWAALS    =     12281.2762
 EELEC  =   -114456.9832  EHBOND  =         0.0000  RESTRAINT  =       132.2930
 EAMBER (non-restraint)  =    -94298.1133
 EKCMT  =      8411.9108  VIRIAL  =      8531.0033  VOLUME     =    306779.8326
                                                    Density    =         1.0039
 Ewald error estimate:   0.3514E-04
 ------------------------------------------------------------------------------


 NSTEP =    34500   TIME(PS) =     169.000  TEMP(K) =   301.21  PRESS =   -15.0
 Etot   =    -75645.6867  EKtot   =     18569.2653  EPtot      =    -94214.9520
 BOND   =       366.6760  ANGLE   =       947.5776  DIHED      =      1656.6154
 1-4 NB =       486.9080  1-4 EEL =      4370.0212  VDWAALS    =     12224.8849
 EELEC  =   -114397.9380  EHBOND  =         0.0000  RESTRAINT  =       130.3029
 EAMBER (non-restraint)  =    -94345.2549
 EKCMT  =      8592.7811  VIRIAL  =      8692.1634  VOLUME     =    306554.5345
                                                    Density    =         1.0046
 Ewald error estimate:   0.2869E-04
 ------------------------------------------------------------------------------


 NSTEP =    35000   TIME(PS) =     170.000  TEMP(K) =   298.51  PRESS =   -73.4
 Etot   =    -75732.4455  EKtot   =     18403.1165  EPtot      =    -94135.5619
 BOND   =       407.0027  ANGLE   =       976.4309  DIHED      =      1622.4053
 1-4 NB =       465.1105  1-4 EEL =      4368.3143  VDWAALS    =     12145.0786
 EELEC  =   -114246.9729  EHBOND  =         0.0000  RESTRAINT  =       127.0685
 EAMBER (non-restraint)  =    -94262.6305
 EKCMT  =      8434.5410  VIRIAL  =      8920.3999  VOLUME     =    306553.4662
                                                    Density    =         1.0046
 Ewald error estimate:   0.7225E-04
 ------------------------------------------------------------------------------


 NSTEP =    35500   TIME(PS) =     171.000  TEMP(K) =   299.21  PRESS =   -18.7
 Etot   =    -75768.8459  EKtot   =     18446.0736  EPtot      =    -94214.9195
 BOND   =       413.2597  ANGLE   =      1004.5072  DIHED      =      1644.4577
 1-4 NB =       462.6522  1-4 EEL =      4338.3619  VDWAALS    =     12235.4231
 EELEC  =   -114443.4552  EHBOND  =         0.0000  RESTRAINT  =       129.8738
 EAMBER (non-restraint)  =    -94344.7933
 EKCMT  =      8524.0927  VIRIAL  =      8647.9449  VOLUME     =    306683.9261
                                                    Density    =         1.0042
 Ewald error estimate:   0.8414E-04
 ------------------------------------------------------------------------------


 NSTEP =    36000   TIME(PS) =     172.000  TEMP(K) =   301.52  PRESS =   -21.8
 Etot   =    -75679.6177  EKtot   =     18588.3334  EPtot      =    -94267.9511
 BOND   =       368.7206  ANGLE   =       964.1940  DIHED      =      1614.9154
 1-4 NB =       479.4107  1-4 EEL =      4375.1198  VDWAALS    =     12437.2231
 EELEC  =   -114631.1096  EHBOND  =         0.0000  RESTRAINT  =       123.5749
 EAMBER (non-restraint)  =    -94391.5260
 EKCMT  =      8652.6801  VIRIAL  =      8797.2749  VOLUME     =    306828.9812
                                                    Density    =         1.0037
 Ewald error estimate:   0.2794E-04
 ------------------------------------------------------------------------------


 NSTEP =    36500   TIME(PS) =     173.000  TEMP(K) =   300.07  PRESS =   -54.9
 Etot   =    -75614.0136  EKtot   =     18499.3632  EPtot      =    -94113.3768
 BOND   =       403.2717  ANGLE   =      1013.4020  DIHED      =      1630.7472
 1-4 NB =       477.4147  1-4 EEL =      4371.2525  VDWAALS    =     12238.1602
 EELEC  =   -114377.8430  EHBOND  =         0.0000  RESTRAINT  =       130.2178
 EAMBER (non-restraint)  =    -94243.5946
 EKCMT  =      8577.0648  VIRIAL  =      8940.8089  VOLUME     =    306585.6386
                                                    Density    =         1.0045
 Ewald error estimate:   0.8516E-04
 ------------------------------------------------------------------------------


 NSTEP =    37000   TIME(PS) =     174.000  TEMP(K) =   303.91  PRESS =  -165.8
 Etot   =    -75370.3928  EKtot   =     18735.9681  EPtot      =    -94106.3608
 BOND   =       361.3782  ANGLE   =      1018.8280  DIHED      =      1632.0426
 1-4 NB =       478.5767  1-4 EEL =      4330.7315  VDWAALS    =     12147.7534
 EELEC  =   -114204.6780  EHBOND  =         0.0000  RESTRAINT  =       129.0068
 EAMBER (non-restraint)  =    -94235.3676
 EKCMT  =      8551.5973  VIRIAL  =      9650.1518  VOLUME     =    306788.7062
                                                    Density    =         1.0039
 Ewald error estimate:   0.1688E-04
 ------------------------------------------------------------------------------


 NSTEP =    37500   TIME(PS) =     175.000  TEMP(K) =   299.38  PRESS =   214.1
 Etot   =    -75876.4623  EKtot   =     18456.4434  EPtot      =    -94332.9057
 BOND   =       385.3216  ANGLE   =      1003.8032  DIHED      =      1625.7803
 1-4 NB =       476.2566  1-4 EEL =      4403.7587  VDWAALS    =     12477.4389
 EELEC  =   -114820.8884  EHBOND  =         0.0000  RESTRAINT  =       115.6235
 EAMBER (non-restraint)  =    -94448.5292
 EKCMT  =      8486.7195  VIRIAL  =      7069.5193  VOLUME     =    306610.6561
                                                    Density    =         1.0045
 Ewald error estimate:   0.3456E-04
 ------------------------------------------------------------------------------


 NSTEP =    38000   TIME(PS) =     176.000  TEMP(K) =   301.11  PRESS =   126.7
 Etot   =    -75919.9510  EKtot   =     18563.2000  EPtot      =    -94483.1510
 BOND   =       391.4023  ANGLE   =       986.5943  DIHED      =      1604.8921
 1-4 NB =       481.9908  1-4 EEL =      4396.5393  VDWAALS    =     12305.7872
 EELEC  =   -114764.4820  EHBOND  =         0.0000  RESTRAINT  =       114.1250
 EAMBER (non-restraint)  =    -94597.2761
 EKCMT  =      8527.5740  VIRIAL  =      7689.1716  VOLUME     =    306485.8672
                                                    Density    =         1.0049
 Ewald error estimate:   0.3740E-04
 ------------------------------------------------------------------------------


 NSTEP =    38500   TIME(PS) =     177.000  TEMP(K) =   304.49  PRESS =     4.6
 Etot   =    -75510.4667  EKtot   =     18771.8690  EPtot      =    -94282.3357
 BOND   =       430.0149  ANGLE   =       992.3548  DIHED      =      1604.6135
 1-4 NB =       490.3214  1-4 EEL =      4353.9998  VDWAALS    =     12160.3731
 EELEC  =   -114432.0119  EHBOND  =         0.0000  RESTRAINT  =       117.9987
 EAMBER (non-restraint)  =    -94400.3344
 EKCMT  =      8589.3613  VIRIAL  =      8559.1246  VOLUME     =    306135.8765
                                                    Density    =         1.0060
 Ewald error estimate:   0.9667E-04
 ------------------------------------------------------------------------------


 NSTEP =    39000   TIME(PS) =     178.000  TEMP(K) =   301.15  PRESS =  -164.8
 Etot   =    -75764.0079  EKtot   =     18565.8078  EPtot      =    -94329.8157
 BOND   =       404.2668  ANGLE   =      1008.4085  DIHED      =      1634.5318
 1-4 NB =       462.1982  1-4 EEL =      4335.9628  VDWAALS    =     12064.5921
 EELEC  =   -114357.0244  EHBOND  =         0.0000  RESTRAINT  =       117.2483
 EAMBER (non-restraint)  =    -94447.0640
 EKCMT  =      8523.9985  VIRIAL  =      9613.2914  VOLUME     =    306195.4722
                                                    Density    =         1.0058
 Ewald error estimate:   0.1322E-03
 ------------------------------------------------------------------------------


 NSTEP =    39500   TIME(PS) =     179.000  TEMP(K) =   299.62  PRESS =  -193.1
 Etot   =    -75838.5841  EKtot   =     18471.3272  EPtot      =    -94309.9114
 BOND   =       378.7024  ANGLE   =       996.8744  DIHED      =      1628.0121
 1-4 NB =       479.4509  1-4 EEL =      4364.7972  VDWAALS    =     11992.1854
 EELEC  =   -114267.7990  EHBOND  =         0.0000  RESTRAINT  =       117.8652
 EAMBER (non-restraint)  =    -94427.7765
 EKCMT  =      8487.1246  VIRIAL  =      9762.8528  VOLUME     =    305990.8073
                                                    Density    =         1.0065
 Ewald error estimate:   0.1387E-03
 ------------------------------------------------------------------------------


 NSTEP =    40000   TIME(PS) =     180.000  TEMP(K) =   299.28  PRESS =   -61.0
 Etot   =    -76060.8233  EKtot   =     18450.4826  EPtot      =    -94511.3059
 BOND   =       370.6763  ANGLE   =       972.7475  DIHED      =      1606.7379
 1-4 NB =       478.4967  1-4 EEL =      4365.8463  VDWAALS    =     12221.0233
 EELEC  =   -114645.7702  EHBOND  =         0.0000  RESTRAINT  =       118.9364
 EAMBER (non-restraint)  =    -94630.2422
 EKCMT  =      8512.1021  VIRIAL  =      8915.4643  VOLUME     =    306046.1656
                                                    Density    =         1.0063
 Ewald error estimate:   0.1791E-03
 ------------------------------------------------------------------------------


 NSTEP =    40500   TIME(PS) =     181.000  TEMP(K) =   301.16  PRESS =   -63.6
 Etot   =    -75662.2225  EKtot   =     18566.5566  EPtot      =    -94228.7792
 BOND   =       388.8457  ANGLE   =       988.1259  DIHED      =      1617.0141
 1-4 NB =       472.6223  1-4 EEL =      4351.7268  VDWAALS    =     12149.1139
 EELEC  =   -114321.1295  EHBOND  =         0.0000  RESTRAINT  =       124.9017
 EAMBER (non-restraint)  =    -94353.6809
 EKCMT  =      8515.5316  VIRIAL  =      8935.9838  VOLUME     =    306101.1385
                                                    Density    =         1.0061
 Ewald error estimate:   0.2474E-05
 ------------------------------------------------------------------------------


 NSTEP =    41000   TIME(PS) =     182.000  TEMP(K) =   298.45  PRESS =    30.1
 Etot   =    -75414.1223  EKtot   =     18399.4268  EPtot      =    -93813.5491
 BOND   =       413.1387  ANGLE   =       989.6106  DIHED      =      1611.1804
 1-4 NB =       479.8998  1-4 EEL =      4372.7678  VDWAALS    =     12278.7534
 EELEC  =   -114084.5358  EHBOND  =         0.0000  RESTRAINT  =       125.6359
 EAMBER (non-restraint)  =    -93939.1851
 EKCMT  =      8478.6173  VIRIAL  =      8279.2547  VOLUME     =    306430.4472
                                                    Density    =         1.0050
 Ewald error estimate:   0.8733E-04
 ------------------------------------------------------------------------------


 NSTEP =    41500   TIME(PS) =     183.000  TEMP(K) =   296.90  PRESS =     3.0
 Etot   =    -75553.2545  EKtot   =     18303.5280  EPtot      =    -93856.7825
 BOND   =       382.3944  ANGLE   =      1016.8695  DIHED      =      1610.0778
 1-4 NB =       486.8215  1-4 EEL =      4355.3334  VDWAALS    =     12162.2958
 EELEC  =   -113990.2878  EHBOND  =         0.0000  RESTRAINT  =       119.7130
 EAMBER (non-restraint)  =    -93976.4955
 EKCMT  =      8434.4931  VIRIAL  =      8414.5593  VOLUME     =    306583.6124
                                                    Density    =         1.0045
 Ewald error estimate:   0.3849E-05
 ------------------------------------------------------------------------------


 NSTEP =    42000   TIME(PS) =     184.000  TEMP(K) =   301.25  PRESS =  -145.3
 Etot   =    -75632.2518  EKtot   =     18572.1424  EPtot      =    -94204.3942
 BOND   =       369.0556  ANGLE   =      1016.9234  DIHED      =      1646.6675
 1-4 NB =       479.5606  1-4 EEL =      4369.6032  VDWAALS    =     12025.4525
 EELEC  =   -114231.3192  EHBOND  =         0.0000  RESTRAINT  =       119.6622
 EAMBER (non-restraint)  =    -94324.0564
 EKCMT  =      8537.9346  VIRIAL  =      9498.8726  VOLUME     =    306311.8759
                                                    Density    =         1.0054
 Ewald error estimate:   0.6175E-04
 ------------------------------------------------------------------------------


 NSTEP =    42500   TIME(PS) =     185.000  TEMP(K) =   299.13  PRESS =    37.2
 Etot   =    -75848.3724  EKtot   =     18441.3024  EPtot      =    -94289.6747
 BOND   =       377.7939  ANGLE   =      1075.4975  DIHED      =      1625.2716
 1-4 NB =       481.2702  1-4 EEL =      4364.4027  VDWAALS    =     12267.9491
 EELEC  =   -114599.0768  EHBOND  =         0.0000  RESTRAINT  =       117.2171
 EAMBER (non-restraint)  =    -94406.8918
 EKCMT  =      8434.0466  VIRIAL  =      8188.1600  VOLUME     =    306382.6205
                                                    Density    =         1.0052
 Ewald error estimate:   0.1672E-04
 ------------------------------------------------------------------------------


 NSTEP =    43000   TIME(PS) =     186.000  TEMP(K) =   299.90  PRESS =    97.1
 Etot   =    -75898.2738  EKtot   =     18488.7515  EPtot      =    -94387.0252
 BOND   =       382.8876  ANGLE   =      1014.8762  DIHED      =      1614.2903
 1-4 NB =       477.7458  1-4 EEL =      4363.5593  VDWAALS    =     12346.8791
 EELEC  =   -114701.5270  EHBOND  =         0.0000  RESTRAINT  =       114.2634
 EAMBER (non-restraint)  =    -94501.2886
 EKCMT  =      8528.8218  VIRIAL  =      7887.6078  VOLUME     =    305790.7404
                                                    Density    =         1.0071
 Ewald error estimate:   0.5830E-04
 ------------------------------------------------------------------------------


 NSTEP =    43500   TIME(PS) =     187.000  TEMP(K) =   299.23  PRESS =  -269.7
 Etot   =    -75658.2997  EKtot   =     18447.2116  EPtot      =    -94105.5114
 BOND   =       393.4502  ANGLE   =       975.3069  DIHED      =      1620.5526
 1-4 NB =       497.1315  1-4 EEL =      4407.9033  VDWAALS    =     11925.9737
 EELEC  =   -114053.5816  EHBOND  =         0.0000  RESTRAINT  =       127.7520
 EAMBER (non-restraint)  =    -94233.2634
 EKCMT  =      8586.6502  VIRIAL  =     10366.1124  VOLUME     =    305577.3425
                                                    Density    =         1.0079
 Ewald error estimate:   0.2006E-04
 ------------------------------------------------------------------------------


 NSTEP =    44000   TIME(PS) =     188.000  TEMP(K) =   300.06  PRESS =  -113.6
 Etot   =    -75826.5608  EKtot   =     18498.4125  EPtot      =    -94324.9734
 BOND   =       381.6483  ANGLE   =       970.1542  DIHED      =      1626.0689
 1-4 NB =       499.1031  1-4 EEL =      4407.3688  VDWAALS    =     12085.9035
 EELEC  =   -114424.1064  EHBOND  =         0.0000  RESTRAINT  =       128.8862
 EAMBER (non-restraint)  =    -94453.8596
 EKCMT  =      8543.6369  VIRIAL  =      9294.0979  VOLUME     =    305932.4757
                                                    Density    =         1.0067
 Ewald error estimate:   0.1719E-04
 ------------------------------------------------------------------------------


 NSTEP =    44500   TIME(PS) =     189.000  TEMP(K) =   297.55  PRESS =  -137.6
 Etot   =    -76017.2357  EKtot   =     18344.1508  EPtot      =    -94361.3865
 BOND   =       381.5378  ANGLE   =       988.3373  DIHED      =      1642.9091
 1-4 NB =       480.8052  1-4 EEL =      4380.7379  VDWAALS    =     12200.6492
 EELEC  =   -114552.9325  EHBOND  =         0.0000  RESTRAINT  =       116.5695
 EAMBER (non-restraint)  =    -94477.9560
 EKCMT  =      8371.2649  VIRIAL  =      9281.0515  VOLUME     =    306317.3418
                                                    Density    =         1.0054
 Ewald error estimate:   0.9430E-04
 ------------------------------------------------------------------------------


 NSTEP =    45000   TIME(PS) =     190.000  TEMP(K) =   300.15  PRESS =    23.3
 Etot   =    -75905.1799  EKtot   =     18504.0014  EPtot      =    -94409.1813
 BOND   =       404.5099  ANGLE   =       964.6125  DIHED      =      1595.4133
 1-4 NB =       480.0134  1-4 EEL =      4401.6039  VDWAALS    =     12337.2158
 EELEC  =   -114718.1512  EHBOND  =         0.0000  RESTRAINT  =       125.6011
 EAMBER (non-restraint)  =    -94534.7824
 EKCMT  =      8492.5925  VIRIAL  =      8338.5655  VOLUME     =    305979.8654
                                                    Density    =         1.0065
 Ewald error estimate:   0.7590E-04
 ------------------------------------------------------------------------------


 NSTEP =    45500   TIME(PS) =     191.000  TEMP(K) =   299.68  PRESS =   -46.8
 Etot   =    -75953.3129  EKtot   =     18475.2151  EPtot      =    -94428.5280
 BOND   =       392.6157  ANGLE   =      1004.5644  DIHED      =      1618.5923
 1-4 NB =       469.1436  1-4 EEL =      4337.7637  VDWAALS    =     12375.8439
 EELEC  =   -114754.6775  EHBOND  =         0.0000  RESTRAINT  =       127.6259
 EAMBER (non-restraint)  =    -94556.1539
 EKCMT  =      8453.6450  VIRIAL  =      8763.5618  VOLUME     =    306494.0090
                                                    Density    =         1.0048
 Ewald error estimate:   0.1088E-03
 ------------------------------------------------------------------------------


 NSTEP =    46000   TIME(PS) =     192.000  TEMP(K) =   299.29  PRESS =  -126.0
 Etot   =    -75757.4960  EKtot   =     18451.0021  EPtot      =    -94208.4981
 BOND   =       395.8983  ANGLE   =      1018.9839  DIHED      =      1634.6840
 1-4 NB =       467.5525  1-4 EEL =      4340.3437  VDWAALS    =     12212.1477
 EELEC  =   -114391.2661  EHBOND  =         0.0000  RESTRAINT  =       113.1579
 EAMBER (non-restraint)  =    -94321.6560
 EKCMT  =      8567.5929  VIRIAL  =      9400.9724  VOLUME     =    306272.3774
                                                    Density    =         1.0056
 Ewald error estimate:   0.4329E-04
 ------------------------------------------------------------------------------


 NSTEP =    46500   TIME(PS) =     193.000  TEMP(K) =   299.36  PRESS =   -35.2
 Etot   =    -75641.8694  EKtot   =     18455.5897  EPtot      =    -94097.4591
 BOND   =       387.8180  ANGLE   =       999.6739  DIHED      =      1633.9039
 1-4 NB =       473.7710  1-4 EEL =      4381.4089  VDWAALS    =     12102.4053
 EELEC  =   -114209.1042  EHBOND  =         0.0000  RESTRAINT  =       132.6642
 EAMBER (non-restraint)  =    -94230.1233
 EKCMT  =      8520.9810  VIRIAL  =      8753.7545  VOLUME     =    306328.5603
                                                    Density    =         1.0054
 Ewald error estimate:   0.6250E-04
 ------------------------------------------------------------------------------


 NSTEP =    47000   TIME(PS) =     194.000  TEMP(K) =   300.61  PRESS =    98.3
 Etot   =    -75693.5813  EKtot   =     18532.2613  EPtot      =    -94225.8427
 BOND   =       379.0976  ANGLE   =       961.2775  DIHED      =      1611.9078
 1-4 NB =       478.7436  1-4 EEL =      4370.0982  VDWAALS    =     12277.5718
 EELEC  =   -114423.6161  EHBOND  =         0.0000  RESTRAINT  =       119.0769
 EAMBER (non-restraint)  =    -94344.9195
 EKCMT  =      8567.4712  VIRIAL  =      7917.2695  VOLUME     =    306364.9090
                                                    Density    =         1.0053
 Ewald error estimate:   0.7149E-04
 ------------------------------------------------------------------------------


 NSTEP =    47500   TIME(PS) =     195.000  TEMP(K) =   302.12  PRESS =   201.6
 Etot   =    -75794.1617  EKtot   =     18625.6883  EPtot      =    -94419.8500
 BOND   =       408.2709  ANGLE   =       971.5255  DIHED      =      1611.5171
 1-4 NB =       469.3807  1-4 EEL =      4374.2302  VDWAALS    =     12352.8490
 EELEC  =   -114730.7079  EHBOND  =         0.0000  RESTRAINT  =       123.0844
 EAMBER (non-restraint)  =    -94542.9345
 EKCMT  =      8552.7637  VIRIAL  =      7218.4247  VOLUME     =    306504.5401
                                                    Density    =         1.0048
 Ewald error estimate:   0.9261E-04
 ------------------------------------------------------------------------------


 NSTEP =    48000   TIME(PS) =     196.000  TEMP(K) =   300.94  PRESS =   -84.6
 Etot   =    -75605.7678  EKtot   =     18552.9099  EPtot      =    -94158.6778
 BOND   =       394.3292  ANGLE   =       955.9256  DIHED      =      1626.5384
 1-4 NB =       451.9470  1-4 EEL =      4355.9306  VDWAALS    =     12137.5692
 EELEC  =   -114206.0653  EHBOND  =         0.0000  RESTRAINT  =       125.1476
 EAMBER (non-restraint)  =    -94283.8253
 EKCMT  =      8579.3517  VIRIAL  =      9139.7198  VOLUME     =    306668.5077
                                                    Density    =         1.0043
 Ewald error estimate:   0.9435E-04
 ------------------------------------------------------------------------------


 NSTEP =    48500   TIME(PS) =     197.000  TEMP(K) =   301.29  PRESS =   202.8
 Etot   =    -75674.9191  EKtot   =     18574.3270  EPtot      =    -94249.2461
 BOND   =       359.2420  ANGLE   =       971.4571  DIHED      =      1614.7227
 1-4 NB =       479.6647  1-4 EEL =      4388.8070  VDWAALS    =     12301.8078
 EELEC  =   -114482.9413  EHBOND  =         0.0000  RESTRAINT  =       117.9939
 EAMBER (non-restraint)  =    -94367.2400
 EKCMT  =      8511.5214  VIRIAL  =      7168.2824  VOLUME     =    306742.1848
                                                    Density    =         1.0040
 Ewald error estimate:   0.2361E-04
 ------------------------------------------------------------------------------


 NSTEP =    49000   TIME(PS) =     198.000  TEMP(K) =   301.05  PRESS =  -144.9
 Etot   =    -75708.0465  EKtot   =     18559.3881  EPtot      =    -94267.4346
 BOND   =       371.4379  ANGLE   =       988.8228  DIHED      =      1621.4244
 1-4 NB =       477.2741  1-4 EEL =      4403.2055  VDWAALS    =     12132.7454
 EELEC  =   -114389.6749  EHBOND  =         0.0000  RESTRAINT  =       127.3302
 EAMBER (non-restraint)  =    -94394.7649
 EKCMT  =      8594.7023  VIRIAL  =      9553.0178  VOLUME     =    306339.1442
                                                    Density    =         1.0053
 Ewald error estimate:   0.7052E-04
 ------------------------------------------------------------------------------


 NSTEP =    49500   TIME(PS) =     199.000  TEMP(K) =   297.98  PRESS =   -14.6
 Etot   =    -75858.1872  EKtot   =     18370.3392  EPtot      =    -94228.5263
 BOND   =       392.4512  ANGLE   =      1034.2216  DIHED      =      1614.6234
 1-4 NB =       484.1524  1-4 EEL =      4401.1680  VDWAALS    =     12226.8876
 EELEC  =   -114507.1970  EHBOND  =         0.0000  RESTRAINT  =       125.1667
 EAMBER (non-restraint)  =    -94353.6930
 EKCMT  =      8473.2782  VIRIAL  =      8569.5509  VOLUME     =    306427.3243
                                                    Density    =         1.0051
 Ewald error estimate:   0.4106E-04
 ------------------------------------------------------------------------------


 NSTEP =    50000   TIME(PS) =     200.000  TEMP(K) =   297.33  PRESS =  -123.5
 Etot   =    -76068.3469  EKtot   =     18330.3179  EPtot      =    -94398.6648
 BOND   =       400.9937  ANGLE   =       960.1624  DIHED      =      1611.5772
 1-4 NB =       471.9585  1-4 EEL =      4352.9279  VDWAALS    =     12223.8520
 EELEC  =   -114539.1369  EHBOND  =         0.0000  RESTRAINT  =       119.0003
 EAMBER (non-restraint)  =    -94517.6650
 EKCMT  =      8435.7237  VIRIAL  =      9252.9678  VOLUME     =    306453.9051
                                                    Density    =         1.0050
 Ewald error estimate:   0.8410E-04
 ------------------------------------------------------------------------------


      A V E R A G E S   O V E R     100 S T E P S


 NSTEP =    50000   TIME(PS) =     200.000  TEMP(K) =   300.58  PRESS =    17.3
 Etot   =    -75703.4216  EKtot   =     18530.3642  EPtot      =    -94233.7858
 BOND   =       386.0953  ANGLE   =       992.0587  DIHED      =      1623.5580
 1-4 NB =       478.0151  1-4 EEL =      4369.3069  VDWAALS    =     12250.6244
 EELEC  =   -114462.0905  EHBOND  =         0.0000  RESTRAINT  =       128.6464
 EAMBER (non-restraint)  =    -94362.4322
 EKCMT  =      8527.8475  VIRIAL  =      8414.1876  VOLUME     =    306614.4269
                                                    Density    =         1.0045
 Ewald error estimate:   0.6789E-04
 ------------------------------------------------------------------------------


      R M S  F L U C T U A T I O N S


 NSTEP =    50000   TIME(PS) =     200.000  TEMP(K) =     2.79  PRESS =   139.0
 Etot   =       445.6122  EKtot   =       171.9301  EPtot      =       308.6436
 BOND   =        16.5469  ANGLE   =        23.1115  DIHED      =        13.9209
 1-4 NB =         8.3540  1-4 EEL =        20.7621  VDWAALS    =       154.7252
 EELEC  =       363.3210  EHBOND  =         0.0000  RESTRAINT  =        32.7725
 EAMBER (non-restraint)  =       275.8710
 EKCMT  =       102.7704  VIRIAL  =       916.7123  VOLUME     =      1165.7718
                                                    Density    =         0.0038
 Ewald error estimate:   0.4538E-04
 ------------------------------------------------------------------------------

--------------------------------------------------------------------------------
   5.  TIMINGS
--------------------------------------------------------------------------------

|  NonSetup CPU Time in Major Routines, Average for All Tasks:
|
|     Routine           Sec        %
|     ------------------------------
|     DataDistrib      58.89   26.78
|     Nonbond         148.15   67.36
|     Bond              0.10    0.05
|     Angle             0.27    0.12
|     Dihedral          0.74    0.34
|     Shake             0.48    0.22
|     RunMD            11.14    5.07
|     Other             0.17    0.08
|     ------------------------------
|     Total           219.94

|  PME Nonbond Pairlist CPU Time, Average for All Tasks:
|
|     Routine              Sec        %
|     ---------------------------------
|     Set Up Cit           3.89    1.77
|     Build List          13.89    6.32
|     ---------------------------------
|     Total               17.78    8.08

|  PME Direct Force CPU Time, Average for All Tasks:
|
|     Routine              Sec        %
|     ---------------------------------
|     NonBonded Calc      89.16   40.54
|     Exclude Masked       1.52    0.69
|     Other                9.77    4.44
|     ---------------------------------
|     Total              100.46   45.68

|  PME Reciprocal Force CPU Time, Average for All Tasks:
|
|     Routine              Sec        %
|     ---------------------------------
|     1D bspline           3.09    1.41
|     Grid Charges         2.48    1.13
|     Scalar Sum           0.75    0.34
|     Gradient Sum         2.69    1.22
|     FFT                 20.56    9.35
|     ---------------------------------
|     Total               29.56   13.44

|  PME Load Balancing CPU Time, Average for All Tasks:
|
|     Routine                 Sec        %
|     ------------------------------------
|     Atom Reassign           0.05    0.02
|     Image Reassign          0.11    0.05
|     FFT Reassign            0.01    0.00
|     ------------------------------------
|     Total                   0.17    0.08

|  Final Performance Info:
|     -----------------------------------------------------
|     Average timings for last    8000 steps:
|     Elapsed(s) =      34.95 Per Step(ms) =       4.37
|         ns/day =      39.55   seconds/ns =    2184.66
|
|     Average timings for all steps:
|     Elapsed(s) =     221.34 Per Step(ms) =       4.43
|         ns/day =      39.04   seconds/ns =    2213.36
|     -----------------------------------------------------

|  Master Setup CPU time:            0.46 seconds
|  Master NonSetup CPU time:       219.88 seconds
|  Master Total CPU time:          220.34 seconds     0.06 hours

|  Master Setup wall time:           1    seconds
|  Master NonSetup wall time:      220    seconds
|  Master Total wall time:         221    seconds     0.06 hours
