
          -------------------------------------------------------
          Amber 16 PMEMD                              2016
          -------------------------------------------------------

| PMEMD implementation of SANDER, Release 16

| Run on 12/15/2017 at 03:28:35

|   Executable path: pmemd.MPI
| Working directory: /scratch/kfd233/final_project/CompChemFinal/min_mod_102/equ
|          Hostname: c07-04

  [-O]verwriting output

File Assignments:
|   MDIN: heat.in                                                               
|  MDOUT: heat.out                                                              
| INPCRD: min_all.rst                                                           
|   PARM: 5j0d_mod_sol.prmtop                                                   
| RESTRT: heat.rst                                                              
|   REFC: min_all.rst                                                           
|  MDVEL: mdvel                                                                 
|   MDEN: mden                                                                  
|  MDCRD: heat.mdcrd                                                            
| MDINFO: mdinfo                                                                
|LOGFILE: logfile                                                               
|  MDFRC: mdfrc                                                                 

 
 Here is the input file:
 
#  Heating of protein from 10K to 300K with weak restraints and constant volume
                                                                               
&cntrl                                                                         
imin = 0,                                                                      
irest = 0,                                                                     
ntx = 1,                                                                       
ig = -1,                                                                       
nstlim = 25000,                                                                
dt = 0.002,                                                                    
ntc = 2,                                                                       
ntf = 2,                                                                       
cut = 12.0,                                                                    
ntb = 1,                                                                       
ntpr = 500,                                                                    
ntwx = 500,                                                                    
ntt = 3,                                                                       
gamma_ln = 2.0,                                                                
tempi = 10.0,                                                                  
temp0 = 300.0,                                                                 
ntr = 1,                                                                       
restraintmask = ':1-118',                                                      
restraint_wt = 2.0,                                                            
nmropt = 1,                                                                    
ioutfm = 1,                                                                    
/                                                                              
&wt TYPE='TEMP0', istep1=0, istep2=25000,                                      
value1=0.1, value2=300.0, /                                                    
&wt TYPE='END' /                                                               
                                                                               
                                                                               


Note: ig = -1. Setting random seed to   593762 based on wallclock time in
      microseconds and disabling the synchronization of random numbers 
      between tasks to improve performance.
 
 
| Conditional Compilation Defines Used:
| MPI
| PUBFFT
| BINTRAJ
| MKL
| EMIL
 
| Largest sphere to fit in unit cell has radius =    32.709

| New format PARM file being parsed.
| Version =    1.000 Date = 12/14/17 Time = 23:36:34

| Note: 1-4 EEL scale factors are being read from the topology file.

| Note: 1-4 VDW scale factors are being read from the topology file.
| Duplicated    0 dihedrals

| Duplicated    0 dihedrals

--------------------------------------------------------------------------------
   1.  RESOURCE   USE: 
--------------------------------------------------------------------------------

 getting box info from netcdf restart file
 NATOM  =   30513 NTYPES =      26 NBONH =   29492 MBONA  =    1051
 NTHETH =    2326 MTHETA =    1426 NPHIH =    4634 MPHIA  =    4385
 NHPARM =       0 NPARM  =       0 NNB   =   49308 NRES   =    9610
 NBONA  =    1051 NTHETA =    1426 NPHIA =    4385 NUMBND =      80
 NUMANG =     178 NPTRA  =     203 NATYP =      44 NPHB   =       1
 IFBOX  =       1 NMXRS  =      68 IFCAP =       0 NEXTRA =       0
 NCOPY  =       0

| Coordinate Index Table dimensions:     9   10   11
| Direct force subcell size =     7.2688    7.5345    7.0623

     BOX TYPE: RECTILINEAR

--------------------------------------------------------------------------------
   2.  CONTROL  DATA  FOR  THE  RUN
--------------------------------------------------------------------------------

default_name                                                                    

General flags:
     imin    =       0, nmropt  =       1

Nature and format of input:
     ntx     =       1, irest   =       0, ntrx    =       1

Nature and format of output:
     ntxo    =       2, ntpr    =     500, ntrx    =       1, ntwr    =   25000
     iwrap   =       0, ntwx    =     500, ntwv    =       0, ntwe    =       0
     ioutfm  =       1, ntwprt  =       0, idecomp =       0, rbornstat=      0

Potential function:
     ntf     =       2, ntb     =       1, igb     =       0, nsnb    =      25
     ipol    =       0, gbsa    =       0, iesp    =       0
     dielc   =   1.00000, cut     =  12.00000, intdiel =   1.00000

Frozen or restrained atoms:
     ibelly  =       0, ntr     =       1
     restraint_wt =   2.00000

Molecular dynamics:
     nstlim  =     25000, nscm    =         0, nrespa  =         1
     t       =   0.00000, dt      =   0.00200, vlimit  =  20.00000

Langevin dynamics temperature regulation:
     ig      =  593762
     temp0   = 300.00000, tempi   =  10.00000, gamma_ln=   2.00000

SHAKE:
     ntc     =       2, jfastw  =       0
     tol     =   0.00001

NMR refinement options:
     iscale  =       0, noeskp  =       1, ipnlty  =       1, mxsub   =       1
     scalm   = 100.00000, pencut  =   0.10000, tausw   =   0.10000

| Intermolecular bonds treatment:
|     no_intermolecular_bonds =       1

| Energy averages sample interval:
|     ene_avg_sampling =     500

Ewald parameters:
     verbose =       0, ew_type =       0, nbflag  =       1, use_pme =       1
     vdwmeth =       1, eedmeth =       1, netfrc  =       1
     Box X =   65.419   Box Y =   75.345   Box Z =   77.685
     Alpha =   90.000   Beta  =   90.000   Gamma =   90.000
     NFFT1 =   72       NFFT2 =   80       NFFT3 =   80
     Cutoff=   12.000   Tol   =0.100E-04
     Ewald Coefficient =  0.22664
     Interpolation order =    4

| PMEMD ewald parallel performance parameters:
|     block_fft =    1
|     fft_blk_y_divisor =    4
|     excl_recip =    0
|     excl_master =    0
|     atm_redist_freq =  320

    LOADING THE CONSTRAINED ATOMS AS GROUPS


   5.  REFERENCE ATOM COORDINATES

  default_name                                                                    
     Mask :1-118; matches  2037 atoms

--------------------------------------------------------------------------------
   3.  ATOMIC COORDINATES AND VELOCITIES
--------------------------------------------------------------------------------

default_name                                                                    
 begin time read from input coords =     0.000 ps



           Begin reading energy term weight changes/NMR restraints
 WEIGHT CHANGES:
 TEMP0         0  25000    0.100000  300.000000      0      0

 RESTRAINTS:
                          ** No restraint defined **

                  Done reading weight changes/NMR restraints


 
 Number of triangulated 3-point waters found:     9492

     Sum of charges from parm topology file =   0.00400194
     Forcing neutrality...

| Dynamic Memory, Types Used:
| Reals             1435802
| Integers          1088095

| Nonbonded Pairs Initial Allocation:      450720

| Running AMBER/MPI version on   84 MPI task

 
--------------------------------------------------------------------------------
   4.  RESULTS
--------------------------------------------------------------------------------

 ---------------------------------------------------
 APPROXIMATING switch and d/dx switch using CUBIC SPLINE INTERPOLATION
 using   5000.0 points per unit in tabled values
 TESTING RELATIVE ERROR over r ranging from 0.0 to cutoff
| CHECK switch(x): max rel err =   0.3316E-14   at   2.351880
| CHECK d/dx switch(x): max rel err =   0.7963E-11   at   2.712040
 ---------------------------------------------------
|---------------------------------------------------
| APPROXIMATING direct energy using CUBIC SPLINE INTERPOLATION
|  with   50.0 points per unit in tabled values
| Relative Error Limit not exceeded for r .gt.   2.27
| APPROXIMATING direct force using CUBIC SPLINE INTERPOLATION
|  with   50.0 points per unit in tabled values
| Relative Error Limit not exceeded for r .gt.   2.78
|---------------------------------------------------

 NSTEP =        0   TIME(PS) =       0.000  TEMP(K) =    14.75  PRESS =     0.0
 Etot   =   -135096.4731  EKtot   =       909.4272  EPtot      =   -136005.9003
 BOND   =        63.7718  ANGLE   =       223.6903  DIHED      =      1442.2972
 1-4 NB =       424.1776  1-4 EEL =      4385.4223  VDWAALS    =     28636.5125
 EELEC  =   -171181.7720  EHBOND  =         0.0000  RESTRAINT  =         0.0000
 Ewald error estimate:   0.7729E-04
 ------------------------------------------------------------------------------

 NMR restraints: Bond =    0.000   Angle =     0.000   Torsion =     0.000
===============================================================================

 NSTEP =      500   TIME(PS) =       1.000  TEMP(K) =     6.57  PRESS =     0.0
 Etot   =   -115691.1033  EKtot   =       404.7601  EPtot      =   -116095.8634
 BOND   =        67.7085  ANGLE   =       236.1252  DIHED      =      1443.0218
 1-4 NB =       423.5017  1-4 EEL =      4379.8123  VDWAALS    =     22117.5637
 EELEC  =   -144773.2985  EHBOND  =         0.0000  RESTRAINT  =         9.7019
 EAMBER (non-restraint)  =   -116105.5653
 Ewald error estimate:   0.1803E-03
 ------------------------------------------------------------------------------

 NMR restraints: Bond =    0.000   Angle =     0.000   Torsion =     0.000
===============================================================================

 NSTEP =     1000   TIME(PS) =       2.000  TEMP(K) =    10.42  PRESS =     0.0
 Etot   =   -115470.4874  EKtot   =       642.5297  EPtot      =   -116113.0171
 BOND   =        72.2654  ANGLE   =       246.7897  DIHED      =      1446.2687
 1-4 NB =       428.9761  1-4 EEL =      4380.1062  VDWAALS    =     22129.7668
 EELEC  =   -144833.3192  EHBOND  =         0.0000  RESTRAINT  =        16.1292
 EAMBER (non-restraint)  =   -116129.1463
 Ewald error estimate:   0.1079E-03
 ------------------------------------------------------------------------------

 NMR restraints: Bond =    0.000   Angle =     0.000   Torsion =     0.000
===============================================================================

 NSTEP =     1500   TIME(PS) =       3.000  TEMP(K) =    15.77  PRESS =     0.0
 Etot   =   -114968.4382  EKtot   =       972.1171  EPtot      =   -115940.5553
 BOND   =        79.3710  ANGLE   =       260.0214  DIHED      =      1448.9660
 1-4 NB =       431.4114  1-4 EEL =      4375.7304  VDWAALS    =     22076.4228
 EELEC  =   -144634.9914  EHBOND  =         0.0000  RESTRAINT  =        22.5132
 EAMBER (non-restraint)  =   -115963.0684
 Ewald error estimate:   0.1418E-03
 ------------------------------------------------------------------------------

 NMR restraints: Bond =    0.000   Angle =     0.000   Torsion =     0.000
===============================================================================

 NSTEP =     2000   TIME(PS) =       4.000  TEMP(K) =    21.43  PRESS =     0.0
 Etot   =   -114356.7035  EKtot   =      1321.0815  EPtot      =   -115677.7850
 BOND   =        82.0962  ANGLE   =       276.0559  DIHED      =      1456.0978
 1-4 NB =       430.8170  1-4 EEL =      4376.8195  VDWAALS    =     21917.6219
 EELEC  =   -144240.6913  EHBOND  =         0.0000  RESTRAINT  =        23.3980
 EAMBER (non-restraint)  =   -115701.1830
 Ewald error estimate:   0.1760E-03
 ------------------------------------------------------------------------------

 NMR restraints: Bond =    0.000   Angle =     0.000   Torsion =     0.000
===============================================================================

 NSTEP =     2500   TIME(PS) =       5.000  TEMP(K) =    27.60  PRESS =     0.0
 Etot   =   -113672.5929  EKtot   =      1701.7330  EPtot      =   -115374.3259
 BOND   =        88.0847  ANGLE   =       294.2678  DIHED      =      1459.4985
 1-4 NB =       431.9579  1-4 EEL =      4383.1309  VDWAALS    =     21801.0622
 EELEC  =   -143862.0407  EHBOND  =         0.0000  RESTRAINT  =        29.7128
 EAMBER (non-restraint)  =   -115404.0388
 Ewald error estimate:   0.2028E-03
 ------------------------------------------------------------------------------

 NMR restraints: Bond =    0.000   Angle =     0.000   Torsion =     0.000
===============================================================================

 NSTEP =     3000   TIME(PS) =       6.000  TEMP(K) =    33.29  PRESS =     0.0
 Etot   =   -113020.4749  EKtot   =      2052.3377  EPtot      =   -115072.8126
 BOND   =        95.6126  ANGLE   =       295.9207  DIHED      =      1465.7899
 1-4 NB =       434.2858  1-4 EEL =      4389.4985  VDWAALS    =     21637.6971
 EELEC  =   -143424.5486  EHBOND  =         0.0000  RESTRAINT  =        32.9316
 EAMBER (non-restraint)  =   -115105.7442
 Ewald error estimate:   0.1981E-03
 ------------------------------------------------------------------------------

 NMR restraints: Bond =    0.000   Angle =     0.000   Torsion =     0.000
===============================================================================

 NSTEP =     3500   TIME(PS) =       7.000  TEMP(K) =    39.32  PRESS =     0.0
 Etot   =   -112391.7337  EKtot   =      2423.8607  EPtot      =   -114815.5944
 BOND   =       110.1146  ANGLE   =       317.2813  DIHED      =      1465.0834
 1-4 NB =       428.2004  1-4 EEL =      4377.3781  VDWAALS    =     21475.2140
 EELEC  =   -143025.0661  EHBOND  =         0.0000  RESTRAINT  =        36.1999
 EAMBER (non-restraint)  =   -114851.7943
 Ewald error estimate:   0.9999E-05
 ------------------------------------------------------------------------------

 NMR restraints: Bond =    0.000   Angle =     0.000   Torsion =     0.000
===============================================================================

 NSTEP =     4000   TIME(PS) =       8.000  TEMP(K) =    45.53  PRESS =     0.0
 Etot   =   -111766.7667  EKtot   =      2806.9387  EPtot      =   -114573.7054
 BOND   =       115.2943  ANGLE   =       337.9343  DIHED      =      1473.1699
 1-4 NB =       427.0821  1-4 EEL =      4371.1125  VDWAALS    =     21393.9899
 EELEC  =   -142732.0869  EHBOND  =         0.0000  RESTRAINT  =        39.7986
 EAMBER (non-restraint)  =   -114613.5040
 Ewald error estimate:   0.1372E-03
 ------------------------------------------------------------------------------

 NMR restraints: Bond =    0.000   Angle =     0.000   Torsion =     0.000
===============================================================================

 NSTEP =     4500   TIME(PS) =       9.000  TEMP(K) =    52.00  PRESS =     0.0
 Etot   =   -111143.6501  EKtot   =      3206.0595  EPtot      =   -114349.7096
 BOND   =       118.0889  ANGLE   =       349.7155  DIHED      =      1474.7830
 1-4 NB =       437.2710  1-4 EEL =      4386.4955  VDWAALS    =     21157.5099
 EELEC  =   -142313.9792  EHBOND  =         0.0000  RESTRAINT  =        40.4056
 EAMBER (non-restraint)  =   -114390.1152
 Ewald error estimate:   0.1563E-03
 ------------------------------------------------------------------------------

 NMR restraints: Bond =    0.000   Angle =     0.000   Torsion =     0.000
===============================================================================

 NSTEP =     5000   TIME(PS) =      10.000  TEMP(K) =    57.55  PRESS =     0.0
 Etot   =   -110595.5875  EKtot   =      3548.0171  EPtot      =   -114143.6046
 BOND   =       124.0073  ANGLE   =       361.7369  DIHED      =      1478.3358
 1-4 NB =       432.6747  1-4 EEL =      4373.1499  VDWAALS    =     21147.1135
 EELEC  =   -142105.8922  EHBOND  =         0.0000  RESTRAINT  =        45.2695
 EAMBER (non-restraint)  =   -114188.8741
 Ewald error estimate:   0.8764E-04
 ------------------------------------------------------------------------------

 NMR restraints: Bond =    0.000   Angle =     0.000   Torsion =     0.000
===============================================================================

 NSTEP =     5500   TIME(PS) =      11.000  TEMP(K) =    63.24  PRESS =     0.0
 Etot   =   -109896.7271  EKtot   =      3898.8713  EPtot      =   -113795.5983
 BOND   =       132.7677  ANGLE   =       369.3554  DIHED      =      1482.4333
 1-4 NB =       433.5774  1-4 EEL =      4389.9026  VDWAALS    =     20989.0072
 EELEC  =   -141639.0511  EHBOND  =         0.0000  RESTRAINT  =        46.4090
 EAMBER (non-restraint)  =   -113842.0073
 Ewald error estimate:   0.1959E-03
 ------------------------------------------------------------------------------

 NMR restraints: Bond =    0.000   Angle =     0.000   Torsion =     0.000
===============================================================================

 NSTEP =     6000   TIME(PS) =      12.000  TEMP(K) =    69.19  PRESS =     0.0
 Etot   =   -109256.2783  EKtot   =      4265.4830  EPtot      =   -113521.7612
 BOND   =       136.8710  ANGLE   =       388.7037  DIHED      =      1475.1903
 1-4 NB =       443.8653  1-4 EEL =      4389.2264  VDWAALS    =     20869.6582
 EELEC  =   -141283.6414  EHBOND  =         0.0000  RESTRAINT  =        58.3652
 EAMBER (non-restraint)  =   -113580.1265
 Ewald error estimate:   0.7534E-04
 ------------------------------------------------------------------------------

 NMR restraints: Bond =    0.000   Angle =     0.000   Torsion =     0.000
===============================================================================

 NSTEP =     6500   TIME(PS) =      13.000  TEMP(K) =    74.82  PRESS =     0.0
 Etot   =   -108595.4233  EKtot   =      4612.5969  EPtot      =   -113208.0203
 BOND   =       140.2445  ANGLE   =       407.7082  DIHED      =      1483.8462
 1-4 NB =       443.9988  1-4 EEL =      4386.7825  VDWAALS    =     20692.4914
 EELEC  =   -140821.3453  EHBOND  =         0.0000  RESTRAINT  =        58.2535
 EAMBER (non-restraint)  =   -113266.2737
 Ewald error estimate:   0.8883E-04
 ------------------------------------------------------------------------------

 NMR restraints: Bond =    0.000   Angle =     0.000   Torsion =     0.000
===============================================================================

 NSTEP =     7000   TIME(PS) =      14.000  TEMP(K) =    80.86  PRESS =     0.0
 Etot   =   -108061.3894  EKtot   =      4984.9806  EPtot      =   -113046.3700
 BOND   =       148.3931  ANGLE   =       414.0273  DIHED      =      1488.2973
 1-4 NB =       440.1211  1-4 EEL =      4380.8238  VDWAALS    =     20541.2037
 EELEC  =   -140522.4185  EHBOND  =         0.0000  RESTRAINT  =        63.1821
 EAMBER (non-restraint)  =   -113109.5521
 Ewald error estimate:   0.3660E-04
 ------------------------------------------------------------------------------

 NMR restraints: Bond =    0.000   Angle =     0.000   Torsion =     0.000
===============================================================================

 NSTEP =     7500   TIME(PS) =      15.000  TEMP(K) =    87.44  PRESS =     0.0
 Etot   =   -107339.7957  EKtot   =      5390.9220  EPtot      =   -112730.7177
 BOND   =       149.4984  ANGLE   =       429.5418  DIHED      =      1489.6221
 1-4 NB =       439.8785  1-4 EEL =      4390.3572  VDWAALS    =     20288.3895
 EELEC  =   -139980.3318  EHBOND  =         0.0000  RESTRAINT  =        62.3265
 EAMBER (non-restraint)  =   -112793.0443
 Ewald error estimate:   0.1139E-04
 ------------------------------------------------------------------------------

 NMR restraints: Bond =    0.000   Angle =     0.000   Torsion =     0.000
===============================================================================

 NSTEP =     8000   TIME(PS) =      16.000  TEMP(K) =    91.72  PRESS =     0.0
 Etot   =   -106731.0785  EKtot   =      5654.8079  EPtot      =   -112385.8864
 BOND   =       172.3464  ANGLE   =       447.4249  DIHED      =      1505.5103
 1-4 NB =       438.9261  1-4 EEL =      4376.2884  VDWAALS    =     20125.3457
 EELEC  =   -139527.4431  EHBOND  =         0.0000  RESTRAINT  =        75.7148
 EAMBER (non-restraint)  =   -112461.6012
 Ewald error estimate:   0.8624E-04
 ------------------------------------------------------------------------------

 NMR restraints: Bond =    0.000   Angle =     0.000   Torsion =     0.000
===============================================================================

 NSTEP =     8500   TIME(PS) =      17.000  TEMP(K) =   100.16  PRESS =     0.0
 Etot   =   -105880.9317  EKtot   =      6174.8302  EPtot      =   -112055.7620
 BOND   =       171.3702  ANGLE   =       450.7332  DIHED      =      1509.1578
 1-4 NB =       441.8904  1-4 EEL =      4397.2569  VDWAALS    =     20042.7925
 EELEC  =   -139143.1878  EHBOND  =         0.0000  RESTRAINT  =        74.2249
 EAMBER (non-restraint)  =   -112129.9869
 Ewald error estimate:   0.7450E-04
 ------------------------------------------------------------------------------

 NMR restraints: Bond =    0.000   Angle =     0.000   Torsion =     0.000
===============================================================================

 NSTEP =     9000   TIME(PS) =      18.000  TEMP(K) =   106.53  PRESS =     0.0
 Etot   =   -105160.9768  EKtot   =      6567.7079  EPtot      =   -111728.6847
 BOND   =       167.4672  ANGLE   =       477.9674  DIHED      =      1506.8308
 1-4 NB =       443.1555  1-4 EEL =      4397.4064  VDWAALS    =     19893.4904
 EELEC  =   -138700.9759  EHBOND  =         0.0000  RESTRAINT  =        85.9737
 EAMBER (non-restraint)  =   -111814.6584
 Ewald error estimate:   0.4943E-04
 ------------------------------------------------------------------------------

 NMR restraints: Bond =    0.000   Angle =     0.000   Torsion =     0.000
===============================================================================

 NSTEP =     9500   TIME(PS) =      19.000  TEMP(K) =   110.67  PRESS =     0.0
 Etot   =   -104699.8020  EKtot   =      6822.7758  EPtot      =   -111522.5778
 BOND   =       189.9947  ANGLE   =       492.3695  DIHED      =      1519.0708
 1-4 NB =       442.0564  1-4 EEL =      4366.2570  VDWAALS    =     19809.3766
 EELEC  =   -138422.9766  EHBOND  =         0.0000  RESTRAINT  =        81.2738
 EAMBER (non-restraint)  =   -111603.8516
 Ewald error estimate:   0.4262E-05
 ------------------------------------------------------------------------------

 NMR restraints: Bond =    0.000   Angle =     0.000   Torsion =     0.000
===============================================================================

 NSTEP =    10000   TIME(PS) =      20.000  TEMP(K) =   116.45  PRESS =     0.0
 Etot   =   -104028.1022  EKtot   =      7179.2003  EPtot      =   -111207.3025
 BOND   =       188.3312  ANGLE   =       489.7471  DIHED      =      1499.0128
 1-4 NB =       446.8698  1-4 EEL =      4374.5166  VDWAALS    =     19600.1079
 EELEC  =   -137889.7102  EHBOND  =         0.0000  RESTRAINT  =        83.8222
 EAMBER (non-restraint)  =   -111291.1248
 Ewald error estimate:   0.4549E-04
 ------------------------------------------------------------------------------

 NMR restraints: Bond =    0.000   Angle =     0.000   Torsion =     0.000
===============================================================================

 NSTEP =    10500   TIME(PS) =      21.000  TEMP(K) =   122.90  PRESS =     0.0
 Etot   =   -103220.7386  EKtot   =      7576.4665  EPtot      =   -110797.2051
 BOND   =       198.5927  ANGLE   =       513.5328  DIHED      =      1522.2035
 1-4 NB =       444.1936  1-4 EEL =      4384.0933  VDWAALS    =     19281.3584
 EELEC  =   -137232.8746  EHBOND  =         0.0000  RESTRAINT  =        91.6953
 EAMBER (non-restraint)  =   -110888.9004
 Ewald error estimate:   0.5948E-04
 ------------------------------------------------------------------------------

 NMR restraints: Bond =    0.000   Angle =     0.000   Torsion =     0.000
===============================================================================

 NSTEP =    11000   TIME(PS) =      22.000  TEMP(K) =   128.83  PRESS =     0.0
 Etot   =   -102421.7842  EKtot   =      7942.0844  EPtot      =   -110363.8687
 BOND   =       201.9638  ANGLE   =       548.9438  DIHED      =      1523.9449
 1-4 NB =       443.3348  1-4 EEL =      4365.4928  VDWAALS    =     19200.5253
 EELEC  =   -136740.5111  EHBOND  =         0.0000  RESTRAINT  =        92.4370
 EAMBER (non-restraint)  =   -110456.3057
 Ewald error estimate:   0.3021E-04
 ------------------------------------------------------------------------------

 NMR restraints: Bond =    0.000   Angle =     0.000   Torsion =     0.000
===============================================================================

 NSTEP =    11500   TIME(PS) =      23.000  TEMP(K) =   136.19  PRESS =     0.0
 Etot   =   -101656.9237  EKtot   =      8395.9529  EPtot      =   -110052.8766
 BOND   =       192.0005  ANGLE   =       568.0980  DIHED      =      1522.7126
 1-4 NB =       454.6391  1-4 EEL =      4389.3528  VDWAALS    =     19000.2373
 EELEC  =   -136276.1843  EHBOND  =         0.0000  RESTRAINT  =        96.2673
 EAMBER (non-restraint)  =   -110149.1439
 Ewald error estimate:   0.5782E-04
 ------------------------------------------------------------------------------

 NMR restraints: Bond =    0.000   Angle =     0.000   Torsion =     0.000
===============================================================================

 NSTEP =    12000   TIME(PS) =      24.000  TEMP(K) =   140.95  PRESS =     0.0
 Etot   =   -101058.3041  EKtot   =      8689.3771  EPtot      =   -109747.6812
 BOND   =       203.2900  ANGLE   =       570.0341  DIHED      =      1524.9130
 1-4 NB =       454.2136  1-4 EEL =      4391.8957  VDWAALS    =     18983.0018
 EELEC  =   -135976.7079  EHBOND  =         0.0000  RESTRAINT  =       101.6786
 EAMBER (non-restraint)  =   -109849.3598
 Ewald error estimate:   0.2106E-04
 ------------------------------------------------------------------------------

 NMR restraints: Bond =    0.000   Angle =     0.000   Torsion =     0.000
===============================================================================

 NSTEP =    12500   TIME(PS) =      25.000  TEMP(K) =   146.20  PRESS =     0.0
 Etot   =   -100323.2378  EKtot   =      9013.0634  EPtot      =   -109336.3012
 BOND   =       221.0589  ANGLE   =       592.2101  DIHED      =      1525.4526
 1-4 NB =       439.4689  1-4 EEL =      4362.4358  VDWAALS    =     18646.6050
 EELEC  =   -135229.3283  EHBOND  =         0.0000  RESTRAINT  =       105.7957
 EAMBER (non-restraint)  =   -109442.0970
 Ewald error estimate:   0.1150E-03
 ------------------------------------------------------------------------------

 NMR restraints: Bond =    0.000   Angle =     0.000   Torsion =     0.000
===============================================================================

 NSTEP =    13000   TIME(PS) =      26.000  TEMP(K) =   153.11  PRESS =     0.0
 Etot   =    -99467.6545  EKtot   =      9438.9865  EPtot      =   -108906.6410
 BOND   =       224.2017  ANGLE   =       595.7003  DIHED      =      1535.4484
 1-4 NB =       466.0797  1-4 EEL =      4394.3714  VDWAALS    =     18524.2128
 EELEC  =   -134752.6322  EHBOND  =         0.0000  RESTRAINT  =       105.9768
 EAMBER (non-restraint)  =   -109012.6178
 Ewald error estimate:   0.1245E-04
 ------------------------------------------------------------------------------

 NMR restraints: Bond =    0.000   Angle =     0.000   Torsion =     0.000
===============================================================================

 NSTEP =    13500   TIME(PS) =      27.000  TEMP(K) =   159.63  PRESS =     0.0
 Etot   =    -98612.1110  EKtot   =      9840.9327  EPtot      =   -108453.0437
 BOND   =       219.8430  ANGLE   =       636.6400  DIHED      =      1537.3830
 1-4 NB =       448.0648  1-4 EEL =      4373.4866  VDWAALS    =     18466.7637
 EELEC  =   -134240.5744  EHBOND  =         0.0000  RESTRAINT  =       105.3496
 EAMBER (non-restraint)  =   -108558.3933
 Ewald error estimate:   0.1663E-04
 ------------------------------------------------------------------------------

 NMR restraints: Bond =    0.000   Angle =     0.000   Torsion =     0.000
===============================================================================

 NSTEP =    14000   TIME(PS) =      28.000  TEMP(K) =   165.75  PRESS =     0.0
 Etot   =    -97869.3900  EKtot   =     10218.6828  EPtot      =   -108088.0727
 BOND   =       249.5230  ANGLE   =       640.0126  DIHED      =      1536.9501
 1-4 NB =       442.8828  1-4 EEL =      4373.1952  VDWAALS    =     17867.8782
 EELEC  =   -133315.9165  EHBOND  =         0.0000  RESTRAINT  =       117.4019
 EAMBER (non-restraint)  =   -108205.4746
 Ewald error estimate:   0.1406E-03
 ------------------------------------------------------------------------------

 NMR restraints: Bond =    0.000   Angle =     0.000   Torsion =     0.000
===============================================================================

 NSTEP =    14500   TIME(PS) =      29.000  TEMP(K) =   171.53  PRESS =     0.0
 Etot   =    -97133.7685  EKtot   =     10574.8235  EPtot      =   -107708.5920
 BOND   =       236.8383  ANGLE   =       646.5109  DIHED      =      1540.6420
 1-4 NB =       472.7220  1-4 EEL =      4404.6539  VDWAALS    =     17787.7679
 EELEC  =   -132923.4855  EHBOND  =         0.0000  RESTRAINT  =       125.7586
 EAMBER (non-restraint)  =   -107834.3505
 Ewald error estimate:   0.4251E-04
 ------------------------------------------------------------------------------

 NMR restraints: Bond =    0.000   Angle =     0.000   Torsion =     0.000
===============================================================================

 NSTEP =    15000   TIME(PS) =      30.000  TEMP(K) =   175.58  PRESS =     0.0
 Etot   =    -96297.4024  EKtot   =     10824.1406  EPtot      =   -107121.5430
 BOND   =       252.0147  ANGLE   =       646.9334  DIHED      =      1532.3370
 1-4 NB =       461.2128  1-4 EEL =      4384.2260  VDWAALS    =     17957.5549
 EELEC  =   -132486.0306  EHBOND  =         0.0000  RESTRAINT  =       130.2087
 EAMBER (non-restraint)  =   -107251.7517
 Ewald error estimate:   0.1515E-03
 ------------------------------------------------------------------------------

 NMR restraints: Bond =    0.000   Angle =     0.000   Torsion =     0.000
===============================================================================

 NSTEP =    15500   TIME(PS) =      31.000  TEMP(K) =   183.44  PRESS =     0.0
 Etot   =    -95476.8807  EKtot   =     11309.0938  EPtot      =   -106785.9745
 BOND   =       238.2136  ANGLE   =       681.2072  DIHED      =      1544.3724
 1-4 NB =       464.8895  1-4 EEL =      4406.6977  VDWAALS    =     17585.4723
 EELEC  =   -131831.1774  EHBOND  =         0.0000  RESTRAINT  =       124.3502
 EAMBER (non-restraint)  =   -106910.3247
 Ewald error estimate:   0.1577E-03
 ------------------------------------------------------------------------------

 NMR restraints: Bond =    0.000   Angle =     0.000   Torsion =     0.000
===============================================================================

 NSTEP =    16000   TIME(PS) =      32.000  TEMP(K) =   189.24  PRESS =     0.0
 Etot   =    -94613.1258  EKtot   =     11666.6567  EPtot      =   -106279.7825
 BOND   =       264.4731  ANGLE   =       673.7824  DIHED      =      1546.8414
 1-4 NB =       462.3242  1-4 EEL =      4373.8448  VDWAALS    =     17467.6008
 EELEC  =   -131197.7199  EHBOND  =         0.0000  RESTRAINT  =       129.0709
 EAMBER (non-restraint)  =   -106408.8533
 Ewald error estimate:   0.7259E-04
 ------------------------------------------------------------------------------

 NMR restraints: Bond =    0.000   Angle =     0.000   Torsion =     0.000
===============================================================================

 NSTEP =    16500   TIME(PS) =      33.000  TEMP(K) =   195.24  PRESS =     0.0
 Etot   =    -93991.2280  EKtot   =     12036.3824  EPtot      =   -106027.6104
 BOND   =       279.3962  ANGLE   =       698.2341  DIHED      =      1554.0609
 1-4 NB =       461.0825  1-4 EEL =      4375.7085  VDWAALS    =     17202.0792
 EELEC  =   -130726.1540  EHBOND  =         0.0000  RESTRAINT  =       127.9821
 EAMBER (non-restraint)  =   -106155.5925
 Ewald error estimate:   0.2412E-04
 ------------------------------------------------------------------------------

 NMR restraints: Bond =    0.000   Angle =     0.000   Torsion =     0.000
===============================================================================

 NSTEP =    17000   TIME(PS) =      34.000  TEMP(K) =   199.17  PRESS =     0.0
 Etot   =    -92961.9412  EKtot   =     12278.8836  EPtot      =   -105240.8248
 BOND   =       285.2314  ANGLE   =       708.7980  DIHED      =      1545.3042
 1-4 NB =       453.3343  1-4 EEL =      4386.8507  VDWAALS    =     17018.0056
 EELEC  =   -129773.3359  EHBOND  =         0.0000  RESTRAINT  =       134.9869
 EAMBER (non-restraint)  =   -105375.8116
 Ewald error estimate:   0.5670E-04
 ------------------------------------------------------------------------------

 NMR restraints: Bond =    0.000   Angle =     0.000   Torsion =     0.000
===============================================================================

 NSTEP =    17500   TIME(PS) =      35.000  TEMP(K) =   205.37  PRESS =     0.0
 Etot   =    -92000.0043  EKtot   =     12661.2045  EPtot      =   -104661.2089
 BOND   =       281.9921  ANGLE   =       737.9793  DIHED      =      1542.4315
 1-4 NB =       463.0924  1-4 EEL =      4390.5032  VDWAALS    =     16849.2318
 EELEC  =   -129056.1179  EHBOND  =         0.0000  RESTRAINT  =       129.6787
 EAMBER (non-restraint)  =   -104790.8876
 Ewald error estimate:   0.1514E-04
 ------------------------------------------------------------------------------

 NMR restraints: Bond =    0.000   Angle =     0.000   Torsion =     0.000
===============================================================================

 NSTEP =    18000   TIME(PS) =      36.000  TEMP(K) =   212.16  PRESS =     0.0
 Etot   =    -90880.1114  EKtot   =     13079.7925  EPtot      =   -103959.9039
 BOND   =       303.9510  ANGLE   =       751.2138  DIHED      =      1556.8786
 1-4 NB =       463.7875  1-4 EEL =      4380.9858  VDWAALS    =     16435.5154
 EELEC  =   -127991.0696  EHBOND  =         0.0000  RESTRAINT  =       138.8334
 EAMBER (non-restraint)  =   -104098.7374
 Ewald error estimate:   0.5566E-04
 ------------------------------------------------------------------------------

 NMR restraints: Bond =    0.000   Angle =     0.000   Torsion =     0.000
===============================================================================

 NSTEP =    18500   TIME(PS) =      37.000  TEMP(K) =   218.45  PRESS =     0.0
 Etot   =    -89868.2086  EKtot   =     13467.1233  EPtot      =   -103335.3319
 BOND   =       296.0944  ANGLE   =       791.5480  DIHED      =      1555.0756
 1-4 NB =       453.5357  1-4 EEL =      4363.6394  VDWAALS    =     16123.2254
 EELEC  =   -127071.3399  EHBOND  =         0.0000  RESTRAINT  =       152.8895
 EAMBER (non-restraint)  =   -103488.2215
 Ewald error estimate:   0.1201E-03
 ------------------------------------------------------------------------------

 NMR restraints: Bond =    0.000   Angle =     0.000   Torsion =     0.000
===============================================================================

 NSTEP =    19000   TIME(PS) =      38.000  TEMP(K) =   222.00  PRESS =     0.0
 Etot   =    -88868.9369  EKtot   =     13686.2233  EPtot      =   -102555.1602
 BOND   =       280.2172  ANGLE   =       749.6108  DIHED      =      1555.4453
 1-4 NB =       471.5618  1-4 EEL =      4432.5744  VDWAALS    =     15791.5932
 EELEC  =   -125969.6839  EHBOND  =         0.0000  RESTRAINT  =       133.5211
 EAMBER (non-restraint)  =   -102688.6812
 Ewald error estimate:   0.1156E-03
 ------------------------------------------------------------------------------

 NMR restraints: Bond =    0.000   Angle =     0.000   Torsion =     0.000
===============================================================================

 NSTEP =    19500   TIME(PS) =      39.000  TEMP(K) =   229.82  PRESS =     0.0
 Etot   =    -87814.3089  EKtot   =     14168.1575  EPtot      =   -101982.4664
 BOND   =       317.0680  ANGLE   =       770.9753  DIHED      =      1554.9301
 1-4 NB =       466.7868  1-4 EEL =      4413.4143  VDWAALS    =     15469.4599
 EELEC  =   -125109.4479  EHBOND  =         0.0000  RESTRAINT  =       134.3472
 EAMBER (non-restraint)  =   -102116.8136
 Ewald error estimate:   0.1309E-03
 ------------------------------------------------------------------------------

 NMR restraints: Bond =    0.000   Angle =     0.000   Torsion =     0.000
===============================================================================

 NSTEP =    20000   TIME(PS) =      40.000  TEMP(K) =   236.42  PRESS =     0.0
 Etot   =    -86607.9611  EKtot   =     14575.1288  EPtot      =   -101183.0900
 BOND   =       340.5291  ANGLE   =       805.9915  DIHED      =      1582.1181
 1-4 NB =       457.8057  1-4 EEL =      4366.4821  VDWAALS    =     15202.5260
 EELEC  =   -124102.4620  EHBOND  =         0.0000  RESTRAINT  =       163.9196
 EAMBER (non-restraint)  =   -101347.0096
 Ewald error estimate:   0.2589E-04
 ------------------------------------------------------------------------------

 NMR restraints: Bond =    0.000   Angle =     0.000   Torsion =     0.000
===============================================================================

 NSTEP =    20500   TIME(PS) =      41.000  TEMP(K) =   242.44  PRESS =     0.0
 Etot   =    -85500.5414  EKtot   =     14946.2631  EPtot      =   -100446.8045
 BOND   =       338.0856  ANGLE   =       842.4454  DIHED      =      1575.6505
 1-4 NB =       469.4656  1-4 EEL =      4398.1904  VDWAALS    =     14810.3812
 EELEC  =   -123030.6348  EHBOND  =         0.0000  RESTRAINT  =       149.6116
 EAMBER (non-restraint)  =   -100596.4161
 Ewald error estimate:   0.1169E-03
 ------------------------------------------------------------------------------

 NMR restraints: Bond =    0.000   Angle =     0.000   Torsion =     0.000
===============================================================================

 NSTEP =    21000   TIME(PS) =      42.000  TEMP(K) =   247.14  PRESS =     0.0
 Etot   =    -84392.0388  EKtot   =     15236.0178  EPtot      =    -99628.0566
 BOND   =       325.1747  ANGLE   =       828.1244  DIHED      =      1604.5727
 1-4 NB =       461.6485  1-4 EEL =      4359.5497  VDWAALS    =     14664.6188
 EELEC  =   -122034.9078  EHBOND  =         0.0000  RESTRAINT  =       163.1625
 EAMBER (non-restraint)  =    -99791.2191
 Ewald error estimate:   0.2528E-04
 ------------------------------------------------------------------------------

 NMR restraints: Bond =    0.000   Angle =     0.000   Torsion =     0.000
===============================================================================

 NSTEP =    21500   TIME(PS) =      43.000  TEMP(K) =   253.35  PRESS =     0.0
 Etot   =    -82865.1648  EKtot   =     15618.8369  EPtot      =    -98484.0017
 BOND   =       348.4074  ANGLE   =       832.1707  DIHED      =      1582.3102
 1-4 NB =       462.3540  1-4 EEL =      4363.5750  VDWAALS    =     14122.9707
 EELEC  =   -120343.9164  EHBOND  =         0.0000  RESTRAINT  =       148.1266
 EAMBER (non-restraint)  =    -98632.1284
 Ewald error estimate:   0.7737E-05
 ------------------------------------------------------------------------------

 NMR restraints: Bond =    0.000   Angle =     0.000   Torsion =     0.000
===============================================================================

 NSTEP =    22000   TIME(PS) =      44.000  TEMP(K) =   258.53  PRESS =     0.0
 Etot   =    -81758.0809  EKtot   =     15938.3876  EPtot      =    -97696.4686
 BOND   =       359.3501  ANGLE   =       868.8040  DIHED      =      1584.0018
 1-4 NB =       467.5828  1-4 EEL =      4356.7283  VDWAALS    =     14266.9200
 EELEC  =   -119764.3354  EHBOND  =         0.0000  RESTRAINT  =       164.4797
 EAMBER (non-restraint)  =    -97860.9483
 Ewald error estimate:   0.6170E-04
 ------------------------------------------------------------------------------

 NMR restraints: Bond =    0.000   Angle =     0.000   Torsion =     0.000
===============================================================================

 NSTEP =    22500   TIME(PS) =      45.000  TEMP(K) =   266.58  PRESS =     0.0
 Etot   =    -80637.5723  EKtot   =     16434.4261  EPtot      =    -97071.9983
 BOND   =       333.8061  ANGLE   =       865.7189  DIHED      =      1578.7700
 1-4 NB =       457.8394  1-4 EEL =      4399.2124  VDWAALS    =     13772.3089
 EELEC  =   -118649.7253  EHBOND  =         0.0000  RESTRAINT  =       170.0713
 EAMBER (non-restraint)  =    -97242.0697
 Ewald error estimate:   0.8372E-04
 ------------------------------------------------------------------------------

 NMR restraints: Bond =    0.000   Angle =     0.000   Torsion =     0.000
===============================================================================

 NSTEP =    23000   TIME(PS) =      46.000  TEMP(K) =   270.82  PRESS =     0.0
 Etot   =    -79539.3886  EKtot   =     16695.9586  EPtot      =    -96235.3471
 BOND   =       333.4347  ANGLE   =       858.5866  DIHED      =      1582.4063
 1-4 NB =       474.7810  1-4 EEL =      4405.4469  VDWAALS    =     13209.9323
 EELEC  =   -117277.4675  EHBOND  =         0.0000  RESTRAINT  =       177.5325
 EAMBER (non-restraint)  =    -96412.8796
 Ewald error estimate:   0.5346E-04
 ------------------------------------------------------------------------------

 NMR restraints: Bond =    0.000   Angle =     0.000   Torsion =     0.000
===============================================================================

 NSTEP =    23500   TIME(PS) =      47.000  TEMP(K) =   278.79  PRESS =     0.0
 Etot   =    -78030.7442  EKtot   =     17187.0048  EPtot      =    -95217.7490
 BOND   =       336.1612  ANGLE   =       912.9359  DIHED      =      1596.3132
 1-4 NB =       475.6306  1-4 EEL =      4356.4870  VDWAALS    =     13180.7850
 EELEC  =   -116247.1755  EHBOND  =         0.0000  RESTRAINT  =       171.1135
 EAMBER (non-restraint)  =    -95388.8626
 Ewald error estimate:   0.1391E-03
 ------------------------------------------------------------------------------

 NMR restraints: Bond =    0.000   Angle =     0.000   Torsion =     0.000
===============================================================================

 NSTEP =    24000   TIME(PS) =      48.000  TEMP(K) =   284.94  PRESS =     0.0
 Etot   =    -76566.9137  EKtot   =     17566.2644  EPtot      =    -94133.1780
 BOND   =       351.7001  ANGLE   =       908.8905  DIHED      =      1587.2732
 1-4 NB =       471.3481  1-4 EEL =      4411.2624  VDWAALS    =     12856.5094
 EELEC  =   -114912.5713  EHBOND  =         0.0000  RESTRAINT  =       192.4096
 EAMBER (non-restraint)  =    -94325.5877
 Ewald error estimate:   0.7980E-05
 ------------------------------------------------------------------------------

 NMR restraints: Bond =    0.000   Angle =     0.000   Torsion =     0.000
===============================================================================

 NSTEP =    24500   TIME(PS) =      49.000  TEMP(K) =   288.07  PRESS =     0.0
 Etot   =    -75794.8793  EKtot   =     17759.5283  EPtot      =    -93554.4076
 BOND   =       369.2150  ANGLE   =       974.6629  DIHED      =      1595.1347
 1-4 NB =       462.5104  1-4 EEL =      4347.8594  VDWAALS    =     12375.1704
 EELEC  =   -113867.4636  EHBOND  =         0.0000  RESTRAINT  =       188.5032
 EAMBER (non-restraint)  =    -93742.9108
 Ewald error estimate:   0.9081E-04
 ------------------------------------------------------------------------------

 NMR restraints: Bond =    0.000   Angle =     0.000   Torsion =     0.000
===============================================================================

 NSTEP =    25000   TIME(PS) =      50.000  TEMP(K) =   295.86  PRESS =     0.0
 Etot   =    -74564.8566  EKtot   =     18239.9566  EPtot      =    -92804.8133
 BOND   =       366.5186  ANGLE   =       955.2369  DIHED      =      1606.5272
 1-4 NB =       470.6847  1-4 EEL =      4396.3824  VDWAALS    =     12302.2523
 EELEC  =   -113106.5839  EHBOND  =         0.0000  RESTRAINT  =       204.1684
 EAMBER (non-restraint)  =    -93008.9817
 Ewald error estimate:   0.1532E-03
 ------------------------------------------------------------------------------

 NMR restraints: Bond =    0.000   Angle =     0.000   Torsion =     0.000
===============================================================================

      A V E R A G E S   O V E R      50 S T E P S


 NSTEP =    25000   TIME(PS) =      50.000  TEMP(K) =   149.78  PRESS =     0.0
 Etot   =    -98270.4449  EKtot   =      9233.9482  EPtot      =   -107504.3931
 BOND   =       221.9655  ANGLE   =       590.3792  DIHED      =      1526.0478
 1-4 NB =       450.7875  1-4 EEL =      4383.0130  VDWAALS    =     18122.5658
 EELEC  =   -132902.2906  EHBOND  =         0.0000  RESTRAINT  =       103.1387
 EAMBER (non-restraint)  =   -107607.5318
 Ewald error estimate:   0.8455E-04
 ------------------------------------------------------------------------------

 NMR restraints: Bond =    0.000   Angle =     0.000   Torsion =     0.000
===============================================================================

      R M S  F L U C T U A T I O N S


 NSTEP =    25000   TIME(PS) =      50.000  TEMP(K) =    85.77  PRESS =     0.0
 Etot   =     11996.8271  EKtot   =      5287.6927  EPtot      =      6787.2364
 BOND   =        91.5540  ANGLE   =       213.0533  DIHED      =        45.8121
 1-4 NB =        14.7883  1-4 EEL =        16.3541  VDWAALS    =      2932.3926
 EELEC  =      9309.5060  EHBOND  =         0.0000  RESTRAINT  =        51.9039
 EAMBER (non-restraint)  =      6735.3325
 Ewald error estimate:   0.5806E-04
 ------------------------------------------------------------------------------


 NMR restraints on final step:

--------------------------------------------------------------------------------
   5.  TIMINGS
--------------------------------------------------------------------------------

|  NonSetup CPU Time in Major Routines, Average for All Tasks:
|
|     Routine           Sec        %
|     ------------------------------
|     DataDistrib      60.93   41.49
|     Nonbond          80.58   54.87
|     Bond              0.04    0.03
|     Angle             0.19    0.13
|     Dihedral          0.56    0.38
|     Shake             0.27    0.18
|     RunMD             4.17    2.84
|     Other             0.12    0.08
|     ------------------------------
|     Total           146.85

|  PME Nonbond Pairlist CPU Time, Average for All Tasks:
|
|     Routine              Sec        %
|     ---------------------------------
|     Set Up Cit           1.06    0.72
|     Build List           4.91    3.34
|     ---------------------------------
|     Total                5.97    4.07

|  PME Direct Force CPU Time, Average for All Tasks:
|
|     Routine              Sec        %
|     ---------------------------------
|     NonBonded Calc      50.90   34.66
|     Exclude Masked       0.80    0.54
|     Other                5.68    3.87
|     ---------------------------------
|     Total               57.38   39.08

|  PME Reciprocal Force CPU Time, Average for All Tasks:
|
|     Routine              Sec        %
|     ---------------------------------
|     1D bspline           1.53    1.04
|     Grid Charges         1.33    0.90
|     Scalar Sum           0.12    0.08
|     Gradient Sum         1.33    0.91
|     FFT                 12.74    8.67
|     ---------------------------------
|     Total               17.05   11.61

|  PME Load Balancing CPU Time, Average for All Tasks:
|
|     Routine                 Sec        %
|     ------------------------------------
|     Atom Reassign           0.01    0.01
|     Image Reassign          0.03    0.02
|     FFT Reassign            0.00    0.00
|     ------------------------------------
|     Total                   0.04    0.03

|  Final Performance Info:
|     -----------------------------------------------------
|     Average timings for last    4000 steps:
|     Elapsed(s) =      25.80 Per Step(ms) =       6.45
|         ns/day =      26.79   seconds/ns =    3224.81
|
|     Average timings for all steps:
|     Elapsed(s) =     148.56 Per Step(ms) =       5.94
|         ns/day =      29.08   seconds/ns =    2971.20
|     -----------------------------------------------------

|  Master Setup CPU time:            0.57 seconds
|  Master NonSetup CPU time:       147.05 seconds
|  Master Total CPU time:          147.62 seconds     0.04 hours

|  Master Setup wall time:           1    seconds
|  Master NonSetup wall time:      148    seconds
|  Master Total wall time:         149    seconds     0.04 hours
