
  unknown flag: –O                                                                                                                                                                                                                                                            

  usage: pmemd  [-O] -i mdin -o mdout -p prmtop -c inpcrd -r restrt
              [-ref refc -x mdcrd -v mdvel -frc mdfrc -e mden -inf mdinfo -l logfile]
              [-ng numgroups -groupfile groupfile -rem remd_method]
              [-amd amdlog_name -gamd gamdlog_name -scaledMD scaledMDlog_name -suffix output_files_suffix]

--------------------------------------------------------------------------
MPI_ABORT was invoked on rank 0 in communicator MPI_COMM_WORLD
with errorcode 1.

NOTE: invoking MPI_ABORT causes Open MPI to kill all MPI processes.
You may or may not see output from other processes, depending on
exactly when Open MPI kills them.
--------------------------------------------------------------------------

  unknown flag: –O                                                                                                                                                                                                                                                            

  usage: pmemd  [-O] -i mdin -o mdout -p prmtop -c inpcrd -r restrt
              [-ref refc -x mdcrd -v mdvel -frc mdfrc -e mden -inf mdinfo -l logfile]
              [-ng numgroups -groupfile groupfile -rem remd_method]
              [-amd amdlog_name -gamd gamdlog_name -scaledMD scaledMDlog_name -suffix output_files_suffix]

--------------------------------------------------------------------------
MPI_ABORT was invoked on rank 0 in communicator MPI_COMM_WORLD
with errorcode 1.

NOTE: invoking MPI_ABORT causes Open MPI to kill all MPI processes.
You may or may not see output from other processes, depending on
exactly when Open MPI kills them.
--------------------------------------------------------------------------
