
          -------------------------------------------------------
          Amber 16 PMEMD                              2016
          -------------------------------------------------------

| PMEMD implementation of SANDER, Release 16

| Run on 12/15/2017 at 02:10:27

|   Executable path: pmemd.MPI
| Working directory: /scratch/kfd233/final_project/CompChemFinal/min_mod_102/equ
|          Hostname: c07-04

  [-O]verwriting output

File Assignments:
|   MDIN: heat.in                                                               
|  MDOUT: heat.out                                                              
| INPCRD: min_all.rst                                                           
|   PARM: 5j0d_mod_sol.prmtop                                                   
| RESTRT: heat.rst                                                              
|   REFC: min_all.rst                                                           
|  MDVEL: mdvel                                                                 
|   MDEN: mden                                                                  
|  MDCRD: heat.mdcrd                                                            
| MDINFO: mdinfo                                                                
|LOGFILE: logfile                                                               
|  MDFRC: mdfrc                                                                 

 
 Here is the input file:
 
#  Heating of protein from 10K to 300K with weak restraints and constant volume
                                                                               
&cntrl                                                                         
imin = 0,                                                                      
irest = 0,                                                                     
ntx = 1,                                                                       
ig = -1,                                                                       
nstlim = 25000,                                                                
dt = 0.002,                                                                    
ntc = 2,                                                                       
ntf = 2,                                                                       
cut = 12.0,                                                                    
ntb = 1,                                                                       
ntpr = 500,                                                                    
ntwx = 500,                                                                    
ntt = 3,                                                                       
gamma_ln = 2.0,                                                                
tempi = 10.0,                                                                  
temp0 = 300.0,                                                                 
ntr = 1,                                                                       
restraintmask = ':1-118',                                                      
restraint_wt = 2.0,                                                            
nmropt = 1,                                                                    
ioutfm = 1,                                                                    
/                                                                              
&wt TYPE='TEMP0', istep1=0, istep2=25000,                                      
value1=0.1, value2=300.0, /                                                    
&wt TYPE='END' /                                                               
                                                                               
                                                                               


Note: ig = -1. Setting random seed to   994461 based on wallclock time in
      microseconds and disabling the synchronization of random numbers 
      between tasks to improve performance.
 
 
| Conditional Compilation Defines Used:
| MPI
| PUBFFT
| BINTRAJ
| MKL
| EMIL
 
| Largest sphere to fit in unit cell has radius =    32.709

| New format PARM file being parsed.
| Version =    1.000 Date = 12/14/17 Time = 23:36:34

| Note: 1-4 EEL scale factors are being read from the topology file.

| Note: 1-4 VDW scale factors are being read from the topology file.
| Duplicated    0 dihedrals

| Duplicated    0 dihedrals

--------------------------------------------------------------------------------
   1.  RESOURCE   USE: 
--------------------------------------------------------------------------------

 getting box info from netcdf restart file
 NATOM  =   30513 NTYPES =      26 NBONH =   29492 MBONA  =    1051
 NTHETH =    2326 MTHETA =    1426 NPHIH =    4634 MPHIA  =    4385
 NHPARM =       0 NPARM  =       0 NNB   =   49308 NRES   =    9610
 NBONA  =    1051 NTHETA =    1426 NPHIA =    4385 NUMBND =      80
 NUMANG =     178 NPTRA  =     203 NATYP =      44 NPHB   =       1
 IFBOX  =       1 NMXRS  =      68 IFCAP =       0 NEXTRA =       0
 NCOPY  =       0

| Coordinate Index Table dimensions:     9   10   11
| Direct force subcell size =     7.2688    7.5345    7.0623

     BOX TYPE: RECTILINEAR

--------------------------------------------------------------------------------
   2.  CONTROL  DATA  FOR  THE  RUN
--------------------------------------------------------------------------------

default_name                                                                    

General flags:
     imin    =       0, nmropt  =       1

Nature and format of input:
     ntx     =       1, irest   =       0, ntrx    =       1

Nature and format of output:
     ntxo    =       2, ntpr    =     500, ntrx    =       1, ntwr    =   25000
     iwrap   =       0, ntwx    =     500, ntwv    =       0, ntwe    =       0
     ioutfm  =       1, ntwprt  =       0, idecomp =       0, rbornstat=      0

Potential function:
     ntf     =       2, ntb     =       1, igb     =       0, nsnb    =      25
     ipol    =       0, gbsa    =       0, iesp    =       0
     dielc   =   1.00000, cut     =  12.00000, intdiel =   1.00000

Frozen or restrained atoms:
     ibelly  =       0, ntr     =       1
     restraint_wt =   2.00000

Molecular dynamics:
     nstlim  =     25000, nscm    =         0, nrespa  =         1
     t       =   0.00000, dt      =   0.00200, vlimit  =  20.00000

Langevin dynamics temperature regulation:
     ig      =  994461
     temp0   = 300.00000, tempi   =  10.00000, gamma_ln=   2.00000

SHAKE:
     ntc     =       2, jfastw  =       0
     tol     =   0.00001

NMR refinement options:
     iscale  =       0, noeskp  =       1, ipnlty  =       1, mxsub   =       1
     scalm   = 100.00000, pencut  =   0.10000, tausw   =   0.10000

| Intermolecular bonds treatment:
|     no_intermolecular_bonds =       1

| Energy averages sample interval:
|     ene_avg_sampling =     500

Ewald parameters:
     verbose =       0, ew_type =       0, nbflag  =       1, use_pme =       1
     vdwmeth =       1, eedmeth =       1, netfrc  =       1
     Box X =   65.419   Box Y =   75.345   Box Z =   77.685
     Alpha =   90.000   Beta  =   90.000   Gamma =   90.000
     NFFT1 =   72       NFFT2 =   80       NFFT3 =   80
     Cutoff=   12.000   Tol   =0.100E-04
     Ewald Coefficient =  0.22664
     Interpolation order =    4

| PMEMD ewald parallel performance parameters:
|     block_fft =    1
|     fft_blk_y_divisor =    4
|     excl_recip =    0
|     excl_master =    0
|     atm_redist_freq =  320

    LOADING THE CONSTRAINED ATOMS AS GROUPS


   5.  REFERENCE ATOM COORDINATES

  default_name                                                                    
     Mask :1-118; matches  2037 atoms

--------------------------------------------------------------------------------
   3.  ATOMIC COORDINATES AND VELOCITIES
--------------------------------------------------------------------------------

default_name                                                                    
 begin time read from input coords =     0.000 ps



           Begin reading energy term weight changes/NMR restraints
 WEIGHT CHANGES:
 TEMP0         0  25000    0.100000  300.000000      0      0

 RESTRAINTS:
                          ** No restraint defined **

                  Done reading weight changes/NMR restraints


 
 Number of triangulated 3-point waters found:     9492

     Sum of charges from parm topology file =   0.00400194
     Forcing neutrality...

| Dynamic Memory, Types Used:
| Reals             1435802
| Integers          1088095

| Nonbonded Pairs Initial Allocation:      450720

| Running AMBER/MPI version on   84 MPI task

 
--------------------------------------------------------------------------------
   4.  RESULTS
--------------------------------------------------------------------------------

 ---------------------------------------------------
 APPROXIMATING switch and d/dx switch using CUBIC SPLINE INTERPOLATION
 using   5000.0 points per unit in tabled values
 TESTING RELATIVE ERROR over r ranging from 0.0 to cutoff
| CHECK switch(x): max rel err =   0.3316E-14   at   2.351880
| CHECK d/dx switch(x): max rel err =   0.7963E-11   at   2.712040
 ---------------------------------------------------
|---------------------------------------------------
| APPROXIMATING direct energy using CUBIC SPLINE INTERPOLATION
|  with   50.0 points per unit in tabled values
| Relative Error Limit not exceeded for r .gt.   2.27
| APPROXIMATING direct force using CUBIC SPLINE INTERPOLATION
|  with   50.0 points per unit in tabled values
| Relative Error Limit not exceeded for r .gt.   2.78
|---------------------------------------------------

 NSTEP =        0   TIME(PS) =       0.000  TEMP(K) =    14.78  PRESS =     0.0
 Etot   =   -135094.6720  EKtot   =       911.2283  EPtot      =   -136005.9003
 BOND   =        63.7718  ANGLE   =       223.6903  DIHED      =      1442.2972
 1-4 NB =       424.1776  1-4 EEL =      4385.4223  VDWAALS    =     28636.5125
 EELEC  =   -171181.7720  EHBOND  =         0.0000  RESTRAINT  =         0.0000
 Ewald error estimate:   0.7729E-04
 ------------------------------------------------------------------------------

 NMR restraints: Bond =    0.000   Angle =     0.000   Torsion =     0.000
===============================================================================

 NSTEP =      500   TIME(PS) =       1.000  TEMP(K) =     6.41  PRESS =     0.0
 Etot   =   -115671.8201  EKtot   =       395.1921  EPtot      =   -116067.0123
 BOND   =        67.6972  ANGLE   =       233.9248  DIHED      =      1444.0018
 1-4 NB =       425.7150  1-4 EEL =      4381.1712  VDWAALS    =     22075.6790
 EELEC  =   -144704.7905  EHBOND  =         0.0000  RESTRAINT  =         9.5892
 EAMBER (non-restraint)  =   -116076.6015
 Ewald error estimate:   0.1973E-03
 ------------------------------------------------------------------------------

 NMR restraints: Bond =    0.000   Angle =     0.000   Torsion =     0.000
===============================================================================

 NSTEP =     1000   TIME(PS) =       2.000  TEMP(K) =    10.47  PRESS =     0.0
 Etot   =   -115437.2312  EKtot   =       645.6688  EPtot      =   -116082.9000
 BOND   =        72.8994  ANGLE   =       245.5444  DIHED      =      1444.9767
 1-4 NB =       426.9273  1-4 EEL =      4383.5397  VDWAALS    =     22082.1973
 EELEC  =   -144752.9802  EHBOND  =         0.0000  RESTRAINT  =        13.9954
 EAMBER (non-restraint)  =   -116096.8954
 Ewald error estimate:   0.6996E-04
 ------------------------------------------------------------------------------

 NMR restraints: Bond =    0.000   Angle =     0.000   Torsion =     0.000
===============================================================================

 NSTEP =     1500   TIME(PS) =       3.000  TEMP(K) =    15.77  PRESS =     0.0
 Etot   =   -114944.4258  EKtot   =       972.4485  EPtot      =   -115916.8743
 BOND   =        77.5699  ANGLE   =       261.2425  DIHED      =      1450.4113
 1-4 NB =       426.6220  1-4 EEL =      4377.7531  VDWAALS    =     22058.1584
 EELEC  =   -144586.8799  EHBOND  =         0.0000  RESTRAINT  =        18.2484
 EAMBER (non-restraint)  =   -115935.1227
 Ewald error estimate:   0.1318E-03
 ------------------------------------------------------------------------------

 NMR restraints: Bond =    0.000   Angle =     0.000   Torsion =     0.000
===============================================================================

 NSTEP =     2000   TIME(PS) =       4.000  TEMP(K) =    21.30  PRESS =     0.0
 Etot   =   -114351.0385  EKtot   =      1313.3784  EPtot      =   -115664.4169
 BOND   =        84.8885  ANGLE   =       274.6382  DIHED      =      1453.6883
 1-4 NB =       427.6931  1-4 EEL =      4386.1951  VDWAALS    =     21849.0863
 EELEC  =   -144163.7991  EHBOND  =         0.0000  RESTRAINT  =        23.1927
 EAMBER (non-restraint)  =   -115687.6096
 Ewald error estimate:   0.1480E-03
 ------------------------------------------------------------------------------

 NMR restraints: Bond =    0.000   Angle =     0.000   Torsion =     0.000
===============================================================================

 NSTEP =     2500   TIME(PS) =       5.000  TEMP(K) =    27.46  PRESS =     0.0
 Etot   =   -113719.6788  EKtot   =      1692.7819  EPtot      =   -115412.4607
 BOND   =        92.8857  ANGLE   =       289.1185  DIHED      =      1455.2269
 1-4 NB =       427.5666  1-4 EEL =      4387.7960  VDWAALS    =     21823.9802
 EELEC  =   -143914.7201  EHBOND  =         0.0000  RESTRAINT  =        25.6854
 EAMBER (non-restraint)  =   -115438.1461
 Ewald error estimate:   0.1353E-04
 ------------------------------------------------------------------------------

 NMR restraints: Bond =    0.000   Angle =     0.000   Torsion =     0.000
===============================================================================

 NSTEP =     3000   TIME(PS) =       6.000  TEMP(K) =    33.86  PRESS =     0.0
 Etot   =   -113070.5508  EKtot   =      2087.1521  EPtot      =   -115157.7029
 BOND   =       103.2455  ANGLE   =       298.8594  DIHED      =      1455.8016
 1-4 NB =       433.9761  1-4 EEL =      4391.1372  VDWAALS    =     21673.0953
 EELEC  =   -143543.9560  EHBOND  =         0.0000  RESTRAINT  =        30.1378
 EAMBER (non-restraint)  =   -115187.8408
 Ewald error estimate:   0.8848E-04
 ------------------------------------------------------------------------------

 NMR restraints: Bond =    0.000   Angle =     0.000   Torsion =     0.000
===============================================================================

 NSTEP =     3500   TIME(PS) =       7.000  TEMP(K) =    39.08  PRESS =     0.0
 Etot   =   -112472.5788  EKtot   =      2409.0054  EPtot      =   -114881.5842
 BOND   =        96.7019  ANGLE   =       321.3708  DIHED      =      1466.5038
 1-4 NB =       431.0010  1-4 EEL =      4389.4441  VDWAALS    =     21432.3553
 EELEC  =   -143054.4155  EHBOND  =         0.0000  RESTRAINT  =        35.4543
 EAMBER (non-restraint)  =   -114917.0386
 Ewald error estimate:   0.1020E-03
 ------------------------------------------------------------------------------

 NMR restraints: Bond =    0.000   Angle =     0.000   Torsion =     0.000
===============================================================================

 NSTEP =     4000   TIME(PS) =       8.000  TEMP(K) =    44.79  PRESS =     0.0
 Etot   =   -111809.2187  EKtot   =      2761.5812  EPtot      =   -114570.7999
 BOND   =       112.9005  ANGLE   =       336.3795  DIHED      =      1463.4149
 1-4 NB =       429.4535  1-4 EEL =      4382.6446  VDWAALS    =     21285.8416
 EELEC  =   -142620.7945  EHBOND  =         0.0000  RESTRAINT  =        39.3600
 EAMBER (non-restraint)  =   -114610.1598
 Ewald error estimate:   0.1519E-03
 ------------------------------------------------------------------------------

 NMR restraints: Bond =    0.000   Angle =     0.000   Torsion =     0.000
===============================================================================

 NSTEP =     4500   TIME(PS) =       9.000  TEMP(K) =    51.66  PRESS =     0.0
 Etot   =   -111103.0709  EKtot   =      3184.8375  EPtot      =   -114287.9084
 BOND   =       118.5205  ANGLE   =       345.0049  DIHED      =      1464.6748
 1-4 NB =       432.3907  1-4 EEL =      4383.3463  VDWAALS    =     21234.2344
 EELEC  =   -142311.2961  EHBOND  =         0.0000  RESTRAINT  =        45.2162
 EAMBER (non-restraint)  =   -114333.1246
 Ewald error estimate:   0.8749E-04
 ------------------------------------------------------------------------------

 NMR restraints: Bond =    0.000   Angle =     0.000   Torsion =     0.000
===============================================================================

 NSTEP =     5000   TIME(PS) =      10.000  TEMP(K) =    57.20  PRESS =     0.0
 Etot   =   -110514.6111  EKtot   =      3526.6296  EPtot      =   -114041.2407
 BOND   =       125.4736  ANGLE   =       366.8209  DIHED      =      1474.0247
 1-4 NB =       437.5129  1-4 EEL =      4376.9600  VDWAALS    =     21071.6205
 EELEC  =   -141942.8217  EHBOND  =         0.0000  RESTRAINT  =        49.1683
 EAMBER (non-restraint)  =   -114090.4090
 Ewald error estimate:   0.7355E-05
 ------------------------------------------------------------------------------

 NMR restraints: Bond =    0.000   Angle =     0.000   Torsion =     0.000
===============================================================================

 NSTEP =     5500   TIME(PS) =      11.000  TEMP(K) =    63.13  PRESS =     0.0
 Etot   =   -109897.0855  EKtot   =      3891.7206  EPtot      =   -113788.8061
 BOND   =       123.0537  ANGLE   =       384.7874  DIHED      =      1486.6800
 1-4 NB =       432.5730  1-4 EEL =      4381.8038  VDWAALS    =     20851.5667
 EELEC  =   -141499.7233  EHBOND  =         0.0000  RESTRAINT  =        50.4526
 EAMBER (non-restraint)  =   -113839.2587
 Ewald error estimate:   0.5333E-04
 ------------------------------------------------------------------------------

 NMR restraints: Bond =    0.000   Angle =     0.000   Torsion =     0.000
===============================================================================

 NSTEP =     6000   TIME(PS) =      12.000  TEMP(K) =    70.48  PRESS =     0.0
 Etot   =   -109128.4501  EKtot   =      4345.2113  EPtot      =   -113473.6613
 BOND   =       135.3860  ANGLE   =       399.3823  DIHED      =      1480.7028
 1-4 NB =       436.9669  1-4 EEL =      4382.2706  VDWAALS    =     20727.1008
 EELEC  =   -141092.5711  EHBOND  =         0.0000  RESTRAINT  =        57.1004
 EAMBER (non-restraint)  =   -113530.7617
 Ewald error estimate:   0.1319E-03
 ------------------------------------------------------------------------------

 NMR restraints: Bond =    0.000   Angle =     0.000   Torsion =     0.000
===============================================================================

 NSTEP =     6500   TIME(PS) =      13.000  TEMP(K) =    76.02  PRESS =     0.0
 Etot   =   -108525.5117  EKtot   =      4686.4919  EPtot      =   -113212.0035
 BOND   =       138.0757  ANGLE   =       407.6289  DIHED      =      1479.4795
 1-4 NB =       441.5770  1-4 EEL =      4388.0081  VDWAALS    =     20576.2333
 EELEC  =   -140704.3884  EHBOND  =         0.0000  RESTRAINT  =        61.3824
 EAMBER (non-restraint)  =   -113273.3859
 Ewald error estimate:   0.1881E-04
 ------------------------------------------------------------------------------

 NMR restraints: Bond =    0.000   Angle =     0.000   Torsion =     0.000
===============================================================================

 NSTEP =     7000   TIME(PS) =      14.000  TEMP(K) =    81.75  PRESS =     0.0
 Etot   =   -107825.9965  EKtot   =      5039.8353  EPtot      =   -112865.8318
 BOND   =       161.3942  ANGLE   =       424.1920  DIHED      =      1494.0211
 1-4 NB =       433.1057  1-4 EEL =      4365.7399  VDWAALS    =     20545.2582
 EELEC  =   -140352.6917  EHBOND  =         0.0000  RESTRAINT  =        63.1489
 EAMBER (non-restraint)  =   -112928.9807
 Ewald error estimate:   0.1072E-03
 ------------------------------------------------------------------------------

 NMR restraints: Bond =    0.000   Angle =     0.000   Torsion =     0.000
===============================================================================

 NSTEP =     7500   TIME(PS) =      15.000  TEMP(K) =    88.08  PRESS =     0.0
 Etot   =   -107181.2394  EKtot   =      5430.0675  EPtot      =   -112611.3069
 BOND   =       144.3193  ANGLE   =       456.9811  DIHED      =      1494.2085
 1-4 NB =       433.1966  1-4 EEL =      4385.5587  VDWAALS    =     20403.4518
 EELEC  =   -139992.4165  EHBOND  =         0.0000  RESTRAINT  =        63.3936
 EAMBER (non-restraint)  =   -112674.7005
 Ewald error estimate:   0.1586E-03
 ------------------------------------------------------------------------------

 NMR restraints: Bond =    0.000   Angle =     0.000   Torsion =     0.000
===============================================================================

 NSTEP =     8000   TIME(PS) =      16.000  TEMP(K) =    92.47  PRESS =     0.0
 Etot   =   -106600.7128  EKtot   =      5701.0086  EPtot      =   -112301.7214
 BOND   =       160.9685  ANGLE   =       460.3379  DIHED      =      1497.1362
 1-4 NB =       450.0959  1-4 EEL =      4370.7638  VDWAALS    =     20288.0733
 EELEC  =   -139595.4461  EHBOND  =         0.0000  RESTRAINT  =        66.3491
 EAMBER (non-restraint)  =   -112368.0705
 Ewald error estimate:   0.1868E-04
 ------------------------------------------------------------------------------

 NMR restraints: Bond =    0.000   Angle =     0.000   Torsion =     0.000
===============================================================================

 NSTEP =     8500   TIME(PS) =      17.000  TEMP(K) =    99.01  PRESS =     0.0
 Etot   =   -105908.9994  EKtot   =      6103.6273  EPtot      =   -112012.6267
 BOND   =       177.1435  ANGLE   =       464.9934  DIHED      =      1503.3666
 1-4 NB =       441.9054  1-4 EEL =      4402.0980  VDWAALS    =     20259.0710
 EELEC  =   -139334.1113  EHBOND  =         0.0000  RESTRAINT  =        72.9067
 EAMBER (non-restraint)  =   -112085.5333
 Ewald error estimate:   0.2098E-04
 ------------------------------------------------------------------------------

 NMR restraints: Bond =    0.000   Angle =     0.000   Torsion =     0.000
===============================================================================

 NSTEP =     9000   TIME(PS) =      18.000  TEMP(K) =   105.34  PRESS =     0.0
 Etot   =   -105305.0730  EKtot   =      6493.9170  EPtot      =   -111798.9900
 BOND   =       168.9453  ANGLE   =       492.8162  DIHED      =      1496.8475
 1-4 NB =       444.4849  1-4 EEL =      4382.9182  VDWAALS    =     19845.6645
 EELEC  =   -138703.6083  EHBOND  =         0.0000  RESTRAINT  =        72.9415
 EAMBER (non-restraint)  =   -111871.9316
 Ewald error estimate:   0.1097E-04
 ------------------------------------------------------------------------------

 NMR restraints: Bond =    0.000   Angle =     0.000   Torsion =     0.000
===============================================================================

 NSTEP =     9500   TIME(PS) =      19.000  TEMP(K) =   110.04  PRESS =     0.0
 Etot   =   -104679.0477  EKtot   =      6783.8737  EPtot      =   -111462.9214
 BOND   =       168.1135  ANGLE   =       492.1392  DIHED      =      1515.0424
 1-4 NB =       440.3020  1-4 EEL =      4386.3546  VDWAALS    =     19785.3700
 EELEC  =   -138325.5104  EHBOND  =         0.0000  RESTRAINT  =        75.2672
 EAMBER (non-restraint)  =   -111538.1886
 Ewald error estimate:   0.8019E-04
 ------------------------------------------------------------------------------

 NMR restraints: Bond =    0.000   Angle =     0.000   Torsion =     0.000
===============================================================================

 NSTEP =    10000   TIME(PS) =      20.000  TEMP(K) =   116.62  PRESS =     0.0
 Etot   =   -103855.7407  EKtot   =      7189.5348  EPtot      =   -111045.2755
 BOND   =       184.8510  ANGLE   =       504.0086  DIHED      =      1508.9950
 1-4 NB =       444.8510  1-4 EEL =      4385.1542  VDWAALS    =     19506.3432
 EELEC  =   -137663.4730  EHBOND  =         0.0000  RESTRAINT  =        83.9944
 EAMBER (non-restraint)  =   -111129.2699
 Ewald error estimate:   0.9765E-04
 ------------------------------------------------------------------------------

 NMR restraints: Bond =    0.000   Angle =     0.000   Torsion =     0.000
===============================================================================

 NSTEP =    10500   TIME(PS) =      21.000  TEMP(K) =   123.66  PRESS =     0.0
 Etot   =   -103165.1385  EKtot   =      7623.3335  EPtot      =   -110788.4720
 BOND   =       190.5542  ANGLE   =       515.8149  DIHED      =      1512.4621
 1-4 NB =       451.0200  1-4 EEL =      4387.2496  VDWAALS    =     19467.9561
 EELEC  =   -137393.5994  EHBOND  =         0.0000  RESTRAINT  =        80.0704
 EAMBER (non-restraint)  =   -110868.5424
 Ewald error estimate:   0.6083E-04
 ------------------------------------------------------------------------------

 NMR restraints: Bond =    0.000   Angle =     0.000   Torsion =     0.000
===============================================================================

 NSTEP =    11000   TIME(PS) =      22.000  TEMP(K) =   129.91  PRESS =     0.0
 Etot   =   -102418.6197  EKtot   =      8008.6343  EPtot      =   -110427.2540
 BOND   =       195.6394  ANGLE   =       536.8091  DIHED      =      1511.8952
 1-4 NB =       446.6605  1-4 EEL =      4378.1487  VDWAALS    =     19142.4506
 EELEC  =   -136731.4177  EHBOND  =         0.0000  RESTRAINT  =        92.5603
 EAMBER (non-restraint)  =   -110519.8143
 Ewald error estimate:   0.1067E-03
 ------------------------------------------------------------------------------

 NMR restraints: Bond =    0.000   Angle =     0.000   Torsion =     0.000
===============================================================================

 NSTEP =    11500   TIME(PS) =      23.000  TEMP(K) =   135.00  PRESS =     0.0
 Etot   =   -101770.4900  EKtot   =      8322.5711  EPtot      =   -110093.0612
 BOND   =       207.2914  ANGLE   =       573.6073  DIHED      =      1517.5790
 1-4 NB =       456.8911  1-4 EEL =      4391.8165  VDWAALS    =     19327.6943
 EELEC  =   -136664.4366  EHBOND  =         0.0000  RESTRAINT  =        96.4960
 EAMBER (non-restraint)  =   -110189.5571
 Ewald error estimate:   0.5705E-04
 ------------------------------------------------------------------------------

 NMR restraints: Bond =    0.000   Angle =     0.000   Torsion =     0.000
===============================================================================

 NSTEP =    12000   TIME(PS) =      24.000  TEMP(K) =   139.59  PRESS =     0.0
 Etot   =   -101106.1444  EKtot   =      8605.3797  EPtot      =   -109711.5240
 BOND   =       200.4205  ANGLE   =       582.3338  DIHED      =      1520.0828
 1-4 NB =       443.5879  1-4 EEL =      4393.0400  VDWAALS    =     18855.6778
 EELEC  =   -135801.1898  EHBOND  =         0.0000  RESTRAINT  =        94.5229
 EAMBER (non-restraint)  =   -109806.0469
 Ewald error estimate:   0.5032E-04
 ------------------------------------------------------------------------------

 NMR restraints: Bond =    0.000   Angle =     0.000   Torsion =     0.000
===============================================================================

 NSTEP =    12500   TIME(PS) =      25.000  TEMP(K) =   146.53  PRESS =     0.0
 Etot   =   -100263.9656  EKtot   =      9033.2181  EPtot      =   -109297.1837
 BOND   =       220.9961  ANGLE   =       603.5429  DIHED      =      1525.3789
 1-4 NB =       455.2940  1-4 EEL =      4378.5027  VDWAALS    =     18795.3660
 EELEC  =   -135381.6347  EHBOND  =         0.0000  RESTRAINT  =       105.3703
 EAMBER (non-restraint)  =   -109402.5540
 Ewald error estimate:   0.7076E-04
 ------------------------------------------------------------------------------

 NMR restraints: Bond =    0.000   Angle =     0.000   Torsion =     0.000
===============================================================================

 NSTEP =    13000   TIME(PS) =      26.000  TEMP(K) =   151.96  PRESS =     0.0
 Etot   =    -99547.0262  EKtot   =      9368.2763  EPtot      =   -108915.3025
 BOND   =       218.7520  ANGLE   =       636.2359  DIHED      =      1521.7065
 1-4 NB =       447.1949  1-4 EEL =      4379.1625  VDWAALS    =     18628.7025
 EELEC  =   -134865.8084  EHBOND  =         0.0000  RESTRAINT  =       118.7515
 EAMBER (non-restraint)  =   -109034.0541
 Ewald error estimate:   0.5454E-04
 ------------------------------------------------------------------------------

 NMR restraints: Bond =    0.000   Angle =     0.000   Torsion =     0.000
===============================================================================

 NSTEP =    13500   TIME(PS) =      27.000  TEMP(K) =   158.27  PRESS =     0.0
 Etot   =    -98664.4715  EKtot   =      9757.0038  EPtot      =   -108421.4753
 BOND   =       237.1155  ANGLE   =       615.0022  DIHED      =      1538.9188
 1-4 NB =       445.9462  1-4 EEL =      4390.9142  VDWAALS    =     18345.7870
 EELEC  =   -134115.6497  EHBOND  =         0.0000  RESTRAINT  =       120.4905
 EAMBER (non-restraint)  =   -108541.9658
 Ewald error estimate:   0.3479E-04
 ------------------------------------------------------------------------------

 NMR restraints: Bond =    0.000   Angle =     0.000   Torsion =     0.000
===============================================================================

 NSTEP =    14000   TIME(PS) =      28.000  TEMP(K) =   163.78  PRESS =     0.0
 Etot   =    -98093.8575  EKtot   =     10097.0725  EPtot      =   -108190.9299
 BOND   =       239.4149  ANGLE   =       627.3188  DIHED      =      1534.0290
 1-4 NB =       449.4592  1-4 EEL =      4370.8489  VDWAALS    =     18041.5506
 EELEC  =   -133574.1872  EHBOND  =         0.0000  RESTRAINT  =       120.6356
 EAMBER (non-restraint)  =   -108311.5655
 Ewald error estimate:   0.6816E-04
 ------------------------------------------------------------------------------

 NMR restraints: Bond =    0.000   Angle =     0.000   Torsion =     0.000
===============================================================================

 NSTEP =    14500   TIME(PS) =      29.000  TEMP(K) =   169.02  PRESS =     0.0
 Etot   =    -97378.3926  EKtot   =     10420.2267  EPtot      =   -107798.6193
 BOND   =       242.3553  ANGLE   =       623.2641  DIHED      =      1534.6474
 1-4 NB =       462.9560  1-4 EEL =      4388.8608  VDWAALS    =     17973.6403
 EELEC  =   -133137.0744  EHBOND  =         0.0000  RESTRAINT  =       112.7312
 EAMBER (non-restraint)  =   -107911.3505
 Ewald error estimate:   0.2752E-04
 ------------------------------------------------------------------------------

 NMR restraints: Bond =    0.000   Angle =     0.000   Torsion =     0.000
===============================================================================

 NSTEP =    15000   TIME(PS) =      30.000  TEMP(K) =   177.55  PRESS =     0.0
 Etot   =    -96231.8540  EKtot   =     10946.1122  EPtot      =   -107177.9661
 BOND   =       262.6952  ANGLE   =       640.3021  DIHED      =      1539.6741
 1-4 NB =       454.6315  1-4 EEL =      4391.9796  VDWAALS    =     17641.9744
 EELEC  =   -132237.4793  EHBOND  =         0.0000  RESTRAINT  =       128.2564
 EAMBER (non-restraint)  =   -107306.2225
 Ewald error estimate:   0.1054E-04
 ------------------------------------------------------------------------------

 NMR restraints: Bond =    0.000   Angle =     0.000   Torsion =     0.000
===============================================================================

 NSTEP =    15500   TIME(PS) =      31.000  TEMP(K) =   182.70  PRESS =     0.0
 Etot   =    -95410.8640  EKtot   =     11263.3848  EPtot      =   -106674.2489
 BOND   =       243.7933  ANGLE   =       686.4422  DIHED      =      1551.3906
 1-4 NB =       455.9702  1-4 EEL =      4376.8451  VDWAALS    =     17563.5598
 EELEC  =   -131687.8793  EHBOND  =         0.0000  RESTRAINT  =       135.6290
 EAMBER (non-restraint)  =   -106809.8779
 Ewald error estimate:   0.1079E-03
 ------------------------------------------------------------------------------

 NMR restraints: Bond =    0.000   Angle =     0.000   Torsion =     0.000
===============================================================================

 NSTEP =    16000   TIME(PS) =      32.000  TEMP(K) =   187.95  PRESS =     0.0
 Etot   =    -94773.0593  EKtot   =     11586.9699  EPtot      =   -106360.0292
 BOND   =       268.2055  ANGLE   =       707.4283  DIHED      =      1561.3695
 1-4 NB =       458.1976  1-4 EEL =      4392.7508  VDWAALS    =     17507.0100
 EELEC  =   -131384.5754  EHBOND  =         0.0000  RESTRAINT  =       129.5844
 EAMBER (non-restraint)  =   -106489.6136
 Ewald error estimate:   0.3644E-04
 ------------------------------------------------------------------------------

 NMR restraints: Bond =    0.000   Angle =     0.000   Torsion =     0.000
===============================================================================

 NSTEP =    16500   TIME(PS) =      33.000  TEMP(K) =   194.32  PRESS =     0.0
 Etot   =    -93857.0847  EKtot   =     11979.6197  EPtot      =   -105836.7043
 BOND   =       264.8747  ANGLE   =       709.0067  DIHED      =      1544.8239
 1-4 NB =       454.1433  1-4 EEL =      4418.1919  VDWAALS    =     17389.3103
 EELEC  =   -130769.8229  EHBOND  =         0.0000  RESTRAINT  =       152.7679
 EAMBER (non-restraint)  =   -105989.4722
 Ewald error estimate:   0.1142E-03
 ------------------------------------------------------------------------------

 NMR restraints: Bond =    0.000   Angle =     0.000   Torsion =     0.000
===============================================================================

 NSTEP =    17000   TIME(PS) =      34.000  TEMP(K) =   198.47  PRESS =     0.0
 Etot   =    -92946.3887  EKtot   =     12235.3702  EPtot      =   -105181.7589
 BOND   =       272.1030  ANGLE   =       701.6742  DIHED      =      1565.2092
 1-4 NB =       464.9223  1-4 EEL =      4393.2623  VDWAALS    =     16757.7040
 EELEC  =   -129474.3441  EHBOND  =         0.0000  RESTRAINT  =       137.7104
 EAMBER (non-restraint)  =   -105319.4693
 Ewald error estimate:   0.1464E-04
 ------------------------------------------------------------------------------

 NMR restraints: Bond =    0.000   Angle =     0.000   Torsion =     0.000
===============================================================================

 NSTEP =    17500   TIME(PS) =      35.000  TEMP(K) =   207.31  PRESS =     0.0
 Etot   =    -91912.0489  EKtot   =     12780.7436  EPtot      =   -104692.7924
 BOND   =       291.1345  ANGLE   =       762.7199  DIHED      =      1566.7783
 1-4 NB =       460.6526  1-4 EEL =      4378.0960  VDWAALS    =     16599.4590
 EELEC  =   -128889.3786  EHBOND  =         0.0000  RESTRAINT  =       137.7458
 EAMBER (non-restraint)  =   -104830.5383
 Ewald error estimate:   0.8944E-04
 ------------------------------------------------------------------------------

 NMR restraints: Bond =    0.000   Angle =     0.000   Torsion =     0.000
===============================================================================

 NSTEP =    18000   TIME(PS) =      36.000  TEMP(K) =   210.88  PRESS =     0.0
 Etot   =    -90965.6676  EKtot   =     13000.3861  EPtot      =   -103966.0536
 BOND   =       292.3212  ANGLE   =       720.4265  DIHED      =      1564.8061
 1-4 NB =       462.9123  1-4 EEL =      4359.7681  VDWAALS    =     16455.4429
 EELEC  =   -127964.5750  EHBOND  =         0.0000  RESTRAINT  =       142.8444
 EAMBER (non-restraint)  =   -104108.8980
 Ewald error estimate:   0.9255E-04
 ------------------------------------------------------------------------------

 NMR restraints: Bond =    0.000   Angle =     0.000   Torsion =     0.000
===============================================================================

 NSTEP =    18500   TIME(PS) =      37.000  TEMP(K) =   217.57  PRESS =     0.0
 Etot   =    -89995.1217  EKtot   =     13413.1095  EPtot      =   -103408.2312
 BOND   =       298.0067  ANGLE   =       772.8700  DIHED      =      1564.6509
 1-4 NB =       449.0423  1-4 EEL =      4354.0917  VDWAALS    =     16007.3885
 EELEC  =   -127005.5169  EHBOND  =         0.0000  RESTRAINT  =       151.2355
 EAMBER (non-restraint)  =   -103559.4667
 Ewald error estimate:   0.6816E-05
 ------------------------------------------------------------------------------

 NMR restraints: Bond =    0.000   Angle =     0.000   Torsion =     0.000
===============================================================================

 NSTEP =    19000   TIME(PS) =      38.000  TEMP(K) =   223.61  PRESS =     0.0
 Etot   =    -88773.8743  EKtot   =     13785.5023  EPtot      =   -102559.3765
 BOND   =       304.5735  ANGLE   =       752.0609  DIHED      =      1566.1044
 1-4 NB =       465.3171  1-4 EEL =      4375.6832  VDWAALS    =     15806.1347
 EELEC  =   -125982.6617  EHBOND  =         0.0000  RESTRAINT  =       153.4113
 EAMBER (non-restraint)  =   -102712.7878
 Ewald error estimate:   0.4865E-05
 ------------------------------------------------------------------------------

 NMR restraints: Bond =    0.000   Angle =     0.000   Torsion =     0.000
===============================================================================

 NSTEP =    19500   TIME(PS) =      39.000  TEMP(K) =   228.80  PRESS =     0.0
 Etot   =    -87946.1181  EKtot   =     14105.3807  EPtot      =   -102051.4987
 BOND   =       311.5496  ANGLE   =       784.2156  DIHED      =      1571.9476
 1-4 NB =       458.4875  1-4 EEL =      4367.9697  VDWAALS    =     15847.3199
 EELEC  =   -125535.4598  EHBOND  =         0.0000  RESTRAINT  =       142.4711
 EAMBER (non-restraint)  =   -102193.9698
 Ewald error estimate:   0.2905E-04
 ------------------------------------------------------------------------------

 NMR restraints: Bond =    0.000   Angle =     0.000   Torsion =     0.000
===============================================================================

 NSTEP =    20000   TIME(PS) =      40.000  TEMP(K) =   239.12  PRESS =     0.0
 Etot   =    -86465.3515  EKtot   =     14741.7801  EPtot      =   -101207.1316
 BOND   =       319.9199  ANGLE   =       836.1201  DIHED      =      1559.3018
 1-4 NB =       462.0825  1-4 EEL =      4354.4832  VDWAALS    =     15150.3050
 EELEC  =   -124051.8875  EHBOND  =         0.0000  RESTRAINT  =       162.5435
 EAMBER (non-restraint)  =   -101369.6751
 Ewald error estimate:   0.7511E-05
 ------------------------------------------------------------------------------

 NMR restraints: Bond =    0.000   Angle =     0.000   Torsion =     0.000
===============================================================================

 NSTEP =    20500   TIME(PS) =      41.000  TEMP(K) =   241.12  PRESS =     0.0
 Etot   =    -85534.9876  EKtot   =     14865.1349  EPtot      =   -100400.1225
 BOND   =       317.9971  ANGLE   =       822.7126  DIHED      =      1556.4572
 1-4 NB =       458.7241  1-4 EEL =      4352.1120  VDWAALS    =     14840.7321
 EELEC  =   -122896.9539  EHBOND  =         0.0000  RESTRAINT  =       148.0963
 EAMBER (non-restraint)  =   -100548.2188
 Ewald error estimate:   0.1498E-03
 ------------------------------------------------------------------------------

 NMR restraints: Bond =    0.000   Angle =     0.000   Torsion =     0.000
===============================================================================

 NSTEP =    21000   TIME(PS) =      42.000  TEMP(K) =   246.59  PRESS =     0.0
 Etot   =    -84584.9554  EKtot   =     15202.2937  EPtot      =    -99787.2490
 BOND   =       323.4234  ANGLE   =       807.6796  DIHED      =      1573.5779
 1-4 NB =       462.9353  1-4 EEL =      4372.4174  VDWAALS    =     14772.9181
 EELEC  =   -122262.8825  EHBOND  =         0.0000  RESTRAINT  =       162.6817
 EAMBER (non-restraint)  =    -99949.9308
 Ewald error estimate:   0.1160E-03
 ------------------------------------------------------------------------------

 NMR restraints: Bond =    0.000   Angle =     0.000   Torsion =     0.000
===============================================================================

 NSTEP =    21500   TIME(PS) =      43.000  TEMP(K) =   255.29  PRESS =     0.0
 Etot   =    -82942.0540  EKtot   =     15738.7408  EPtot      =    -98680.7947
 BOND   =       344.2413  ANGLE   =       876.2895  DIHED      =      1569.3492
 1-4 NB =       462.4897  1-4 EEL =      4371.2959  VDWAALS    =     14569.4404
 EELEC  =   -121043.3916  EHBOND  =         0.0000  RESTRAINT  =       169.4910
 EAMBER (non-restraint)  =    -98850.2857
 Ewald error estimate:   0.2193E-03
 ------------------------------------------------------------------------------

 NMR restraints: Bond =    0.000   Angle =     0.000   Torsion =     0.000
===============================================================================

 NSTEP =    22000   TIME(PS) =      44.000  TEMP(K) =   257.36  PRESS =     0.0
 Etot   =    -81813.4452  EKtot   =     15866.1996  EPtot      =    -97679.6448
 BOND   =       337.9521  ANGLE   =       890.4507  DIHED      =      1586.8869
 1-4 NB =       467.2085  1-4 EEL =      4351.9528  VDWAALS    =     13978.5897
 EELEC  =   -119477.2942  EHBOND  =         0.0000  RESTRAINT  =       184.6086
 EAMBER (non-restraint)  =    -97864.2534
 Ewald error estimate:   0.5163E-05
 ------------------------------------------------------------------------------

 NMR restraints: Bond =    0.000   Angle =     0.000   Torsion =     0.000
===============================================================================

 NSTEP =    22500   TIME(PS) =      45.000  TEMP(K) =   265.70  PRESS =     0.0
 Etot   =    -80721.8638  EKtot   =     16380.4694  EPtot      =    -97102.3332
 BOND   =       329.2452  ANGLE   =       907.2344  DIHED      =      1577.5431
 1-4 NB =       461.7471  1-4 EEL =      4362.7818  VDWAALS    =     13600.3238
 EELEC  =   -118520.7369  EHBOND  =         0.0000  RESTRAINT  =       179.5283
 EAMBER (non-restraint)  =    -97281.8615
 Ewald error estimate:   0.1061E-03
 ------------------------------------------------------------------------------

 NMR restraints: Bond =    0.000   Angle =     0.000   Torsion =     0.000
===============================================================================

 NSTEP =    23000   TIME(PS) =      46.000  TEMP(K) =   271.36  PRESS =     0.0
 Etot   =    -79333.0530  EKtot   =     16729.5473  EPtot      =    -96062.6003
 BOND   =       334.5915  ANGLE   =       913.9869  DIHED      =      1593.0011
 1-4 NB =       465.8226  1-4 EEL =      4367.0870  VDWAALS    =     13584.3089
 EELEC  =   -117498.3735  EHBOND  =         0.0000  RESTRAINT  =       176.9752
 EAMBER (non-restraint)  =    -96239.5755
 Ewald error estimate:   0.9649E-05
 ------------------------------------------------------------------------------

 NMR restraints: Bond =    0.000   Angle =     0.000   Torsion =     0.000
===============================================================================

 NSTEP =    23500   TIME(PS) =      47.000  TEMP(K) =   276.43  PRESS =     0.0
 Etot   =    -78265.4377  EKtot   =     17041.9422  EPtot      =    -95307.3799
 BOND   =       362.5921  ANGLE   =       917.8072  DIHED      =      1588.9023
 1-4 NB =       474.0898  1-4 EEL =      4323.7870  VDWAALS    =     13202.5204
 EELEC  =   -116363.3880  EHBOND  =         0.0000  RESTRAINT  =       186.3094
 EAMBER (non-restraint)  =    -95493.6893
 Ewald error estimate:   0.5002E-04
 ------------------------------------------------------------------------------

 NMR restraints: Bond =    0.000   Angle =     0.000   Torsion =     0.000
===============================================================================

 NSTEP =    24000   TIME(PS) =      48.000  TEMP(K) =   282.80  PRESS =     0.0
 Etot   =    -77205.9597  EKtot   =     17434.7796  EPtot      =    -94640.7392
 BOND   =       355.4197  ANGLE   =       913.7360  DIHED      =      1592.3274
 1-4 NB =       474.1249  1-4 EEL =      4403.2120  VDWAALS    =     12679.5916
 EELEC  =   -115249.7707  EHBOND  =         0.0000  RESTRAINT  =       190.6198
 EAMBER (non-restraint)  =    -94831.3591
 Ewald error estimate:   0.1777E-03
 ------------------------------------------------------------------------------

 NMR restraints: Bond =    0.000   Angle =     0.000   Torsion =     0.000
===============================================================================

 NSTEP =    24500   TIME(PS) =      49.000  TEMP(K) =   290.12  PRESS =     0.0
 Etot   =    -76050.5677  EKtot   =     17885.8463  EPtot      =    -93936.4140
 BOND   =       381.5970  ANGLE   =       932.4934  DIHED      =      1606.2377
 1-4 NB =       492.9968  1-4 EEL =      4392.0085  VDWAALS    =     12556.0623
 EELEC  =   -114494.8711  EHBOND  =         0.0000  RESTRAINT  =       197.0614
 EAMBER (non-restraint)  =    -94133.4754
 Ewald error estimate:   0.2966E-05
 ------------------------------------------------------------------------------

 NMR restraints: Bond =    0.000   Angle =     0.000   Torsion =     0.000
===============================================================================

 NSTEP =    25000   TIME(PS) =      50.000  TEMP(K) =   298.64  PRESS =     0.0
 Etot   =    -74502.1255  EKtot   =     18410.9435  EPtot      =    -92913.0690
 BOND   =       375.1303  ANGLE   =       943.7662  DIHED      =      1597.7539
 1-4 NB =       486.1115  1-4 EEL =      4368.8296  VDWAALS    =     12348.5193
 EELEC  =   -113222.0792  EHBOND  =         0.0000  RESTRAINT  =       188.8996
 EAMBER (non-restraint)  =    -93101.9686
 Ewald error estimate:   0.1333E-03
 ------------------------------------------------------------------------------

 NMR restraints: Bond =    0.000   Angle =     0.000   Torsion =     0.000
===============================================================================

      A V E R A G E S   O V E R      50 S T E P S


 NSTEP =    25000   TIME(PS) =      50.000  TEMP(K) =   149.65  PRESS =     0.0
 Etot   =    -98292.8414  EKtot   =      9225.6787  EPtot      =   -107518.5201
 BOND   =       221.1788  ANGLE   =       595.4705  DIHED      =      1524.8799
 1-4 NB =       450.1907  1-4 EEL =      4379.1561  VDWAALS    =     18136.2364
 EELEC  =   -132930.7743  EHBOND  =         0.0000  RESTRAINT  =       105.1417
 EAMBER (non-restraint)  =   -107623.6618
 Ewald error estimate:   0.7422E-04
 ------------------------------------------------------------------------------

 NMR restraints: Bond =    0.000   Angle =     0.000   Torsion =     0.000
===============================================================================

      R M S  F L U C T U A T I O N S


 NSTEP =    25000   TIME(PS) =      50.000  TEMP(K) =    85.76  PRESS =     0.0
 Etot   =     11944.1292  EKtot   =      5287.2130  EPtot      =      6729.9050
 BOND   =        91.8005  ANGLE   =       214.2022  DIHED      =        46.5980
 1-4 NB =        15.6975  1-4 EEL =        15.4316  VDWAALS    =      2910.1161
 EELEC  =      9230.4814  EHBOND  =         0.0000  RESTRAINT  =        54.6930
 EAMBER (non-restraint)  =      6675.2120
 Ewald error estimate:   0.5614E-04
 ------------------------------------------------------------------------------


 NMR restraints on final step:

--------------------------------------------------------------------------------
   5.  TIMINGS
--------------------------------------------------------------------------------

|  NonSetup CPU Time in Major Routines, Average for All Tasks:
|
|     Routine           Sec        %
|     ------------------------------
|     DataDistrib      62.62   41.97
|     Nonbond          81.33   54.51
|     Bond              0.04    0.03
|     Angle             0.19    0.13
|     Dihedral          0.56    0.38
|     Shake             0.28    0.19
|     RunMD             4.07    2.73
|     Other             0.11    0.07
|     ------------------------------
|     Total           149.19

|  PME Nonbond Pairlist CPU Time, Average for All Tasks:
|
|     Routine              Sec        %
|     ---------------------------------
|     Set Up Cit           1.05    0.70
|     Build List           4.90    3.29
|     ---------------------------------
|     Total                5.95    3.99

|  PME Direct Force CPU Time, Average for All Tasks:
|
|     Routine              Sec        %
|     ---------------------------------
|     NonBonded Calc      50.88   34.10
|     Exclude Masked       0.79    0.53
|     Other                5.55    3.72
|     ---------------------------------
|     Total               57.22   38.35

|  PME Reciprocal Force CPU Time, Average for All Tasks:
|
|     Routine              Sec        %
|     ---------------------------------
|     1D bspline           1.52    1.02
|     Grid Charges         1.32    0.89
|     Scalar Sum           0.13    0.09
|     Gradient Sum         1.34    0.90
|     FFT                 13.66    9.16
|     ---------------------------------
|     Total               17.97   12.04

|  PME Load Balancing CPU Time, Average for All Tasks:
|
|     Routine                 Sec        %
|     ------------------------------------
|     Atom Reassign           0.01    0.01
|     Image Reassign          0.03    0.02
|     FFT Reassign            0.00    0.00
|     ------------------------------------
|     Total                   0.04    0.03

|  Final Performance Info:
|     -----------------------------------------------------
|     Average timings for last    4000 steps:
|     Elapsed(s) =      25.70 Per Step(ms) =       6.43
|         ns/day =      26.89   seconds/ns =    3212.67
|
|     Average timings for all steps:
|     Elapsed(s) =     149.97 Per Step(ms) =       6.00
|         ns/day =      28.81   seconds/ns =    2999.47
|     -----------------------------------------------------

|  Master Setup CPU time:            0.42 seconds
|  Master NonSetup CPU time:       149.22 seconds
|  Master Total CPU time:          149.64 seconds     0.04 hours

|  Master Setup wall time:           0    seconds
|  Master NonSetup wall time:      150    seconds
|  Master Total wall time:         150    seconds     0.04 hours
