
          -------------------------------------------------------
          Amber 16 PMEMD                              2016
          -------------------------------------------------------

| PMEMD implementation of SANDER, Release 16

| Run on 12/12/2017 at 02:36:21

|   Executable path: pmemd.MPI
| Working directory: /scratch/kfd233/final_project/CompChemFinal/prep/equ
|          Hostname: c01-02

  [-O]verwriting output

File Assignments:
|   MDIN: equil.in                                                              
|  MDOUT: equil.out                                                             
| INPCRD: density.rst                                                           
|   PARM: 100_1_5j0d_sol.prmtop                                                 
| RESTRT: equil.rst                                                             
|   REFC: min_all.rst                                                           
|  MDVEL: mdvel                                                                 
|   MDEN: mden                                                                  
|  MDCRD: equil.mdcrd                                                           
| MDINFO: mdinfo                                                                
|LOGFILE: logfile                                                               
|  MDFRC: mdfrc                                                                 

 
 Here is the input file:
 
# Equil.in                                                                     
&cntrl                                                                         
imin = 0, irest = 1,ntx = 5, nstlim = 50000, dt = 0.002,                       
ntc = 2, ntf = 2,                                                              
cut = 10.0, ntb = 2, ntp = 1, taup=2.0,                                        
ntpr = 500, ntwx = 500,                                                        
ntt = 3, gamma_ln = 2.0,                                                       
temp0 = 300.0,                                                                 
ntr = 1, restraintmask = ':1-118',                                             
restraint_wt = 0.5,                                                            
ioutfm = 1,                                                                    
/                                                                              
                                                                               


Note: ig = -1. Setting random seed to    16216 based on wallclock time in
      microseconds and disabling the synchronization of random numbers 
      between tasks to improve performance.
 
 
| Conditional Compilation Defines Used:
| MPI
| PUBFFT
| BINTRAJ
| MKL
| EMIL
 
| Largest sphere to fit in unit cell has radius =    30.379

| New format PARM file being parsed.
| Version =    1.000 Date = 12/11/17 Time = 15:16:27

| Note: 1-4 EEL scale factors are being read from the topology file.

| Note: 1-4 VDW scale factors are being read from the topology file.
| Duplicated    0 dihedrals

| Duplicated    0 dihedrals

--------------------------------------------------------------------------------
   1.  RESOURCE   USE: 
--------------------------------------------------------------------------------

 getting box info from netcdf restart file
 NATOM  =   30525 NTYPES =      26 NBONH =   29504 MBONA  =    1051
 NTHETH =    2326 MTHETA =    1426 NPHIH =    4633 MPHIA  =    4385
 NHPARM =       0 NPARM  =       0 NNB   =   49324 NRES   =    9614
 NBONA  =    1051 NTHETA =    1426 NPHIA =    4385 NUMBND =      80
 NUMANG =     178 NPTRA  =     203 NATYP =      44 NPHB   =       1
 IFBOX  =       1 NMXRS  =      68 IFCAP =       0 NEXTRA =       0
 NCOPY  =       0

| Coordinate Index Table dimensions:    10   11   12
| Direct force subcell size =     6.0758    6.3615    6.0125

     BOX TYPE: RECTILINEAR

--------------------------------------------------------------------------------
   2.  CONTROL  DATA  FOR  THE  RUN
--------------------------------------------------------------------------------

default_name                                                                    

General flags:
     imin    =       0, nmropt  =       0

Nature and format of input:
     ntx     =       5, irest   =       1, ntrx    =       1

Nature and format of output:
     ntxo    =       2, ntpr    =     500, ntrx    =       1, ntwr    =   50000
     iwrap   =       0, ntwx    =     500, ntwv    =       0, ntwe    =       0
     ioutfm  =       1, ntwprt  =       0, idecomp =       0, rbornstat=      0

Potential function:
     ntf     =       2, ntb     =       2, igb     =       0, nsnb    =      25
     ipol    =       0, gbsa    =       0, iesp    =       0
     dielc   =   1.00000, cut     =  10.00000, intdiel =   1.00000

Frozen or restrained atoms:
     ibelly  =       0, ntr     =       1
     restraint_wt =   0.50000

Molecular dynamics:
     nstlim  =     50000, nscm    =         0, nrespa  =         1
     t       =   0.00000, dt      =   0.00200, vlimit  =  20.00000

Langevin dynamics temperature regulation:
     ig      =   16216
     temp0   = 300.00000, tempi   =   0.00000, gamma_ln=   2.00000

Pressure regulation:
     ntp     =       1
     pres0   =   1.00000, comp    =  44.60000, taup    =   2.00000

SHAKE:
     ntc     =       2, jfastw  =       0
     tol     =   0.00001

| Intermolecular bonds treatment:
|     no_intermolecular_bonds =       1

| Energy averages sample interval:
|     ene_avg_sampling =     500

Ewald parameters:
     verbose =       0, ew_type =       0, nbflag  =       1, use_pme =       1
     vdwmeth =       1, eedmeth =       1, netfrc  =       1
     Box X =   60.758   Box Y =   69.976   Box Z =   72.150
     Alpha =   90.000   Beta  =   90.000   Gamma =   90.000
     NFFT1 =   64       NFFT2 =   72       NFFT3 =   75
     Cutoff=   10.000   Tol   =0.100E-04
     Ewald Coefficient =  0.27511
     Interpolation order =    4

| PMEMD ewald parallel performance parameters:
|     block_fft =    1
|     fft_blk_y_divisor =    4
|     excl_recip =    0
|     excl_master =    0
|     atm_redist_freq =  320

    LOADING THE CONSTRAINED ATOMS AS GROUPS


   5.  REFERENCE ATOM COORDINATES

  default_name                                                                    
     Mask :1-118; matches  2037 atoms

--------------------------------------------------------------------------------
   3.  ATOMIC COORDINATES AND VELOCITIES
--------------------------------------------------------------------------------

default_name                                                                    
 begin time read from input coords =   100.000 ps

 
 Number of triangulated 3-point waters found:     9496

     Sum of charges from parm topology file =   0.00200294
     Forcing neutrality...

| Dynamic Memory, Types Used:
| Reals             1833009
| Integers          1218359

| Nonbonded Pairs Initial Allocation:      284754

| Running AMBER/MPI version on   84 MPI task

 
--------------------------------------------------------------------------------
   4.  RESULTS
--------------------------------------------------------------------------------

 ---------------------------------------------------
 APPROXIMATING switch and d/dx switch using CUBIC SPLINE INTERPOLATION
 using   5000.0 points per unit in tabled values
 TESTING RELATIVE ERROR over r ranging from 0.0 to cutoff
| CHECK switch(x): max rel err =   0.3316E-14   at   2.351880
| CHECK d/dx switch(x): max rel err =   0.8066E-11   at   2.747240
 ---------------------------------------------------
|---------------------------------------------------
| APPROXIMATING direct energy using CUBIC SPLINE INTERPOLATION
|  with   50.0 points per unit in tabled values
| Relative Error Limit not exceeded for r .gt.   2.34
| APPROXIMATING direct force using CUBIC SPLINE INTERPOLATION
|  with   50.0 points per unit in tabled values
| Relative Error Limit not exceeded for r .gt.   2.81
|---------------------------------------------------

 NSTEP =      500   TIME(PS) =     101.000  TEMP(K) =   320.67  PRESS =    41.3
 Etot   =    -71999.8057  EKtot   =     19777.0511  EPtot      =    -91776.8568
 BOND   =       398.4226  ANGLE   =      1053.9816  DIHED      =      1652.4175
 1-4 NB =       478.3501  1-4 EEL =      4372.8869  VDWAALS    =     11931.3891
 EELEC  =   -112091.9414  EHBOND  =         0.0000  RESTRAINT  =       427.6367
 EAMBER (non-restraint)  =    -92204.4935
 EKCMT  =      9228.3739  VIRIAL  =      8948.3245  VOLUME     =    313711.6912
                                                    Density    =         0.9821
 Ewald error estimate:   0.8250E-04
 ------------------------------------------------------------------------------


 NSTEP =     1000   TIME(PS) =     102.000  TEMP(K) =   305.14  PRESS =  -250.3
 Etot   =    -74184.3502  EKtot   =     18818.8159  EPtot      =    -93003.1661
 BOND   =       375.8779  ANGLE   =      1067.3233  DIHED      =      1608.6133
 1-4 NB =       482.5247  1-4 EEL =      4350.7943  VDWAALS    =     11953.0420
 EELEC  =   -112989.2672  EHBOND  =         0.0000  RESTRAINT  =       147.9255
 EAMBER (non-restraint)  =    -93151.0916
 EKCMT  =      8614.4006  VIRIAL  =     10304.2974  VOLUME     =    312642.9251
                                                    Density    =         0.9855
 Ewald error estimate:   0.8416E-05
 ------------------------------------------------------------------------------


 NSTEP =     1500   TIME(PS) =     103.000  TEMP(K) =   304.25  PRESS =   -54.7
 Etot   =    -74881.7287  EKtot   =     18764.0771  EPtot      =    -93645.8058
 BOND   =       362.4369  ANGLE   =       941.9794  DIHED      =      1629.4858
 1-4 NB =       501.6489  1-4 EEL =      4403.9635  VDWAALS    =     12211.4429
 EELEC  =   -113820.3722  EHBOND  =         0.0000  RESTRAINT  =       123.6090
 EAMBER (non-restraint)  =    -93769.4148
 EKCMT  =      8714.2089  VIRIAL  =      9081.8421  VOLUME     =    311562.6606
                                                    Density    =         0.9889
 Ewald error estimate:   0.5235E-04
 ------------------------------------------------------------------------------


 NSTEP =     2000   TIME(PS) =     104.000  TEMP(K) =   300.59  PRESS =   -68.5
 Etot   =    -75571.8483  EKtot   =     18538.4762  EPtot      =    -94110.3245
 BOND   =       365.9368  ANGLE   =       957.6775  DIHED      =      1635.7946
 1-4 NB =       484.5221  1-4 EEL =      4361.9601  VDWAALS    =     12375.6432
 EELEC  =   -114419.5020  EHBOND  =         0.0000  RESTRAINT  =       127.6431
 EAMBER (non-restraint)  =    -94237.9676
 EKCMT  =      8522.7641  VIRIAL  =      8981.8247  VOLUME     =    310336.9662
                                                    Density    =         0.9928
 Ewald error estimate:   0.6582E-04
 ------------------------------------------------------------------------------


 NSTEP =     2500   TIME(PS) =     105.000  TEMP(K) =   301.31  PRESS =   -95.7
 Etot   =    -75398.4418  EKtot   =     18582.6691  EPtot      =    -93981.1109
 BOND   =       394.2575  ANGLE   =       960.2081  DIHED      =      1640.0165
 1-4 NB =       485.0326  1-4 EEL =      4354.5009  VDWAALS    =     12171.8869
 EELEC  =   -114124.6565  EHBOND  =         0.0000  RESTRAINT  =       137.6430
 EAMBER (non-restraint)  =    -94118.7539
 EKCMT  =      8505.8935  VIRIAL  =      9146.1045  VOLUME     =    309821.3270
                                                    Density    =         0.9944
 Ewald error estimate:   0.8117E-04
 ------------------------------------------------------------------------------


 NSTEP =     3000   TIME(PS) =     106.000  TEMP(K) =   300.03  PRESS =  -152.7
 Etot   =    -75485.1012  EKtot   =     18503.6941  EPtot      =    -93988.7953
 BOND   =       367.2198  ANGLE   =      1000.9114  DIHED      =      1619.7985
 1-4 NB =       485.1346  1-4 EEL =      4368.5373  VDWAALS    =     12112.1598
 EELEC  =   -114080.5248  EHBOND  =         0.0000  RESTRAINT  =       137.9680
 EAMBER (non-restraint)  =    -94126.7633
 EKCMT  =      8492.2491  VIRIAL  =      9509.7080  VOLUME     =    308530.2565
                                                    Density    =         0.9986
 Ewald error estimate:   0.8114E-04
 ------------------------------------------------------------------------------


 NSTEP =     3500   TIME(PS) =     107.000  TEMP(K) =   303.87  PRESS =  -134.5
 Etot   =    -75444.9541  EKtot   =     18740.9333  EPtot      =    -94185.8874
 BOND   =       399.2213  ANGLE   =       987.7810  DIHED      =      1606.4120
 1-4 NB =       483.8042  1-4 EEL =      4347.6147  VDWAALS    =     12197.6922
 EELEC  =   -114348.6539  EHBOND  =         0.0000  RESTRAINT  =       140.2411
 EAMBER (non-restraint)  =    -94326.1284
 EKCMT  =      8684.6002  VIRIAL  =      9578.2909  VOLUME     =    307718.3778
                                                    Density    =         1.0012
 Ewald error estimate:   0.3453E-04
 ------------------------------------------------------------------------------


 NSTEP =     4000   TIME(PS) =     108.000  TEMP(K) =   302.02  PRESS =    75.9
 Etot   =    -75428.7940  EKtot   =     18626.9159  EPtot      =    -94055.7099
 BOND   =       402.4654  ANGLE   =       985.8766  DIHED      =      1635.2318
 1-4 NB =       467.8698  1-4 EEL =      4380.0583  VDWAALS    =     12295.2274
 EELEC  =   -114347.5786  EHBOND  =         0.0000  RESTRAINT  =       125.1394
 EAMBER (non-restraint)  =    -94180.8493
 EKCMT  =      8604.5894  VIRIAL  =      8100.3217  VOLUME     =    307715.8279
                                                    Density    =         1.0012
 Ewald error estimate:   0.8911E-05
 ------------------------------------------------------------------------------


 NSTEP =     4500   TIME(PS) =     109.000  TEMP(K) =   301.29  PRESS =  -162.9
 Etot   =    -75681.9864  EKtot   =     18581.8005  EPtot      =    -94263.7869
 BOND   =       365.1104  ANGLE   =      1017.9626  DIHED      =      1614.5159
 1-4 NB =       481.1816  1-4 EEL =      4388.5687  VDWAALS    =     12201.7450
 EELEC  =   -114456.4416  EHBOND  =         0.0000  RESTRAINT  =       123.5704
 EAMBER (non-restraint)  =    -94387.3574
 EKCMT  =      8539.5943  VIRIAL  =      9622.1999  VOLUME     =    307849.1056
                                                    Density    =         1.0008
 Ewald error estimate:   0.4650E-04
 ------------------------------------------------------------------------------


 NSTEP =     5000   TIME(PS) =     110.000  TEMP(K) =   297.72  PRESS =   -60.2
 Etot   =    -75943.7861  EKtot   =     18361.2481  EPtot      =    -94305.0342
 BOND   =       399.1419  ANGLE   =       988.8416  DIHED      =      1616.5380
 1-4 NB =       482.0580  1-4 EEL =      4378.3012  VDWAALS    =     12195.7605
 EELEC  =   -114489.1401  EHBOND  =         0.0000  RESTRAINT  =       123.4646
 EAMBER (non-restraint)  =    -94428.4988
 EKCMT  =      8429.8617  VIRIAL  =      8828.6345  VOLUME     =    306996.4669
                                                    Density    =         1.0036
 Ewald error estimate:   0.1175E-03
 ------------------------------------------------------------------------------


 NSTEP =     5500   TIME(PS) =     111.000  TEMP(K) =   300.57  PRESS =   -37.8
 Etot   =    -75569.6918  EKtot   =     18537.2825  EPtot      =    -94106.9743
 BOND   =       394.8521  ANGLE   =       987.1805  DIHED      =      1646.9667
 1-4 NB =       486.7822  1-4 EEL =      4384.0284  VDWAALS    =     12201.4571
 EELEC  =   -114329.3409  EHBOND  =         0.0000  RESTRAINT  =       121.0997
 EAMBER (non-restraint)  =    -94228.0740
 EKCMT  =      8494.4395  VIRIAL  =      8745.0030  VOLUME     =    306984.6653
                                                    Density    =         1.0036
 Ewald error estimate:   0.3814E-04
 ------------------------------------------------------------------------------


 NSTEP =     6000   TIME(PS) =     112.000  TEMP(K) =   300.71  PRESS =    20.1
 Etot   =    -75738.8280  EKtot   =     18545.7415  EPtot      =    -94284.5695
 BOND   =       380.5521  ANGLE   =      1000.1747  DIHED      =      1613.7767
 1-4 NB =       469.3719  1-4 EEL =      4351.3161  VDWAALS    =     12534.5879
 EELEC  =   -114758.9406  EHBOND  =         0.0000  RESTRAINT  =       124.5916
 EAMBER (non-restraint)  =    -94409.1612
 EKCMT  =      8530.7764  VIRIAL  =      8397.9024  VOLUME     =    306522.5681
                                                    Density    =         1.0051
 Ewald error estimate:   0.4827E-05
 ------------------------------------------------------------------------------


 NSTEP =     6500   TIME(PS) =     113.000  TEMP(K) =   300.14  PRESS =   132.2
 Etot   =    -75717.1932  EKtot   =     18510.5430  EPtot      =    -94227.7362
 BOND   =       382.4525  ANGLE   =       942.1989  DIHED      =      1622.3227
 1-4 NB =       493.2150  1-4 EEL =      4370.6347  VDWAALS    =     12300.1658
 EELEC  =   -114470.5250  EHBOND  =         0.0000  RESTRAINT  =       131.7993
 EAMBER (non-restraint)  =    -94359.5355
 EKCMT  =      8520.0974  VIRIAL  =      7645.2479  VOLUME     =    306555.7545
                                                    Density    =         1.0050
 Ewald error estimate:   0.8480E-04
 ------------------------------------------------------------------------------


 NSTEP =     7000   TIME(PS) =     114.000  TEMP(K) =   298.93  PRESS =    50.9
 Etot   =    -75829.1961  EKtot   =     18436.2639  EPtot      =    -94265.4600
 BOND   =       380.1207  ANGLE   =      1008.9160  DIHED      =      1627.0798
 1-4 NB =       475.0862  1-4 EEL =      4364.4988  VDWAALS    =     12374.8186
 EELEC  =   -114616.5197  EHBOND  =         0.0000  RESTRAINT  =       120.5396
 EAMBER (non-restraint)  =    -94385.9995
 EKCMT  =      8553.8627  VIRIAL  =      8217.0207  VOLUME     =    306626.3584
                                                    Density    =         1.0048
 Ewald error estimate:   0.3539E-04
 ------------------------------------------------------------------------------


 NSTEP =     7500   TIME(PS) =     115.000  TEMP(K) =   299.38  PRESS =   115.6
 Etot   =    -76091.2568  EKtot   =     18463.7129  EPtot      =    -94554.9697
 BOND   =       409.9979  ANGLE   =      1019.1366  DIHED      =      1651.6037
 1-4 NB =       453.1539  1-4 EEL =      4355.4770  VDWAALS    =     12470.4857
 EELEC  =   -115037.6801  EHBOND  =         0.0000  RESTRAINT  =       122.8556
 EAMBER (non-restraint)  =    -94677.8253
 EKCMT  =      8386.7842  VIRIAL  =      7622.5147  VOLUME     =    306290.4010
                                                    Density    =         1.0059
 Ewald error estimate:   0.2437E-05
 ------------------------------------------------------------------------------


 NSTEP =     8000   TIME(PS) =     116.000  TEMP(K) =   301.21  PRESS =    63.2
 Etot   =    -75858.1673  EKtot   =     18576.4772  EPtot      =    -94434.6445
 BOND   =       421.6717  ANGLE   =      1015.8053  DIHED      =      1648.1740
 1-4 NB =       476.5274  1-4 EEL =      4330.3782  VDWAALS    =     12321.6729
 EELEC  =   -114769.4833  EHBOND  =         0.0000  RESTRAINT  =       120.6093
 EAMBER (non-restraint)  =    -94555.2538
 EKCMT  =      8479.9233  VIRIAL  =      8061.9584  VOLUME     =    306282.3284
                                                    Density    =         1.0059
 Ewald error estimate:   0.1003E-03
 ------------------------------------------------------------------------------


 NSTEP =     8500   TIME(PS) =     117.000  TEMP(K) =   300.79  PRESS =    38.4
 Etot   =    -76042.3347  EKtot   =     18550.7484  EPtot      =    -94593.0831
 BOND   =       383.9280  ANGLE   =      1006.3149  DIHED      =      1611.6046
 1-4 NB =       479.2287  1-4 EEL =      4389.1918  VDWAALS    =     12440.9128
 EELEC  =   -115023.0391  EHBOND  =         0.0000  RESTRAINT  =       118.7752
 EAMBER (non-restraint)  =    -94711.8583
 EKCMT  =      8529.1579  VIRIAL  =      8275.6310  VOLUME     =    306142.2348
                                                    Density    =         1.0064
 Ewald error estimate:   0.2410E-03
 ------------------------------------------------------------------------------


 NSTEP =     9000   TIME(PS) =     118.000  TEMP(K) =   298.38  PRESS =    70.5
 Etot   =    -76062.4734  EKtot   =     18402.1367  EPtot      =    -94464.6101
 BOND   =       366.9431  ANGLE   =       988.4930  DIHED      =      1610.2235
 1-4 NB =       485.2823  1-4 EEL =      4377.5031  VDWAALS    =     12503.8564
 EELEC  =   -114930.9082  EHBOND  =         0.0000  RESTRAINT  =       133.9968
 EAMBER (non-restraint)  =    -94598.6069
 EKCMT  =      8440.8857  VIRIAL  =      7974.1598  VOLUME     =    306729.1876
                                                    Density    =         1.0045
 Ewald error estimate:   0.5670E-04
 ------------------------------------------------------------------------------


 NSTEP =     9500   TIME(PS) =     119.000  TEMP(K) =   303.26  PRESS =   -60.4
 Etot   =    -75722.0977  EKtot   =     18703.2475  EPtot      =    -94425.3452
 BOND   =       373.0051  ANGLE   =       979.7371  DIHED      =      1622.1893
 1-4 NB =       484.2197  1-4 EEL =      4360.1685  VDWAALS    =     12131.3962
 EELEC  =   -114501.3348  EHBOND  =         0.0000  RESTRAINT  =       125.2737
 EAMBER (non-restraint)  =    -94550.6189
 EKCMT  =      8595.6384  VIRIAL  =      8995.1239  VOLUME     =    306520.6205
                                                    Density    =         1.0051
 Ewald error estimate:   0.2782E-04
 ------------------------------------------------------------------------------


 NSTEP =    10000   TIME(PS) =     120.000  TEMP(K) =   303.40  PRESS =  -105.8
 Etot   =    -75949.5164  EKtot   =     18711.7556  EPtot      =    -94661.2720
 BOND   =       367.1079  ANGLE   =       989.7802  DIHED      =      1610.0241
 1-4 NB =       477.9877  1-4 EEL =      4382.6092  VDWAALS    =     12116.8520
 EELEC  =   -114736.6352  EHBOND  =         0.0000  RESTRAINT  =       131.0021
 EAMBER (non-restraint)  =    -94792.2741
 EKCMT  =      8636.0393  VIRIAL  =      9335.4415  VOLUME     =    306314.6385
                                                    Density    =         1.0058
 Ewald error estimate:   0.6314E-04
 ------------------------------------------------------------------------------


 NSTEP =    10500   TIME(PS) =     121.000  TEMP(K) =   299.96  PRESS =   -54.5
 Etot   =    -75868.8406  EKtot   =     18499.8348  EPtot      =    -94368.6755
 BOND   =       396.9122  ANGLE   =       967.7147  DIHED      =      1609.9813
 1-4 NB =       478.7468  1-4 EEL =      4338.6911  VDWAALS    =     12212.6770
 EELEC  =   -114497.4964  EHBOND  =         0.0000  RESTRAINT  =       124.0978
 EAMBER (non-restraint)  =    -94492.7732
 EKCMT  =      8594.0393  VIRIAL  =      8954.6002  VOLUME     =    306387.9877
                                                    Density    =         1.0056
 Ewald error estimate:   0.8777E-04
 ------------------------------------------------------------------------------


 NSTEP =    11000   TIME(PS) =     122.000  TEMP(K) =   299.33  PRESS =    62.1
 Etot   =    -75906.5788  EKtot   =     18460.8164  EPtot      =    -94367.3951
 BOND   =       414.3110  ANGLE   =       987.6145  DIHED      =      1609.0497
 1-4 NB =       461.8584  1-4 EEL =      4340.3495  VDWAALS    =     12365.2876
 EELEC  =   -114670.1465  EHBOND  =         0.0000  RESTRAINT  =       124.2807
 EAMBER (non-restraint)  =    -94491.6758
 EKCMT  =      8488.3257  VIRIAL  =      8077.1777  VOLUME     =    306552.5455
                                                    Density    =         1.0050
 Ewald error estimate:   0.5208E-04
 ------------------------------------------------------------------------------


 NSTEP =    11500   TIME(PS) =     123.000  TEMP(K) =   300.69  PRESS =  -132.3
 Etot   =    -75830.5196  EKtot   =     18544.3922  EPtot      =    -94374.9118
 BOND   =       395.7679  ANGLE   =      1011.8660  DIHED      =      1636.0120
 1-4 NB =       491.7818  1-4 EEL =      4363.8723  VDWAALS    =     12165.8196
 EELEC  =   -114551.7079  EHBOND  =         0.0000  RESTRAINT  =       111.6765
 EAMBER (non-restraint)  =    -94486.5883
 EKCMT  =      8557.6164  VIRIAL  =      9433.4291  VOLUME     =    306565.8299
                                                    Density    =         1.0050
 Ewald error estimate:   0.7074E-04
 ------------------------------------------------------------------------------


 NSTEP =    12000   TIME(PS) =     124.000  TEMP(K) =   298.67  PRESS =  -216.5
 Etot   =    -76147.2870  EKtot   =     18419.8484  EPtot      =    -94567.1355
 BOND   =       376.4567  ANGLE   =       985.2254  DIHED      =      1628.4547
 1-4 NB =       464.2862  1-4 EEL =      4355.1170  VDWAALS    =     12130.5758
 EELEC  =   -114639.6407  EHBOND  =         0.0000  RESTRAINT  =       132.3894
 EAMBER (non-restraint)  =    -94699.5249
 EKCMT  =      8420.8794  VIRIAL  =      9850.8716  VOLUME     =    305978.9327
                                                    Density    =         1.0069
 Ewald error estimate:   0.9358E-04
 ------------------------------------------------------------------------------


 NSTEP =    12500   TIME(PS) =     125.000  TEMP(K) =   301.68  PRESS =   -96.6
 Etot   =    -75897.7091  EKtot   =     18605.6198  EPtot      =    -94503.3289
 BOND   =       375.3252  ANGLE   =       992.8521  DIHED      =      1621.8979
 1-4 NB =       485.2618  1-4 EEL =      4362.0054  VDWAALS    =     12247.5784
 EELEC  =   -114701.7183  EHBOND  =         0.0000  RESTRAINT  =       113.4687
 EAMBER (non-restraint)  =    -94616.7975
 EKCMT  =      8508.8851  VIRIAL  =      9145.7755  VOLUME     =    305466.4378
                                                    Density    =         1.0086
 Ewald error estimate:   0.2441E-04
 ------------------------------------------------------------------------------


 NSTEP =    13000   TIME(PS) =     126.000  TEMP(K) =   297.76  PRESS =    14.3
 Etot   =    -75786.0712  EKtot   =     18364.1689  EPtot      =    -94150.2401
 BOND   =       391.0222  ANGLE   =      1051.2003  DIHED      =      1625.3030
 1-4 NB =       467.0370  1-4 EEL =      4327.4496  VDWAALS    =     12056.2017
 EELEC  =   -114199.6145  EHBOND  =         0.0000  RESTRAINT  =       131.1606
 EAMBER (non-restraint)  =    -94281.4007
 EKCMT  =      8516.9250  VIRIAL  =      8422.2443  VOLUME     =    305780.9895
                                                    Density    =         1.0076
 Ewald error estimate:   0.7105E-04
 ------------------------------------------------------------------------------


 NSTEP =    13500   TIME(PS) =     127.000  TEMP(K) =   298.09  PRESS =   -54.8
 Etot   =    -76018.0209  EKtot   =     18384.2827  EPtot      =    -94402.3037
 BOND   =       387.9281  ANGLE   =       987.9609  DIHED      =      1613.9701
 1-4 NB =       482.1624  1-4 EEL =      4357.6350  VDWAALS    =     12187.8946
 EELEC  =   -114548.4982  EHBOND  =         0.0000  RESTRAINT  =       128.6434
 EAMBER (non-restraint)  =    -94530.9471
 EKCMT  =      8509.7603  VIRIAL  =      8871.6414  VOLUME     =    305725.0229
                                                    Density    =         1.0078
 Ewald error estimate:   0.8365E-04
 ------------------------------------------------------------------------------


 NSTEP =    14000   TIME(PS) =     128.000  TEMP(K) =   300.47  PRESS =   200.8
 Etot   =    -75845.5660  EKtot   =     18530.7410  EPtot      =    -94376.3070
 BOND   =       389.4018  ANGLE   =       975.0225  DIHED      =      1620.5270
 1-4 NB =       477.2071  1-4 EEL =      4394.0392  VDWAALS    =     12323.9896
 EELEC  =   -114689.1982  EHBOND  =         0.0000  RESTRAINT  =       132.7039
 EAMBER (non-restraint)  =    -94509.0109
 EKCMT  =      8501.9308  VIRIAL  =      7176.8742  VOLUME     =    305607.5859
                                                    Density    =         1.0081
 Ewald error estimate:   0.8507E-04
 ------------------------------------------------------------------------------


 NSTEP =    14500   TIME(PS) =     129.000  TEMP(K) =   301.57  PRESS =    13.1
 Etot   =    -75895.1927  EKtot   =     18598.9232  EPtot      =    -94494.1159
 BOND   =       352.5381  ANGLE   =      1033.7379  DIHED      =      1619.6739
 1-4 NB =       487.4699  1-4 EEL =      4384.0015  VDWAALS    =     12205.2848
 EELEC  =   -114705.2722  EHBOND  =         0.0000  RESTRAINT  =       128.4502
 EAMBER (non-restraint)  =    -94622.5661
 EKCMT  =      8599.8327  VIRIAL  =      8513.2733  VOLUME     =    305870.0571
                                                    Density    =         1.0073
 Ewald error estimate:   0.1302E-03
 ------------------------------------------------------------------------------


 NSTEP =    15000   TIME(PS) =     130.000  TEMP(K) =   300.16  PRESS =  -192.8
 Etot   =    -75839.6066  EKtot   =     18511.9149  EPtot      =    -94351.5215
 BOND   =       393.3281  ANGLE   =       977.2908  DIHED      =      1629.0480
 1-4 NB =       479.5076  1-4 EEL =      4359.0635  VDWAALS    =     12096.1266
 EELEC  =   -114406.7335  EHBOND  =         0.0000  RESTRAINT  =       120.8476
 EAMBER (non-restraint)  =    -94472.3690
 EKCMT  =      8544.6727  VIRIAL  =      9818.2934  VOLUME     =    305923.0801
                                                    Density    =         1.0071
 Ewald error estimate:   0.8217E-04
 ------------------------------------------------------------------------------


 NSTEP =    15500   TIME(PS) =     131.000  TEMP(K) =   302.93  PRESS =    44.6
 Etot   =    -75664.2447  EKtot   =     18682.7232  EPtot      =    -94346.9680
 BOND   =       383.5152  ANGLE   =       984.2528  DIHED      =      1626.1870
 1-4 NB =       468.5184  1-4 EEL =      4338.3833  VDWAALS    =     12165.1658
 EELEC  =   -114438.7762  EHBOND  =         0.0000  RESTRAINT  =       125.7856
 EAMBER (non-restraint)  =    -94472.7536
 EKCMT  =      8646.8875  VIRIAL  =      8352.4546  VOLUME     =    305981.0046
                                                    Density    =         1.0069
 Ewald error estimate:   0.5931E-04
 ------------------------------------------------------------------------------


 NSTEP =    16000   TIME(PS) =     132.000  TEMP(K) =   297.97  PRESS =   -69.3
 Etot   =    -75905.2733  EKtot   =     18377.0146  EPtot      =    -94282.2879
 BOND   =       393.8599  ANGLE   =       981.8532  DIHED      =      1625.7157
 1-4 NB =       485.6489  1-4 EEL =      4339.4638  VDWAALS    =     12244.2530
 EELEC  =   -114470.8068  EHBOND  =         0.0000  RESTRAINT  =       117.7244
 EAMBER (non-restraint)  =    -94400.0123
 EKCMT  =      8417.9312  VIRIAL  =      8876.1045  VOLUME     =    306183.0481
                                                    Density    =         1.0062
 Ewald error estimate:   0.9404E-05
 ------------------------------------------------------------------------------


 NSTEP =    16500   TIME(PS) =     133.000  TEMP(K) =   297.77  PRESS =   116.0
 Etot   =    -75867.1000  EKtot   =     18364.5659  EPtot      =    -94231.6659
 BOND   =       392.6384  ANGLE   =       982.6231  DIHED      =      1602.7825
 1-4 NB =       471.4478  1-4 EEL =      4344.8274  VDWAALS    =     12338.6490
 EELEC  =   -114492.3014  EHBOND  =         0.0000  RESTRAINT  =       127.6675
 EAMBER (non-restraint)  =    -94359.3333
 EKCMT  =      8468.7078  VIRIAL  =      7700.6065  VOLUME     =    306636.1488
                                                    Density    =         1.0048
 Ewald error estimate:   0.1286E-03
 ------------------------------------------------------------------------------


 NSTEP =    17000   TIME(PS) =     134.000  TEMP(K) =   303.40  PRESS =    43.5
 Etot   =    -75611.8132  EKtot   =     18711.9905  EPtot      =    -94323.8037
 BOND   =       426.0571  ANGLE   =       984.5612  DIHED      =      1636.8081
 1-4 NB =       475.9979  1-4 EEL =      4352.2541  VDWAALS    =     12317.0456
 EELEC  =   -114637.5951  EHBOND  =         0.0000  RESTRAINT  =       121.0674
 EAMBER (non-restraint)  =    -94444.8711
 EKCMT  =      8606.4715  VIRIAL  =      8318.5406  VOLUME     =    306718.1916
                                                    Density    =         1.0045
 Ewald error estimate:   0.5123E-04
 ------------------------------------------------------------------------------


 NSTEP =    17500   TIME(PS) =     135.000  TEMP(K) =   299.68  PRESS =  -138.6
 Etot   =    -75728.4628  EKtot   =     18482.4066  EPtot      =    -94210.8693
 BOND   =       378.1130  ANGLE   =      1015.4733  DIHED      =      1624.2178
 1-4 NB =       480.6427  1-4 EEL =      4364.9720  VDWAALS    =     12024.9699
 EELEC  =   -114230.1995  EHBOND  =         0.0000  RESTRAINT  =       130.9414
 EAMBER (non-restraint)  =    -94341.8108
 EKCMT  =      8586.6968  VIRIAL  =      9502.4397  VOLUME     =    306050.0452
                                                    Density    =         1.0067
 Ewald error estimate:   0.3148E-04
 ------------------------------------------------------------------------------


 NSTEP =    18000   TIME(PS) =     136.000  TEMP(K) =   301.53  PRESS =     4.4
 Etot   =    -75429.7503  EKtot   =     18596.3759  EPtot      =    -94026.1262
 BOND   =       388.8040  ANGLE   =      1027.2323  DIHED      =      1634.2054
 1-4 NB =       475.0574  1-4 EEL =      4362.4370  VDWAALS    =     12284.5717
 EELEC  =   -114319.8593  EHBOND  =         0.0000  RESTRAINT  =       121.4253
 EAMBER (non-restraint)  =    -94147.5515
 EKCMT  =      8538.0979  VIRIAL  =      8508.7779  VOLUME     =    305926.5007
                                                    Density    =         1.0071
 Ewald error estimate:   0.3444E-04
 ------------------------------------------------------------------------------


 NSTEP =    18500   TIME(PS) =     137.000  TEMP(K) =   302.06  PRESS =   -30.4
 Etot   =    -75689.1892  EKtot   =     18629.0627  EPtot      =    -94318.2520
 BOND   =       401.4595  ANGLE   =       988.8996  DIHED      =      1603.0381
 1-4 NB =       472.0958  1-4 EEL =      4346.5457  VDWAALS    =     12289.5864
 EELEC  =   -114543.3182  EHBOND  =         0.0000  RESTRAINT  =       123.4411
 EAMBER (non-restraint)  =    -94441.6931
 EKCMT  =      8548.7896  VIRIAL  =      8749.3475  VOLUME     =    305676.2127
                                                    Density    =         1.0079
 Ewald error estimate:   0.8591E-04
 ------------------------------------------------------------------------------


 NSTEP =    19000   TIME(PS) =     138.000  TEMP(K) =   300.74  PRESS =   102.3
 Etot   =    -75685.1967  EKtot   =     18547.4818  EPtot      =    -94232.6786
 BOND   =       400.1785  ANGLE   =       992.2060  DIHED      =      1616.6189
 1-4 NB =       468.0636  1-4 EEL =      4311.8876  VDWAALS    =     12289.0910
 EELEC  =   -114445.7990  EHBOND  =         0.0000  RESTRAINT  =       135.0748
 EAMBER (non-restraint)  =    -94367.7534
 EKCMT  =      8536.4746  VIRIAL  =      7860.4923  VOLUME     =    305961.3941
                                                    Density    =         1.0070
 Ewald error estimate:   0.1099E-03
 ------------------------------------------------------------------------------


 NSTEP =    19500   TIME(PS) =     139.000  TEMP(K) =   297.52  PRESS =    47.4
 Etot   =    -76096.6815  EKtot   =     18348.9234  EPtot      =    -94445.6049
 BOND   =       391.4570  ANGLE   =      1043.8135  DIHED      =      1613.3904
 1-4 NB =       481.2606  1-4 EEL =      4349.0228  VDWAALS    =     12393.2678
 EELEC  =   -114831.4981  EHBOND  =         0.0000  RESTRAINT  =       113.6810
 EAMBER (non-restraint)  =    -94559.2859
 EKCMT  =      8430.9464  VIRIAL  =      8118.4773  VOLUME     =    305614.4340
                                                    Density    =         1.0081
 Ewald error estimate:   0.2819E-03
 ------------------------------------------------------------------------------


 NSTEP =    20000   TIME(PS) =     140.000  TEMP(K) =   301.24  PRESS =   -70.9
 Etot   =    -76037.0421  EKtot   =     18578.5956  EPtot      =    -94615.6377
 BOND   =       410.6194  ANGLE   =      1004.8233  DIHED      =      1618.3062
 1-4 NB =       464.5141  1-4 EEL =      4337.0427  VDWAALS    =     12315.7354
 EELEC  =   -114882.0488  EHBOND  =         0.0000  RESTRAINT  =       115.3700
 EAMBER (non-restraint)  =    -94731.0077
 EKCMT  =      8458.2723  VIRIAL  =      8926.1797  VOLUME     =    305443.8671
                                                    Density    =         1.0087
 Ewald error estimate:   0.3097E-04
 ------------------------------------------------------------------------------


 NSTEP =    20500   TIME(PS) =     141.000  TEMP(K) =   296.81  PRESS =    61.4
 Etot   =    -76052.6434  EKtot   =     18305.3606  EPtot      =    -94358.0040
 BOND   =       375.7208  ANGLE   =       980.9739  DIHED      =      1616.7456
 1-4 NB =       487.2300  1-4 EEL =      4399.6061  VDWAALS    =     12159.4518
 EELEC  =   -114492.2544  EHBOND  =         0.0000  RESTRAINT  =       114.5222
 EAMBER (non-restraint)  =    -94472.5262
 EKCMT  =      8430.0502  VIRIAL  =      8024.4441  VOLUME     =    305722.8491
                                                    Density    =         1.0078
 Ewald error estimate:   0.5406E-05
 ------------------------------------------------------------------------------


 NSTEP =    21000   TIME(PS) =     142.000  TEMP(K) =   301.13  PRESS =   -20.0
 Etot   =    -75991.8703  EKtot   =     18571.9976  EPtot      =    -94563.8679
 BOND   =       404.6103  ANGLE   =       950.5876  DIHED      =      1621.7287
 1-4 NB =       468.2634  1-4 EEL =      4372.9010  VDWAALS    =     12263.7820
 EELEC  =   -114771.9755  EHBOND  =         0.0000  RESTRAINT  =       126.2345
 EAMBER (non-restraint)  =    -94690.1024
 EKCMT  =      8523.5188  VIRIAL  =      8655.6512  VOLUME     =    305545.4029
                                                    Density    =         1.0083
 Ewald error estimate:   0.1917E-04
 ------------------------------------------------------------------------------


 NSTEP =    21500   TIME(PS) =     143.000  TEMP(K) =   298.03  PRESS =    68.4
 Etot   =    -76198.0155  EKtot   =     18380.5816  EPtot      =    -94578.5971
 BOND   =       339.8415  ANGLE   =       979.6038  DIHED      =      1614.2295
 1-4 NB =       484.4558  1-4 EEL =      4390.5592  VDWAALS    =     12338.1020
 EELEC  =   -114844.9965  EHBOND  =         0.0000  RESTRAINT  =       119.6077
 EAMBER (non-restraint)  =    -94698.2048
 EKCMT  =      8439.2572  VIRIAL  =      7987.5546  VOLUME     =    305746.5109
                                                    Density    =         1.0077
 Ewald error estimate:   0.1502E-03
 ------------------------------------------------------------------------------


 NSTEP =    22000   TIME(PS) =     144.000  TEMP(K) =   301.67  PRESS =   -71.5
 Etot   =    -75693.1638  EKtot   =     18605.0350  EPtot      =    -94298.1988
 BOND   =       379.1602  ANGLE   =       992.3986  DIHED      =      1629.6189
 1-4 NB =       485.9848  1-4 EEL =      4401.8282  VDWAALS    =     12197.2183
 EELEC  =   -114504.6216  EHBOND  =         0.0000  RESTRAINT  =       120.2138
 EAMBER (non-restraint)  =    -94418.4126
 EKCMT  =      8567.8377  VIRIAL  =      9039.8678  VOLUME     =    305603.1118
                                                    Density    =         1.0082
 Ewald error estimate:   0.4657E-05
 ------------------------------------------------------------------------------


 NSTEP =    22500   TIME(PS) =     145.000  TEMP(K) =   297.88  PRESS =    73.4
 Etot   =    -76067.6732  EKtot   =     18371.5470  EPtot      =    -94439.2202
 BOND   =       395.1638  ANGLE   =      1006.1426  DIHED      =      1623.9504
 1-4 NB =       480.8817  1-4 EEL =      4355.1223  VDWAALS    =     12269.1982
 EELEC  =   -114692.6294  EHBOND  =         0.0000  RESTRAINT  =       122.9502
 EAMBER (non-restraint)  =    -94562.1704
 EKCMT  =      8457.0272  VIRIAL  =      7972.4453  VOLUME     =    305719.1693
                                                    Density    =         1.0078
 Ewald error estimate:   0.2645E-06
 ------------------------------------------------------------------------------


 NSTEP =    23000   TIME(PS) =     146.000  TEMP(K) =   301.89  PRESS =   174.1
 Etot   =    -75705.6043  EKtot   =     18618.4986  EPtot      =    -94324.1028
 BOND   =       350.8320  ANGLE   =       986.9806  DIHED      =      1639.3944
 1-4 NB =       483.1026  1-4 EEL =      4386.5732  VDWAALS    =     12298.9217
 EELEC  =   -114586.5340  EHBOND  =         0.0000  RESTRAINT  =       116.6266
 EAMBER (non-restraint)  =    -94440.7295
 EKCMT  =      8664.9810  VIRIAL  =      7517.4641  VOLUME     =    305293.9354
                                                    Density    =         1.0092
 Ewald error estimate:   0.3305E-04
 ------------------------------------------------------------------------------


 NSTEP =    23500   TIME(PS) =     147.000  TEMP(K) =   298.28  PRESS =    33.6
 Etot   =    -75831.8241  EKtot   =     18395.7317  EPtot      =    -94227.5558
 BOND   =       395.0991  ANGLE   =       981.2331  DIHED      =      1617.2043
 1-4 NB =       475.7364  1-4 EEL =      4351.4165  VDWAALS    =     12276.0925
 EELEC  =   -114438.1851  EHBOND  =         0.0000  RESTRAINT  =       113.8475
 EAMBER (non-restraint)  =    -94341.4033
 EKCMT  =      8474.4555  VIRIAL  =      8252.4662  VOLUME     =    305756.9943
                                                    Density    =         1.0077
 Ewald error estimate:   0.6849E-04
 ------------------------------------------------------------------------------


 NSTEP =    24000   TIME(PS) =     148.000  TEMP(K) =   296.47  PRESS =    -4.4
 Etot   =    -76093.5286  EKtot   =     18284.0473  EPtot      =    -94377.5759
 BOND   =       345.1830  ANGLE   =       994.5014  DIHED      =      1599.3141
 1-4 NB =       493.6909  1-4 EEL =      4382.5647  VDWAALS    =     12124.5018
 EELEC  =   -114436.5109  EHBOND  =         0.0000  RESTRAINT  =       119.1791
 EAMBER (non-restraint)  =    -94496.7550
 EKCMT  =      8432.2018  VIRIAL  =      8461.1022  VOLUME     =    305667.8183
                                                    Density    =         1.0079
 Ewald error estimate:   0.7244E-05
 ------------------------------------------------------------------------------


 NSTEP =    24500   TIME(PS) =     149.000  TEMP(K) =   298.94  PRESS =   -60.5
 Etot   =    -75989.6138  EKtot   =     18436.4990  EPtot      =    -94426.1128
 BOND   =       379.3109  ANGLE   =      1008.5749  DIHED      =      1617.2633
 1-4 NB =       467.8557  1-4 EEL =      4363.5638  VDWAALS    =     12112.7732
 EELEC  =   -114489.8120  EHBOND  =         0.0000  RESTRAINT  =       114.3575
 EAMBER (non-restraint)  =    -94540.4703
 EKCMT  =      8471.6825  VIRIAL  =      8870.9555  VOLUME     =    305503.8252
                                                    Density    =         1.0085
 Ewald error estimate:   0.5920E-04
 ------------------------------------------------------------------------------


 NSTEP =    25000   TIME(PS) =     150.000  TEMP(K) =   301.19  PRESS =    51.9
 Etot   =    -75825.2628  EKtot   =     18575.4521  EPtot      =    -94400.7149
 BOND   =       410.3826  ANGLE   =       972.9764  DIHED      =      1604.0356
 1-4 NB =       469.9519  1-4 EEL =      4355.4775  VDWAALS    =     12341.8069
 EELEC  =   -114679.4372  EHBOND  =         0.0000  RESTRAINT  =       124.0913
 EAMBER (non-restraint)  =    -94524.8062
 EKCMT  =      8481.4058  VIRIAL  =      8139.4389  VOLUME     =    305339.3249
                                                    Density    =         1.0090
 Ewald error estimate:   0.5284E-04
 ------------------------------------------------------------------------------


 NSTEP =    25500   TIME(PS) =     151.000  TEMP(K) =   298.45  PRESS =  -139.1
 Etot   =    -75986.8335  EKtot   =     18406.4809  EPtot      =    -94393.3144
 BOND   =       385.8623  ANGLE   =       972.9923  DIHED      =      1646.9513
 1-4 NB =       483.0470  1-4 EEL =      4316.8135  VDWAALS    =     11960.7398
 EELEC  =   -114278.2449  EHBOND  =         0.0000  RESTRAINT  =       118.5243
 EAMBER (non-restraint)  =    -94511.8387
 EKCMT  =      8519.1117  VIRIAL  =      9435.8922  VOLUME     =    305166.3112
                                                    Density    =         1.0096
 Ewald error estimate:   0.3682E-04
 ------------------------------------------------------------------------------


 NSTEP =    26000   TIME(PS) =     152.000  TEMP(K) =   301.12  PRESS =  -207.5
 Etot   =    -75933.9613  EKtot   =     18570.8273  EPtot      =    -94504.7886
 BOND   =       374.4730  ANGLE   =      1014.0822  DIHED      =      1620.4012
 1-4 NB =       467.8360  1-4 EEL =      4356.3962  VDWAALS    =     11958.2323
 EELEC  =   -114426.8721  EHBOND  =         0.0000  RESTRAINT  =       130.6625
 EAMBER (non-restraint)  =    -94635.4511
 EKCMT  =      8566.6606  VIRIAL  =      9934.5310  VOLUME     =    305242.0700
                                                    Density    =         1.0093
 Ewald error estimate:   0.3586E-04
 ------------------------------------------------------------------------------


 NSTEP =    26500   TIME(PS) =     153.000  TEMP(K) =   299.80  PRESS =    27.5
 Etot   =    -76063.2121  EKtot   =     18489.8904  EPtot      =    -94553.1025
 BOND   =       405.9847  ANGLE   =       991.2755  DIHED      =      1649.0186
 1-4 NB =       474.4672  1-4 EEL =      4355.5006  VDWAALS    =     12357.0969
 EELEC  =   -114910.6993  EHBOND  =         0.0000  RESTRAINT  =       124.2533
 EAMBER (non-restraint)  =    -94677.3558
 EKCMT  =      8634.7955  VIRIAL  =      8453.6298  VOLUME     =    305295.4074
                                                    Density    =         1.0092
 Ewald error estimate:   0.1903E-04
 ------------------------------------------------------------------------------


 NSTEP =    27000   TIME(PS) =     154.000  TEMP(K) =   301.74  PRESS =   235.7
 Etot   =    -75965.5804  EKtot   =     18609.1588  EPtot      =    -94574.7392
 BOND   =       429.4136  ANGLE   =       978.2249  DIHED      =      1629.2932
 1-4 NB =       474.9944  1-4 EEL =      4306.3150  VDWAALS    =     12613.0717
 EELEC  =   -115138.5409  EHBOND  =         0.0000  RESTRAINT  =       132.4889
 EAMBER (non-restraint)  =    -94707.2281
 EKCMT  =      8579.5839  VIRIAL  =      7023.9946  VOLUME     =    305618.2848
                                                    Density    =         1.0081
 Ewald error estimate:   0.1980E-03
 ------------------------------------------------------------------------------


 NSTEP =    27500   TIME(PS) =     155.000  TEMP(K) =   300.41  PRESS =   -15.5
 Etot   =    -75993.2223  EKtot   =     18527.1588  EPtot      =    -94520.3811
 BOND   =       371.9657  ANGLE   =       965.7749  DIHED      =      1590.6346
 1-4 NB =       488.9089  1-4 EEL =      4364.9566  VDWAALS    =     12122.0359
 EELEC  =   -114548.4398  EHBOND  =         0.0000  RESTRAINT  =       123.7821
 EAMBER (non-restraint)  =    -94644.1633
 EKCMT  =      8528.8167  VIRIAL  =      8631.1375  VOLUME     =    305998.0150
                                                    Density    =         1.0069
 Ewald error estimate:   0.4503E-04
 ------------------------------------------------------------------------------


 NSTEP =    28000   TIME(PS) =     156.000  TEMP(K) =   301.10  PRESS =   -67.9
 Etot   =    -75891.4017  EKtot   =     18569.9519  EPtot      =    -94461.3537
 BOND   =       412.2794  ANGLE   =       996.5326  DIHED      =      1626.7498
 1-4 NB =       481.0476  1-4 EEL =      4350.0012  VDWAALS    =     12243.2902
 EELEC  =   -114702.3476  EHBOND  =         0.0000  RESTRAINT  =       131.0933
 EAMBER (non-restraint)  =    -94592.4469
 EKCMT  =      8582.3536  VIRIAL  =      9030.4610  VOLUME     =    305726.0304
                                                    Density    =         1.0078
 Ewald error estimate:   0.1481E-03
 ------------------------------------------------------------------------------


 NSTEP =    28500   TIME(PS) =     157.000  TEMP(K) =   299.80  PRESS =  -159.1
 Etot   =    -75950.0108  EKtot   =     18489.7689  EPtot      =    -94439.7797
 BOND   =       389.6849  ANGLE   =      1039.2219  DIHED      =      1617.3354
 1-4 NB =       472.4515  1-4 EEL =      4354.3398  VDWAALS    =     12191.1801
 EELEC  =   -114630.3500  EHBOND  =         0.0000  RESTRAINT  =       126.3568
 EAMBER (non-restraint)  =    -94566.1364
 EKCMT  =      8439.7215  VIRIAL  =      9489.5270  VOLUME     =    305581.7526
                                                    Density    =         1.0082
 Ewald error estimate:   0.7636E-04
 ------------------------------------------------------------------------------


 NSTEP =    29000   TIME(PS) =     158.000  TEMP(K) =   297.83  PRESS =  -133.7
 Etot   =    -76035.9279  EKtot   =     18368.0790  EPtot      =    -94404.0069
 BOND   =       369.5546  ANGLE   =       935.2538  DIHED      =      1616.2406
 1-4 NB =       473.3798  1-4 EEL =      4382.7343  VDWAALS    =     12057.6519
 EELEC  =   -114348.7990  EHBOND  =         0.0000  RESTRAINT  =       109.9771
 EAMBER (non-restraint)  =    -94513.9839
 EKCMT  =      8475.0120  VIRIAL  =      9357.5991  VOLUME     =    305730.5815
                                                    Density    =         1.0077
 Ewald error estimate:   0.4631E-04
 ------------------------------------------------------------------------------


 NSTEP =    29500   TIME(PS) =     159.000  TEMP(K) =   298.97  PRESS =  -126.2
 Etot   =    -76076.1415  EKtot   =     18438.3317  EPtot      =    -94514.4732
 BOND   =       365.2419  ANGLE   =       977.4057  DIHED      =      1628.7947
 1-4 NB =       495.1354  1-4 EEL =      4411.8739  VDWAALS    =     12228.1858
 EELEC  =   -114752.0401  EHBOND  =         0.0000  RESTRAINT  =       130.9294
 EAMBER (non-restraint)  =    -94645.4026
 EKCMT  =      8508.1051  VIRIAL  =      9341.2791  VOLUME     =    305757.1757
                                                    Density    =         1.0076
 Ewald error estimate:   0.2265E-03
 ------------------------------------------------------------------------------


 NSTEP =    30000   TIME(PS) =     160.000  TEMP(K) =   300.47  PRESS =   131.8
 Etot   =    -75843.1377  EKtot   =     18530.8815  EPtot      =    -94374.0191
 BOND   =       375.9820  ANGLE   =      1007.3826  DIHED      =      1635.0622
 1-4 NB =       478.3096  1-4 EEL =      4354.4486  VDWAALS    =     12277.9065
 EELEC  =   -114632.2613  EHBOND  =         0.0000  RESTRAINT  =       129.1506
 EAMBER (non-restraint)  =    -94503.1697
 EKCMT  =      8621.1994  VIRIAL  =      7751.0381  VOLUME     =    305674.2439
                                                    Density    =         1.0079
 Ewald error estimate:   0.7193E-04
 ------------------------------------------------------------------------------


 NSTEP =    30500   TIME(PS) =     161.000  TEMP(K) =   298.76  PRESS =    19.3
 Etot   =    -76089.3260  EKtot   =     18425.3954  EPtot      =    -94514.7214
 BOND   =       385.0118  ANGLE   =      1013.4949  DIHED      =      1625.1262
 1-4 NB =       480.3968  1-4 EEL =      4346.3029  VDWAALS    =     12192.2096
 EELEC  =   -114677.5503  EHBOND  =         0.0000  RESTRAINT  =       120.2869
 EAMBER (non-restraint)  =    -94635.0083
 EKCMT  =      8467.6611  VIRIAL  =      8340.1989  VOLUME     =    305854.0114
                                                    Density    =         1.0073
 Ewald error estimate:   0.6753E-04
 ------------------------------------------------------------------------------


 NSTEP =    31000   TIME(PS) =     162.000  TEMP(K) =   298.61  PRESS =  -203.7
 Etot   =    -76118.8112  EKtot   =     18416.1689  EPtot      =    -94534.9801
 BOND   =       367.7856  ANGLE   =      1002.9350  DIHED      =      1632.8701
 1-4 NB =       485.1511  1-4 EEL =      4357.2597  VDWAALS    =     12048.1650
 EELEC  =   -114549.3078  EHBOND  =         0.0000  RESTRAINT  =       120.1611
 EAMBER (non-restraint)  =    -94655.1412
 EKCMT  =      8456.8094  VIRIAL  =      9800.0842  VOLUME     =    305364.3545
                                                    Density    =         1.0089
 Ewald error estimate:   0.1445E-03
 ------------------------------------------------------------------------------


 NSTEP =    31500   TIME(PS) =     163.000  TEMP(K) =   299.61  PRESS =    74.3
 Etot   =    -76076.7494  EKtot   =     18477.8112  EPtot      =    -94554.5606
 BOND   =       410.7894  ANGLE   =       969.7153  DIHED      =      1639.7941
 1-4 NB =       462.5633  1-4 EEL =      4330.4157  VDWAALS    =     12490.5240
 EELEC  =   -114977.4614  EHBOND  =         0.0000  RESTRAINT  =       119.0991
 EAMBER (non-restraint)  =    -94673.6597
 EKCMT  =      8540.8034  VIRIAL  =      8051.3756  VOLUME     =    305278.0236
                                                    Density    =         1.0092
 Ewald error estimate:   0.5540E-04
 ------------------------------------------------------------------------------


 NSTEP =    32000   TIME(PS) =     164.000  TEMP(K) =   300.05  PRESS =    99.0
 Etot   =    -75951.6506  EKtot   =     18505.2891  EPtot      =    -94456.9397
 BOND   =       350.2020  ANGLE   =       955.2370  DIHED      =      1604.4000
 1-4 NB =       483.6829  1-4 EEL =      4382.5711  VDWAALS    =     12209.9598
 EELEC  =   -114578.2843  EHBOND  =         0.0000  RESTRAINT  =       135.2918
 EAMBER (non-restraint)  =    -94592.2315
 EKCMT  =      8529.9802  VIRIAL  =      7878.0507  VOLUME     =    305072.1445
                                                    Density    =         1.0099
 Ewald error estimate:   0.4292E-05
 ------------------------------------------------------------------------------


 NSTEP =    32500   TIME(PS) =     165.000  TEMP(K) =   300.39  PRESS =   324.1
 Etot   =    -75703.5167  EKtot   =     18526.0021  EPtot      =    -94229.5188
 BOND   =       420.3182  ANGLE   =      1004.0236  DIHED      =      1632.5545
 1-4 NB =       469.9630  1-4 EEL =      4353.4379  VDWAALS    =     12393.9191
 EELEC  =   -114623.4827  EHBOND  =         0.0000  RESTRAINT  =       119.7475
 EAMBER (non-restraint)  =    -94349.2663
 EKCMT  =      8524.0541  VIRIAL  =      6386.6794  VOLUME     =    305455.4298
                                                    Density    =         1.0086
 Ewald error estimate:   0.3384E-04
 ------------------------------------------------------------------------------


 NSTEP =    33000   TIME(PS) =     166.000  TEMP(K) =   299.91  PRESS =    -6.3
 Etot   =    -75881.3353  EKtot   =     18496.4064  EPtot      =    -94377.7417
 BOND   =       387.0772  ANGLE   =      1005.6954  DIHED      =      1612.8755
 1-4 NB =       476.3293  1-4 EEL =      4371.0485  VDWAALS    =     12184.5532
 EELEC  =   -114542.3775  EHBOND  =         0.0000  RESTRAINT  =       127.0568
 EAMBER (non-restraint)  =    -94504.7985
 EKCMT  =      8514.3862  VIRIAL  =      8556.0706  VOLUME     =    306003.2495
                                                    Density    =         1.0068
 Ewald error estimate:   0.1644E-04
 ------------------------------------------------------------------------------


 NSTEP =    33500   TIME(PS) =     167.000  TEMP(K) =   301.32  PRESS =  -105.8
 Etot   =    -75840.4931  EKtot   =     18583.5693  EPtot      =    -94424.0624
 BOND   =       414.0670  ANGLE   =       968.1628  DIHED      =      1621.5937
 1-4 NB =       469.5288  1-4 EEL =      4368.0339  VDWAALS    =     12234.4041
 EELEC  =   -114626.5261  EHBOND  =         0.0000  RESTRAINT  =       126.6733
 EAMBER (non-restraint)  =    -94550.7358
 EKCMT  =      8561.9266  VIRIAL  =      9261.2797  VOLUME     =    306037.1408
                                                    Density    =         1.0067
 Ewald error estimate:   0.1214E-03
 ------------------------------------------------------------------------------


 NSTEP =    34000   TIME(PS) =     168.000  TEMP(K) =   299.08  PRESS =  -109.8
 Etot   =    -75732.4651  EKtot   =     18445.1074  EPtot      =    -94177.5726
 BOND   =       395.3237  ANGLE   =       943.5673  DIHED      =      1615.7084
 1-4 NB =       490.2877  1-4 EEL =      4399.3142  VDWAALS    =     11998.8558
 EELEC  =   -114143.7637  EHBOND  =         0.0000  RESTRAINT  =       123.1340
 EAMBER (non-restraint)  =    -94300.7066
 EKCMT  =      8406.4031  VIRIAL  =      9131.4729  VOLUME     =    305858.8524
                                                    Density    =         1.0073
 Ewald error estimate:   0.6711E-04
 ------------------------------------------------------------------------------


 NSTEP =    34500   TIME(PS) =     169.000  TEMP(K) =   300.74  PRESS =    81.5
 Etot   =    -75865.2875  EKtot   =     18547.7903  EPtot      =    -94413.0778
 BOND   =       373.6623  ANGLE   =       948.4132  DIHED      =      1629.1055
 1-4 NB =       486.9074  1-4 EEL =      4375.5117  VDWAALS    =     12292.4671
 EELEC  =   -114633.7636  EHBOND  =         0.0000  RESTRAINT  =       114.6186
 EAMBER (non-restraint)  =    -94527.6964
 EKCMT  =      8529.3247  VIRIAL  =      7991.3958  VOLUME     =    305822.7649
                                                    Density    =         1.0074
 Ewald error estimate:   0.5683E-04
 ------------------------------------------------------------------------------


 NSTEP =    35000   TIME(PS) =     170.000  TEMP(K) =   303.70  PRESS =    55.8
 Etot   =    -75809.7099  EKtot   =     18730.0254  EPtot      =    -94539.7353
 BOND   =       403.2519  ANGLE   =       981.4005  DIHED      =      1599.1895
 1-4 NB =       479.8261  1-4 EEL =      4376.6095  VDWAALS    =     12304.9280
 EELEC  =   -114805.9057  EHBOND  =         0.0000  RESTRAINT  =       120.9649
 EAMBER (non-restraint)  =    -94660.7002
 EKCMT  =      8681.2970  VIRIAL  =      8312.3483  VOLUME     =    306348.6428
                                                    Density    =         1.0057
 Ewald error estimate:   0.2437E-03
 ------------------------------------------------------------------------------


 NSTEP =    35500   TIME(PS) =     171.000  TEMP(K) =   301.77  PRESS =  -270.4
 Etot   =    -75773.5710  EKtot   =     18611.4202  EPtot      =    -94384.9912
 BOND   =       379.1167  ANGLE   =      1026.6647  DIHED      =      1616.1963
 1-4 NB =       478.9405  1-4 EEL =      4346.9874  VDWAALS    =     11941.3398
 EELEC  =   -114295.3317  EHBOND  =         0.0000  RESTRAINT  =       121.0952
 EAMBER (non-restraint)  =    -94506.0864
 EKCMT  =      8507.6351  VIRIAL  =     10295.0933  VOLUME     =    306177.0164
                                                    Density    =         1.0063
 Ewald error estimate:   0.7368E-04
 ------------------------------------------------------------------------------


 NSTEP =    36000   TIME(PS) =     172.000  TEMP(K) =   298.58  PRESS =   -56.3
 Etot   =    -76036.8232  EKtot   =     18414.7405  EPtot      =    -94451.5637
 BOND   =       381.9672  ANGLE   =       947.0590  DIHED      =      1618.7440
 1-4 NB =       470.6654  1-4 EEL =      4420.3807  VDWAALS    =     12197.8001
 EELEC  =   -114612.8718  EHBOND  =         0.0000  RESTRAINT  =       124.6917
 EAMBER (non-restraint)  =    -94576.2554
 EKCMT  =      8447.3608  VIRIAL  =      8819.6305  VOLUME     =    305991.5487
                                                    Density    =         1.0069
 Ewald error estimate:   0.9720E-05
 ------------------------------------------------------------------------------


 NSTEP =    36500   TIME(PS) =     173.000  TEMP(K) =   298.49  PRESS =    40.5
 Etot   =    -76290.2286  EKtot   =     18409.1437  EPtot      =    -94699.3723
 BOND   =       404.6056  ANGLE   =       993.4277  DIHED      =      1609.8323
 1-4 NB =       494.1986  1-4 EEL =      4339.6178  VDWAALS    =     12224.0586
 EELEC  =   -114889.5258  EHBOND  =         0.0000  RESTRAINT  =       124.4129
 EAMBER (non-restraint)  =    -94823.7852
 EKCMT  =      8408.2511  VIRIAL  =      8140.9425  VOLUME     =    305706.5139
                                                    Density    =         1.0078
 Ewald error estimate:   0.2012E-04
 ------------------------------------------------------------------------------


 NSTEP =    37000   TIME(PS) =     174.000  TEMP(K) =   296.72  PRESS =  -164.3
 Etot   =    -76011.5375  EKtot   =     18299.7226  EPtot      =    -94311.2601
 BOND   =       388.3353  ANGLE   =      1009.6569  DIHED      =      1647.6191
 1-4 NB =       465.7197  1-4 EEL =      4370.7115  VDWAALS    =     12082.7972
 EELEC  =   -114401.5063  EHBOND  =         0.0000  RESTRAINT  =       125.4066
 EAMBER (non-restraint)  =    -94436.6666
 EKCMT  =      8408.7907  VIRIAL  =      9492.4840  VOLUME     =    305554.0403
                                                    Density    =         1.0083
 Ewald error estimate:   0.2941E-04
 ------------------------------------------------------------------------------


 NSTEP =    37500   TIME(PS) =     175.000  TEMP(K) =   301.75  PRESS =   -21.7
 Etot   =    -75777.9986  EKtot   =     18609.7455  EPtot      =    -94387.7442
 BOND   =       377.6590  ANGLE   =       974.9937  DIHED      =      1623.4808
 1-4 NB =       486.2875  1-4 EEL =      4385.7692  VDWAALS    =     12046.8365
 EELEC  =   -114419.6951  EHBOND  =         0.0000  RESTRAINT  =       136.9243
 EAMBER (non-restraint)  =    -94524.6685
 EKCMT  =      8472.2758  VIRIAL  =      8615.2056  VOLUME     =    305074.0777
                                                    Density    =         1.0099
 Ewald error estimate:   0.1470E-03
 ------------------------------------------------------------------------------


 NSTEP =    38000   TIME(PS) =     176.000  TEMP(K) =   297.71  PRESS =   107.5
 Etot   =    -76075.3651  EKtot   =     18361.0360  EPtot      =    -94436.4011
 BOND   =       373.1894  ANGLE   =      1009.3399  DIHED      =      1619.7772
 1-4 NB =       475.4638  1-4 EEL =      4366.0384  VDWAALS    =     12284.8760
 EELEC  =   -114688.3670  EHBOND  =         0.0000  RESTRAINT  =       123.2812
 EAMBER (non-restraint)  =    -94559.6823
 EKCMT  =      8452.4754  VIRIAL  =      7743.8531  VOLUME     =    305198.3348
                                                    Density    =         1.0095
 Ewald error estimate:   0.3392E-04
 ------------------------------------------------------------------------------


 NSTEP =    38500   TIME(PS) =     177.000  TEMP(K) =   300.30  PRESS =  -190.9
 Etot   =    -76021.5625  EKtot   =     18520.7334  EPtot      =    -94542.2959
 BOND   =       359.8050  ANGLE   =      1016.4984  DIHED      =      1626.4063
 1-4 NB =       468.2625  1-4 EEL =      4358.4481  VDWAALS    =     12123.1047
 EELEC  =   -114610.4246  EHBOND  =         0.0000  RESTRAINT  =       115.6039
 EAMBER (non-restraint)  =    -94657.8997
 EKCMT  =      8527.2420  VIRIAL  =      9786.9844  VOLUME     =    305555.7988
                                                    Density    =         1.0083
 Ewald error estimate:   0.7321E-04
 ------------------------------------------------------------------------------


 NSTEP =    39000   TIME(PS) =     178.000  TEMP(K) =   300.30  PRESS =   -34.3
 Etot   =    -75944.9208  EKtot   =     18520.4807  EPtot      =    -94465.4015
 BOND   =       393.3472  ANGLE   =       977.2044  DIHED      =      1641.1941
 1-4 NB =       493.8415  1-4 EEL =      4355.6803  VDWAALS    =     12336.3992
 EELEC  =   -114789.4563  EHBOND  =         0.0000  RESTRAINT  =       126.3883
 EAMBER (non-restraint)  =    -94591.7897
 EKCMT  =      8485.9281  VIRIAL  =      8712.6319  VOLUME     =    305706.4932
                                                    Density    =         1.0078
 Ewald error estimate:   0.4211E-05
 ------------------------------------------------------------------------------


 NSTEP =    39500   TIME(PS) =     179.000  TEMP(K) =   298.13  PRESS =    63.9
 Etot   =    -76069.3177  EKtot   =     18386.4671  EPtot      =    -94455.7848
 BOND   =       401.1177  ANGLE   =       971.2155  DIHED      =      1639.7627
 1-4 NB =       487.4869  1-4 EEL =      4364.7044  VDWAALS    =     12242.9363
 EELEC  =   -114694.7721  EHBOND  =         0.0000  RESTRAINT  =       131.7639
 EAMBER (non-restraint)  =    -94587.5486
 EKCMT  =      8447.0968  VIRIAL  =      8025.1044  VOLUME     =    305974.0604
                                                    Density    =         1.0069
 Ewald error estimate:   0.1410E-03
 ------------------------------------------------------------------------------


 NSTEP =    40000   TIME(PS) =     180.000  TEMP(K) =   296.10  PRESS =    61.8
 Etot   =    -76124.8943  EKtot   =     18261.6325  EPtot      =    -94386.5269
 BOND   =       390.3769  ANGLE   =       986.2269  DIHED      =      1618.5035
 1-4 NB =       482.8932  1-4 EEL =      4374.6289  VDWAALS    =     12268.4516
 EELEC  =   -114626.3577  EHBOND  =         0.0000  RESTRAINT  =       118.7499
 EAMBER (non-restraint)  =    -94505.2768
 EKCMT  =      8404.6407  VIRIAL  =      7996.3772  VOLUME     =    305907.0672
                                                    Density    =         1.0072
 Ewald error estimate:   0.5694E-04
 ------------------------------------------------------------------------------


 NSTEP =    40500   TIME(PS) =     181.000  TEMP(K) =   299.81  PRESS =  -199.9
 Etot   =    -75940.1032  EKtot   =     18490.3327  EPtot      =    -94430.4359
 BOND   =       385.8208  ANGLE   =       974.2090  DIHED      =      1600.3168
 1-4 NB =       482.0918  1-4 EEL =      4401.8241  VDWAALS    =     12106.8062
 EELEC  =   -114507.3340  EHBOND  =         0.0000  RESTRAINT  =       125.8294
 EAMBER (non-restraint)  =    -94556.2653
 EKCMT  =      8471.4491  VIRIAL  =      9791.5277  VOLUME     =    305864.4197
                                                    Density    =         1.0073
 Ewald error estimate:   0.5743E-05
 ------------------------------------------------------------------------------


 NSTEP =    41000   TIME(PS) =     182.000  TEMP(K) =   303.12  PRESS =   -75.9
 Etot   =    -76032.9734  EKtot   =     18694.2543  EPtot      =    -94727.2277
 BOND   =       373.2825  ANGLE   =      1037.8992  DIHED      =      1625.9420
 1-4 NB =       479.4553  1-4 EEL =      4345.5899  VDWAALS    =     12322.8316
 EELEC  =   -115041.9063  EHBOND  =         0.0000  RESTRAINT  =       129.6782
 EAMBER (non-restraint)  =    -94856.9059
 EKCMT  =      8618.7479  VIRIAL  =      9120.3441  VOLUME     =    305944.4051
                                                    Density    =         1.0070
 Ewald error estimate:   0.7584E-04
 ------------------------------------------------------------------------------


 NSTEP =    41500   TIME(PS) =     183.000  TEMP(K) =   299.93  PRESS =  -143.8
 Etot   =    -75945.5796  EKtot   =     18497.9976  EPtot      =    -94443.5772
 BOND   =       400.8876  ANGLE   =       963.2568  DIHED      =      1630.4826
 1-4 NB =       477.9656  1-4 EEL =      4347.0729  VDWAALS    =     12127.7530
 EELEC  =   -114507.4651  EHBOND  =         0.0000  RESTRAINT  =       116.4694
 EAMBER (non-restraint)  =    -94560.0466
 EKCMT  =      8549.4309  VIRIAL  =      9499.4347  VOLUME     =    305985.7350
                                                    Density    =         1.0069
 Ewald error estimate:   0.4327E-04
 ------------------------------------------------------------------------------


 NSTEP =    42000   TIME(PS) =     184.000  TEMP(K) =   302.96  PRESS =  -132.5
 Etot   =    -75832.4345  EKtot   =     18684.6757  EPtot      =    -94517.1102
 BOND   =       437.6039  ANGLE   =       947.6318  DIHED      =      1622.7373
 1-4 NB =       462.9264  1-4 EEL =      4325.4812  VDWAALS    =     12203.5171
 EELEC  =   -114645.9023  EHBOND  =         0.0000  RESTRAINT  =       128.8943
 EAMBER (non-restraint)  =    -94646.0045
 EKCMT  =      8598.0195  VIRIAL  =      9473.0764  VOLUME     =    305823.4405
                                                    Density    =         1.0074
 Ewald error estimate:   0.4868E-04
 ------------------------------------------------------------------------------


 NSTEP =    42500   TIME(PS) =     185.000  TEMP(K) =   297.46  PRESS =    87.7
 Etot   =    -76090.1375  EKtot   =     18345.2626  EPtot      =    -94435.4001
 BOND   =       379.1801  ANGLE   =       995.3971  DIHED      =      1622.8274
 1-4 NB =       478.6897  1-4 EEL =      4359.6038  VDWAALS    =     12339.1129
 EELEC  =   -114732.2544  EHBOND  =         0.0000  RESTRAINT  =       122.0432
 EAMBER (non-restraint)  =    -94557.4433
 EKCMT  =      8411.6259  VIRIAL  =      7831.9876  VOLUME     =    306049.7659
                                                    Density    =         1.0067
 Ewald error estimate:   0.8742E-04
 ------------------------------------------------------------------------------


 NSTEP =    43000   TIME(PS) =     186.000  TEMP(K) =   299.20  PRESS =   -53.5
 Etot   =    -75890.7584  EKtot   =     18452.8930  EPtot      =    -94343.6513
 BOND   =       391.0396  ANGLE   =       997.9221  DIHED      =      1604.3412
 1-4 NB =       505.0520  1-4 EEL =      4350.9927  VDWAALS    =     12119.7053
 EELEC  =   -114427.1114  EHBOND  =         0.0000  RESTRAINT  =       114.4071
 EAMBER (non-restraint)  =    -94458.0585
 EKCMT  =      8552.1666  VIRIAL  =      8905.3899  VOLUME     =    305827.8805
                                                    Density    =         1.0074
 Ewald error estimate:   0.7442E-05
 ------------------------------------------------------------------------------


 NSTEP =    43500   TIME(PS) =     187.000  TEMP(K) =   299.29  PRESS =   -76.1
 Etot   =    -76069.6481  EKtot   =     18458.3549  EPtot      =    -94528.0030
 BOND   =       363.6533  ANGLE   =       972.6411  DIHED      =      1625.5780
 1-4 NB =       481.1173  1-4 EEL =      4398.3620  VDWAALS    =     12207.3666
 EELEC  =   -114705.0122  EHBOND  =         0.0000  RESTRAINT  =       128.2909
 EAMBER (non-restraint)  =    -94656.2939
 EKCMT  =      8470.9148  VIRIAL  =      8973.0587  VOLUME     =    305720.6078
                                                    Density    =         1.0078
 Ewald error estimate:   0.5325E-04
 ------------------------------------------------------------------------------


 NSTEP =    44000   TIME(PS) =     188.000  TEMP(K) =   298.52  PRESS =   112.9
 Etot   =    -75974.2262  EKtot   =     18410.7727  EPtot      =    -94384.9989
 BOND   =       397.9917  ANGLE   =       998.0341  DIHED      =      1641.2561
 1-4 NB =       486.5289  1-4 EEL =      4353.9362  VDWAALS    =     12483.7441
 EELEC  =   -114872.8151  EHBOND  =         0.0000  RESTRAINT  =       126.3249
 EAMBER (non-restraint)  =    -94511.3238
 EKCMT  =      8550.6608  VIRIAL  =      7805.3364  VOLUME     =    305869.4326
                                                    Density    =         1.0073
 Ewald error estimate:   0.9032E-04
 ------------------------------------------------------------------------------


 NSTEP =    44500   TIME(PS) =     189.000  TEMP(K) =   300.64  PRESS =    19.1
 Etot   =    -76041.7553  EKtot   =     18541.7507  EPtot      =    -94583.5059
 BOND   =       364.6079  ANGLE   =      1013.6192  DIHED      =      1599.1872
 1-4 NB =       489.3173  1-4 EEL =      4376.1735  VDWAALS    =     12373.0904
 EELEC  =   -114923.0119  EHBOND  =         0.0000  RESTRAINT  =       123.5104
 EAMBER (non-restraint)  =    -94707.0164
 EKCMT  =      8491.3886  VIRIAL  =      8365.0640  VOLUME     =    305786.1952
                                                    Density    =         1.0076
 Ewald error estimate:   0.6564E-04
 ------------------------------------------------------------------------------


 NSTEP =    45000   TIME(PS) =     190.000  TEMP(K) =   299.86  PRESS =  -167.9
 Etot   =    -75995.9139  EKtot   =     18493.2822  EPtot      =    -94489.1961
 BOND   =       349.1344  ANGLE   =      1016.0396  DIHED      =      1618.9965
 1-4 NB =       480.6967  1-4 EEL =      4349.2564  VDWAALS    =     12056.3232
 EELEC  =   -114495.6966  EHBOND  =         0.0000  RESTRAINT  =       136.0537
 EAMBER (non-restraint)  =    -94625.2498
 EKCMT  =      8545.9382  VIRIAL  =      9653.2396  VOLUME     =    305514.5806
                                                    Density    =         1.0084
 Ewald error estimate:   0.8672E-04
 ------------------------------------------------------------------------------


 NSTEP =    45500   TIME(PS) =     191.000  TEMP(K) =   300.31  PRESS =  -275.6
 Etot   =    -75818.4587  EKtot   =     18521.0115  EPtot      =    -94339.4702
 BOND   =       379.6623  ANGLE   =       996.8365  DIHED      =      1625.6925
 1-4 NB =       481.5747  1-4 EEL =      4374.4281  VDWAALS    =     12015.0436
 EELEC  =   -114342.5777  EHBOND  =         0.0000  RESTRAINT  =       129.8698
 EAMBER (non-restraint)  =    -94469.3400
 EKCMT  =      8597.5994  VIRIAL  =     10415.4773  VOLUME     =    305443.2734
                                                    Density    =         1.0087
 Ewald error estimate:   0.4352E-04
 ------------------------------------------------------------------------------


 NSTEP =    46000   TIME(PS) =     192.000  TEMP(K) =   300.88  PRESS =  -144.5
 Etot   =    -75983.1340  EKtot   =     18556.4911  EPtot      =    -94539.6251
 BOND   =       381.4584  ANGLE   =       998.9866  DIHED      =      1630.4302
 1-4 NB =       476.4218  1-4 EEL =      4357.7522  VDWAALS    =     12153.5394
 EELEC  =   -114657.1689  EHBOND  =         0.0000  RESTRAINT  =       118.9551
 EAMBER (non-restraint)  =    -94658.5802
 EKCMT  =      8583.2912  VIRIAL  =      9536.5114  VOLUME     =    305501.1136
                                                    Density    =         1.0085
 Ewald error estimate:   0.2921E-04
 ------------------------------------------------------------------------------


 NSTEP =    46500   TIME(PS) =     193.000  TEMP(K) =   301.20  PRESS =    17.6
 Etot   =    -75803.7387  EKtot   =     18575.8293  EPtot      =    -94379.5680
 BOND   =       399.9846  ANGLE   =      1004.4700  DIHED      =      1625.0456
 1-4 NB =       479.3696  1-4 EEL =      4370.0620  VDWAALS    =     12241.0145
 EELEC  =   -114620.4765  EHBOND  =         0.0000  RESTRAINT  =       120.9622
 EAMBER (non-restraint)  =    -94500.5302
 EKCMT  =      8501.5385  VIRIAL  =      8385.1827  VOLUME     =    305475.2248
                                                    Density    =         1.0086
 Ewald error estimate:   0.3212E-04
 ------------------------------------------------------------------------------


 NSTEP =    47000   TIME(PS) =     194.000  TEMP(K) =   300.27  PRESS =   158.7
 Etot   =    -76006.6776  EKtot   =     18518.6519  EPtot      =    -94525.3295
 BOND   =       385.8743  ANGLE   =      1015.6109  DIHED      =      1635.7730
 1-4 NB =       474.4139  1-4 EEL =      4334.0538  VDWAALS    =     12507.5547
 EELEC  =   -115008.4729  EHBOND  =         0.0000  RESTRAINT  =       129.8627
 EAMBER (non-restraint)  =    -94655.1922
 EKCMT  =      8563.4174  VIRIAL  =      7516.6151  VOLUME     =    305500.5070
                                                    Density    =         1.0085
 Ewald error estimate:   0.5142E-04
 ------------------------------------------------------------------------------


 NSTEP =    47500   TIME(PS) =     195.000  TEMP(K) =   297.68  PRESS =   -25.3
 Etot   =    -76101.4134  EKtot   =     18359.1898  EPtot      =    -94460.6032
 BOND   =       405.7029  ANGLE   =      1025.2628  DIHED      =      1636.0398
 1-4 NB =       479.3286  1-4 EEL =      4327.4509  VDWAALS    =     12359.7062
 EELEC  =   -114819.1196  EHBOND  =         0.0000  RESTRAINT  =       125.0251
 EAMBER (non-restraint)  =    -94585.6283
 EKCMT  =      8406.8192  VIRIAL  =      8574.0873  VOLUME     =    305829.5150
                                                    Density    =         1.0074
 Ewald error estimate:   0.3674E-04
 ------------------------------------------------------------------------------


 NSTEP =    48000   TIME(PS) =     196.000  TEMP(K) =   300.36  PRESS =   -92.6
 Etot   =    -76113.2788  EKtot   =     18524.0393  EPtot      =    -94637.3181
 BOND   =       364.4604  ANGLE   =       967.6049  DIHED      =      1644.0936
 1-4 NB =       469.3439  1-4 EEL =      4375.1939  VDWAALS    =     12396.1567
 EELEC  =   -114984.8563  EHBOND  =         0.0000  RESTRAINT  =       130.6847
 EAMBER (non-restraint)  =    -94768.0028
 EKCMT  =      8483.9281  VIRIAL  =      9095.2502  VOLUME     =    305810.2372
                                                    Density    =         1.0075
 Ewald error estimate:   0.1051E-04
 ------------------------------------------------------------------------------


 NSTEP =    48500   TIME(PS) =     197.000  TEMP(K) =   300.78  PRESS =   -20.9
 Etot   =    -75981.8145  EKtot   =     18550.2367  EPtot      =    -94532.0513
 BOND   =       379.9079  ANGLE   =       951.3678  DIHED      =      1603.3113
 1-4 NB =       474.7789  1-4 EEL =      4355.0054  VDWAALS    =     12191.9919
 EELEC  =   -114616.5140  EHBOND  =         0.0000  RESTRAINT  =       128.0995
 EAMBER (non-restraint)  =    -94660.1508
 EKCMT  =      8520.9347  VIRIAL  =      8659.2433  VOLUME     =    305898.8775
                                                    Density    =         1.0072
 Ewald error estimate:   0.4329E-04
 ------------------------------------------------------------------------------


 NSTEP =    49000   TIME(PS) =     198.000  TEMP(K) =   300.56  PRESS =   113.8
 Etot   =    -75903.7443  EKtot   =     18536.8822  EPtot      =    -94440.6265
 BOND   =       402.6962  ANGLE   =       982.6192  DIHED      =      1600.3216
 1-4 NB =       478.1213  1-4 EEL =      4331.9897  VDWAALS    =     12191.2583
 EELEC  =   -114555.2317  EHBOND  =         0.0000  RESTRAINT  =       127.5989
 EAMBER (non-restraint)  =    -94568.2255
 EKCMT  =      8551.4030  VIRIAL  =      7799.7147  VOLUME     =    306016.6866
                                                    Density    =         1.0068
 Ewald error estimate:   0.2887E-04
 ------------------------------------------------------------------------------


 NSTEP =    49500   TIME(PS) =     199.000  TEMP(K) =   299.84  PRESS =  -107.4
 Etot   =    -75796.7664  EKtot   =     18492.1078  EPtot      =    -94288.8742
 BOND   =       404.1502  ANGLE   =       983.8234  DIHED      =      1626.1294
 1-4 NB =       475.6817  1-4 EEL =      4388.8523  VDWAALS    =     12060.1378
 EELEC  =   -114338.9040  EHBOND  =         0.0000  RESTRAINT  =       111.2550
 EAMBER (non-restraint)  =    -94400.1291
 EKCMT  =      8522.2787  VIRIAL  =      9230.9637  VOLUME     =    305702.7121
                                                    Density    =         1.0078
 Ewald error estimate:   0.8940E-04
 ------------------------------------------------------------------------------


 NSTEP =    50000   TIME(PS) =     200.000  TEMP(K) =   299.77  PRESS =    31.0
 Etot   =    -75714.6640  EKtot   =     18487.7144  EPtot      =    -94202.3784
 BOND   =       389.4963  ANGLE   =       978.0745  DIHED      =      1607.1391
 1-4 NB =       498.4967  1-4 EEL =      4411.7093  VDWAALS    =     12197.8664
 EELEC  =   -114411.1943  EHBOND  =         0.0000  RESTRAINT  =       126.0336
 EAMBER (non-restraint)  =    -94328.4120
 EKCMT  =      8463.3030  VIRIAL  =      8258.9422  VOLUME     =    305787.7630
                                                    Density    =         1.0075
 Ewald error estimate:   0.3574E-04
 ------------------------------------------------------------------------------


      A V E R A G E S   O V E R     100 S T E P S


 NSTEP =    50000   TIME(PS) =     200.000  TEMP(K) =   300.33  PRESS =   -23.4
 Etot   =    -75827.7311  EKtot   =     18522.5897  EPtot      =    -94350.3208
 BOND   =       386.7977  ANGLE   =       991.3486  DIHED      =      1622.8232
 1-4 NB =       479.1805  1-4 EEL =      4362.9331  VDWAALS    =     12228.4031
 EELEC  =   -114549.5002  EHBOND  =         0.0000  RESTRAINT  =       127.6933
 EAMBER (non-restraint)  =    -94478.0141
 EKCMT  =      8526.1326  VIRIAL  =      8681.4734  VOLUME     =    306228.8443
                                                    Density    =         1.0061
 Ewald error estimate:   0.6507E-04
 ------------------------------------------------------------------------------


      R M S  F L U C T U A T I O N S


 NSTEP =    50000   TIME(PS) =     200.000  TEMP(K) =     2.72  PRESS =   114.0
 Etot   =       467.2896  EKtot   =       167.8826  EPtot      =       336.6502
 BOND   =        18.7063  ANGLE   =        25.7325  DIHED      =        13.2967
 1-4 NB =         9.0081  1-4 EEL =        22.2528  VDWAALS    =       137.9684
 EELEC  =       371.2414  EHBOND  =         0.0000  RESTRAINT  =        30.9079
 EAMBER (non-restraint)  =       305.7423
 EKCMT  =        99.2081  VIRIAL  =       759.1008  VOLUME     =      1399.3623
                                                    Density    =         0.0045
 Ewald error estimate:   0.5437E-04
 ------------------------------------------------------------------------------

--------------------------------------------------------------------------------
   5.  TIMINGS
--------------------------------------------------------------------------------

|  NonSetup CPU Time in Major Routines, Average for All Tasks:
|
|     Routine           Sec        %
|     ------------------------------
|     DataDistrib      54.40   25.40
|     Nonbond         146.82   68.55
|     Bond              0.10    0.05
|     Angle             0.27    0.13
|     Dihedral          0.74    0.35
|     Shake             0.47    0.22
|     RunMD            11.23    5.24
|     Other             0.16    0.08
|     ------------------------------
|     Total           214.20

|  PME Nonbond Pairlist CPU Time, Average for All Tasks:
|
|     Routine              Sec        %
|     ---------------------------------
|     Set Up Cit           3.90    1.82
|     Build List          13.89    6.49
|     ---------------------------------
|     Total               17.79    8.31

|  PME Direct Force CPU Time, Average for All Tasks:
|
|     Routine              Sec        %
|     ---------------------------------
|     NonBonded Calc      88.91   41.51
|     Exclude Masked       1.52    0.71
|     Other                9.75    4.55
|     ---------------------------------
|     Total              100.17   46.77

|  PME Reciprocal Force CPU Time, Average for All Tasks:
|
|     Routine              Sec        %
|     ---------------------------------
|     1D bspline           3.09    1.44
|     Grid Charges         2.47    1.15
|     Scalar Sum           0.74    0.34
|     Gradient Sum         2.69    1.26
|     FFT                 19.55    9.13
|     ---------------------------------
|     Total               28.54   13.32

|  PME Load Balancing CPU Time, Average for All Tasks:
|
|     Routine                 Sec        %
|     ------------------------------------
|     Atom Reassign           0.06    0.03
|     Image Reassign          0.10    0.04
|     FFT Reassign            0.01    0.00
|     ------------------------------------
|     Total                   0.16    0.07

|  Final Performance Info:
|     -----------------------------------------------------
|     Average timings for last    7000 steps:
|     Elapsed(s) =      30.79 Per Step(ms) =       4.40
|         ns/day =      39.29   seconds/ns =    2199.19
|
|     Average timings for all steps:
|     Elapsed(s) =     215.76 Per Step(ms) =       4.32
|         ns/day =      40.04   seconds/ns =    2157.61
|     -----------------------------------------------------

|  Master Setup CPU time:            0.48 seconds
|  Master NonSetup CPU time:       214.32 seconds
|  Master Total CPU time:          214.79 seconds     0.06 hours

|  Master Setup wall time:           0    seconds
|  Master NonSetup wall time:      215    seconds
|  Master Total wall time:         215    seconds     0.06 hours
