
          -------------------------------------------------------
          Amber 16 PMEMD                              2016
          -------------------------------------------------------

| PMEMD implementation of SANDER, Release 16

| Run on 12/12/2017 at 02:32:29

|   Executable path: pmemd.MPI
| Working directory: /scratch/kfd233/final_project/CompChemFinal/prep/equ
|          Hostname: c01-02

  [-O]verwriting output

File Assignments:
|   MDIN: heat.in                                                               
|  MDOUT: heat.out                                                              
| INPCRD: min_all.rst                                                           
|   PARM: 100_1_5j0d_sol.prmtop                                                 
| RESTRT: heat.rst                                                              
|   REFC: min_all.rst                                                           
|  MDVEL: mdvel                                                                 
|   MDEN: mden                                                                  
|  MDCRD: heat.mdcrd                                                            
| MDINFO: mdinfo                                                                
|LOGFILE: logfile                                                               
|  MDFRC: mdfrc                                                                 

 
 Here is the input file:
 
#  Heating of protein from 10K to 300K with weak restraints and constant volume
                                                                               
&cntrl                                                                         
imin = 0,                                                                      
irest = 0,                                                                     
ntx = 1,                                                                       
ig = -1,                                                                       
nstlim = 25000,                                                                
dt = 0.002,                                                                    
ntc = 2,                                                                       
ntf = 2,                                                                       
cut = 12.0,                                                                    
ntb = 1,                                                                       
ntpr = 500,                                                                    
ntwx = 500,                                                                    
ntt = 3,                                                                       
gamma_ln = 2.0,                                                                
tempi = 10.0,                                                                  
temp0 = 300.0,                                                                 
ntr = 1,                                                                       
restraintmask = ':1-118',                                                      
restraint_wt = 2.0,                                                            
nmropt = 1,                                                                    
ioutfm = 1,                                                                    
/                                                                              
&wt TYPE='TEMP0', istep1=0, istep2=25000,                                      
value1=0.1, value2=300.0, /                                                    
&wt TYPE='END' /                                                               
                                                                               
                                                                               


Note: ig = -1. Setting random seed to   191742 based on wallclock time in
      microseconds and disabling the synchronization of random numbers 
      between tasks to improve performance.
 
 
| Conditional Compilation Defines Used:
| MPI
| PUBFFT
| BINTRAJ
| MKL
| EMIL
 
| Largest sphere to fit in unit cell has radius =    32.709

| New format PARM file being parsed.
| Version =    1.000 Date = 12/11/17 Time = 15:16:27

| Note: 1-4 EEL scale factors are being read from the topology file.

| Note: 1-4 VDW scale factors are being read from the topology file.
| Duplicated    0 dihedrals

| Duplicated    0 dihedrals

--------------------------------------------------------------------------------
   1.  RESOURCE   USE: 
--------------------------------------------------------------------------------

 getting box info from netcdf restart file
 NATOM  =   30525 NTYPES =      26 NBONH =   29504 MBONA  =    1051
 NTHETH =    2326 MTHETA =    1426 NPHIH =    4633 MPHIA  =    4385
 NHPARM =       0 NPARM  =       0 NNB   =   49324 NRES   =    9614
 NBONA  =    1051 NTHETA =    1426 NPHIA =    4385 NUMBND =      80
 NUMANG =     178 NPTRA  =     203 NATYP =      44 NPHB   =       1
 IFBOX  =       1 NMXRS  =      68 IFCAP =       0 NEXTRA =       0
 NCOPY  =       0

| Coordinate Index Table dimensions:     9   10   11
| Direct force subcell size =     7.2688    7.5345    7.0623

     BOX TYPE: RECTILINEAR

--------------------------------------------------------------------------------
   2.  CONTROL  DATA  FOR  THE  RUN
--------------------------------------------------------------------------------

default_name                                                                    

General flags:
     imin    =       0, nmropt  =       1

Nature and format of input:
     ntx     =       1, irest   =       0, ntrx    =       1

Nature and format of output:
     ntxo    =       2, ntpr    =     500, ntrx    =       1, ntwr    =   25000
     iwrap   =       0, ntwx    =     500, ntwv    =       0, ntwe    =       0
     ioutfm  =       1, ntwprt  =       0, idecomp =       0, rbornstat=      0

Potential function:
     ntf     =       2, ntb     =       1, igb     =       0, nsnb    =      25
     ipol    =       0, gbsa    =       0, iesp    =       0
     dielc   =   1.00000, cut     =  12.00000, intdiel =   1.00000

Frozen or restrained atoms:
     ibelly  =       0, ntr     =       1
     restraint_wt =   2.00000

Molecular dynamics:
     nstlim  =     25000, nscm    =         0, nrespa  =         1
     t       =   0.00000, dt      =   0.00200, vlimit  =  20.00000

Langevin dynamics temperature regulation:
     ig      =  191742
     temp0   = 300.00000, tempi   =  10.00000, gamma_ln=   2.00000

SHAKE:
     ntc     =       2, jfastw  =       0
     tol     =   0.00001

NMR refinement options:
     iscale  =       0, noeskp  =       1, ipnlty  =       1, mxsub   =       1
     scalm   = 100.00000, pencut  =   0.10000, tausw   =   0.10000

| Intermolecular bonds treatment:
|     no_intermolecular_bonds =       1

| Energy averages sample interval:
|     ene_avg_sampling =     500

Ewald parameters:
     verbose =       0, ew_type =       0, nbflag  =       1, use_pme =       1
     vdwmeth =       1, eedmeth =       1, netfrc  =       1
     Box X =   65.419   Box Y =   75.345   Box Z =   77.685
     Alpha =   90.000   Beta  =   90.000   Gamma =   90.000
     NFFT1 =   72       NFFT2 =   80       NFFT3 =   80
     Cutoff=   12.000   Tol   =0.100E-04
     Ewald Coefficient =  0.22664
     Interpolation order =    4

| PMEMD ewald parallel performance parameters:
|     block_fft =    1
|     fft_blk_y_divisor =    4
|     excl_recip =    0
|     excl_master =    0
|     atm_redist_freq =  320

    LOADING THE CONSTRAINED ATOMS AS GROUPS


   5.  REFERENCE ATOM COORDINATES

  default_name                                                                    
     Mask :1-118; matches  2037 atoms

--------------------------------------------------------------------------------
   3.  ATOMIC COORDINATES AND VELOCITIES
--------------------------------------------------------------------------------

default_name                                                                    
 begin time read from input coords =     0.000 ps



           Begin reading energy term weight changes/NMR restraints
 WEIGHT CHANGES:
 TEMP0         0  25000    0.100000  300.000000      0      0

 RESTRAINTS:
                          ** No restraint defined **

                  Done reading weight changes/NMR restraints


 
 Number of triangulated 3-point waters found:     9496

     Sum of charges from parm topology file =   0.00200294
     Forcing neutrality...

| Dynamic Memory, Types Used:
| Reals             1433233
| Integers          1087666

| Nonbonded Pairs Initial Allocation:      450896

| Running AMBER/MPI version on   84 MPI task

 
--------------------------------------------------------------------------------
   4.  RESULTS
--------------------------------------------------------------------------------

 ---------------------------------------------------
 APPROXIMATING switch and d/dx switch using CUBIC SPLINE INTERPOLATION
 using   5000.0 points per unit in tabled values
 TESTING RELATIVE ERROR over r ranging from 0.0 to cutoff
| CHECK switch(x): max rel err =   0.3316E-14   at   2.351880
| CHECK d/dx switch(x): max rel err =   0.7963E-11   at   2.712040
 ---------------------------------------------------
|---------------------------------------------------
| APPROXIMATING direct energy using CUBIC SPLINE INTERPOLATION
|  with   50.0 points per unit in tabled values
| Relative Error Limit not exceeded for r .gt.   2.27
| APPROXIMATING direct force using CUBIC SPLINE INTERPOLATION
|  with   50.0 points per unit in tabled values
| Relative Error Limit not exceeded for r .gt.   2.78
|---------------------------------------------------

 NSTEP =        0   TIME(PS) =       0.000  TEMP(K) =    14.74  PRESS =     0.0
 Etot   =   -135445.4584  EKtot   =       908.7774  EPtot      =   -136354.2358
 BOND   =        65.2273  ANGLE   =       224.3534  DIHED      =      1445.7892
 1-4 NB =       425.4358  1-4 EEL =      4363.7952  VDWAALS    =     28863.0538
 EELEC  =   -171741.8905  EHBOND  =         0.0000  RESTRAINT  =         0.0000
 Ewald error estimate:   0.1079E-03
 ------------------------------------------------------------------------------

 NMR restraints: Bond =    0.000   Angle =     0.000   Torsion =     0.000
===============================================================================

 NSTEP =      500   TIME(PS) =       1.000  TEMP(K) =     6.24  PRESS =     0.0
 Etot   =   -115901.2157  EKtot   =       385.0264  EPtot      =   -116286.2421
 BOND   =        68.3643  ANGLE   =       231.4622  DIHED      =      1446.6809
 1-4 NB =       425.6706  1-4 EEL =      4369.0454  VDWAALS    =     22191.0639
 EELEC  =   -145026.4721  EHBOND  =         0.0000  RESTRAINT  =         7.9428
 EAMBER (non-restraint)  =   -116294.1848
 Ewald error estimate:   0.1524E-04
 ------------------------------------------------------------------------------

 NMR restraints: Bond =    0.000   Angle =     0.000   Torsion =     0.000
===============================================================================

 NSTEP =     1000   TIME(PS) =       2.000  TEMP(K) =    10.10  PRESS =     0.0
 Etot   =   -115606.5363  EKtot   =       622.9847  EPtot      =   -116229.5210
 BOND   =        72.3565  ANGLE   =       245.1483  DIHED      =      1448.3446
 1-4 NB =       430.1408  1-4 EEL =      4367.3647  VDWAALS    =     22147.8116
 EELEC  =   -144950.3147  EHBOND  =         0.0000  RESTRAINT  =         9.6273
 EAMBER (non-restraint)  =   -116239.1483
 Ewald error estimate:   0.1112E-03
 ------------------------------------------------------------------------------

 NMR restraints: Bond =    0.000   Angle =     0.000   Torsion =     0.000
===============================================================================

 NSTEP =     1500   TIME(PS) =       3.000  TEMP(K) =    15.55  PRESS =     0.0
 Etot   =   -115029.9003  EKtot   =       958.9341  EPtot      =   -115988.8345
 BOND   =        81.5530  ANGLE   =       256.0351  DIHED      =      1456.4570
 1-4 NB =       428.0147  1-4 EEL =      4373.3616  VDWAALS    =     22118.8461
 EELEC  =   -144718.1729  EHBOND  =         0.0000  RESTRAINT  =        15.0709
 EAMBER (non-restraint)  =   -116003.9053
 Ewald error estimate:   0.1171E-03
 ------------------------------------------------------------------------------

 NMR restraints: Bond =    0.000   Angle =     0.000   Torsion =     0.000
===============================================================================

 NSTEP =     2000   TIME(PS) =       4.000  TEMP(K) =    21.34  PRESS =     0.0
 Etot   =   -114375.0633  EKtot   =      1315.9180  EPtot      =   -115690.9813
 BOND   =        84.6020  ANGLE   =       280.6779  DIHED      =      1455.4253
 1-4 NB =       428.1546  1-4 EEL =      4359.6924  VDWAALS    =     21901.5123
 EELEC  =   -144218.3028  EHBOND  =         0.0000  RESTRAINT  =        17.2569
 EAMBER (non-restraint)  =   -115708.2382
 Ewald error estimate:   0.1443E-03
 ------------------------------------------------------------------------------

 NMR restraints: Bond =    0.000   Angle =     0.000   Torsion =     0.000
===============================================================================

 NSTEP =     2500   TIME(PS) =       5.000  TEMP(K) =    27.39  PRESS =     0.0
 Etot   =   -113751.6447  EKtot   =      1688.9755  EPtot      =   -115440.6202
 BOND   =        93.0363  ANGLE   =       285.4010  DIHED      =      1458.1204
 1-4 NB =       429.6302  1-4 EEL =      4373.2389  VDWAALS    =     21811.9821
 EELEC  =   -143913.9891  EHBOND  =         0.0000  RESTRAINT  =        21.9601
 EAMBER (non-restraint)  =   -115462.5803
 Ewald error estimate:   0.2115E-03
 ------------------------------------------------------------------------------

 NMR restraints: Bond =    0.000   Angle =     0.000   Torsion =     0.000
===============================================================================

 NSTEP =     3000   TIME(PS) =       6.000  TEMP(K) =    33.36  PRESS =     0.0
 Etot   =   -113077.0858  EKtot   =      2057.6869  EPtot      =   -115134.7727
 BOND   =        92.9680  ANGLE   =       306.8742  DIHED      =      1457.7093
 1-4 NB =       435.1310  1-4 EEL =      4369.3873  VDWAALS    =     21597.2580
 EELEC  =   -143419.3162  EHBOND  =         0.0000  RESTRAINT  =        25.2158
 EAMBER (non-restraint)  =   -115159.9885
 Ewald error estimate:   0.1219E-03
 ------------------------------------------------------------------------------

 NMR restraints: Bond =    0.000   Angle =     0.000   Torsion =     0.000
===============================================================================

 NSTEP =     3500   TIME(PS) =       7.000  TEMP(K) =    39.49  PRESS =     0.0
 Etot   =   -112404.0875  EKtot   =      2435.4105  EPtot      =   -114839.4980
 BOND   =       102.8270  ANGLE   =       320.0854  DIHED      =      1466.3203
 1-4 NB =       433.1451  1-4 EEL =      4373.6586  VDWAALS    =     21441.2239
 EELEC  =   -143005.9915  EHBOND  =         0.0000  RESTRAINT  =        29.2333
 EAMBER (non-restraint)  =   -114868.7313
 Ewald error estimate:   0.1152E-03
 ------------------------------------------------------------------------------

 NMR restraints: Bond =    0.000   Angle =     0.000   Torsion =     0.000
===============================================================================

 NSTEP =     4000   TIME(PS) =       8.000  TEMP(K) =    44.97  PRESS =     0.0
 Etot   =   -111846.0435  EKtot   =      2773.2355  EPtot      =   -114619.2790
 BOND   =       109.0772  ANGLE   =       333.0113  DIHED      =      1469.3650
 1-4 NB =       435.7207  1-4 EEL =      4371.0154  VDWAALS    =     21286.2829
 EELEC  =   -142660.5011  EHBOND  =         0.0000  RESTRAINT  =        36.7496
 EAMBER (non-restraint)  =   -114656.0286
 Ewald error estimate:   0.1379E-03
 ------------------------------------------------------------------------------

 NMR restraints: Bond =    0.000   Angle =     0.000   Torsion =     0.000
===============================================================================

 NSTEP =     4500   TIME(PS) =       9.000  TEMP(K) =    51.78  PRESS =     0.0
 Etot   =   -111128.8837  EKtot   =      3193.2643  EPtot      =   -114322.1479
 BOND   =       122.1603  ANGLE   =       348.9285  DIHED      =      1472.1549
 1-4 NB =       432.8157  1-4 EEL =      4356.8165  VDWAALS    =     21235.2675
 EELEC  =   -142327.7981  EHBOND  =         0.0000  RESTRAINT  =        37.5069
 EAMBER (non-restraint)  =   -114359.6548
 Ewald error estimate:   0.9662E-04
 ------------------------------------------------------------------------------

 NMR restraints: Bond =    0.000   Angle =     0.000   Torsion =     0.000
===============================================================================

 NSTEP =     5000   TIME(PS) =      10.000  TEMP(K) =    57.55  PRESS =     0.0
 Etot   =   -110517.3382  EKtot   =      3549.4700  EPtot      =   -114066.8082
 BOND   =       120.0063  ANGLE   =       363.9585  DIHED      =      1477.1702
 1-4 NB =       439.3382  1-4 EEL =      4363.6267  VDWAALS    =     21087.0846
 EELEC  =   -141959.4321  EHBOND  =         0.0000  RESTRAINT  =        41.4393
 EAMBER (non-restraint)  =   -114108.2474
 Ewald error estimate:   0.7599E-04
 ------------------------------------------------------------------------------

 NMR restraints: Bond =    0.000   Angle =     0.000   Torsion =     0.000
===============================================================================

 NSTEP =     5500   TIME(PS) =      11.000  TEMP(K) =    63.83  PRESS =     0.0
 Etot   =   -109848.2985  EKtot   =      3936.4801  EPtot      =   -113784.7786
 BOND   =       131.0532  ANGLE   =       376.7476  DIHED      =      1483.0541
 1-4 NB =       444.8286  1-4 EEL =      4373.9614  VDWAALS    =     20780.3206
 EELEC  =   -141417.8595  EHBOND  =         0.0000  RESTRAINT  =        43.1154
 EAMBER (non-restraint)  =   -113827.8939
 Ewald error estimate:   0.1157E-03
 ------------------------------------------------------------------------------

 NMR restraints: Bond =    0.000   Angle =     0.000   Torsion =     0.000
===============================================================================

 NSTEP =     6000   TIME(PS) =      12.000  TEMP(K) =    69.52  PRESS =     0.0
 Etot   =   -109204.3661  EKtot   =      4287.5019  EPtot      =   -113491.8680
 BOND   =       137.4140  ANGLE   =       392.6706  DIHED      =      1486.9880
 1-4 NB =       438.1512  1-4 EEL =      4369.9530  VDWAALS    =     20717.5842
 EELEC  =   -141085.1093  EHBOND  =         0.0000  RESTRAINT  =        50.4802
 EAMBER (non-restraint)  =   -113542.3482
 Ewald error estimate:   0.2473E-04
 ------------------------------------------------------------------------------

 NMR restraints: Bond =    0.000   Angle =     0.000   Torsion =     0.000
===============================================================================

 NSTEP =     6500   TIME(PS) =      13.000  TEMP(K) =    75.46  PRESS =     0.0
 Etot   =   -108518.0493  EKtot   =      4653.7808  EPtot      =   -113171.8301
 BOND   =       146.2761  ANGLE   =       431.1552  DIHED      =      1489.9092
 1-4 NB =       431.6512  1-4 EEL =      4346.3377  VDWAALS    =     20598.3017
 EELEC  =   -140668.5837  EHBOND  =         0.0000  RESTRAINT  =        53.1226
 EAMBER (non-restraint)  =   -113224.9527
 Ewald error estimate:   0.8738E-04
 ------------------------------------------------------------------------------

 NMR restraints: Bond =    0.000   Angle =     0.000   Torsion =     0.000
===============================================================================

 NSTEP =     7000   TIME(PS) =      14.000  TEMP(K) =    81.40  PRESS =     0.0
 Etot   =   -107934.3576  EKtot   =      5020.0377  EPtot      =   -112954.3953
 BOND   =       144.0376  ANGLE   =       427.3743  DIHED      =      1487.5196
 1-4 NB =       432.0773  1-4 EEL =      4354.6796  VDWAALS    =     20484.3867
 EELEC  =   -140341.4323  EHBOND  =         0.0000  RESTRAINT  =        56.9618
 EAMBER (non-restraint)  =   -113011.3572
 Ewald error estimate:   0.1581E-03
 ------------------------------------------------------------------------------

 NMR restraints: Bond =    0.000   Angle =     0.000   Torsion =     0.000
===============================================================================

 NSTEP =     7500   TIME(PS) =      15.000  TEMP(K) =    87.12  PRESS =     0.0
 Etot   =   -107340.6808  EKtot   =      5372.9641  EPtot      =   -112713.6449
 BOND   =       153.9887  ANGLE   =       442.2486  DIHED      =      1494.1609
 1-4 NB =       446.4081  1-4 EEL =      4386.9444  VDWAALS    =     20386.6543
 EELEC  =   -140087.5852  EHBOND  =         0.0000  RESTRAINT  =        63.5353
 EAMBER (non-restraint)  =   -112777.1802
 Ewald error estimate:   0.9202E-04
 ------------------------------------------------------------------------------

 NMR restraints: Bond =    0.000   Angle =     0.000   Torsion =     0.000
===============================================================================

 NSTEP =     8000   TIME(PS) =      16.000  TEMP(K) =    93.51  PRESS =     0.0
 Etot   =   -106645.2190  EKtot   =      5767.1957  EPtot      =   -112412.4147
 BOND   =       160.5379  ANGLE   =       457.7075  DIHED      =      1496.7329
 1-4 NB =       436.6480  1-4 EEL =      4357.0023  VDWAALS    =     20154.2046
 EELEC  =   -139537.7003  EHBOND  =         0.0000  RESTRAINT  =        62.4524
 EAMBER (non-restraint)  =   -112474.8671
 Ewald error estimate:   0.9856E-05
 ------------------------------------------------------------------------------

 NMR restraints: Bond =    0.000   Angle =     0.000   Torsion =     0.000
===============================================================================

 NSTEP =     8500   TIME(PS) =      17.000  TEMP(K) =   100.72  PRESS =     0.0
 Etot   =   -105823.2101  EKtot   =      6211.7008  EPtot      =   -112034.9109
 BOND   =       173.5837  ANGLE   =       483.1858  DIHED      =      1505.5383
 1-4 NB =       435.3506  1-4 EEL =      4335.4002  VDWAALS    =     20050.7267
 EELEC  =   -139086.2879  EHBOND  =         0.0000  RESTRAINT  =        67.5917
 EAMBER (non-restraint)  =   -112102.5026
 Ewald error estimate:   0.1065E-03
 ------------------------------------------------------------------------------

 NMR restraints: Bond =    0.000   Angle =     0.000   Torsion =     0.000
===============================================================================

 NSTEP =     9000   TIME(PS) =      18.000  TEMP(K) =   105.84  PRESS =     0.0
 Etot   =   -105175.1829  EKtot   =      6527.2637  EPtot      =   -111702.4466
 BOND   =       174.5754  ANGLE   =       492.6328  DIHED      =      1498.7232
 1-4 NB =       448.8435  1-4 EEL =      4360.0664  VDWAALS    =     19971.4515
 EELEC  =   -138720.9615  EHBOND  =         0.0000  RESTRAINT  =        72.2221
 EAMBER (non-restraint)  =   -111774.6687
 Ewald error estimate:   0.1064E-03
 ------------------------------------------------------------------------------

 NMR restraints: Bond =    0.000   Angle =     0.000   Torsion =     0.000
===============================================================================

 NSTEP =     9500   TIME(PS) =      19.000  TEMP(K) =   111.92  PRESS =     0.0
 Etot   =   -104518.6859  EKtot   =      6902.7801  EPtot      =   -111421.4660
 BOND   =       189.0884  ANGLE   =       508.4328  DIHED      =      1492.9850
 1-4 NB =       436.5547  1-4 EEL =      4362.9787  VDWAALS    =     19455.6358
 EELEC  =   -137944.1378  EHBOND  =         0.0000  RESTRAINT  =        76.9963
 EAMBER (non-restraint)  =   -111498.4624
 Ewald error estimate:   0.1385E-03
 ------------------------------------------------------------------------------

 NMR restraints: Bond =    0.000   Angle =     0.000   Torsion =     0.000
===============================================================================

 NSTEP =    10000   TIME(PS) =      20.000  TEMP(K) =   118.43  PRESS =     0.0
 Etot   =   -103893.0515  EKtot   =      7303.9531  EPtot      =   -111197.0046
 BOND   =       186.9258  ANGLE   =       517.4938  DIHED      =      1505.0544
 1-4 NB =       438.7467  1-4 EEL =      4343.5270  VDWAALS    =     19487.9605
 EELEC  =   -137762.2663  EHBOND  =         0.0000  RESTRAINT  =        85.5535
 EAMBER (non-restraint)  =   -111282.5581
 Ewald error estimate:   0.7934E-04
 ------------------------------------------------------------------------------

 NMR restraints: Bond =    0.000   Angle =     0.000   Torsion =     0.000
===============================================================================

 NSTEP =    10500   TIME(PS) =      21.000  TEMP(K) =   124.71  PRESS =     0.0
 Etot   =   -103080.0742  EKtot   =      7691.3014  EPtot      =   -110771.3756
 BOND   =       186.3110  ANGLE   =       546.7670  DIHED      =      1505.0094
 1-4 NB =       448.0634  1-4 EEL =      4345.2847  VDWAALS    =     19291.1739
 EELEC  =   -137184.1169  EHBOND  =         0.0000  RESTRAINT  =        90.1320
 EAMBER (non-restraint)  =   -110861.5076
 Ewald error estimate:   0.5613E-04
 ------------------------------------------------------------------------------

 NMR restraints: Bond =    0.000   Angle =     0.000   Torsion =     0.000
===============================================================================

 NSTEP =    11000   TIME(PS) =      22.000  TEMP(K) =   129.52  PRESS =     0.0
 Etot   =   -102512.1081  EKtot   =      7987.7421  EPtot      =   -110499.8502
 BOND   =       201.7962  ANGLE   =       557.3243  DIHED      =      1499.7134
 1-4 NB =       454.9608  1-4 EEL =      4348.7316  VDWAALS    =     19247.6625
 EELEC  =   -136904.9622  EHBOND  =         0.0000  RESTRAINT  =        94.9231
 EAMBER (non-restraint)  =   -110594.7732
 Ewald error estimate:   0.1788E-04
 ------------------------------------------------------------------------------

 NMR restraints: Bond =    0.000   Angle =     0.000   Torsion =     0.000
===============================================================================

 NSTEP =    11500   TIME(PS) =      23.000  TEMP(K) =   134.00  PRESS =     0.0
 Etot   =   -101904.2548  EKtot   =      8264.4734  EPtot      =   -110168.7283
 BOND   =       225.2472  ANGLE   =       533.4853  DIHED      =      1511.8877
 1-4 NB =       443.2796  1-4 EEL =      4360.6947  VDWAALS    =     19008.5940
 EELEC  =   -136343.1188  EHBOND  =         0.0000  RESTRAINT  =        91.2020
 EAMBER (non-restraint)  =   -110259.9303
 Ewald error estimate:   0.5832E-04
 ------------------------------------------------------------------------------

 NMR restraints: Bond =    0.000   Angle =     0.000   Torsion =     0.000
===============================================================================

 NSTEP =    12000   TIME(PS) =      24.000  TEMP(K) =   140.36  PRESS =     0.0
 Etot   =   -101257.4368  EKtot   =      8656.2574  EPtot      =   -109913.6943
 BOND   =       223.3311  ANGLE   =       559.0614  DIHED      =      1520.2271
 1-4 NB =       453.0974  1-4 EEL =      4364.9818  VDWAALS    =     18912.7151
 EELEC  =   -136039.5900  EHBOND  =         0.0000  RESTRAINT  =        92.4819
 EAMBER (non-restraint)  =   -110006.1762
 Ewald error estimate:   0.9550E-04
 ------------------------------------------------------------------------------

 NMR restraints: Bond =    0.000   Angle =     0.000   Torsion =     0.000
===============================================================================

 NSTEP =    12500   TIME(PS) =      25.000  TEMP(K) =   147.28  PRESS =     0.0
 Etot   =   -100376.7731  EKtot   =      9083.2721  EPtot      =   -109460.0452
 BOND   =       212.6055  ANGLE   =       604.7157  DIHED      =      1524.8810
 1-4 NB =       448.3999  1-4 EEL =      4368.2123  VDWAALS    =     18719.3875
 EELEC  =   -135450.4371  EHBOND  =         0.0000  RESTRAINT  =       112.1901
 EAMBER (non-restraint)  =   -109572.2353
 Ewald error estimate:   0.5913E-04
 ------------------------------------------------------------------------------

 NMR restraints: Bond =    0.000   Angle =     0.000   Torsion =     0.000
===============================================================================

 NSTEP =    13000   TIME(PS) =      26.000  TEMP(K) =   151.95  PRESS =     0.0
 Etot   =    -99657.3745  EKtot   =      9371.1181  EPtot      =   -109028.4926
 BOND   =       212.9257  ANGLE   =       599.9418  DIHED      =      1518.3431
 1-4 NB =       452.4713  1-4 EEL =      4365.3891  VDWAALS    =     18460.1559
 EELEC  =   -134740.6872  EHBOND  =         0.0000  RESTRAINT  =       102.9677
 EAMBER (non-restraint)  =   -109131.4603
 Ewald error estimate:   0.5099E-04
 ------------------------------------------------------------------------------

 NMR restraints: Bond =    0.000   Angle =     0.000   Torsion =     0.000
===============================================================================

 NSTEP =    13500   TIME(PS) =      27.000  TEMP(K) =   158.78  PRESS =     0.0
 Etot   =    -98788.9806  EKtot   =      9792.7361  EPtot      =   -108581.7167
 BOND   =       241.7020  ANGLE   =       614.4568  DIHED      =      1528.6381
 1-4 NB =       459.5282  1-4 EEL =      4361.1845  VDWAALS    =     18362.5279
 EELEC  =   -134264.1496  EHBOND  =         0.0000  RESTRAINT  =       114.3954
 EAMBER (non-restraint)  =   -108696.1122
 Ewald error estimate:   0.3906E-04
 ------------------------------------------------------------------------------

 NMR restraints: Bond =    0.000   Angle =     0.000   Torsion =     0.000
===============================================================================

 NSTEP =    14000   TIME(PS) =      28.000  TEMP(K) =   164.54  PRESS =     0.0
 Etot   =    -98046.6666  EKtot   =     10147.8565  EPtot      =   -108194.5230
 BOND   =       237.6843  ANGLE   =       649.0108  DIHED      =      1534.5298
 1-4 NB =       451.1504  1-4 EEL =      4355.2368  VDWAALS    =     18167.8435
 EELEC  =   -133702.2848  EHBOND  =         0.0000  RESTRAINT  =       112.3060
 EAMBER (non-restraint)  =   -108306.8291
 Ewald error estimate:   0.6527E-04
 ------------------------------------------------------------------------------

 NMR restraints: Bond =    0.000   Angle =     0.000   Torsion =     0.000
===============================================================================

 NSTEP =    14500   TIME(PS) =      29.000  TEMP(K) =   171.11  PRESS =     0.0
 Etot   =    -97222.1959  EKtot   =     10552.8205  EPtot      =   -107775.0164
 BOND   =       246.3272  ANGLE   =       636.7123  DIHED      =      1539.8540
 1-4 NB =       450.5250  1-4 EEL =      4346.6855  VDWAALS    =     17989.8711
 EELEC  =   -133109.4987  EHBOND  =         0.0000  RESTRAINT  =       124.5071
 EAMBER (non-restraint)  =   -107899.5236
 Ewald error estimate:   0.7781E-04
 ------------------------------------------------------------------------------

 NMR restraints: Bond =    0.000   Angle =     0.000   Torsion =     0.000
===============================================================================

 NSTEP =    15000   TIME(PS) =      30.000  TEMP(K) =   177.16  PRESS =     0.0
 Etot   =    -96445.7314  EKtot   =     10925.8316  EPtot      =   -107371.5630
 BOND   =       263.4782  ANGLE   =       649.9735  DIHED      =      1540.0155
 1-4 NB =       455.1081  1-4 EEL =      4381.3389  VDWAALS    =     17643.0515
 EELEC  =   -132429.0177  EHBOND  =         0.0000  RESTRAINT  =       124.4890
 EAMBER (non-restraint)  =   -107496.0520
 Ewald error estimate:   0.6237E-04
 ------------------------------------------------------------------------------

 NMR restraints: Bond =    0.000   Angle =     0.000   Torsion =     0.000
===============================================================================

 NSTEP =    15500   TIME(PS) =      31.000  TEMP(K) =   183.71  PRESS =     0.0
 Etot   =    -95525.0821  EKtot   =     11329.7427  EPtot      =   -106854.8247
 BOND   =       239.3679  ANGLE   =       685.4992  DIHED      =      1549.6237
 1-4 NB =       457.9099  1-4 EEL =      4371.5334  VDWAALS    =     17628.5097
 EELEC  =   -131917.5329  EHBOND  =         0.0000  RESTRAINT  =       130.2644
 EAMBER (non-restraint)  =   -106985.0891
 Ewald error estimate:   0.1877E-04
 ------------------------------------------------------------------------------

 NMR restraints: Bond =    0.000   Angle =     0.000   Torsion =     0.000
===============================================================================

 NSTEP =    16000   TIME(PS) =      32.000  TEMP(K) =   188.81  PRESS =     0.0
 Etot   =    -94874.3120  EKtot   =     11644.7272  EPtot      =   -106519.0393
 BOND   =       270.1682  ANGLE   =       680.4206  DIHED      =      1547.0928
 1-4 NB =       451.1376  1-4 EEL =      4357.0792  VDWAALS    =     17453.4422
 EELEC  =   -131412.8180  EHBOND  =         0.0000  RESTRAINT  =       134.4382
 EAMBER (non-restraint)  =   -106653.4775
 Ewald error estimate:   0.6389E-04
 ------------------------------------------------------------------------------

 NMR restraints: Bond =    0.000   Angle =     0.000   Torsion =     0.000
===============================================================================

 NSTEP =    16500   TIME(PS) =      33.000  TEMP(K) =   195.98  PRESS =     0.0
 Etot   =    -93907.2467  EKtot   =     12087.0620  EPtot      =   -105994.3086
 BOND   =       272.6490  ANGLE   =       704.8999  DIHED      =      1548.0039
 1-4 NB =       452.8543  1-4 EEL =      4367.0278  VDWAALS    =     17278.5697
 EELEC  =   -130760.1576  EHBOND  =         0.0000  RESTRAINT  =       141.8443
 EAMBER (non-restraint)  =   -106136.1529
 Ewald error estimate:   0.5749E-04
 ------------------------------------------------------------------------------

 NMR restraints: Bond =    0.000   Angle =     0.000   Torsion =     0.000
===============================================================================

 NSTEP =    17000   TIME(PS) =      34.000  TEMP(K) =   200.84  PRESS =     0.0
 Etot   =    -93015.0610  EKtot   =     12386.6375  EPtot      =   -105401.6985
 BOND   =       275.6382  ANGLE   =       706.2659  DIHED      =      1549.2665
 1-4 NB =       468.8192  1-4 EEL =      4374.5061  VDWAALS    =     17017.8032
 EELEC  =   -129928.5361  EHBOND  =         0.0000  RESTRAINT  =       134.5385
 EAMBER (non-restraint)  =   -105536.2370
 Ewald error estimate:   0.1535E-03
 ------------------------------------------------------------------------------

 NMR restraints: Bond =    0.000   Angle =     0.000   Torsion =     0.000
===============================================================================

 NSTEP =    17500   TIME(PS) =      35.000  TEMP(K) =   207.23  PRESS =     0.0
 Etot   =    -91979.6796  EKtot   =     12780.5732  EPtot      =   -104760.2529
 BOND   =       284.3396  ANGLE   =       746.2911  DIHED      =      1556.9383
 1-4 NB =       459.6388  1-4 EEL =      4371.4614  VDWAALS    =     16839.7408
 EELEC  =   -129150.7275  EHBOND  =         0.0000  RESTRAINT  =       132.0647
 EAMBER (non-restraint)  =   -104892.3176
 Ewald error estimate:   0.2779E-04
 ------------------------------------------------------------------------------

 NMR restraints: Bond =    0.000   Angle =     0.000   Torsion =     0.000
===============================================================================

 NSTEP =    18000   TIME(PS) =      36.000  TEMP(K) =   211.97  PRESS =     0.0
 Etot   =    -90972.3895  EKtot   =     13072.7064  EPtot      =   -104045.0959
 BOND   =       318.6108  ANGLE   =       719.0324  DIHED      =      1552.8273
 1-4 NB =       456.5506  1-4 EEL =      4363.3267  VDWAALS    =     16826.5197
 EELEC  =   -128431.3698  EHBOND  =         0.0000  RESTRAINT  =       149.4062
 EAMBER (non-restraint)  =   -104194.5022
 Ewald error estimate:   0.1254E-03
 ------------------------------------------------------------------------------

 NMR restraints: Bond =    0.000   Angle =     0.000   Torsion =     0.000
===============================================================================

 NSTEP =    18500   TIME(PS) =      37.000  TEMP(K) =   217.16  PRESS =     0.0
 Etot   =    -90028.7531  EKtot   =     13393.2805  EPtot      =   -103422.0336
 BOND   =       277.0916  ANGLE   =       764.2406  DIHED      =      1574.4322
 1-4 NB =       477.0602  1-4 EEL =      4381.6895  VDWAALS    =     16396.2094
 EELEC  =   -127437.2217  EHBOND  =         0.0000  RESTRAINT  =       144.4646
 EAMBER (non-restraint)  =   -103566.4982
 Ewald error estimate:   0.4297E-04
 ------------------------------------------------------------------------------

 NMR restraints: Bond =    0.000   Angle =     0.000   Torsion =     0.000
===============================================================================

 NSTEP =    19000   TIME(PS) =      38.000  TEMP(K) =   221.89  PRESS =     0.0
 Etot   =    -89010.9235  EKtot   =     13684.8911  EPtot      =   -102695.8146
 BOND   =       323.2068  ANGLE   =       762.6088  DIHED      =      1561.8801
 1-4 NB =       453.7054  1-4 EEL =      4366.2888  VDWAALS    =     16007.8015
 EELEC  =   -126329.9832  EHBOND  =         0.0000  RESTRAINT  =       158.6772
 EAMBER (non-restraint)  =   -102854.4918
 Ewald error estimate:   0.3255E-04
 ------------------------------------------------------------------------------

 NMR restraints: Bond =    0.000   Angle =     0.000   Torsion =     0.000
===============================================================================

 NSTEP =    19500   TIME(PS) =      39.000  TEMP(K) =   230.80  PRESS =     0.0
 Etot   =    -87819.1528  EKtot   =     14234.2691  EPtot      =   -102053.4219
 BOND   =       303.0019  ANGLE   =       825.0680  DIHED      =      1577.0232
 1-4 NB =       465.6268  1-4 EEL =      4384.5936  VDWAALS    =     15726.1498
 EELEC  =   -125487.9303  EHBOND  =         0.0000  RESTRAINT  =       153.0451
 EAMBER (non-restraint)  =   -102206.4670
 Ewald error estimate:   0.3346E-04
 ------------------------------------------------------------------------------

 NMR restraints: Bond =    0.000   Angle =     0.000   Torsion =     0.000
===============================================================================

 NSTEP =    20000   TIME(PS) =      40.000  TEMP(K) =   236.01  PRESS =     0.0
 Etot   =    -86566.7721  EKtot   =     14555.2703  EPtot      =   -101122.0423
 BOND   =       316.7112  ANGLE   =       826.1759  DIHED      =      1589.8388
 1-4 NB =       463.8683  1-4 EEL =      4392.9577  VDWAALS    =     15438.6080
 EELEC  =   -124291.8105  EHBOND  =         0.0000  RESTRAINT  =       141.6082
 EAMBER (non-restraint)  =   -101263.6506
 Ewald error estimate:   0.1548E-03
 ------------------------------------------------------------------------------

 NMR restraints: Bond =    0.000   Angle =     0.000   Torsion =     0.000
===============================================================================

 NSTEP =    20500   TIME(PS) =      41.000  TEMP(K) =   239.85  PRESS =     0.0
 Etot   =    -85624.1935  EKtot   =     14792.2696  EPtot      =   -100416.4631
 BOND   =       311.9127  ANGLE   =       802.7270  DIHED      =      1555.5662
 1-4 NB =       468.3023  1-4 EEL =      4374.3855  VDWAALS    =     14817.2035
 EELEC  =   -122898.5997  EHBOND  =         0.0000  RESTRAINT  =       152.0395
 EAMBER (non-restraint)  =   -100568.5026
 Ewald error estimate:   0.6475E-04
 ------------------------------------------------------------------------------

 NMR restraints: Bond =    0.000   Angle =     0.000   Torsion =     0.000
===============================================================================

 NSTEP =    21000   TIME(PS) =      42.000  TEMP(K) =   248.49  PRESS =     0.0
 Etot   =    -84522.8677  EKtot   =     15325.0862  EPtot      =    -99847.9539
 BOND   =       344.4625  ANGLE   =       824.3740  DIHED      =      1577.1088
 1-4 NB =       466.1135  1-4 EEL =      4393.5029  VDWAALS    =     14702.0053
 EELEC  =   -122332.4442  EHBOND  =         0.0000  RESTRAINT  =       176.9233
 EAMBER (non-restraint)  =   -100024.8773
 Ewald error estimate:   0.1043E-03
 ------------------------------------------------------------------------------

 NMR restraints: Bond =    0.000   Angle =     0.000   Torsion =     0.000
===============================================================================

 NSTEP =    21500   TIME(PS) =      43.000  TEMP(K) =   255.01  PRESS =     0.0
 Etot   =    -82978.4983  EKtot   =     15727.3104  EPtot      =    -98705.8087
 BOND   =       317.7581  ANGLE   =       822.0553  DIHED      =      1580.9817
 1-4 NB =       466.9414  1-4 EEL =      4375.3274  VDWAALS    =     14553.0426
 EELEC  =   -120987.4255  EHBOND  =         0.0000  RESTRAINT  =       165.5102
 EAMBER (non-restraint)  =    -98871.3189
 Ewald error estimate:   0.1303E-05
 ------------------------------------------------------------------------------

 NMR restraints: Bond =    0.000   Angle =     0.000   Torsion =     0.000
===============================================================================

 NSTEP =    22000   TIME(PS) =      44.000  TEMP(K) =   259.48  PRESS =     0.0
 Etot   =    -81714.2132  EKtot   =     16002.9311  EPtot      =    -97717.1444
 BOND   =       335.1043  ANGLE   =       884.7809  DIHED      =      1571.1319
 1-4 NB =       468.9383  1-4 EEL =      4328.9767  VDWAALS    =     14081.2175
 EELEC  =   -119545.8184  EHBOND  =         0.0000  RESTRAINT  =       158.5244
 EAMBER (non-restraint)  =    -97875.6687
 Ewald error estimate:   0.1272E-03
 ------------------------------------------------------------------------------

 NMR restraints: Bond =    0.000   Angle =     0.000   Torsion =     0.000
===============================================================================

 NSTEP =    22500   TIME(PS) =      45.000  TEMP(K) =   265.40  PRESS =     0.0
 Etot   =    -80389.6403  EKtot   =     16368.2561  EPtot      =    -96757.8964
 BOND   =       349.4860  ANGLE   =       903.4512  DIHED      =      1583.8300
 1-4 NB =       460.4523  1-4 EEL =      4351.9577  VDWAALS    =     13404.4316
 EELEC  =   -117979.8411  EHBOND  =         0.0000  RESTRAINT  =       168.3361
 EAMBER (non-restraint)  =    -96926.2325
 Ewald error estimate:   0.3749E-04
 ------------------------------------------------------------------------------

 NMR restraints: Bond =    0.000   Angle =     0.000   Torsion =     0.000
===============================================================================

 NSTEP =    23000   TIME(PS) =      46.000  TEMP(K) =   270.91  PRESS =     0.0
 Etot   =    -79382.3427  EKtot   =     16708.0883  EPtot      =    -96090.4311
 BOND   =       347.5619  ANGLE   =       891.0109  DIHED      =      1583.6358
 1-4 NB =       483.7868  1-4 EEL =      4371.2044  VDWAALS    =     13258.7786
 EELEC  =   -117200.0218  EHBOND  =         0.0000  RESTRAINT  =       173.6124
 EAMBER (non-restraint)  =    -96264.0434
 Ewald error estimate:   0.1207E-03
 ------------------------------------------------------------------------------

 NMR restraints: Bond =    0.000   Angle =     0.000   Torsion =     0.000
===============================================================================

 NSTEP =    23500   TIME(PS) =      47.000  TEMP(K) =   278.21  PRESS =     0.0
 Etot   =    -77776.8026  EKtot   =     17157.9430  EPtot      =    -94934.7456
 BOND   =       383.1936  ANGLE   =       940.7463  DIHED      =      1583.9293
 1-4 NB =       465.8025  1-4 EEL =      4348.6051  VDWAALS    =     12903.1268
 EELEC  =   -115742.1833  EHBOND  =         0.0000  RESTRAINT  =       182.0341
 EAMBER (non-restraint)  =    -95116.7797
 Ewald error estimate:   0.1267E-03
 ------------------------------------------------------------------------------

 NMR restraints: Bond =    0.000   Angle =     0.000   Torsion =     0.000
===============================================================================

 NSTEP =    24000   TIME(PS) =      48.000  TEMP(K) =   282.88  PRESS =     0.0
 Etot   =    -76943.1060  EKtot   =     17446.4985  EPtot      =    -94389.6045
 BOND   =       355.0598  ANGLE   =       943.9183  DIHED      =      1584.7730
 1-4 NB =       469.7398  1-4 EEL =      4385.9221  VDWAALS    =     12784.0590
 EELEC  =   -115090.5970  EHBOND  =         0.0000  RESTRAINT  =       177.5206
 EAMBER (non-restraint)  =    -94567.1251
 Ewald error estimate:   0.4862E-04
 ------------------------------------------------------------------------------

 NMR restraints: Bond =    0.000   Angle =     0.000   Torsion =     0.000
===============================================================================

 NSTEP =    24500   TIME(PS) =      49.000  TEMP(K) =   288.21  PRESS =     0.0
 Etot   =    -75996.7468  EKtot   =     17775.0456  EPtot      =    -93771.7924
 BOND   =       357.5578  ANGLE   =       932.4697  DIHED      =      1593.0137
 1-4 NB =       473.0327  1-4 EEL =      4370.9762  VDWAALS    =     12894.7250
 EELEC  =   -114583.9961  EHBOND  =         0.0000  RESTRAINT  =       190.4286
 EAMBER (non-restraint)  =    -93962.2210
 Ewald error estimate:   0.1245E-03
 ------------------------------------------------------------------------------

 NMR restraints: Bond =    0.000   Angle =     0.000   Torsion =     0.000
===============================================================================

 NSTEP =    25000   TIME(PS) =      50.000  TEMP(K) =   294.58  PRESS =     0.0
 Etot   =    -74839.9929  EKtot   =     18168.0306  EPtot      =    -93008.0235
 BOND   =       380.2574  ANGLE   =       948.4569  DIHED      =      1602.4197
 1-4 NB =       483.9445  1-4 EEL =      4331.0270  VDWAALS    =     12349.2179
 EELEC  =   -113283.9907  EHBOND  =         0.0000  RESTRAINT  =       180.6438
 EAMBER (non-restraint)  =    -93188.6673
 Ewald error estimate:   0.1573E-04
 ------------------------------------------------------------------------------

 NMR restraints: Bond =    0.000   Angle =     0.000   Torsion =     0.000
===============================================================================

      A V E R A G E S   O V E R      50 S T E P S


 NSTEP =    25000   TIME(PS) =      50.000  TEMP(K) =   149.85  PRESS =     0.0
 Etot   =    -98313.9655  EKtot   =      9241.5718  EPtot      =   -107555.5373
 BOND   =       223.1796  ANGLE   =       595.3435  DIHED      =      1523.8966
 1-4 NB =       450.7566  1-4 EEL =      4364.5630  VDWAALS    =     18141.3941
 EELEC  =   -132956.2617  EHBOND  =         0.0000  RESTRAINT  =       101.5911
 EAMBER (non-restraint)  =   -107657.1284
 Ewald error estimate:   0.8260E-04
 ------------------------------------------------------------------------------

 NMR restraints: Bond =    0.000   Angle =     0.000   Torsion =     0.000
===============================================================================

      R M S  F L U C T U A T I O N S


 NSTEP =    25000   TIME(PS) =      50.000  TEMP(K) =    85.66  PRESS =     0.0
 Etot   =     11979.7287  EKtot   =      5282.7857  EPtot      =      6778.7560
 BOND   =        92.3862  ANGLE   =       213.5379  DIHED      =        45.2141
 1-4 NB =        15.3354  1-4 EEL =        14.3827  VDWAALS    =      2894.4706
 EELEC  =      9259.2997  EHBOND  =         0.0000  RESTRAINT  =        54.3952
 EAMBER (non-restraint)  =      6724.3608
 Ewald error estimate:   0.4719E-04
 ------------------------------------------------------------------------------


 NMR restraints on final step:

--------------------------------------------------------------------------------
   5.  TIMINGS
--------------------------------------------------------------------------------

|  NonSetup CPU Time in Major Routines, Average for All Tasks:
|
|     Routine           Sec        %
|     ------------------------------
|     DataDistrib      60.27   41.03
|     Nonbond          81.42   55.43
|     Bond              0.04    0.03
|     Angle             0.18    0.12
|     Dihedral          0.53    0.36
|     Shake             0.28    0.19
|     RunMD             4.07    2.77
|     Other             0.11    0.07
|     ------------------------------
|     Total           146.88

|  PME Nonbond Pairlist CPU Time, Average for All Tasks:
|
|     Routine              Sec        %
|     ---------------------------------
|     Set Up Cit           1.05    0.72
|     Build List           4.84    3.30
|     ---------------------------------
|     Total                5.89    4.01

|  PME Direct Force CPU Time, Average for All Tasks:
|
|     Routine              Sec        %
|     ---------------------------------
|     NonBonded Calc      50.45   34.35
|     Exclude Masked       0.77    0.52
|     Other                5.74    3.90
|     ---------------------------------
|     Total               56.96   38.78

|  PME Reciprocal Force CPU Time, Average for All Tasks:
|
|     Routine              Sec        %
|     ---------------------------------
|     1D bspline           1.59    1.08
|     Grid Charges         1.33    0.90
|     Scalar Sum           0.13    0.09
|     Gradient Sum         1.32    0.90
|     FFT                 14.03    9.55
|     ---------------------------------
|     Total               18.40   12.52

|  PME Load Balancing CPU Time, Average for All Tasks:
|
|     Routine                 Sec        %
|     ------------------------------------
|     Atom Reassign           0.01    0.01
|     Image Reassign          0.03    0.02
|     FFT Reassign            0.00    0.00
|     ------------------------------------
|     Total                   0.04    0.03

|  Final Performance Info:
|     -----------------------------------------------------
|     Average timings for last    4500 steps:
|     Elapsed(s) =      25.98 Per Step(ms) =       5.77
|         ns/day =      29.93   seconds/ns =    2886.62
|
|     Average timings for all steps:
|     Elapsed(s) =     147.67 Per Step(ms) =       5.91
|         ns/day =      29.25   seconds/ns =    2953.45
|     -----------------------------------------------------

|  Master Setup CPU time:            0.81 seconds
|  Master NonSetup CPU time:       146.85 seconds
|  Master Total CPU time:          147.66 seconds     0.04 hours

|  Master Setup wall time:           1    seconds
|  Master NonSetup wall time:      148    seconds
|  Master Total wall time:         149    seconds     0.04 hours
