log started: Thu Dec 14 23:33:23 2017

Log file: ./leap.log
>> #
>> # ----- leaprc for loading the ff14SB force field
>> # ----- NOTE: this is designed for PDB format 3!
>> #
>> #	load atom type hybridizations
>> #
>> addAtomTypes {
>> 	{ "H"   "H" "sp3" }
>> 	{ "HO"  "H" "sp3" }
>> 	{ "HS"  "H" "sp3" }
>> 	{ "H1"  "H" "sp3" }
>> 	{ "H2"  "H" "sp3" }
>> 	{ "H3"  "H" "sp3" }
>> 	{ "H4"  "H" "sp3" }
>> 	{ "H5"  "H" "sp3" }
>> 	{ "HW"  "H" "sp3" }
>> 	{ "HC"  "H" "sp3" }
>> 	{ "HA"  "H" "sp3" }
>> 	{ "HP"  "H" "sp3" }
>> 	{ "HZ"  "H" "sp3" }
>> 	{ "OH"  "O" "sp3" }
>> 	{ "OS"  "O" "sp3" }
>> 	{ "O"   "O" "sp2" }
>> 	{ "O2"  "O" "sp2" }
>> 	{ "OP"  "O" "sp2" }
>> 	{ "OW"  "O" "sp3" }
>> 	{ "CT"  "C" "sp3" }
>> 	{ "CX"  "C" "sp3" }
>> 	{ "C8"  "C" "sp3" }
>> 	{ "2C"  "C" "sp3" }
>> 	{ "3C"  "C" "sp3" }
>> 	{ "CH"  "C" "sp3" }
>> 	{ "CS"  "C" "sp2" }
>> 	{ "C"   "C" "sp2" }
>> 	{ "CO"   "C" "sp2" }
>> 	{ "C*"  "C" "sp2" }
>> 	{ "CA"  "C" "sp2" }
>> 	{ "CB"  "C" "sp2" }
>> 	{ "CC"  "C" "sp2" }
>> 	{ "CN"  "C" "sp2" }
>> 	{ "CM"  "C" "sp2" }
>> 	{ "CK"  "C" "sp2" }
>> 	{ "CQ"  "C" "sp2" }
>> 	{ "CD"  "C" "sp2" }
>> 	{ "C5"  "C" "sp2" }
>> 	{ "C4"  "C" "sp2" }
>> 	{ "CP"  "C" "sp2" }
>> 	{ "CI"  "C" "sp3" }
>> 	{ "CJ"  "C" "sp2" }
>> 	{ "CW"  "C" "sp2" }
>> 	{ "CV"  "C" "sp2" }
>> 	{ "CR"  "C" "sp2" }
>> 	{ "CA"  "C" "sp2" }
>> 	{ "CY"  "C" "sp2" }
>> 	{ "C0"  "Ca" "sp3" }
>> 	{ "MG"  "Mg" "sp3" }
>> 	{ "N"   "N" "sp2" }
>> 	{ "NA"  "N" "sp2" }
>> 	{ "N2"  "N" "sp2" }
>> 	{ "N*"  "N" "sp2" }
>> 	{ "NP"  "N" "sp2" }
>> 	{ "NQ"  "N" "sp2" }
>> 	{ "NB"  "N" "sp2" }
>> 	{ "NC"  "N" "sp2" }
>> 	{ "NT"  "N" "sp3" }
>> 	{ "NY"  "N" "sp2" }
>> 	{ "N3"  "N" "sp3" }
>> 	{ "S"   "S" "sp3" }
>> 	{ "SH"  "S" "sp3" }
>> 	{ "P"   "P" "sp3" }
>> 	{ "LP"  ""  "sp3" }
>> 	{ "EP"  ""  "sp3" }
>> 	{ "F"   "F" "sp3" }
>> 	{ "Cl"  "Cl" "sp3" }
>> 	{ "Br"  "Br" "sp3" }
>> 	{ "I"   "I"  "sp3" }
>> }
>> #
>> #	Load the main parameter set.
>> #
>> parm10 = loadamberparams parm10.dat
Loading parameters: /share/apps/amber/16.06/openmpi/intel/amber16/dat/leap/parm/parm10.dat
Reading title:
PARM99 + frcmod.ff99SB + frcmod.parmbsc0 + OL3 for RNA
(UNKNOWN ATOM TYPE: Zn)
(UNKNOWN ATOM TYPE: EP)
>> frcmod14SB = loadamberparams frcmod.ff14SB
Loading parameters: /share/apps/amber/16.06/openmpi/intel/amber16/dat/leap/parm/frcmod.ff14SB
Reading force field modification type file (frcmod)
Reading title:
ff14SB protein backbone and sidechain parameters
>> #
>> #	Load main chain and terminating amino acid libraries
>> #
>> loadOff amino12.lib
Loading library: /share/apps/amber/16.06/openmpi/intel/amber16/dat/leap/lib/amino12.lib
Loading: ALA
Loading: ARG
Loading: ASH
Loading: ASN
Loading: ASP
Loading: CYM
Loading: CYS
Loading: CYX
Loading: GLH
Loading: GLN
Loading: GLU
Loading: GLY
Loading: HID
Loading: HIE
Loading: HIP
Loading: HYP
Loading: ILE
Loading: LEU
Loading: LYN
Loading: LYS
Loading: MET
Loading: PHE
Loading: PRO
Loading: SER
Loading: THR
Loading: TRP
Loading: TYR
Loading: VAL
>> loadOff aminoct12.lib
Loading library: /share/apps/amber/16.06/openmpi/intel/amber16/dat/leap/lib/aminoct12.lib
Loading: CALA
Loading: CARG
Loading: CASN
Loading: CASP
Loading: CCYS
Loading: CCYX
Loading: CGLN
Loading: CGLU
Loading: CGLY
Loading: CHID
Loading: CHIE
Loading: CHIP
Loading: CHYP
Loading: CILE
Loading: CLEU
Loading: CLYS
Loading: CMET
Loading: CPHE
Loading: CPRO
Loading: CSER
Loading: CTHR
Loading: CTRP
Loading: CTYR
Loading: CVAL
Loading: NHE
Loading: NME
>> loadOff aminont12.lib
Loading library: /share/apps/amber/16.06/openmpi/intel/amber16/dat/leap/lib/aminont12.lib
Loading: ACE
Loading: NALA
Loading: NARG
Loading: NASN
Loading: NASP
Loading: NCYS
Loading: NCYX
Loading: NGLN
Loading: NGLU
Loading: NGLY
Loading: NHID
Loading: NHIE
Loading: NHIP
Loading: NILE
Loading: NLEU
Loading: NLYS
Loading: NMET
Loading: NPHE
Loading: NPRO
Loading: NSER
Loading: NTHR
Loading: NTRP
Loading: NTYR
Loading: NVAL
>> 
>> #
>> #	Define the PDB name map for the amino acids
>> #
>> addPdbResMap {
>>   { 0 "HYP" "NHYP" } { 1 "HYP" "CHYP" }
>>   { 0 "ALA" "NALA" } { 1 "ALA" "CALA" }
>>   { 0 "ARG" "NARG" } { 1 "ARG" "CARG" }
>>   { 0 "ASN" "NASN" } { 1 "ASN" "CASN" }
>>   { 0 "ASP" "NASP" } { 1 "ASP" "CASP" }
>>   { 0 "CYS" "NCYS" } { 1 "CYS" "CCYS" }
>>   { 0 "CYX" "NCYX" } { 1 "CYX" "CCYX" }
>>   { 0 "GLN" "NGLN" } { 1 "GLN" "CGLN" }
>>   { 0 "GLU" "NGLU" } { 1 "GLU" "CGLU" }
>>   { 0 "GLY" "NGLY" } { 1 "GLY" "CGLY" }
>>   { 0 "HID" "NHID" } { 1 "HID" "CHID" }
>>   { 0 "HIE" "NHIE" } { 1 "HIE" "CHIE" }
>>   { 0 "HIP" "NHIP" } { 1 "HIP" "CHIP" }
>>   { 0 "ILE" "NILE" } { 1 "ILE" "CILE" }
>>   { 0 "LEU" "NLEU" } { 1 "LEU" "CLEU" }
>>   { 0 "LYS" "NLYS" } { 1 "LYS" "CLYS" }
>>   { 0 "MET" "NMET" } { 1 "MET" "CMET" }
>>   { 0 "PHE" "NPHE" } { 1 "PHE" "CPHE" }
>>   { 0 "PRO" "NPRO" } { 1 "PRO" "CPRO" }
>>   { 0 "SER" "NSER" } { 1 "SER" "CSER" }
>>   { 0 "THR" "NTHR" } { 1 "THR" "CTHR" }
>>   { 0 "TRP" "NTRP" } { 1 "TRP" "CTRP" }
>>   { 0 "TYR" "NTYR" } { 1 "TYR" "CTYR" }
>>   { 0 "VAL" "NVAL" } { 1 "VAL" "CVAL" }
>>   { 0 "HIS" "NHIS" } { 1 "HIS" "CHIS" }
>> }
>> 
>> #
>> # assume that most often proteins use HIE
>> #
>> NHIS = NHIE
>> HIS = HIE
>> CHIS = CHIE
> 
> source leaprc.water.tip3p
----- Source: /share/apps/amber/16.06/openmpi/intel/amber16/dat/leap/cmd/leaprc.water.tip3p
----- Source of /share/apps/amber/16.06/openmpi/intel/amber16/dat/leap/cmd/leaprc.water.tip3p done
>> #
>> #       Load water and ions for TIP3P + Joung-Chetham monovalent ions
>> #       + Li/Merz highly charged ions (+2 to +4, 12-6 normal usage set)
>> #
>> addAtomTypes {
>> 	{ "F-"   "F" "sp3" }
>> 	{ "Cl-"  "Cl" "sp3" }
>> 	{ "Br-"  "Br" "sp3" }
>> 	{ "I-"   "I"  "sp3" }
>> 	{ "Li+"  "Li"  "sp3" }
>> 	{ "Na+"  "Na"  "sp3" }
>> 	{ "K+"  "K"  "sp3" }
>> 	{ "Rb+"  "Rb"  "sp3" }
>> 	{ "Cs+"  "Cs"  "sp3" }
>> 	{ "Mg+"  "Mg"  "sp3" }
>>     { "Tl+"  "Tl"  "sp3" }
>>     { "Cu+"  "Cu"  "sp3" }
>>     { "Ag+"  "Ag"  "sp3" }
>>     { "Be2+" "Be"  "sp3" }
>>     { "Cu2+" "Cu"  "sp3" }
>>     { "Ni2+" "Ni"  "sp3" }
>>     { "Pt2+" "Pt"  "sp3" }
>>     { "Zn2+" "Zn"  "sp3" }
>>     { "Co2+" "Co"  "sp3" }
>>     { "Pd2+" "Pd"  "sp3" }
>>     { "Ag2+" "Ag"  "sp3" }
>>     { "Cr2+" "Cr"  "sp3" }
>>     { "Fe2+" "Fe"  "sp3" }
>>     { "Mg2+" "Mg"  "sp3" }
>>     { "V2+"  "V"   "sp3" }
>>     { "Mn2+" "Mn"  "sp3" }
>>     { "Hg2+" "Hg"  "sp3" }
>>     { "Cd2+" "Cd"  "sp3" }
>>     { "Yb2+" "Yb"  "sp3" }
>>     { "Ca2+" "Ca"  "sp3" }
>>     { "Sn2+" "Sn"  "sp3" }
>>     { "Pb2+" "Pb"  "sp3" }
>>     { "Eu2+" "Eu"  "sp3" }
>>     { "Sr2+" "Sr"  "sp3" }
>>     { "Sm2+" "Sm"  "sp3" }
>>     { "Ba2+" "Ba"  "sp3" }
>>     { "Ra2+" "Ra"  "sp3" }
>>     { "Al3+" "Al"  "sp3" }
>>     { "Fe3+" "Fe"  "sp3" }
>>     { "Cr3+" "Cr"  "sp3" }
>>     { "In3+" "In"  "sp3" }
>>     { "Tl3+" "Tl"  "sp3" }
>>     { "Y3+"  "Y"   "sp3" }
>>     { "La3+" "La"  "sp3" }
>>     { "Ce3+" "Ce"  "sp3" }
>>     { "Pr3+" "Pr"  "sp3" }
>>     { "Nd3+" "Nd"  "sp3" }
>>     { "Sm3+" "Sm"  "sp3" }
>>     { "Eu3+" "Eu"  "sp3" }
>>     { "Gd3+" "Gd"  "sp3" }
>>     { "Tb3+" "Tb"  "sp3" }
>>     { "Dy3+" "Dy"  "sp3" }
>>     { "Er3+" "Er"  "sp3" }
>>     { "Tm3+" "Tm"  "sp3" }
>>     { "Lu3+" "Lu"  "sp3" }
>>     { "Hf4+" "Hf"  "sp3" }
>>     { "Zr4+" "Zr"  "sp3" }
>>     { "Ce4+" "Ce"  "sp3" }
>>     { "U4+"  "U"   "sp3" }
>>     { "Pu4+" "Pu"  "sp3" }
>>     { "Th4+" "Th"  "sp3" }
>> }
>> loadOff atomic_ions.lib
Loading library: /share/apps/amber/16.06/openmpi/intel/amber16/dat/leap/lib/atomic_ions.lib
Loading: AG
Loading: AL
Loading: Ag
Loading: BA
Loading: BR
Loading: Be
Loading: CA
Loading: CD
Loading: CE
Loading: CL
Loading: CO
Loading: CR
Loading: CS
Loading: CU
Loading: CU1
Loading: Ce
Loading: Cl-
Loading: Cr
Loading: Dy
Loading: EU
Loading: EU3
Loading: Er
Loading: F
Loading: FE
Loading: FE2
Loading: GD3
Loading: H3O+
Loading: HE+
Loading: HG
Loading: HZ+
Loading: Hf
Loading: IN
Loading: IOD
Loading: K
Loading: K+
Loading: LA
Loading: LI
Loading: LU
Loading: MG
Loading: MN
Loading: NA
Loading: NH4
Loading: NI
Loading: Na+
Loading: Nd
Loading: PB
Loading: PD
Loading: PR
Loading: PT
Loading: Pu
Loading: RB
Loading: Ra
Loading: SM
Loading: SR
Loading: Sm
Loading: Sn
Loading: TB
Loading: TL
Loading: Th
Loading: Tl
Loading: Tm
Loading: U4+
Loading: V2+
Loading: Y
Loading: YB2
Loading: ZN
Loading: Zr
>> loadOff solvents.lib
Loading library: /share/apps/amber/16.06/openmpi/intel/amber16/dat/leap/lib/solvents.lib
Loading: CHCL3BOX
Loading: DC4
Loading: FB3
Loading: FB3BOX
Loading: FB4
Loading: FB4BOX
Loading: MEOHBOX
Loading: NMABOX
Loading: OPC
Loading: OPCBOX
Loading: PL3
Loading: POL3BOX
Loading: QSPCFWBOX
Loading: SPC
Loading: SPCBOX
Loading: SPCFWBOX
Loading: SPF
Loading: SPG
Loading: T4E
Loading: TIP3PBOX
Loading: TIP3PFBOX
Loading: TIP4PBOX
Loading: TIP4PEWBOX
Loading: TIP5PBOX
Loading: TP3
Loading: TP4
Loading: TP5
Loading: TPF
>> HOH = TP3
>> WAT = TP3
>> loadAmberParams frcmod.ionsjc_tip3p
Loading parameters: /share/apps/amber/16.06/openmpi/intel/amber16/dat/leap/parm/frcmod.ionsjc_tip3p
Reading force field modification type file (frcmod)
Reading title:
Monovalent ion parameters for Ewald and TIP3P water from Joung & Cheatham JPCB (2008)
>> loadAmberParams frcmod.ions234lm_126_tip3p
Loading parameters: /share/apps/amber/16.06/openmpi/intel/amber16/dat/leap/parm/frcmod.ions234lm_126_tip3p
Reading force field modification type file (frcmod)
Reading title:
Li/Merz ion parameters of divalent to tetravalent ions for TIP3P water model (12-6 normal usage set)
>> 
> 
> source leaprc.gaff2
----- Source: /share/apps/amber/16.06/openmpi/intel/amber16/dat/leap/cmd/leaprc.gaff2
----- Source of /share/apps/amber/16.06/openmpi/intel/amber16/dat/leap/cmd/leaprc.gaff2 done
>> logFile leap.log
log started: Thu Dec 14 23:33:23 2017

Log file: ./leap.log
>> #
>> # ----- leaprc for loading the general Amber Force field.
>> #       This file is mostly for use with Antechamber
>> #
>> #	load atom type hybridizations
>> #
>> addAtomTypes {
>> 	{ "h1"  "H" "sp3" }
>> 	{ "h2"  "H" "sp3" }
>> 	{ "h3"  "H" "sp3" }
>> 	{ "h4"  "H" "sp3" }
>> 	{ "h5"  "H" "sp3" }
>> 	{ "ha"  "H" "sp3" }
>> 	{ "hc"  "H" "sp3" }
>> 	{ "hn"  "H" "sp3" }
>> 	{ "ho"  "H" "sp3" }
>> 	{ "hp"  "H" "sp3" }
>> 	{ "hs"  "H" "sp3" }
>> 	{ "hw"  "H" "sp3" }
>> 	{ "hx"  "H" "sp3" }
>> 	{ "o"  "O" "sp2" }
>> 	{ "o2"  "O" "sp2" }
>> 	{ "oh"  "O" "sp3" }
>> 	{ "os"  "O" "sp3" }
>> 	{ "ow"  "O" "sp3" }
>> 	{ "c"  "C" "sp2" }
>> 	{ "c1"  "C" "sp2" }
>> 	{ "c2"  "C" "sp2" }
>> 	{ "c3"  "C" "sp3" }
>> 	{ "ca"  "C" "sp2" }
>> 	{ "cc"  "C" "sp2" }
>> 	{ "cd"  "C" "sp2" }
>> 	{ "ce"  "C" "sp2" }
>> 	{ "cf"  "C" "sp2" }
>> 	{ "cg"  "C" "sp2" }
>> 	{ "ch"  "C" "sp2" }
>> 	{ "cp"  "C" "sp2" }
>> 	{ "cs"  "C" "sp2" }
>> 	{ "cq"  "C" "sp2" }
>> 	{ "cu"  "C" "sp2" }
>> 	{ "cv"  "C" "sp2" }
>> 	{ "cx"  "C" "sp2" }
>> 	{ "cy"  "C" "sp2" }
>> 	{ "cz"  "C" "sp2" }
>> 	{ "n"   "N" "sp2" }
>> 	{ "n1"  "N" "sp2" }
>> 	{ "n2"  "N" "sp2" }
>> 	{ "n3"  "N" "sp3" }
>> 	{ "n4"  "N" "sp3" }
>> 	{ "n7"  "N" "sp3" }
>> 	{ "n8"  "N" "sp3" }
>> 	{ "n9"  "N" "sp3" }
>> 	{ "na"  "N" "sp2" }
>> 	{ "nb"  "N" "sp2" }
>> 	{ "nc"  "N" "sp2" }
>> 	{ "nd"  "N" "sp2" }
>> 	{ "ne"  "N" "sp2" }
>> 	{ "nf"  "N" "sp2" }
>> 	{ "nh"  "N" "sp2" }
>> 	{ "no"  "N" "sp2" }
>> 	{ "ns"  "N" "sp2" }
>> 	{ "nt"  "N" "sp2" }
>> 	{ "nu"  "N" "sp2" }
>> 	{ "nv"  "N" "sp2" }
>> 	{ "nx"  "N" "sp3" }
>> 	{ "ny"  "N" "sp3" }
>> 	{ "nz"  "N" "sp3" }
>> 	{ "n+"  "N" "sp3" }
>> 	{ "s"   "S" "sp2" }
>> 	{ "s2"   "S" "sp2" }
>> 	{ "s3"   "S" "sp3" }
>> 	{ "s4"   "S" "sp3" }
>> 	{ "s6"   "S" "sp3" }
>> 	{ "sh"   "S" "sp3" }
>> 	{ "ss"   "S" "sp3" }
>> 	{ "sx"   "S" "sp3" }
>> 	{ "sy"   "S" "sp3" }
>> 	{ "p2"   "P" "sp2" }
>> 	{ "p3"   "P" "sp3" }
>> 	{ "p4"   "P" "sp3" }
>> 	{ "p5"   "P" "sp3" }
>> 	{ "pb"   "P" "sp3" }
>> 	{ "pc"   "P" "sp3" }
>> 	{ "pd"   "P" "sp3" }
>> 	{ "pe"   "P" "sp3" }
>> 	{ "pf"   "P" "sp3" }
>> 	{ "px"   "P" "sp3" }
>> 	{ "py"   "P" "sp3" }
>> 	{ "f"   "F" "sp3" }
>> 	{ "cl"  "Cl" "sp3" }
>> 	{ "br"  "Br" "sp3" }
>> 	{ "i"   "I"  "sp3" }
>> }
>> #
>> #	Load the general force field parameter set.
>> #
>> gaff = loadamberparams gaff2.dat
Loading parameters: /share/apps/amber/16.06/openmpi/intel/amber16/dat/leap/parm/gaff2.dat
Reading title:
AMBER General Force Field for organic molecules (Version 2.1, April 2016)
> 
> prot = loadpdb ../5j0d_mod_inplace_new.pdb
Loading PDB file: ../5j0d_mod_inplace_new.pdb
Enter zPdbReadScan from call depth  0.
Exit  zPdbReadScan from call depth  0.
Matching PDB residue names to LEaP variables.
Mapped residue ARG, term: Terminal/beginning, seq. number: 0 to: NARG.
(Residue 1: LYS, Nonterminal, was not found in name map.)
(Residue 2: LYS, Nonterminal, was not found in name map.)
(Residue 3: ILE, Nonterminal, was not found in name map.)
(Residue 4: PHE, Nonterminal, was not found in name map.)
(Residue 5: LYS, Nonterminal, was not found in name map.)
(Residue 6: PRO, Nonterminal, was not found in name map.)
(Residue 7: GLU, Nonterminal, was not found in name map.)
(Residue 8: GLU, Nonterminal, was not found in name map.)
(Residue 9: LEU, Nonterminal, was not found in name map.)
(Residue 10: ARG, Nonterminal, was not found in name map.)
(Residue 11: GLN, Nonterminal, was not found in name map.)
(Residue 12: ALA, Nonterminal, was not found in name map.)
(Residue 13: LEU, Nonterminal, was not found in name map.)
(Residue 14: MET, Nonterminal, was not found in name map.)
(Residue 15: PRO, Nonterminal, was not found in name map.)
(Residue 16: THR, Nonterminal, was not found in name map.)
(Residue 17: LEU, Nonterminal, was not found in name map.)
(Residue 18: GLU, Nonterminal, was not found in name map.)
(Residue 19: ALA, Nonterminal, was not found in name map.)
(Residue 20: LEU, Nonterminal, was not found in name map.)
(Residue 21: TYR, Nonterminal, was not found in name map.)
(Residue 22: ARG, Nonterminal, was not found in name map.)
(Residue 23: GLN, Nonterminal, was not found in name map.)
(Residue 24: ASP, Nonterminal, was not found in name map.)
(Residue 25: PRO, Nonterminal, was not found in name map.)
(Residue 26: GLU, Nonterminal, was not found in name map.)
(Residue 27: SER, Nonterminal, was not found in name map.)
(Residue 28: LEU, Nonterminal, was not found in name map.)
(Residue 29: PRO, Nonterminal, was not found in name map.)
(Residue 30: PHE, Nonterminal, was not found in name map.)
(Residue 31: ARG, Nonterminal, was not found in name map.)
(Residue 32: GLN, Nonterminal, was not found in name map.)
(Residue 33: PRO, Nonterminal, was not found in name map.)
(Residue 34: VAL, Nonterminal, was not found in name map.)
(Residue 35: ASP, Nonterminal, was not found in name map.)
(Residue 36: PRO, Nonterminal, was not found in name map.)
(Residue 37: GLN, Nonterminal, was not found in name map.)
(Residue 38: LEU, Nonterminal, was not found in name map.)
(Residue 39: LEU, Nonterminal, was not found in name map.)
(Residue 40: GLY, Nonterminal, was not found in name map.)
(Residue 41: ILE, Nonterminal, was not found in name map.)
(Residue 42: PRO, Nonterminal, was not found in name map.)
(Residue 43: ASP, Nonterminal, was not found in name map.)
(Residue 44: TYR, Nonterminal, was not found in name map.)
(Residue 45: PHE, Nonterminal, was not found in name map.)
(Residue 46: ASP, Nonterminal, was not found in name map.)
(Residue 47: ILE, Nonterminal, was not found in name map.)
(Residue 48: VAL, Nonterminal, was not found in name map.)
(Residue 49: LYS, Nonterminal, was not found in name map.)
(Residue 50: ASN, Nonterminal, was not found in name map.)
(Residue 51: PRO, Nonterminal, was not found in name map.)
(Residue 52: MET, Nonterminal, was not found in name map.)
(Residue 53: ASP, Nonterminal, was not found in name map.)
(Residue 54: LEU, Nonterminal, was not found in name map.)
(Residue 55: SER, Nonterminal, was not found in name map.)
(Residue 56: THR, Nonterminal, was not found in name map.)
(Residue 57: ILE, Nonterminal, was not found in name map.)
(Residue 58: LYS, Nonterminal, was not found in name map.)
(Residue 59: ARG, Nonterminal, was not found in name map.)
(Residue 60: LYS, Nonterminal, was not found in name map.)
(Residue 61: LEU, Nonterminal, was not found in name map.)
(Residue 62: ASP, Nonterminal, was not found in name map.)
(Residue 63: THR, Nonterminal, was not found in name map.)
(Residue 64: GLY, Nonterminal, was not found in name map.)
(Residue 65: GLN, Nonterminal, was not found in name map.)
(Residue 66: TYR, Nonterminal, was not found in name map.)
(Residue 67: GLN, Nonterminal, was not found in name map.)
(Residue 68: GLU, Nonterminal, was not found in name map.)
(Residue 69: PRO, Nonterminal, was not found in name map.)
(Residue 70: TRP, Nonterminal, was not found in name map.)
(Residue 71: GLN, Nonterminal, was not found in name map.)
(Residue 72: TYR, Nonterminal, was not found in name map.)
(Residue 73: VAL, Nonterminal, was not found in name map.)
(Residue 74: ASP, Nonterminal, was not found in name map.)
(Residue 75: ASP, Nonterminal, was not found in name map.)
(Residue 76: VAL, Nonterminal, was not found in name map.)
(Residue 77: TRP, Nonterminal, was not found in name map.)
(Residue 78: LEU, Nonterminal, was not found in name map.)
(Residue 79: MET, Nonterminal, was not found in name map.)
(Residue 80: PHE, Nonterminal, was not found in name map.)
(Residue 81: ASN, Nonterminal, was not found in name map.)
(Residue 82: ASN, Nonterminal, was not found in name map.)
(Residue 83: ALA, Nonterminal, was not found in name map.)
(Residue 84: TRP, Nonterminal, was not found in name map.)
(Residue 85: LEU, Nonterminal, was not found in name map.)
(Residue 86: TYR, Nonterminal, was not found in name map.)
(Residue 87: ASN, Nonterminal, was not found in name map.)
(Residue 88: ARG, Nonterminal, was not found in name map.)
(Residue 89: LYS, Nonterminal, was not found in name map.)
(Residue 90: THR, Nonterminal, was not found in name map.)
(Residue 91: SER, Nonterminal, was not found in name map.)
(Residue 92: ARG, Nonterminal, was not found in name map.)
(Residue 93: VAL, Nonterminal, was not found in name map.)
(Residue 94: TYR, Nonterminal, was not found in name map.)
(Residue 95: LYS, Nonterminal, was not found in name map.)
(Residue 96: PHE, Nonterminal, was not found in name map.)
(Residue 97: CYS, Nonterminal, was not found in name map.)
(Residue 98: SER, Nonterminal, was not found in name map.)
(Residue 99: LYS, Nonterminal, was not found in name map.)
(Residue 100: LEU, Nonterminal, was not found in name map.)
(Residue 101: ALA, Nonterminal, was not found in name map.)
(Residue 102: GLU, Nonterminal, was not found in name map.)
(Residue 103: VAL, Nonterminal, was not found in name map.)
(Residue 104: PHE, Nonterminal, was not found in name map.)
(Residue 105: GLU, Nonterminal, was not found in name map.)
(Residue 106: GLN, Nonterminal, was not found in name map.)
(Residue 107: GLU, Nonterminal, was not found in name map.)
(Residue 108: ILE, Nonterminal, was not found in name map.)
(Residue 109: ASP, Nonterminal, was not found in name map.)
(Residue 110: PRO, Nonterminal, was not found in name map.)
(Residue 111: VAL, Nonterminal, was not found in name map.)
(Residue 112: MET, Nonterminal, was not found in name map.)
(Residue 113: GLN, Nonterminal, was not found in name map.)
(Residue 114: SER, Nonterminal, was not found in name map.)
(Residue 115: LEU, Nonterminal, was not found in name map.)
Mapped residue GLY, term: Terminal/last, seq. number: 116 to: CGLY.
(Residue 117: 6F9, Terminal/last, was not found in name map.)
Unknown residue: 6F9   number: 117   type: Terminal/last
..relaxing end constraints to try for a dbase match
  -no luck
Joining NARG - LYS
Joining LYS - LYS
Joining LYS - ILE
Joining ILE - PHE
Joining PHE - LYS
Joining LYS - PRO
Joining PRO - GLU
Joining GLU - GLU
Joining GLU - LEU
Joining LEU - ARG
Joining ARG - GLN
Joining GLN - ALA
Joining ALA - LEU
Joining LEU - MET
Joining MET - PRO
Joining PRO - THR
Joining THR - LEU
Joining LEU - GLU
Joining GLU - ALA
Joining ALA - LEU
Joining LEU - TYR
Joining TYR - ARG
Joining ARG - GLN
Joining GLN - ASP
Joining ASP - PRO
Joining PRO - GLU
Joining GLU - SER
Joining SER - LEU
Joining LEU - PRO
Joining PRO - PHE
Joining PHE - ARG
Joining ARG - GLN
Joining GLN - PRO
Joining PRO - VAL
Joining VAL - ASP
Joining ASP - PRO
Joining PRO - GLN
Joining GLN - LEU
Joining LEU - LEU
Joining LEU - GLY
Joining GLY - ILE
Joining ILE - PRO
Joining PRO - ASP
Joining ASP - TYR
Joining TYR - PHE
Joining PHE - ASP
Joining ASP - ILE
Joining ILE - VAL
Joining VAL - LYS
Joining LYS - ASN
Joining ASN - PRO
Joining PRO - MET
Joining MET - ASP
Joining ASP - LEU
Joining LEU - SER
Joining SER - THR
Joining THR - ILE
Joining ILE - LYS
Joining LYS - ARG
Joining ARG - LYS
Joining LYS - LEU
Joining LEU - ASP
Joining ASP - THR
Joining THR - GLY
Joining GLY - GLN
Joining GLN - TYR
Joining TYR - GLN
Joining GLN - GLU
Joining GLU - PRO
Joining PRO - TRP
Joining TRP - GLN
Joining GLN - TYR
Joining TYR - VAL
Joining VAL - ASP
Joining ASP - ASP
Joining ASP - VAL
Joining VAL - TRP
Joining TRP - LEU
Joining LEU - MET
Joining MET - PHE
Joining PHE - ASN
Joining ASN - ASN
Joining ASN - ALA
Joining ALA - TRP
Joining TRP - LEU
Joining LEU - TYR
Joining TYR - ASN
Joining ASN - ARG
Joining ARG - LYS
Joining LYS - THR
Joining THR - SER
Joining SER - ARG
Joining ARG - VAL
Joining VAL - TYR
Joining TYR - LYS
Joining LYS - PHE
Joining PHE - CYS
Joining CYS - SER
Joining SER - LYS
Joining LYS - LEU
Joining LEU - ALA
Joining ALA - GLU
Joining GLU - VAL
Joining VAL - PHE
Joining PHE - GLU
Joining GLU - GLN
Joining GLN - GLU
Joining GLU - ILE
Joining ILE - ASP
Joining ASP - PRO
Joining PRO - VAL
Joining VAL - MET
Joining MET - GLN
Joining GLN - SER
Joining SER - LEU
Joining LEU - CGLY
Creating new UNIT for residue: 6F9 sequence: 118
Created a new atom named: O3 within residue: .R<6F9 118>
Created a new atom named: C4 within residue: .R<6F9 118>
Created a new atom named: C5 within residue: .R<6F9 118>
Created a new atom named: O4 within residue: .R<6F9 118>
Created a new atom named: C6 within residue: .R<6F9 118>
Created a new atom named: N1 within residue: .R<6F9 118>
Created a new atom named: C7 within residue: .R<6F9 118>
Created a new atom named: C8 within residue: .R<6F9 118>
Created a new atom named: N2 within residue: .R<6F9 118>
Created a new atom named: C9 within residue: .R<6F9 118>
Created a new atom named: C10 within residue: .R<6F9 118>
Created a new atom named: C11 within residue: .R<6F9 118>
Created a new atom named: C12 within residue: .R<6F9 118>
Created a new atom named: C13 within residue: .R<6F9 118>
Created a new atom named: C14 within residue: .R<6F9 118>
Created a new atom named: C15 within residue: .R<6F9 118>
Created a new atom named: C2 within residue: .R<6F9 118>
Created a new atom named: C1 within residue: .R<6F9 118>
Created a new atom named: C within residue: .R<6F9 118>
Created a new atom named: N within residue: .R<6F9 118>
Created a new atom named: C19 within residue: .R<6F9 118>
Created a new atom named: C24 within residue: .R<6F9 118>
Created a new atom named: C23 within residue: .R<6F9 118>
Created a new atom named: O2 within residue: .R<6F9 118>
Created a new atom named: C25 within residue: .R<6F9 118>
Created a new atom named: C22 within residue: .R<6F9 118>
Created a new atom named: C21 within residue: .R<6F9 118>
Created a new atom named: C26 within residue: .R<6F9 118>
Created a new atom named: C20 within residue: .R<6F9 118>
Created a new atom named: O within residue: .R<6F9 118>
Created a new atom named: C3 within residue: .R<6F9 118>
Created a new atom named: O1 within residue: .R<6F9 118>
Created a new atom named: C18 within residue: .R<6F9 118>
Created a new atom named: C16 within residue: .R<6F9 118>
Created a new atom named: H42 within residue: .R<6F9 118>
Created a new atom named: H43 within residue: .R<6F9 118>
Created a new atom named: HN1 within residue: .R<6F9 118>
Created a new atom named: H72 within residue: .R<6F9 118>
Created a new atom named: H73 within residue: .R<6F9 118>
Created a new atom named: H8 within residue: .R<6F9 118>
Created a new atom named: H22 within residue: .R<6F9 118>
Created a new atom named: H23 within residue: .R<6F9 118>
Created a new atom named: H10 within residue: .R<6F9 118>
Created a new atom named: H13 within residue: .R<6F9 118>
Created a new atom named: H142 within residue: .R<6F9 118>
Created a new atom named: H143 within residue: .R<6F9 118>
Created a new atom named: H152 within residue: .R<6F9 118>
Created a new atom named: H153 within residue: .R<6F9 118>
Created a new atom named: H12 within residue: .R<6F9 118>
Created a new atom named: H14 within residue: .R<6F9 118>
Created a new atom named: H24 within residue: .R<6F9 118>
Created a new atom named: H221 within residue: .R<6F9 118>
Created a new atom named: H20 within residue: .R<6F9 118>
Created a new atom named: H32 within residue: .R<6F9 118>
Created a new atom named: H33 within residue: .R<6F9 118>
Created a new atom named: H182 within residue: .R<6F9 118>
Created a new atom named: H183 within residue: .R<6F9 118>
Created a new atom named: H162 within residue: .R<6F9 118>
Created a new atom named: H163 within residue: .R<6F9 118>
Created a new atom named: H251 within residue: .R<6F9 118>
Created a new atom named: H252 within residue: .R<6F9 118>
Created a new atom named: H253 within residue: .R<6F9 118>
Created a new atom named: H1 within residue: .R<6F9 118>
Created a new atom named: H2 within residue: .R<6F9 118>
Created a new atom named: H3 within residue: .R<6F9 118>
Created a new atom named: H261 within residue: .R<6F9 118>
Created a new atom named: H262 within residue: .R<6F9 118>
Created a new atom named: H263 within residue: .R<6F9 118>
  total atoms in file: 2037
  The file contained 68 atoms not in residue templates
> savepdb prot 5j0d_mod_renum.pdb
Writing pdb file: 5j0d_mod_renum.pdb
 Converting N-terminal residue name to PDB format: NARG -> ARG
 Converting C-terminal residue name to PDB format: CGLY -> GLY
> quit
	Quit
log started: Thu Dec 14 23:36:30 2017

Log file: ./leap.log
>> #
>> # ----- leaprc for loading the ff14SB force field
>> # ----- NOTE: this is designed for PDB format 3!
>> #
>> #	load atom type hybridizations
>> #
>> addAtomTypes {
>> 	{ "H"   "H" "sp3" }
>> 	{ "HO"  "H" "sp3" }
>> 	{ "HS"  "H" "sp3" }
>> 	{ "H1"  "H" "sp3" }
>> 	{ "H2"  "H" "sp3" }
>> 	{ "H3"  "H" "sp3" }
>> 	{ "H4"  "H" "sp3" }
>> 	{ "H5"  "H" "sp3" }
>> 	{ "HW"  "H" "sp3" }
>> 	{ "HC"  "H" "sp3" }
>> 	{ "HA"  "H" "sp3" }
>> 	{ "HP"  "H" "sp3" }
>> 	{ "HZ"  "H" "sp3" }
>> 	{ "OH"  "O" "sp3" }
>> 	{ "OS"  "O" "sp3" }
>> 	{ "O"   "O" "sp2" }
>> 	{ "O2"  "O" "sp2" }
>> 	{ "OP"  "O" "sp2" }
>> 	{ "OW"  "O" "sp3" }
>> 	{ "CT"  "C" "sp3" }
>> 	{ "CX"  "C" "sp3" }
>> 	{ "C8"  "C" "sp3" }
>> 	{ "2C"  "C" "sp3" }
>> 	{ "3C"  "C" "sp3" }
>> 	{ "CH"  "C" "sp3" }
>> 	{ "CS"  "C" "sp2" }
>> 	{ "C"   "C" "sp2" }
>> 	{ "CO"   "C" "sp2" }
>> 	{ "C*"  "C" "sp2" }
>> 	{ "CA"  "C" "sp2" }
>> 	{ "CB"  "C" "sp2" }
>> 	{ "CC"  "C" "sp2" }
>> 	{ "CN"  "C" "sp2" }
>> 	{ "CM"  "C" "sp2" }
>> 	{ "CK"  "C" "sp2" }
>> 	{ "CQ"  "C" "sp2" }
>> 	{ "CD"  "C" "sp2" }
>> 	{ "C5"  "C" "sp2" }
>> 	{ "C4"  "C" "sp2" }
>> 	{ "CP"  "C" "sp2" }
>> 	{ "CI"  "C" "sp3" }
>> 	{ "CJ"  "C" "sp2" }
>> 	{ "CW"  "C" "sp2" }
>> 	{ "CV"  "C" "sp2" }
>> 	{ "CR"  "C" "sp2" }
>> 	{ "CA"  "C" "sp2" }
>> 	{ "CY"  "C" "sp2" }
>> 	{ "C0"  "Ca" "sp3" }
>> 	{ "MG"  "Mg" "sp3" }
>> 	{ "N"   "N" "sp2" }
>> 	{ "NA"  "N" "sp2" }
>> 	{ "N2"  "N" "sp2" }
>> 	{ "N*"  "N" "sp2" }
>> 	{ "NP"  "N" "sp2" }
>> 	{ "NQ"  "N" "sp2" }
>> 	{ "NB"  "N" "sp2" }
>> 	{ "NC"  "N" "sp2" }
>> 	{ "NT"  "N" "sp3" }
>> 	{ "NY"  "N" "sp2" }
>> 	{ "N3"  "N" "sp3" }
>> 	{ "S"   "S" "sp3" }
>> 	{ "SH"  "S" "sp3" }
>> 	{ "P"   "P" "sp3" }
>> 	{ "LP"  ""  "sp3" }
>> 	{ "EP"  ""  "sp3" }
>> 	{ "F"   "F" "sp3" }
>> 	{ "Cl"  "Cl" "sp3" }
>> 	{ "Br"  "Br" "sp3" }
>> 	{ "I"   "I"  "sp3" }
>> }
>> #
>> #	Load the main parameter set.
>> #
>> parm10 = loadamberparams parm10.dat
Loading parameters: /share/apps/amber/16.06/openmpi/intel/amber16/dat/leap/parm/parm10.dat
Reading title:
PARM99 + frcmod.ff99SB + frcmod.parmbsc0 + OL3 for RNA
(UNKNOWN ATOM TYPE: Zn)
(UNKNOWN ATOM TYPE: EP)
>> frcmod14SB = loadamberparams frcmod.ff14SB
Loading parameters: /share/apps/amber/16.06/openmpi/intel/amber16/dat/leap/parm/frcmod.ff14SB
Reading force field modification type file (frcmod)
Reading title:
ff14SB protein backbone and sidechain parameters
>> #
>> #	Load main chain and terminating amino acid libraries
>> #
>> loadOff amino12.lib
Loading library: /share/apps/amber/16.06/openmpi/intel/amber16/dat/leap/lib/amino12.lib
Loading: ALA
Loading: ARG
Loading: ASH
Loading: ASN
Loading: ASP
Loading: CYM
Loading: CYS
Loading: CYX
Loading: GLH
Loading: GLN
Loading: GLU
Loading: GLY
Loading: HID
Loading: HIE
Loading: HIP
Loading: HYP
Loading: ILE
Loading: LEU
Loading: LYN
Loading: LYS
Loading: MET
Loading: PHE
Loading: PRO
Loading: SER
Loading: THR
Loading: TRP
Loading: TYR
Loading: VAL
>> loadOff aminoct12.lib
Loading library: /share/apps/amber/16.06/openmpi/intel/amber16/dat/leap/lib/aminoct12.lib
Loading: CALA
Loading: CARG
Loading: CASN
Loading: CASP
Loading: CCYS
Loading: CCYX
Loading: CGLN
Loading: CGLU
Loading: CGLY
Loading: CHID
Loading: CHIE
Loading: CHIP
Loading: CHYP
Loading: CILE
Loading: CLEU
Loading: CLYS
Loading: CMET
Loading: CPHE
Loading: CPRO
Loading: CSER
Loading: CTHR
Loading: CTRP
Loading: CTYR
Loading: CVAL
Loading: NHE
Loading: NME
>> loadOff aminont12.lib
Loading library: /share/apps/amber/16.06/openmpi/intel/amber16/dat/leap/lib/aminont12.lib
Loading: ACE
Loading: NALA
Loading: NARG
Loading: NASN
Loading: NASP
Loading: NCYS
Loading: NCYX
Loading: NGLN
Loading: NGLU
Loading: NGLY
Loading: NHID
Loading: NHIE
Loading: NHIP
Loading: NILE
Loading: NLEU
Loading: NLYS
Loading: NMET
Loading: NPHE
Loading: NPRO
Loading: NSER
Loading: NTHR
Loading: NTRP
Loading: NTYR
Loading: NVAL
>> 
>> #
>> #	Define the PDB name map for the amino acids
>> #
>> addPdbResMap {
>>   { 0 "HYP" "NHYP" } { 1 "HYP" "CHYP" }
>>   { 0 "ALA" "NALA" } { 1 "ALA" "CALA" }
>>   { 0 "ARG" "NARG" } { 1 "ARG" "CARG" }
>>   { 0 "ASN" "NASN" } { 1 "ASN" "CASN" }
>>   { 0 "ASP" "NASP" } { 1 "ASP" "CASP" }
>>   { 0 "CYS" "NCYS" } { 1 "CYS" "CCYS" }
>>   { 0 "CYX" "NCYX" } { 1 "CYX" "CCYX" }
>>   { 0 "GLN" "NGLN" } { 1 "GLN" "CGLN" }
>>   { 0 "GLU" "NGLU" } { 1 "GLU" "CGLU" }
>>   { 0 "GLY" "NGLY" } { 1 "GLY" "CGLY" }
>>   { 0 "HID" "NHID" } { 1 "HID" "CHID" }
>>   { 0 "HIE" "NHIE" } { 1 "HIE" "CHIE" }
>>   { 0 "HIP" "NHIP" } { 1 "HIP" "CHIP" }
>>   { 0 "ILE" "NILE" } { 1 "ILE" "CILE" }
>>   { 0 "LEU" "NLEU" } { 1 "LEU" "CLEU" }
>>   { 0 "LYS" "NLYS" } { 1 "LYS" "CLYS" }
>>   { 0 "MET" "NMET" } { 1 "MET" "CMET" }
>>   { 0 "PHE" "NPHE" } { 1 "PHE" "CPHE" }
>>   { 0 "PRO" "NPRO" } { 1 "PRO" "CPRO" }
>>   { 0 "SER" "NSER" } { 1 "SER" "CSER" }
>>   { 0 "THR" "NTHR" } { 1 "THR" "CTHR" }
>>   { 0 "TRP" "NTRP" } { 1 "TRP" "CTRP" }
>>   { 0 "TYR" "NTYR" } { 1 "TYR" "CTYR" }
>>   { 0 "VAL" "NVAL" } { 1 "VAL" "CVAL" }
>>   { 0 "HIS" "NHIS" } { 1 "HIS" "CHIS" }
>> }
>> 
>> #
>> # assume that most often proteins use HIE
>> #
>> NHIS = NHIE
>> HIS = HIE
>> CHIS = CHIE
> 
> source leaprc.water.tip3p
----- Source: /share/apps/amber/16.06/openmpi/intel/amber16/dat/leap/cmd/leaprc.water.tip3p
----- Source of /share/apps/amber/16.06/openmpi/intel/amber16/dat/leap/cmd/leaprc.water.tip3p done
>> #
>> #       Load water and ions for TIP3P + Joung-Chetham monovalent ions
>> #       + Li/Merz highly charged ions (+2 to +4, 12-6 normal usage set)
>> #
>> addAtomTypes {
>> 	{ "F-"   "F" "sp3" }
>> 	{ "Cl-"  "Cl" "sp3" }
>> 	{ "Br-"  "Br" "sp3" }
>> 	{ "I-"   "I"  "sp3" }
>> 	{ "Li+"  "Li"  "sp3" }
>> 	{ "Na+"  "Na"  "sp3" }
>> 	{ "K+"  "K"  "sp3" }
>> 	{ "Rb+"  "Rb"  "sp3" }
>> 	{ "Cs+"  "Cs"  "sp3" }
>> 	{ "Mg+"  "Mg"  "sp3" }
>>     { "Tl+"  "Tl"  "sp3" }
>>     { "Cu+"  "Cu"  "sp3" }
>>     { "Ag+"  "Ag"  "sp3" }
>>     { "Be2+" "Be"  "sp3" }
>>     { "Cu2+" "Cu"  "sp3" }
>>     { "Ni2+" "Ni"  "sp3" }
>>     { "Pt2+" "Pt"  "sp3" }
>>     { "Zn2+" "Zn"  "sp3" }
>>     { "Co2+" "Co"  "sp3" }
>>     { "Pd2+" "Pd"  "sp3" }
>>     { "Ag2+" "Ag"  "sp3" }
>>     { "Cr2+" "Cr"  "sp3" }
>>     { "Fe2+" "Fe"  "sp3" }
>>     { "Mg2+" "Mg"  "sp3" }
>>     { "V2+"  "V"   "sp3" }
>>     { "Mn2+" "Mn"  "sp3" }
>>     { "Hg2+" "Hg"  "sp3" }
>>     { "Cd2+" "Cd"  "sp3" }
>>     { "Yb2+" "Yb"  "sp3" }
>>     { "Ca2+" "Ca"  "sp3" }
>>     { "Sn2+" "Sn"  "sp3" }
>>     { "Pb2+" "Pb"  "sp3" }
>>     { "Eu2+" "Eu"  "sp3" }
>>     { "Sr2+" "Sr"  "sp3" }
>>     { "Sm2+" "Sm"  "sp3" }
>>     { "Ba2+" "Ba"  "sp3" }
>>     { "Ra2+" "Ra"  "sp3" }
>>     { "Al3+" "Al"  "sp3" }
>>     { "Fe3+" "Fe"  "sp3" }
>>     { "Cr3+" "Cr"  "sp3" }
>>     { "In3+" "In"  "sp3" }
>>     { "Tl3+" "Tl"  "sp3" }
>>     { "Y3+"  "Y"   "sp3" }
>>     { "La3+" "La"  "sp3" }
>>     { "Ce3+" "Ce"  "sp3" }
>>     { "Pr3+" "Pr"  "sp3" }
>>     { "Nd3+" "Nd"  "sp3" }
>>     { "Sm3+" "Sm"  "sp3" }
>>     { "Eu3+" "Eu"  "sp3" }
>>     { "Gd3+" "Gd"  "sp3" }
>>     { "Tb3+" "Tb"  "sp3" }
>>     { "Dy3+" "Dy"  "sp3" }
>>     { "Er3+" "Er"  "sp3" }
>>     { "Tm3+" "Tm"  "sp3" }
>>     { "Lu3+" "Lu"  "sp3" }
>>     { "Hf4+" "Hf"  "sp3" }
>>     { "Zr4+" "Zr"  "sp3" }
>>     { "Ce4+" "Ce"  "sp3" }
>>     { "U4+"  "U"   "sp3" }
>>     { "Pu4+" "Pu"  "sp3" }
>>     { "Th4+" "Th"  "sp3" }
>> }
>> loadOff atomic_ions.lib
Loading library: /share/apps/amber/16.06/openmpi/intel/amber16/dat/leap/lib/atomic_ions.lib
Loading: AG
Loading: AL
Loading: Ag
Loading: BA
Loading: BR
Loading: Be
Loading: CA
Loading: CD
Loading: CE
Loading: CL
Loading: CO
Loading: CR
Loading: CS
Loading: CU
Loading: CU1
Loading: Ce
Loading: Cl-
Loading: Cr
Loading: Dy
Loading: EU
Loading: EU3
Loading: Er
Loading: F
Loading: FE
Loading: FE2
Loading: GD3
Loading: H3O+
Loading: HE+
Loading: HG
Loading: HZ+
Loading: Hf
Loading: IN
Loading: IOD
Loading: K
Loading: K+
Loading: LA
Loading: LI
Loading: LU
Loading: MG
Loading: MN
Loading: NA
Loading: NH4
Loading: NI
Loading: Na+
Loading: Nd
Loading: PB
Loading: PD
Loading: PR
Loading: PT
Loading: Pu
Loading: RB
Loading: Ra
Loading: SM
Loading: SR
Loading: Sm
Loading: Sn
Loading: TB
Loading: TL
Loading: Th
Loading: Tl
Loading: Tm
Loading: U4+
Loading: V2+
Loading: Y
Loading: YB2
Loading: ZN
Loading: Zr
>> loadOff solvents.lib
Loading library: /share/apps/amber/16.06/openmpi/intel/amber16/dat/leap/lib/solvents.lib
Loading: CHCL3BOX
Loading: DC4
Loading: FB3
Loading: FB3BOX
Loading: FB4
Loading: FB4BOX
Loading: MEOHBOX
Loading: NMABOX
Loading: OPC
Loading: OPCBOX
Loading: PL3
Loading: POL3BOX
Loading: QSPCFWBOX
Loading: SPC
Loading: SPCBOX
Loading: SPCFWBOX
Loading: SPF
Loading: SPG
Loading: T4E
Loading: TIP3PBOX
Loading: TIP3PFBOX
Loading: TIP4PBOX
Loading: TIP4PEWBOX
Loading: TIP5PBOX
Loading: TP3
Loading: TP4
Loading: TP5
Loading: TPF
>> HOH = TP3
>> WAT = TP3
>> loadAmberParams frcmod.ionsjc_tip3p
Loading parameters: /share/apps/amber/16.06/openmpi/intel/amber16/dat/leap/parm/frcmod.ionsjc_tip3p
Reading force field modification type file (frcmod)
Reading title:
Monovalent ion parameters for Ewald and TIP3P water from Joung & Cheatham JPCB (2008)
>> loadAmberParams frcmod.ions234lm_126_tip3p
Loading parameters: /share/apps/amber/16.06/openmpi/intel/amber16/dat/leap/parm/frcmod.ions234lm_126_tip3p
Reading force field modification type file (frcmod)
Reading title:
Li/Merz ion parameters of divalent to tetravalent ions for TIP3P water model (12-6 normal usage set)
>> 
> 
> source leaprc.gaff2
----- Source: /share/apps/amber/16.06/openmpi/intel/amber16/dat/leap/cmd/leaprc.gaff2
----- Source of /share/apps/amber/16.06/openmpi/intel/amber16/dat/leap/cmd/leaprc.gaff2 done
>> logFile leap.log
log started: Thu Dec 14 23:36:30 2017

Log file: ./leap.log
>> #
>> # ----- leaprc for loading the general Amber Force field.
>> #       This file is mostly for use with Antechamber
>> #
>> #	load atom type hybridizations
>> #
>> addAtomTypes {
>> 	{ "h1"  "H" "sp3" }
>> 	{ "h2"  "H" "sp3" }
>> 	{ "h3"  "H" "sp3" }
>> 	{ "h4"  "H" "sp3" }
>> 	{ "h5"  "H" "sp3" }
>> 	{ "ha"  "H" "sp3" }
>> 	{ "hc"  "H" "sp3" }
>> 	{ "hn"  "H" "sp3" }
>> 	{ "ho"  "H" "sp3" }
>> 	{ "hp"  "H" "sp3" }
>> 	{ "hs"  "H" "sp3" }
>> 	{ "hw"  "H" "sp3" }
>> 	{ "hx"  "H" "sp3" }
>> 	{ "o"  "O" "sp2" }
>> 	{ "o2"  "O" "sp2" }
>> 	{ "oh"  "O" "sp3" }
>> 	{ "os"  "O" "sp3" }
>> 	{ "ow"  "O" "sp3" }
>> 	{ "c"  "C" "sp2" }
>> 	{ "c1"  "C" "sp2" }
>> 	{ "c2"  "C" "sp2" }
>> 	{ "c3"  "C" "sp3" }
>> 	{ "ca"  "C" "sp2" }
>> 	{ "cc"  "C" "sp2" }
>> 	{ "cd"  "C" "sp2" }
>> 	{ "ce"  "C" "sp2" }
>> 	{ "cf"  "C" "sp2" }
>> 	{ "cg"  "C" "sp2" }
>> 	{ "ch"  "C" "sp2" }
>> 	{ "cp"  "C" "sp2" }
>> 	{ "cs"  "C" "sp2" }
>> 	{ "cq"  "C" "sp2" }
>> 	{ "cu"  "C" "sp2" }
>> 	{ "cv"  "C" "sp2" }
>> 	{ "cx"  "C" "sp2" }
>> 	{ "cy"  "C" "sp2" }
>> 	{ "cz"  "C" "sp2" }
>> 	{ "n"   "N" "sp2" }
>> 	{ "n1"  "N" "sp2" }
>> 	{ "n2"  "N" "sp2" }
>> 	{ "n3"  "N" "sp3" }
>> 	{ "n4"  "N" "sp3" }
>> 	{ "n7"  "N" "sp3" }
>> 	{ "n8"  "N" "sp3" }
>> 	{ "n9"  "N" "sp3" }
>> 	{ "na"  "N" "sp2" }
>> 	{ "nb"  "N" "sp2" }
>> 	{ "nc"  "N" "sp2" }
>> 	{ "nd"  "N" "sp2" }
>> 	{ "ne"  "N" "sp2" }
>> 	{ "nf"  "N" "sp2" }
>> 	{ "nh"  "N" "sp2" }
>> 	{ "no"  "N" "sp2" }
>> 	{ "ns"  "N" "sp2" }
>> 	{ "nt"  "N" "sp2" }
>> 	{ "nu"  "N" "sp2" }
>> 	{ "nv"  "N" "sp2" }
>> 	{ "nx"  "N" "sp3" }
>> 	{ "ny"  "N" "sp3" }
>> 	{ "nz"  "N" "sp3" }
>> 	{ "n+"  "N" "sp3" }
>> 	{ "s"   "S" "sp2" }
>> 	{ "s2"   "S" "sp2" }
>> 	{ "s3"   "S" "sp3" }
>> 	{ "s4"   "S" "sp3" }
>> 	{ "s6"   "S" "sp3" }
>> 	{ "sh"   "S" "sp3" }
>> 	{ "ss"   "S" "sp3" }
>> 	{ "sx"   "S" "sp3" }
>> 	{ "sy"   "S" "sp3" }
>> 	{ "p2"   "P" "sp2" }
>> 	{ "p3"   "P" "sp3" }
>> 	{ "p4"   "P" "sp3" }
>> 	{ "p5"   "P" "sp3" }
>> 	{ "pb"   "P" "sp3" }
>> 	{ "pc"   "P" "sp3" }
>> 	{ "pd"   "P" "sp3" }
>> 	{ "pe"   "P" "sp3" }
>> 	{ "pf"   "P" "sp3" }
>> 	{ "px"   "P" "sp3" }
>> 	{ "py"   "P" "sp3" }
>> 	{ "f"   "F" "sp3" }
>> 	{ "cl"  "Cl" "sp3" }
>> 	{ "br"  "Br" "sp3" }
>> 	{ "i"   "I"  "sp3" }
>> }
>> #
>> #	Load the general force field parameter set.
>> #
>> gaff = loadamberparams gaff2.dat
Loading parameters: /share/apps/amber/16.06/openmpi/intel/amber16/dat/leap/parm/gaff2.dat
Reading title:
AMBER General Force Field for organic molecules (Version 2.1, April 2016)
> 
> loadoff ../100_mod.lib
Loading library: ../100_mod.lib
Loading: 6F9
> prot = loadpdb 5j0d_mod_renum.pdb
Loading PDB file: ./5j0d_mod_renum.pdb
Enter zPdbReadScan from call depth  0.
Exit  zPdbReadScan from call depth  0.
Matching PDB residue names to LEaP variables.
Mapped residue ARG, term: Terminal/beginning, seq. number: 0 to: NARG.
(Residue 1: LYS, Nonterminal, was not found in name map.)
(Residue 2: LYS, Nonterminal, was not found in name map.)
(Residue 3: ILE, Nonterminal, was not found in name map.)
(Residue 4: PHE, Nonterminal, was not found in name map.)
(Residue 5: LYS, Nonterminal, was not found in name map.)
(Residue 6: PRO, Nonterminal, was not found in name map.)
(Residue 7: GLU, Nonterminal, was not found in name map.)
(Residue 8: GLU, Nonterminal, was not found in name map.)
(Residue 9: LEU, Nonterminal, was not found in name map.)
(Residue 10: ARG, Nonterminal, was not found in name map.)
(Residue 11: GLN, Nonterminal, was not found in name map.)
(Residue 12: ALA, Nonterminal, was not found in name map.)
(Residue 13: LEU, Nonterminal, was not found in name map.)
(Residue 14: MET, Nonterminal, was not found in name map.)
(Residue 15: PRO, Nonterminal, was not found in name map.)
(Residue 16: THR, Nonterminal, was not found in name map.)
(Residue 17: LEU, Nonterminal, was not found in name map.)
(Residue 18: GLU, Nonterminal, was not found in name map.)
(Residue 19: ALA, Nonterminal, was not found in name map.)
(Residue 20: LEU, Nonterminal, was not found in name map.)
(Residue 21: TYR, Nonterminal, was not found in name map.)
(Residue 22: ARG, Nonterminal, was not found in name map.)
(Residue 23: GLN, Nonterminal, was not found in name map.)
(Residue 24: ASP, Nonterminal, was not found in name map.)
(Residue 25: PRO, Nonterminal, was not found in name map.)
(Residue 26: GLU, Nonterminal, was not found in name map.)
(Residue 27: SER, Nonterminal, was not found in name map.)
(Residue 28: LEU, Nonterminal, was not found in name map.)
(Residue 29: PRO, Nonterminal, was not found in name map.)
(Residue 30: PHE, Nonterminal, was not found in name map.)
(Residue 31: ARG, Nonterminal, was not found in name map.)
(Residue 32: GLN, Nonterminal, was not found in name map.)
(Residue 33: PRO, Nonterminal, was not found in name map.)
(Residue 34: VAL, Nonterminal, was not found in name map.)
(Residue 35: ASP, Nonterminal, was not found in name map.)
(Residue 36: PRO, Nonterminal, was not found in name map.)
(Residue 37: GLN, Nonterminal, was not found in name map.)
(Residue 38: LEU, Nonterminal, was not found in name map.)
(Residue 39: LEU, Nonterminal, was not found in name map.)
(Residue 40: GLY, Nonterminal, was not found in name map.)
(Residue 41: ILE, Nonterminal, was not found in name map.)
(Residue 42: PRO, Nonterminal, was not found in name map.)
(Residue 43: ASP, Nonterminal, was not found in name map.)
(Residue 44: TYR, Nonterminal, was not found in name map.)
(Residue 45: PHE, Nonterminal, was not found in name map.)
(Residue 46: ASP, Nonterminal, was not found in name map.)
(Residue 47: ILE, Nonterminal, was not found in name map.)
(Residue 48: VAL, Nonterminal, was not found in name map.)
(Residue 49: LYS, Nonterminal, was not found in name map.)
(Residue 50: ASN, Nonterminal, was not found in name map.)
(Residue 51: PRO, Nonterminal, was not found in name map.)
(Residue 52: MET, Nonterminal, was not found in name map.)
(Residue 53: ASP, Nonterminal, was not found in name map.)
(Residue 54: LEU, Nonterminal, was not found in name map.)
(Residue 55: SER, Nonterminal, was not found in name map.)
(Residue 56: THR, Nonterminal, was not found in name map.)
(Residue 57: ILE, Nonterminal, was not found in name map.)
(Residue 58: LYS, Nonterminal, was not found in name map.)
(Residue 59: ARG, Nonterminal, was not found in name map.)
(Residue 60: LYS, Nonterminal, was not found in name map.)
(Residue 61: LEU, Nonterminal, was not found in name map.)
(Residue 62: ASP, Nonterminal, was not found in name map.)
(Residue 63: THR, Nonterminal, was not found in name map.)
(Residue 64: GLY, Nonterminal, was not found in name map.)
(Residue 65: GLN, Nonterminal, was not found in name map.)
(Residue 66: TYR, Nonterminal, was not found in name map.)
(Residue 67: GLN, Nonterminal, was not found in name map.)
(Residue 68: GLU, Nonterminal, was not found in name map.)
(Residue 69: PRO, Nonterminal, was not found in name map.)
(Residue 70: TRP, Nonterminal, was not found in name map.)
(Residue 71: GLN, Nonterminal, was not found in name map.)
(Residue 72: TYR, Nonterminal, was not found in name map.)
(Residue 73: VAL, Nonterminal, was not found in name map.)
(Residue 74: ASP, Nonterminal, was not found in name map.)
(Residue 75: ASP, Nonterminal, was not found in name map.)
(Residue 76: VAL, Nonterminal, was not found in name map.)
(Residue 77: TRP, Nonterminal, was not found in name map.)
(Residue 78: LEU, Nonterminal, was not found in name map.)
(Residue 79: MET, Nonterminal, was not found in name map.)
(Residue 80: PHE, Nonterminal, was not found in name map.)
(Residue 81: ASN, Nonterminal, was not found in name map.)
(Residue 82: ASN, Nonterminal, was not found in name map.)
(Residue 83: ALA, Nonterminal, was not found in name map.)
(Residue 84: TRP, Nonterminal, was not found in name map.)
(Residue 85: LEU, Nonterminal, was not found in name map.)
(Residue 86: TYR, Nonterminal, was not found in name map.)
(Residue 87: ASN, Nonterminal, was not found in name map.)
(Residue 88: ARG, Nonterminal, was not found in name map.)
(Residue 89: LYS, Nonterminal, was not found in name map.)
(Residue 90: THR, Nonterminal, was not found in name map.)
(Residue 91: SER, Nonterminal, was not found in name map.)
(Residue 92: ARG, Nonterminal, was not found in name map.)
(Residue 93: VAL, Nonterminal, was not found in name map.)
(Residue 94: TYR, Nonterminal, was not found in name map.)
(Residue 95: LYS, Nonterminal, was not found in name map.)
(Residue 96: PHE, Nonterminal, was not found in name map.)
(Residue 97: CYS, Nonterminal, was not found in name map.)
(Residue 98: SER, Nonterminal, was not found in name map.)
(Residue 99: LYS, Nonterminal, was not found in name map.)
(Residue 100: LEU, Nonterminal, was not found in name map.)
(Residue 101: ALA, Nonterminal, was not found in name map.)
(Residue 102: GLU, Nonterminal, was not found in name map.)
(Residue 103: VAL, Nonterminal, was not found in name map.)
(Residue 104: PHE, Nonterminal, was not found in name map.)
(Residue 105: GLU, Nonterminal, was not found in name map.)
(Residue 106: GLN, Nonterminal, was not found in name map.)
(Residue 107: GLU, Nonterminal, was not found in name map.)
(Residue 108: ILE, Nonterminal, was not found in name map.)
(Residue 109: ASP, Nonterminal, was not found in name map.)
(Residue 110: PRO, Nonterminal, was not found in name map.)
(Residue 111: VAL, Nonterminal, was not found in name map.)
(Residue 112: MET, Nonterminal, was not found in name map.)
(Residue 113: GLN, Nonterminal, was not found in name map.)
(Residue 114: SER, Nonterminal, was not found in name map.)
(Residue 115: LEU, Nonterminal, was not found in name map.)
Mapped residue GLY, term: Terminal/last, seq. number: 116 to: CGLY.
(Residue 117: 6F9, Terminal/last, was not found in name map.)
Joining NARG - LYS
Joining LYS - LYS
Joining LYS - ILE
Joining ILE - PHE
Joining PHE - LYS
Joining LYS - PRO
Joining PRO - GLU
Joining GLU - GLU
Joining GLU - LEU
Joining LEU - ARG
Joining ARG - GLN
Joining GLN - ALA
Joining ALA - LEU
Joining LEU - MET
Joining MET - PRO
Joining PRO - THR
Joining THR - LEU
Joining LEU - GLU
Joining GLU - ALA
Joining ALA - LEU
Joining LEU - TYR
Joining TYR - ARG
Joining ARG - GLN
Joining GLN - ASP
Joining ASP - PRO
Joining PRO - GLU
Joining GLU - SER
Joining SER - LEU
Joining LEU - PRO
Joining PRO - PHE
Joining PHE - ARG
Joining ARG - GLN
Joining GLN - PRO
Joining PRO - VAL
Joining VAL - ASP
Joining ASP - PRO
Joining PRO - GLN
Joining GLN - LEU
Joining LEU - LEU
Joining LEU - GLY
Joining GLY - ILE
Joining ILE - PRO
Joining PRO - ASP
Joining ASP - TYR
Joining TYR - PHE
Joining PHE - ASP
Joining ASP - ILE
Joining ILE - VAL
Joining VAL - LYS
Joining LYS - ASN
Joining ASN - PRO
Joining PRO - MET
Joining MET - ASP
Joining ASP - LEU
Joining LEU - SER
Joining SER - THR
Joining THR - ILE
Joining ILE - LYS
Joining LYS - ARG
Joining ARG - LYS
Joining LYS - LEU
Joining LEU - ASP
Joining ASP - THR
Joining THR - GLY
Joining GLY - GLN
Joining GLN - TYR
Joining TYR - GLN
Joining GLN - GLU
Joining GLU - PRO
Joining PRO - TRP
Joining TRP - GLN
Joining GLN - TYR
Joining TYR - VAL
Joining VAL - ASP
Joining ASP - ASP
Joining ASP - VAL
Joining VAL - TRP
Joining TRP - LEU
Joining LEU - MET
Joining MET - PHE
Joining PHE - ASN
Joining ASN - ASN
Joining ASN - ALA
Joining ALA - TRP
Joining TRP - LEU
Joining LEU - TYR
Joining TYR - ASN
Joining ASN - ARG
Joining ARG - LYS
Joining LYS - THR
Joining THR - SER
Joining SER - ARG
Joining ARG - VAL
Joining VAL - TYR
Joining TYR - LYS
Joining LYS - PHE
Joining PHE - CYS
Joining CYS - SER
Joining SER - LYS
Joining LYS - LEU
Joining LEU - ALA
Joining ALA - GLU
Joining GLU - VAL
Joining VAL - PHE
Joining PHE - GLU
Joining GLU - GLN
Joining GLN - GLU
Joining GLU - ILE
Joining ILE - ASP
Joining ASP - PRO
Joining PRO - VAL
Joining VAL - MET
Joining MET - GLN
Joining GLN - SER
Joining SER - LEU
Joining LEU - CGLY
  total atoms in file: 2037
> xwat = loadpdb 5j0d_xwat.pdb
Loading PDB file: ./5j0d_xwat.pdb
Enter zPdbReadScan from call depth  0.
Exit  zPdbReadScan from call depth  0.
Matching PDB residue names to LEaP variables.
(Residue 0: HOH, Terminal/beginning, was not found in name map.)
(Residue 1: HOH, Nonterminal, was not found in name map.)
(Residue 2: HOH, Nonterminal, was not found in name map.)
(Residue 3: HOH, Nonterminal, was not found in name map.)
(Residue 4: HOH, Nonterminal, was not found in name map.)
(Residue 5: HOH, Nonterminal, was not found in name map.)
(Residue 6: HOH, Nonterminal, was not found in name map.)
(Residue 7: HOH, Nonterminal, was not found in name map.)
(Residue 8: HOH, Nonterminal, was not found in name map.)
(Residue 9: HOH, Nonterminal, was not found in name map.)
(Residue 10: HOH, Nonterminal, was not found in name map.)
(Residue 11: HOH, Nonterminal, was not found in name map.)
(Residue 12: HOH, Nonterminal, was not found in name map.)
(Residue 13: HOH, Nonterminal, was not found in name map.)
(Residue 14: HOH, Nonterminal, was not found in name map.)
(Residue 15: HOH, Nonterminal, was not found in name map.)
(Residue 16: HOH, Nonterminal, was not found in name map.)
(Residue 17: HOH, Nonterminal, was not found in name map.)
(Residue 18: HOH, Nonterminal, was not found in name map.)
(Residue 19: HOH, Nonterminal, was not found in name map.)
(Residue 20: HOH, Nonterminal, was not found in name map.)
(Residue 21: HOH, Nonterminal, was not found in name map.)
(Residue 22: HOH, Nonterminal, was not found in name map.)
(Residue 23: HOH, Nonterminal, was not found in name map.)
(Residue 24: HOH, Nonterminal, was not found in name map.)
(Residue 25: HOH, Nonterminal, was not found in name map.)
(Residue 26: HOH, Nonterminal, was not found in name map.)
(Residue 27: HOH, Nonterminal, was not found in name map.)
(Residue 28: HOH, Nonterminal, was not found in name map.)
(Residue 29: HOH, Nonterminal, was not found in name map.)
(Residue 30: HOH, Nonterminal, was not found in name map.)
(Residue 31: HOH, Nonterminal, was not found in name map.)
(Residue 32: HOH, Nonterminal, was not found in name map.)
(Residue 33: HOH, Nonterminal, was not found in name map.)
(Residue 34: HOH, Nonterminal, was not found in name map.)
(Residue 35: HOH, Nonterminal, was not found in name map.)
(Residue 36: HOH, Nonterminal, was not found in name map.)
(Residue 37: HOH, Nonterminal, was not found in name map.)
(Residue 38: HOH, Nonterminal, was not found in name map.)
(Residue 39: HOH, Nonterminal, was not found in name map.)
(Residue 40: HOH, Nonterminal, was not found in name map.)
(Residue 41: HOH, Nonterminal, was not found in name map.)
(Residue 42: HOH, Nonterminal, was not found in name map.)
(Residue 43: HOH, Nonterminal, was not found in name map.)
(Residue 44: HOH, Nonterminal, was not found in name map.)
(Residue 45: HOH, Nonterminal, was not found in name map.)
(Residue 46: HOH, Nonterminal, was not found in name map.)
(Residue 47: HOH, Nonterminal, was not found in name map.)
(Residue 48: HOH, Nonterminal, was not found in name map.)
(Residue 49: HOH, Nonterminal, was not found in name map.)
(Residue 50: HOH, Nonterminal, was not found in name map.)
(Residue 51: HOH, Nonterminal, was not found in name map.)
(Residue 52: HOH, Nonterminal, was not found in name map.)
(Residue 53: HOH, Nonterminal, was not found in name map.)
(Residue 54: HOH, Nonterminal, was not found in name map.)
(Residue 55: HOH, Nonterminal, was not found in name map.)
(Residue 56: HOH, Nonterminal, was not found in name map.)
(Residue 57: HOH, Nonterminal, was not found in name map.)
(Residue 58: HOH, Nonterminal, was not found in name map.)
(Residue 59: HOH, Nonterminal, was not found in name map.)
(Residue 60: HOH, Nonterminal, was not found in name map.)
(Residue 61: HOH, Nonterminal, was not found in name map.)
(Residue 62: HOH, Nonterminal, was not found in name map.)
(Residue 63: HOH, Nonterminal, was not found in name map.)
(Residue 64: HOH, Nonterminal, was not found in name map.)
(Residue 65: HOH, Nonterminal, was not found in name map.)
(Residue 66: HOH, Nonterminal, was not found in name map.)
(Residue 67: HOH, Nonterminal, was not found in name map.)
(Residue 68: HOH, Nonterminal, was not found in name map.)
(Residue 69: HOH, Nonterminal, was not found in name map.)
(Residue 70: HOH, Nonterminal, was not found in name map.)
(Residue 71: HOH, Nonterminal, was not found in name map.)
(Residue 72: HOH, Nonterminal, was not found in name map.)
(Residue 73: HOH, Nonterminal, was not found in name map.)
(Residue 74: HOH, Nonterminal, was not found in name map.)
(Residue 75: HOH, Nonterminal, was not found in name map.)
(Residue 76: HOH, Nonterminal, was not found in name map.)
(Residue 77: HOH, Nonterminal, was not found in name map.)
(Residue 78: HOH, Nonterminal, was not found in name map.)
(Residue 79: HOH, Nonterminal, was not found in name map.)
(Residue 80: HOH, Nonterminal, was not found in name map.)
(Residue 81: HOH, Nonterminal, was not found in name map.)
(Residue 82: HOH, Nonterminal, was not found in name map.)
(Residue 83: HOH, Nonterminal, was not found in name map.)
(Residue 84: HOH, Nonterminal, was not found in name map.)
(Residue 85: HOH, Nonterminal, was not found in name map.)
(Residue 86: HOH, Nonterminal, was not found in name map.)
(Residue 87: HOH, Nonterminal, was not found in name map.)
(Residue 88: HOH, Nonterminal, was not found in name map.)
(Residue 89: HOH, Nonterminal, was not found in name map.)
(Residue 90: HOH, Nonterminal, was not found in name map.)
(Residue 91: HOH, Nonterminal, was not found in name map.)
(Residue 92: HOH, Nonterminal, was not found in name map.)
(Residue 93: HOH, Nonterminal, was not found in name map.)
(Residue 94: HOH, Nonterminal, was not found in name map.)
(Residue 95: HOH, Nonterminal, was not found in name map.)
(Residue 96: HOH, Nonterminal, was not found in name map.)
(Residue 97: HOH, Nonterminal, was not found in name map.)
(Residue 98: HOH, Nonterminal, was not found in name map.)
(Residue 99: HOH, Nonterminal, was not found in name map.)
(Residue 100: HOH, Nonterminal, was not found in name map.)
(Residue 101: HOH, Nonterminal, was not found in name map.)
(Residue 102: HOH, Nonterminal, was not found in name map.)
(Residue 103: HOH, Nonterminal, was not found in name map.)
(Residue 104: HOH, Nonterminal, was not found in name map.)
(Residue 105: HOH, Nonterminal, was not found in name map.)
(Residue 106: HOH, Nonterminal, was not found in name map.)
(Residue 107: HOH, Nonterminal, was not found in name map.)
(Residue 108: HOH, Nonterminal, was not found in name map.)
(Residue 109: HOH, Nonterminal, was not found in name map.)
(Residue 110: HOH, Nonterminal, was not found in name map.)
(Residue 111: HOH, Nonterminal, was not found in name map.)
(Residue 112: HOH, Nonterminal, was not found in name map.)
(Residue 113: HOH, Nonterminal, was not found in name map.)
(Residue 114: HOH, Nonterminal, was not found in name map.)
(Residue 115: HOH, Nonterminal, was not found in name map.)
(Residue 116: HOH, Nonterminal, was not found in name map.)
(Residue 117: HOH, Nonterminal, was not found in name map.)
(Residue 118: HOH, Nonterminal, was not found in name map.)
(Residue 119: HOH, Nonterminal, was not found in name map.)
(Residue 120: HOH, Nonterminal, was not found in name map.)
(Residue 121: HOH, Nonterminal, was not found in name map.)
(Residue 122: HOH, Nonterminal, was not found in name map.)
(Residue 123: HOH, Nonterminal, was not found in name map.)
(Residue 124: HOH, Nonterminal, was not found in name map.)
(Residue 125: HOH, Nonterminal, was not found in name map.)
(Residue 126: HOH, Terminal/last, was not found in name map.)
Starting new chain with TP3
Starting new chain with TP3
Starting new chain with TP3
Starting new chain with TP3
Starting new chain with TP3
Starting new chain with TP3
Starting new chain with TP3
Starting new chain with TP3
Starting new chain with TP3
Starting new chain with TP3
Starting new chain with TP3
Starting new chain with TP3
Starting new chain with TP3
Starting new chain with TP3
Starting new chain with TP3
Starting new chain with TP3
Starting new chain with TP3
Starting new chain with TP3
Starting new chain with TP3
Starting new chain with TP3
Starting new chain with TP3
Starting new chain with TP3
Starting new chain with TP3
Starting new chain with TP3
Starting new chain with TP3
Starting new chain with TP3
Starting new chain with TP3
Starting new chain with TP3
Starting new chain with TP3
Starting new chain with TP3
Starting new chain with TP3
Starting new chain with TP3
Starting new chain with TP3
Starting new chain with TP3
Starting new chain with TP3
Starting new chain with TP3
Starting new chain with TP3
Starting new chain with TP3
Starting new chain with TP3
Starting new chain with TP3
Starting new chain with TP3
Starting new chain with TP3
Starting new chain with TP3
Starting new chain with TP3
Starting new chain with TP3
Starting new chain with TP3
Starting new chain with TP3
Starting new chain with TP3
Starting new chain with TP3
Starting new chain with TP3
Starting new chain with TP3
Starting new chain with TP3
Starting new chain with TP3
Starting new chain with TP3
Starting new chain with TP3
Starting new chain with TP3
Starting new chain with TP3
Starting new chain with TP3
Starting new chain with TP3
Starting new chain with TP3
Starting new chain with TP3
Starting new chain with TP3
Starting new chain with TP3
Starting new chain with TP3
Starting new chain with TP3
Starting new chain with TP3
Starting new chain with TP3
Starting new chain with TP3
Starting new chain with TP3
Starting new chain with TP3
Starting new chain with TP3
Starting new chain with TP3
Starting new chain with TP3
Starting new chain with TP3
Starting new chain with TP3
Starting new chain with TP3
Starting new chain with TP3
Starting new chain with TP3
Starting new chain with TP3
Starting new chain with TP3
Starting new chain with TP3
Starting new chain with TP3
Starting new chain with TP3
Starting new chain with TP3
Starting new chain with TP3
Starting new chain with TP3
Starting new chain with TP3
Starting new chain with TP3
Starting new chain with TP3
Starting new chain with TP3
Starting new chain with TP3
Starting new chain with TP3
Starting new chain with TP3
Starting new chain with TP3
Starting new chain with TP3
Starting new chain with TP3
Starting new chain with TP3
Starting new chain with TP3
Starting new chain with TP3
Starting new chain with TP3
Starting new chain with TP3
Starting new chain with TP3
Starting new chain with TP3
Starting new chain with TP3
Starting new chain with TP3
Starting new chain with TP3
Starting new chain with TP3
Starting new chain with TP3
Starting new chain with TP3
Starting new chain with TP3
Starting new chain with TP3
Starting new chain with TP3
Starting new chain with TP3
Starting new chain with TP3
Starting new chain with TP3
Starting new chain with TP3
Starting new chain with TP3
Starting new chain with TP3
Starting new chain with TP3
Starting new chain with TP3
Starting new chain with TP3
Starting new chain with TP3
Starting new chain with TP3
Starting new chain with TP3
Starting new chain with TP3
Starting new chain with TP3
  total atoms in file: 127
  Leap added 254 missing atoms according to residue templates:
       254 H / lone pairs
> complex = combine {prot xwat}
  Sequence: default_name
  Sequence: default_name
> saveamberparm prot 5j0d_noWAT.prmtop 5j0d_noWAT.inpcrd
Checking Unit.
Building topology.
Building atom parameters.
Building bond parameters.
Building angle parameters.
Building proper torsion parameters.
Building improper torsion parameters.
 ** Warning: No sp2 improper torsion term for  C*-CN-CB-CA
        atoms are: CG CE2 CD2 CE3
 ** Warning: No sp2 improper torsion term for  NA-CA-CN-CB
        atoms are: NE1 CZ2 CE2 CD2
 ** Warning: No sp2 improper torsion term for  C*-CN-CB-CA
        atoms are: CG CE2 CD2 CE3
 ** Warning: No sp2 improper torsion term for  NA-CA-CN-CB
        atoms are: NE1 CZ2 CE2 CD2
 ** Warning: No sp2 improper torsion term for  C*-CN-CB-CA
        atoms are: CG CE2 CD2 CE3
 ** Warning: No sp2 improper torsion term for  NA-CA-CN-CB
        atoms are: NE1 CZ2 CE2 CD2
 ** Warning: No sp2 improper torsion term for  os-ca-ca-ca
        atoms are: O3 C22 C21 C20
 ** Warning: No sp2 improper torsion term for  ca-os-ca-ca
        atoms are: C24 O2 C23 C22
 ** Warning: No sp2 improper torsion term for  cp-ca-cp-ca
        atoms are: C9 C24 C19 C20
 ** Warning: No sp2 improper torsion term for  ca-ca-ca-c
        atoms are: C5 C10 C11 C12
 ** Warning: No sp2 improper torsion term for  ca-ca-cp-cp
        atoms are: C8 C10 C9 C19
 ** Warning: No sp2 improper torsion term for  ca-ca-ca-os
        atoms are: C6 C11 C5 O
 total 407 improper torsions applied
Building H-Bond parameters.
Incorporating Non-Bonded adjustments.
Not Marking per-residue atom chain types.
Marking per-residue atom chain types.
  (Residues lacking connect0/connect1 - 
   these don't have chain types marked:

	res	total affected

	6F9	1
	CGLY	1
	NARG	1
  )
 (no restraints)
> solvatebox complex TIP3PBOX 12.0
  Solute vdw bounding box:              38.264 48.273 50.522
  Total bounding box for atom centers:  62.264 72.273 74.522
  Solvent unit box:                     18.774 18.774 18.774
The number of boxes:  x= 4  y= 4  z= 4
Adding box at: x=0  y=0  z=0
Center of solvent box is: 28.161524, 28.161524, 28.161524
Adding box at: x=0  y=0  z=1
Center of solvent box is: 28.161524, 28.161524, 9.387175
Adding box at: x=0  y=0  z=2
Center of solvent box is: 28.161524, 28.161524, -9.387175
Adding box at: x=0  y=0  z=3
Center of solvent box is: 28.161524, 28.161524, -28.161524
Adding box at: x=0  y=1  z=0
Center of solvent box is: 28.161524, 9.387175, 28.161524
Adding box at: x=0  y=1  z=1
Center of solvent box is: 28.161524, 9.387175, 9.387175
Adding box at: x=0  y=1  z=2
Center of solvent box is: 28.161524, 9.387175, -9.387175
Adding box at: x=0  y=1  z=3
Center of solvent box is: 28.161524, 9.387175, -28.161524
Adding box at: x=0  y=2  z=0
Center of solvent box is: 28.161524, -9.387175, 28.161524
Adding box at: x=0  y=2  z=1
Center of solvent box is: 28.161524, -9.387175, 9.387175
Adding box at: x=0  y=2  z=2
Center of solvent box is: 28.161524, -9.387175, -9.387175
Adding box at: x=0  y=2  z=3
Center of solvent box is: 28.161524, -9.387175, -28.161524
Adding box at: x=0  y=3  z=0
Center of solvent box is: 28.161524, -28.161524, 28.161524
Adding box at: x=0  y=3  z=1
Center of solvent box is: 28.161524, -28.161524, 9.387175
Adding box at: x=0  y=3  z=2
Center of solvent box is: 28.161524, -28.161524, -9.387175
Adding box at: x=0  y=3  z=3
Center of solvent box is: 28.161524, -28.161524, -28.161524
Adding box at: x=1  y=0  z=0
Center of solvent box is: 9.387175, 28.161524, 28.161524
Adding box at: x=1  y=0  z=1
Center of solvent box is: 9.387175, 28.161524, 9.387175
Adding box at: x=1  y=0  z=2
Center of solvent box is: 9.387175, 28.161524, -9.387175
Adding box at: x=1  y=0  z=3
Center of solvent box is: 9.387175, 28.161524, -28.161524
Adding box at: x=1  y=1  z=0
Center of solvent box is: 9.387175, 9.387175, 28.161524
Adding box at: x=1  y=1  z=1
Center of solvent box is: 9.387175, 9.387175, 9.387175
Adding box at: x=1  y=1  z=2
Center of solvent box is: 9.387175, 9.387175, -9.387175
Adding box at: x=1  y=1  z=3
Center of solvent box is: 9.387175, 9.387175, -28.161524
Adding box at: x=1  y=2  z=0
Center of solvent box is: 9.387175, -9.387175, 28.161524
Adding box at: x=1  y=2  z=1
Center of solvent box is: 9.387175, -9.387175, 9.387175
Adding box at: x=1  y=2  z=2
Center of solvent box is: 9.387175, -9.387175, -9.387175
Adding box at: x=1  y=2  z=3
Center of solvent box is: 9.387175, -9.387175, -28.161524
Adding box at: x=1  y=3  z=0
Center of solvent box is: 9.387175, -28.161524, 28.161524
Adding box at: x=1  y=3  z=1
Center of solvent box is: 9.387175, -28.161524, 9.387175
Adding box at: x=1  y=3  z=2
Center of solvent box is: 9.387175, -28.161524, -9.387175
Adding box at: x=1  y=3  z=3
Center of solvent box is: 9.387175, -28.161524, -28.161524
Adding box at: x=2  y=0  z=0
Center of solvent box is: -9.387175, 28.161524, 28.161524
Adding box at: x=2  y=0  z=1
Center of solvent box is: -9.387175, 28.161524, 9.387175
Adding box at: x=2  y=0  z=2
Center of solvent box is: -9.387175, 28.161524, -9.387175
Adding box at: x=2  y=0  z=3
Center of solvent box is: -9.387175, 28.161524, -28.161524
Adding box at: x=2  y=1  z=0
Center of solvent box is: -9.387175, 9.387175, 28.161524
Adding box at: x=2  y=1  z=1
Center of solvent box is: -9.387175, 9.387175, 9.387175
Adding box at: x=2  y=1  z=2
Center of solvent box is: -9.387175, 9.387175, -9.387175
Adding box at: x=2  y=1  z=3
Center of solvent box is: -9.387175, 9.387175, -28.161524
Adding box at: x=2  y=2  z=0
Center of solvent box is: -9.387175, -9.387175, 28.161524
Adding box at: x=2  y=2  z=1
Center of solvent box is: -9.387175, -9.387175, 9.387175
Adding box at: x=2  y=2  z=2
Center of solvent box is: -9.387175, -9.387175, -9.387175
Adding box at: x=2  y=2  z=3
Center of solvent box is: -9.387175, -9.387175, -28.161524
Adding box at: x=2  y=3  z=0
Center of solvent box is: -9.387175, -28.161524, 28.161524
Adding box at: x=2  y=3  z=1
Center of solvent box is: -9.387175, -28.161524, 9.387175
Adding box at: x=2  y=3  z=2
Center of solvent box is: -9.387175, -28.161524, -9.387175
Adding box at: x=2  y=3  z=3
Center of solvent box is: -9.387175, -28.161524, -28.161524
Adding box at: x=3  y=0  z=0
Center of solvent box is: -28.161524, 28.161524, 28.161524
Adding box at: x=3  y=0  z=1
Center of solvent box is: -28.161524, 28.161524, 9.387175
Adding box at: x=3  y=0  z=2
Center of solvent box is: -28.161524, 28.161524, -9.387175
Adding box at: x=3  y=0  z=3
Center of solvent box is: -28.161524, 28.161524, -28.161524
Adding box at: x=3  y=1  z=0
Center of solvent box is: -28.161524, 9.387175, 28.161524
Adding box at: x=3  y=1  z=1
Center of solvent box is: -28.161524, 9.387175, 9.387175
Adding box at: x=3  y=1  z=2
Center of solvent box is: -28.161524, 9.387175, -9.387175
Adding box at: x=3  y=1  z=3
Center of solvent box is: -28.161524, 9.387175, -28.161524
Adding box at: x=3  y=2  z=0
Center of solvent box is: -28.161524, -9.387175, 28.161524
Adding box at: x=3  y=2  z=1
Center of solvent box is: -28.161524, -9.387175, 9.387175
Adding box at: x=3  y=2  z=2
Center of solvent box is: -28.161524, -9.387175, -9.387175
Adding box at: x=3  y=2  z=3
Center of solvent box is: -28.161524, -9.387175, -28.161524
Adding box at: x=3  y=3  z=0
Center of solvent box is: -28.161524, -28.161524, 28.161524
Adding box at: x=3  y=3  z=1
Center of solvent box is: -28.161524, -28.161524, 9.387175
Adding box at: x=3  y=3  z=2
Center of solvent box is: -28.161524, -28.161524, -9.387175
Adding box at: x=3  y=3  z=3
Center of solvent box is: -28.161524, -28.161524, -28.161524
  Total vdw box size:                   65.419 75.345 77.685 angstroms.
  Volume: 382905.798 A^3 
  Total mass 185464.610 amu,  Density 0.804 g/cc
  Added 9365 residues.
> check complex
Checking 'complex'....
Warning: Close contact of 1.304514 angstroms between .R<ARG 93>.A<HH22 22> and .R<WAT 191>.A<H1 2>
Warning: Close contact of 1.343617 angstroms between .R<ARG 89>.A<H 2> and .R<WAT 207>.A<H2 3>
Warning: Close contact of 0.998302 angstroms between .R<ASN 82>.A<HD22 12> and .R<WAT 136>.A<H1 2>
Warning: Close contact of 1.238576 angstroms between .R<GLN 66>.A<HE22 15> and .R<THR 64>.A<HG1 12>
Warning: Close contact of 1.205150 angstroms between .R<LYS 61>.A<HZ3 20> and .R<WAT 164>.A<H1 2>
Warning: Close contact of 1.275187 angstroms between .R<PHE 46>.A<H 2> and .R<WAT 178>.A<H1 2>
Warning: Close contact of 1.120089 angstroms between .R<ASP 36>.A<H 2> and .R<WAT 176>.A<H2 3>
Warning: Close contact of 1.186238 angstroms between .R<ARG 32>.A<HH22 22> and .R<WAT 153>.A<H2 3>
Warning: Close contact of 1.493152 angstroms between .R<ARG 23>.A<HH22 22> and .R<WAT 147>.A<H1 2>
Warning: Close contact of 1.370498 angstroms between .R<TYR 22>.A<HH 15> and .R<WAT 134>.A<H2 3>
Warning: Close contact of 1.478869 angstroms between .R<PHE 5>.A<H 2> and .R<WAT 148>.A<H1 2>
Warning: Close contact of 0.847242 angstroms between .R<LYS 2>.A<HE2 15> and .R<WAT 174>.A<H2 3>
Warning: Close contact of 1.384810 angstroms between .R<WAT 191>.A<H2 3> and .R<WAT 193>.A<H1 2>
Warning: Close contact of 1.448619 angstroms between .R<WAT 240>.A<H2 3> and .R<WAT 245>.A<H1 2>
Checking parameters for unit 'complex'.
Checking for bond parameters.
Checking for angle parameters.
check:  Warnings: 14
Unit is OK.
> saveamberparm complex 5j0d_mod_sol.prmtop 5j0d_mod_sol.inpcrd
Checking Unit.
Building topology.
Building atom parameters.
Building bond parameters.
Building angle parameters.
Building proper torsion parameters.
Building improper torsion parameters.
 ** Warning: No sp2 improper torsion term for  ca-ca-ca-os
        atoms are: C6 C11 C5 O
 ** Warning: No sp2 improper torsion term for  ca-ca-cp-cp
        atoms are: C8 C10 C9 C19
 ** Warning: No sp2 improper torsion term for  ca-ca-ca-c
        atoms are: C5 C10 C11 C12
 ** Warning: No sp2 improper torsion term for  cp-ca-cp-ca
        atoms are: C9 C24 C19 C20
 ** Warning: No sp2 improper torsion term for  ca-os-ca-ca
        atoms are: C24 O2 C23 C22
 ** Warning: No sp2 improper torsion term for  os-ca-ca-ca
        atoms are: O3 C22 C21 C20
 ** Warning: No sp2 improper torsion term for  NA-CA-CN-CB
        atoms are: NE1 CZ2 CE2 CD2
 ** Warning: No sp2 improper torsion term for  C*-CN-CB-CA
        atoms are: CG CE2 CD2 CE3
 ** Warning: No sp2 improper torsion term for  NA-CA-CN-CB
        atoms are: NE1 CZ2 CE2 CD2
 ** Warning: No sp2 improper torsion term for  C*-CN-CB-CA
        atoms are: CG CE2 CD2 CE3
 ** Warning: No sp2 improper torsion term for  NA-CA-CN-CB
        atoms are: NE1 CZ2 CE2 CD2
 ** Warning: No sp2 improper torsion term for  C*-CN-CB-CA
        atoms are: CG CE2 CD2 CE3
 total 407 improper torsions applied
Building H-Bond parameters.
Incorporating Non-Bonded adjustments.
Not Marking per-residue atom chain types.
Marking per-residue atom chain types.
  (Residues lacking connect0/connect1 - 
   these don't have chain types marked:

	res	total affected

	6F9	1
	CGLY	1
	NARG	1
	WAT	9492
  )
 (no restraints)
> savepdb complex 5j0d_mod_sol.pdb
Writing pdb file: 5j0d_mod_sol.pdb
   printing CRYST1 record to PDB file with box info
 Converting N-terminal residue name to PDB format: NARG -> ARG
 Converting C-terminal residue name to PDB format: CGLY -> GLY
> quit
	Quit
